T(P(T(P(p(888,19),p(912,19)),V(v(0,0),v(0,6),v(12,9),v(24,6),v(72,5),v(72,10),v(144,2))),T(P(p(864,26),p(912,26),p(954,24)),V(v(0,0),v(0,5))),T(P(p(900,27),p(924,25),p(936,15),p(936,28),p(960,19),p(960,22)),V(v(0,0)))),V(v(0,0),v(144,2),v(288,4),v(1872,2),v(2016,4),v(2304,0),v(2448,2),v(2592,4),v(4176,2),v(4320,4),v(4608,0),v(4752,2),v(4896,4),v(9216,2),v(9360,4),v(9648,0),v(9792,2),v(9936,4)))
T(P(T(P(T(P(p(1698,35),p(1722,35)),V(v(0,0),v(576,0)))),V(v(0,0),v(2304,0)))),V(v(-954,-7),v(-882,-11),v(-378,-12),v(-234,-17),v(-234,-14),v(-234,-12),v(-162,-16),v(-162,-14),v(-162,-11),v(-90,-17),v(-90,-14),v(-90,-12),v(0,0),v(30,-6),v(51,0),v(78,-6),v(99,-1),v(123,-1),v(126,-16),v(126,-11),v(126,-7),v(174,-8),v(414,-11),v(918,-12),v(1350,-7),v(2430,-16),v(2430,-7),v(4230,-12),v(6462,-11),v(6678,-12)))
T(P(T(P(p(7224,25),p(7512,25),p(7800,26),p(8088,25)),V(v(0,0),v(1152,0)))),V(v(0,-7),v(0,0),v(12,1),v(24,-7),v(24,2),v(36,3),v(48,5),v(72,-7),v(96,-7),v(120,-11),v(120,-4),v(138,2),v(144,-7),v(144,2),v(152,3),v(160,2),v(168,1),v(180,0)))
T(P(T(P(p(408,18),p(984,18)),V(v(0,0),v(2304,0),v(4608,0),v(9648,0)))),V(v(0,0),v(24,-4),v(144,2),v(168,-2),v(288,5),v(288,22),v(312,-6),v(330,16),v(330,23),v(336,16),v(336,23),v(384,-3),v(408,1)))
T(P(T(P(p(1458,28),p(1530,26),p(1602,28)),V(v(0,0),v(576,0)))),V(v(0,0),v(18,0),v(2304,0),v(2322,0),v(4674,2),v(4686,1),v(4806,-3),v(4878,-6),v(4878,-3),v(4902,0),v(4926,0),v(4950,-3),v(4974,-7),v(4974,-5)))
T(P(T(P(p(180,27),p(204,27)),V(v(0,0),v(72,0),v(144,1)))),V(v(-144,-1),v(0,0),v(7044,-5),v(7620,-4),v(8268,-7),v(11004,-2),v(11508,-5),v(11580,-2),v(12084,-8),v(12084,-6),v(12372,-8),v(12372,-2),v(12804,-6)))
T(P(T(P(p(2469,32),p(2493,32)),V(v(0,0),v(2304,0),v(7344,0)))),V(v(0,0),v(27,-6),v(48,-1),v(75,-7),v(96,-1),v(99,-7),v(147,-13),v(159,-4),v(219,-3),v(603,-2),v(1011,-5)))
T(P(T(P(p(7208,27),p(7496,27),p(7784,28)),V(v(0,0),v(1152,0)))),V(v(0,0),v(8,-1),v(88,2),v(184,-9),v(208,-17),v(208,-1),v(232,-8),v(232,-3),v(256,-8)))
T(P(T(P(p(1458,27),p(1530,28),p(1602,27)),V(v(0,0),v(576,0)))),V(v(0,0),v(18,0),v(2304,0),v(2322,0),v(4662,5),v(9654,3),v(9870,-3),v(9894,-3)))
T(P(T(P(p(6384,16),p(6408,16),p(6432,16)),V(v(0,0),v(48,0)))),V(v(-48,0),v(72,0),v(528,0),v(648,0),v(3285,18),v(5880,9),v(6168,5),v(6456,3),v(6456,8),v(6744,1),v(6744,8)))
T(P(T(P(p(1440,14),p(2016,14)),V(v(0,0),v(2304,0)))),V(v(0,0),v(48,18),v(72,-4),v(72,15),v(120,19),v(144,0),v(144,15),v(192,20),v(216,3),v(216,22),v(240,7),v(240,9),v(240,12),v(264,3),v(264,16),v(288,4),v(312,6),v(312,8),v(312,11),v(336,-1),v(360,0),v(429,19),v(432,0),v(456,4),v(1032,9),v(1272,13),v(1416,15),v(2496,20),v(5640,9),v(7368,6)))
T(P(p(288,12),p(2592,12),p(4896,12),p(9936,12)),V(v(0,0),v(48,19),v(72,3),v(72,16),v(90,17),v(96,7),v(540,17),v(552,7),v(576,3),v(984,7),v(1008,23),v(1008,30),v(1032,18),v(1056,7),v(1080,17)))
T(P(T(P(p(6360,21),p(6384,21)),V(v(0,0),v(576,0)))),V(v(-216,1),v(0,-2),v(0,0),v(0,2),v(0,5),v(144,5),v(1152,1),v(2088,2),v(2304,1),v(4032,7),v(4608,2),v(4752,4),v(4776,9),v(4824,-1),v(4896,-1),v(4968,-1),v(5040,-1),v(5112,-2),v(5184,2),v(5256,-2),v(5256,1),v(6120,-2),v(6120,3)))
T(P(p(3152,28),p(3160,27),p(3180,27),p(3192,26)),V(v(0,0),v(144,2),v(288,4),v(2304,0),v(2448,2),v(2592,4),v(7344,0),v(7488,2),v(7632,4)))
T(P(p(6456,21),p(7032,21),p(7464,21),p(7752,21)),V(v(0,0),v(4632,-6),v(4704,-6),v(4776,-6),v(4920,-6),v(4920,9),v(4932,8),v(4944,8),v(4980,6),v(5016,5),v(5064,-6)))
T(P(T(P(p(6072,34),p(6216,34)),V(v(0,0),v(576,0)))),V(v(0,0),v(36,-10),v(36,-3),v(60,-11),v(264,-14),v(5034,-4),v(5232,-19)))
T(P(p(456,21),p(480,21),p(480,27),p(504,17),p(528,21),p(528,26),p(528,31)),V(v(0,0),v(144,2),v(1440,0),v(3744,0)))
T(P(p(9450,27),p(9450,29),p(9522,27),p(9522,32)),V(v(0,0),v(6,-9),v(6,0),v(30,-1),v(42,-2),v(78,-9)))
T(P(p(72,32),p(120,32),p(144,32)),V(v(0,0),v(144,-1),v(7752,-7),v(8184,-14),v(8256,-12),v(8904,-7),v(9600,-3),v(11064,-10),v(12180,-2),v(12468,-2),v(12624,-8)))
T(P(p(2640,26),p(2652,25),p(2664,25)),V(v(0,0),v(2304,0),v(7344,0),v(8880,4),v(8952,-1),v(10176,1),v(10608,4),v(10680,1)))
T(P(p(6288,22),p(6480,29),p(6864,22)),V(v(0,0),v(264,0),v(288,-3),v(1200,-9),v(2352,-9),v(2640,-8),v(4848,-2)))
T(P(p(384,24),p(408,24),p(408,29)),V(v(0,0),v(360,1),v(5040,0),v(6720,-1),v(7920,-1),v(8928,0),v(12384,-4)))
T(P(p(1893,33),p(1917,33),p(1944,26),p(1968,24)),V(v(0,0),v(48,-1),v(2304,0),v(2352,-1)))
T(P(p(7440,21),p(8016,22),p(8040,22)),V(v(0,0),v(864,-1),v(1080,2),v(1776,5),v(2016,2),v(4104,-1)))
T(P(p(6528,19),p(6624,26),p(7104,19)),V(v(0,0),v(24,1),v(1032,-6),v(1320,-5),v(2472,-5)))
T(P(T(P(p(6408,30),p(6564,27)),V(v(0,0),v(576,0))),T(P(p(6552,28)),V(v(0,0)))),V(v(0,0),v(12,-1),v(4896,-1)))
T(P(p(1416,18),p(3720,18)),V(v(0,0),v(0,2),v(504,0),v(560,14),v(568,13),v(576,-5),v(576,12),v(597,11),v(600,11),v(1212,9),v(1266,6),v(1272,4),v(1920,5),v(1944,5),v(6264,5),v(6768,11),v(8184,9)))
T(P(p(6528,21),p(6816,27),p(7584,24),p(7608,24)),V(v(0,0),v(5592,-2),v(5616,-2)))
T(P(p(312,19),p(336,19)),V(v(0,0),v(0,6),v(156,11),v(300,13),v(8856,3),v(11088,4),v(11232,3),v(11880,5),v(12168,3),v(12672,0),v(12672,4)))
T(P(p(408,20),p(552,22)),V(v(0,0),v(24,13),v(48,7),v(72,13),v(96,10),v(114,11),v(144,6),v(144,11),v(576,7),v(6144,3),v(9648,7),v(10224,7)))
T(P(p(7776,27),p(7800,25)),V(v(0,0),v(1152,0),v(3516,2),v(4092,2),v(4536,6),v(4824,6)))
T(P(p(9594,29),p(9594,34)),V(v(0,0),v(6,0),v(30,-1),v(42,-2),v(78,-11)))
T(P(p(6204,35),p(6780,35)),V(v(0,0),v(216,-13),v(252,-12),v(1284,-9),v(1860,-9),v(2508,-22),v(4968,-4)))
T(P(p(8072,27),p(8080,26)),V(v(0,0),v(1392,3),v(1464,6),v(1536,8)))
T(P(p(12264,31),p(12552,31)),V(v(0,0),v(48,-12),v(108,-1),v(480,-5)))
T(P(p(792,30),p(792,37)),V(v(0,0),v(5232,-4),v(8640,-23),v(8640,-16),v(8856,-23)))
T(P(p(7200,13),p(7272,13)),V(v(0,0),v(2304,-6),v(2304,8)))
T(P(p(48,33),p(600,26)),V(v(0,0),v(6576,0),v(7680,-12)))
T(P(p(3144,29),p(6072,27),p(6192,26)),V(v(0,0),v(6528,-2)))
T(P(p(840,28),p(852,27)),V(v(0,0),v(11616,-1)))
T(P(p(11064,19),p(11112,22)),V(v(0,0),v(1680,1)))
T(P(p(192,32),p(384,29)),V(v(0,0),v(8160,-6)))
T(P(p(7968,21),p(10032,22)),V(v(0,0),v(1560,-7)))
T(P(p(6168,29),p(6240,27)),V(v(0,0),v(6792,-17),v(6864,-19)))
T(P(p(-24,26),p(0,33),p(624,27),p(720,35),p(744,23),p(828,36),p(6000,24),p(6120,25),p(7056,29),p(7104,21),p(7776,14),p(8280,29),p(8352,7),p(9696,29),p(9768,28),p(9789,33),p(9972,27),p(10026,24),p(10392,23),p(11568,20),p(11580,25),p(11664,29),p(12024,27),p(12312,21),p(13308,27)),V(v(0,0)))

numberOfNotes 2075
tatumsPerBar null
barOneStartsAt null
compressionRatio 3.929924242424242
runningTime 336422
encodingLength 528
encodingLengthWithoutResidualPointSet 503
numberOfResidualPoints 25
percentageOfResidualPoints 1.2048192771084338
compressionRatioWithoutResidualPointSet 4.075546719681909
title mazurka24-4.txt
numberOfTECs 45
inputFilePath D:\Source\Repos\omnisia\Points\RecurSIA-RRT-experiment\JKU-PDD\JKUPDD-noAudio-Aug2013\groundTruth\chopinOp24No4\polyphonic\lisp\mazurka24-4.txt
outputFilePath D:\Source\Repos\omnisia\Points\RecurSIA-RRT-experiment\JKU-PDD\JKUPDD-noAudio-Aug2013\matlab\pattDiscOut\ReCOSIATEC-RRT\chop_mazurka24-4_ReCOSIATEC-RRT.out
logFilePath null
outputFileExtension RecurSIA
isDiatonic true
withoutChannel10 false
encoderName com.chromamorph.points022.RecurSIAEncoding
forMirex true
mode Raw
topNPatterns 0
