T(P(T(P(p(504,14),p(505,13)),V(v(0,0),v(6,1))),T(P(p(506,14),p(507,12),p(508,13),p(509,14)),V(v(0,0)))),V(v(-24,14),v(-18,15),v(0,0),v(6,1),v(36,14),v(42,15),v(60,0),v(66,1),v(96,11),v(102,12),v(120,11),v(126,12),v(132,13),v(138,14),v(138,16),v(144,15),v(144,17),v(150,16),v(150,18),v(150,21),v(186,14),v(192,15),v(210,0),v(216,1),v(234,11),v(240,12),v(258,11),v(264,12),v(270,13),v(276,14),v(276,16),v(282,15),v(282,17),v(288,16),v(288,18),v(288,21),v(324,14),v(330,15),v(348,0),v(354,1)))
T(P(T(P(p(8,21),p(8,26)),V(v(0,0),v(6,0))),T(P(p(12,22),p(12,25),p(14,19)),V(v(0,0)))),V(v(0,0),v(24,2),v(52,2),v(64,2),v(84,0),v(108,2),v(136,2),v(148,2),v(184,3),v(196,3),v(202,3),v(208,3),v(280,7),v(292,0),v(340,3),v(352,3),v(358,3),v(364,3),v(436,7),v(448,0),v(876,0),v(900,2),v(928,2),v(940,2),v(976,3),v(988,3),v(994,3),v(1000,3),v(1072,7),v(1084,0)))
T(P(T(P(p(10,21),p(12,20)),V(v(0,0),v(0,2),v(0,5),v(30,1))),T(P(p(2,22),p(8,21),p(20,28),p(40,25)),V(v(0,0)))),V(v(0,0),v(24,2),v(84,0),v(108,2),v(264,0),v(420,0),v(876,0),v(900,2),v(1056,0)))
T(P(T(P(p(22,25),p(24,26),p(30,25)),V(v(0,0),v(0,5),v(12,-4),v(18,-3))),T(P(p(34,21),p(34,23),p(36,22)),V(v(0,0),v(12,2),v(42,6))),T(P(p(26,24),p(46,23),p(48,22)),V(v(0,0),v(0,5),v(30,6))),T(P(p(26,24),p(30,30)),V(v(0,0),v(40,4),v(46,-6),v(46,-1))),T(P(p(0,24),p(12,20),p(16,23),p(32,23),p(32,28),p(71,33),p(72,28),p(76,18),p(78,21),p(78,23)),V(v(0,0)))),V(v(0,0),v(84,0),v(228,-2),v(384,-2),v(876,0),v(1020,-2)))
T(P(T(P(p(0,24),p(6,23)),V(v(0,0),v(2,-2),v(10,-3))),T(P(p(-2,23),p(18,21)),V(v(0,0)))),V(v(0,0),v(24,2),v(84,0),v(108,2),v(252,0),v(264,14),v(276,12),v(408,0),v(420,14),v(432,12),v(876,0),v(900,2),v(1044,0),v(1056,14),v(1068,12)))
T(P(T(P(p(-2,23),p(0,24)),V(v(0,0),v(36,0),v(42,-1),v(78,4))),T(P(p(10,19),p(10,26)),V(v(0,0),v(4,0),v(68,2))),T(P(p(44,30),p(56,30)),V(v(0,0),v(20,-1),v(22,-9))),T(P(p(72,18),p(72,23)),V(v(0,0),v(0,5),v(4,6),v(6,5))),T(P(p(46,32),p(54,32),p(76,18)),V(v(0,0)))),V(v(0,0),v(84,0),v(216,5),v(372,5),v(876,0),v(1008,5)))
T(P(T(P(p(4,19),p(6,23)),V(v(0,0),v(6,2))),T(P(p(-2,23),p(2,22),p(10,19),p(12,20),p(16,20),p(18,23)),V(v(0,0)))),V(v(0,0),v(24,2),v(84,0),v(108,2),v(276,3),v(432,3),v(876,0),v(900,2),v(1068,3)))
T(P(T(P(p(-2,23),p(0,24),p(6,23)),V(v(0,0),v(0,5),v(12,-4))),T(P(p(-2,28),p(10,21),p(12,20)),V(v(0,0),v(42,1))),T(P(p(0,24),p(2,22),p(26,24)),V(v(0,0),v(6,4))),T(P(p(2,27),p(8,21),p(16,20),p(18,21),p(34,28),p(46,32),p(60,18),p(60,23)),V(v(0,0)))),V(v(0,0),v(84,0),v(252,0),v(408,0),v(876,0),v(1044,0)))
T(P(T(P(p(8,26),p(10,26)),V(v(0,0),v(24,2))),T(P(p(2,27),p(6,28),p(16,23),p(48,32),p(60,23),p(72,23)),V(v(0,0)))),V(v(0,-5),v(0,0),v(84,-5),v(84,0),v(246,-4),v(402,-4),v(876,-5),v(876,0),v(1038,-4)))
T(P(T(P(p(34,28),p(36,27)),V(v(0,0),v(12,0),v(18,4),v(42,1))),T(P(p(24,31),p(30,30)),V(v(0,0),v(2,-2),v(16,-2),v(24,1))),T(P(p(12,25),p(36,25)),V(v(0,0),v(40,4))),T(P(p(0,29),p(18,23),p(22,30),p(44,30),p(50,32),p(72,23),p(72,28)),V(v(0,0)))),V(v(0,0),v(84,0),v(228,-7),v(384,-7),v(876,0),v(1020,-7)))
T(P(T(P(p(282,35),p(288,23),p(294,26),p(294,33)),V(v(0,0),v(12,-7))),T(P(p(166,30),p(204,29),p(216,29)),V(v(0,0),v(90,-3))),T(P(p(254,27),p(258,28)),V(v(0,0),v(34,1),v(34,6))),T(P(p(166,32),p(186,31)),V(v(0,0),v(106,3))),T(P(p(214,31),p(215,30),p(221,30)),V(v(0,0),v(1,-1))),T(P(p(192,26),p(198,29),p(210,29),p(250,28),p(274,35),p(292,23),p(292,32)),V(v(0,0)))),V(v(0,0),v(12,-7),v(156,0),v(168,-7),v(792,0),v(804,-7)))
T(P(T(P(p(502,28),p(504,28)),V(v(0,0),v(60,0),v(210,0),v(348,0)))),V(v(-22,0),v(-17,0),v(-16,1),v(-11,1),v(-10,2),v(-8,2),v(-4,0),v(-2,0),v(0,0),v(2,-14),v(7,-14),v(8,-13),v(13,-13),v(14,-12)))
T(P(T(P(p(12,23),p(16,23)),V(v(0,0),v(30,2),v(36,-1))),T(P(p(38,21),p(38,23)),V(v(0,0),v(10,1))),T(P(p(28,21),p(38,21)),V(v(0,0),v(22,7))),T(P(p(0,29),p(10,21)),V(v(0,0),v(18,0))),T(P(p(2,27),p(14,23),p(66,21),p(78,23)),V(v(0,0)))),V(v(0,0),v(84,0),v(234,0),v(390,0),v(876,0),v(1026,0)))
T(P(T(P(p(268,36),p(276,36)),V(v(0,0),v(156,0),v(792,0)))),V(v(-174,-13),v(-102,-6),v(-102,-4),v(-94,-6),v(-94,-4),v(-92,-13),v(-78,-12),v(-72,-17),v(-47,-6),v(-46,-12),v(-18,-13),v(-18,-8),v(-6,-17),v(-6,-15),v(-6,1),v(0,-16),v(0,-14),v(0,0),v(6,-10),v(6,-1),v(10,-14),v(10,-12),v(18,-8),v(18,-3),v(36,-20)))
T(P(T(P(p(239,26),p(240,25)),V(v(0,0),v(3,1))),T(P(p(198,22),p(210,24),p(222,22),p(233,23),p(241,26),p(252,29),p(256,27),p(256,32),p(294,26),p(318,12)),V(v(0,0)))),V(v(0,0),v(156,0),v(406,2),v(407,3),v(544,2),v(545,3),v(792,0)))
T(P(T(P(p(227,23),p(227,30)),V(v(0,0),v(2,0))),T(P(p(170,29),p(176,28)),V(v(0,0),v(94,9))),T(P(p(182,32),p(196,28)),V(v(0,0),v(26,-4))),T(P(p(196,28),p(236,27)),V(v(0,0),v(56,-4))),T(P(p(176,30),p(178,23),p(182,23),p(248,23),p(304,16)),V(v(0,0)))),V(v(0,0),v(14,-4),v(156,0),v(170,-4),v(792,0),v(806,-4)))
T(P(p(30,25),p(36,25),p(42,25),p(46,25),p(50,23),p(54,21)),V(v(0,0),v(84,0),v(184,6),v(185,5),v(186,-3),v(186,4),v(340,6),v(341,5),v(342,-3),v(342,4),v(876,0),v(976,6),v(977,5),v(978,-3),v(978,4)))
T(P(T(P(p(504,28),p(564,28),p(714,28),p(852,28)),V(v(0,0),v(2,2))),T(P(p(512,31),p(572,31)),V(v(0,0)))),V(v(-21,-2),v(-20,-1),v(-12,-10),v(0,0),v(3,-16),v(4,-15),v(9,-15),v(10,-14)))
T(P(p(6,23),p(10,23),p(12,23),p(14,21),p(18,19)),V(v(0,0),v(24,2),v(42,9),v(84,0),v(108,2),v(126,9),v(221,0),v(221,7),v(222,-1),v(222,6),v(377,0),v(377,7),v(378,-1),v(378,6),v(651,7),v(652,6),v(652,8),v(652,11),v(653,7),v(789,7),v(790,6),v(790,8),v(790,11),v(791,7),v(876,0),v(900,2),v(918,9),v(1013,0),v(1013,7),v(1014,-1),v(1014,6)))
T(P(T(P(p(0,24),p(2,22)),V(v(0,0),v(6,-1))),T(P(p(16,18),p(16,20),p(18,19),p(34,21),p(50,21),p(58,17),p(64,18),p(78,23)),V(v(0,0)))),V(v(0,0),v(84,0),v(180,10),v(336,10),v(876,0),v(972,10)))
T(P(T(P(p(496,30),p(506,30)),V(v(0,0),v(60,0))),T(P(p(706,30),p(844,30)),V(v(0,0)))),V(v(-16,-11),v(-16,-2),v(-7,-3),v(-6,-2),v(-5,-1),v(0,0),v(8,-16),v(12,3),v(13,-16),v(14,-15),v(20,-14),v(26,-4)))
T(P(T(P(p(170,20),p(172,22)),V(v(0,0),v(6,1))),T(P(p(156,23),p(166,32),p(196,28),p(203,33),p(204,29),p(208,25),p(208,30),p(214,25),p(214,28),p(239,26),p(240,25),p(241,26),p(245,15),p(252,24)),V(v(0,0)))),V(v(0,0),v(156,0),v(457,3),v(595,3),v(792,0)))
T(P(T(P(p(186,31),p(188,29)),V(v(0,0),v(138,0))),T(P(p(176,30)),V(v(0,0)))),V(v(0,0),v(418,-7),v(476,0),v(477,-1),v(477,1),v(477,4),v(478,0),v(479,-1),v(482,1),v(520,-1),v(521,-2),v(543,-16)))
T(P(p(196,28),p(198,24),p(202,34),p(203,33),p(204,24),p(220,19)),V(v(0,0),v(156,0),v(290,-4),v(350,-4),v(500,-4),v(638,-4),v(792,0)))
T(P(p(42,23),p(44,30),p(46,23),p(50,21),p(50,28),p(58,22),p(71,33)),V(v(0,0),v(84,0),v(187,0),v(343,0),v(876,0),v(979,0)))
T(P(T(P(p(508,33),p(512,31)),V(v(0,0),v(60,0)))),V(v(-474,-10),v(-472,-11),v(-470,-10),v(-390,-10),v(-390,-8),v(-30,-10),v(-20,-13),v(-14,-3),v(-12,-10),v(-12,-3),v(0,0),v(15,-19),v(16,-18),v(22,-8),v(402,-10),v(402,-8)))
T(P(T(P(p(168,31),p(168,33)),V(v(0,0),v(12,1))),T(P(p(266,36),p(272,35),p(278,34)),V(v(0,0),v(6,-1))),T(P(p(126,31),p(134,32)),V(v(0,0),v(8,1))),T(P(p(128,30),p(188,29),p(202,34)),V(v(0,0)))),V(v(0,0),v(8,-10),v(792,0),v(800,-10)))
T(P(T(P(p(508,33),p(524,31)),V(v(0,0),v(60,0))),T(P(p(718,33),p(856,33)),V(v(0,0)))),V(v(-26,-12),v(-24,-10),v(-21,-5),v(0,0),v(3,-19),v(4,-18)))
T(P(p(18,21),p(78,21),p(210,29),p(348,29)),V(v(0,0),v(24,0),v(426,7),v(462,-2),v(502,-6),v(508,4),v(514,-15)))
T(P(p(30,30),p(154,34),p(168,33),p(292,34)),V(v(0,0),v(348,-6),v(408,-6),v(444,-11),v(499,-3),v(564,-21)))
T(P(p(24,31),p(46,32),p(48,32),p(52,32),p(122,21),p(122,28)),V(v(0,0),v(190,-12),v(346,-12),v(982,-12)))
T(P(p(507,12),p(515,15),p(534,9)),V(v(0,0),v(26,12),v(60,0),v(115,21),v(138,16),v(144,15),v(144,17),v(144,20),v(195,6),v(253,21),v(276,16),v(282,15),v(282,17),v(282,20),v(333,6)))
T(P(p(412,32),p(621,30),p(759,30),p(795,30)),V(v(0,0),v(109,-16)))
T(P(T(P(T(P(p(614,27),p(618,28)),V(v(0,0),v(138,0)))),V(v(0,0),v(1,-2),v(54,2),v(110,-1))),T(P(p(170,22),p(170,31),p(172,24),p(208,19),p(312,20)),V(v(0,0),v(156,0),v(792,0))),T(P(p(668,27),p(669,28),p(684,23),p(700,19)),V(v(0,0),v(122,6),v(138,0))),T(P(p(562,23),p(600,23),p(706,23),p(738,23)),V(v(0,0),v(24,7),v(68,6))),T(P(T(P(p(630,29),p(668,27)),V(v(0,0),v(138,0)))),V(v(0,0),v(37,4),v(54,0))),T(P(T(P(p(600,16),p(600,23)),V(v(0,0),v(138,0)))),V(v(0,0),v(18,5),v(24,14))),T(P(p(495,31),p(555,31)),V(v(0,0),v(2,-2),v(7,-8),v(15,-4),v(19,2),v(25,1),v(30,-18),v(31,-1),v(36,-8),v(37,-9),v(41,-15),v(173,-4),v(311,-4))),T(P(p(641,29),p(668,29),p(779,29)),V(v(0,0),v(43,0),v(85,-4))),T(P(p(574,33),p(589,27),p(618,28)),V(v(0,0),v(95,-2),v(233,-2))),T(P(p(16,27),p(38,25)),V(v(0,0),v(84,0),v(668,-2),v(806,-2),v(876,0))),T(P(p(592,22),p(620,28)),V(v(0,0),v(47,5),v(158,0),v(185,5))),T(P(p(58,33),p(172,24)),V(v(0,0),v(562,-5),v(698,-12),v(700,-5))),T(P(p(344,29),p(636,29)),V(v(0,0),v(213,0),v(364,-10))),T(P(p(324,33),p(338,21)),V(v(0,0),v(396,-2),v(534,-2))),T(P(p(28,14),p(42,31),p(52,20),p(112,14),p(124,20),p(336,32),p(344,22),p(344,24),p(593,24),p(652,33),p(805,30),p(846,19),p(868,30),p(916,20)),V(v(0,0)))),V(v(0,0)))

numberOfNotes 1538
tatumsPerBar null
barOneStartsAt null
compressionRatio 2.029023746701847
runningTime 64749
encodingLength 758
encodingLengthWithoutResidualPointSet 621
numberOfResidualPoints 137
percentageOfResidualPoints 8.907672301690507
compressionRatioWithoutResidualPointSet 2.256038647342995
title sonata01-3.txt
numberOfTECs 34
inputFilePath D:\Source\Repos\omnisia\Points\RecurSIA-RRT-experiment\JKU-PDD\JKUPDD-noAudio-Aug2013\groundTruth\beethovenOp2No1Mvt3\polyphonic\lisp\sonata01-3.txt
outputFilePath D:\Source\Repos\omnisia\Points\RecurSIA-RRT-experiment\JKU-PDD\JKUPDD-noAudio-Aug2013\matlab\pattDiscOut\ReSIATECCompressBB\beet_sonata01-3_ReSIATECCompressBB.out
logFilePath null
outputFileExtension RecurSIA
isDiatonic true
withoutChannel10 false
encoderName com.chromamorph.points022.RecurSIAEncoding
forMirex true
mode BB
topNPatterns 0
