T(P(T(P(p(888,19),p(912,19)),V(v(0,0),v(0,6),v(12,9),v(24,6),v(72,5),v(72,10),v(144,2))),T(P(p(864,26),p(912,26)),V(v(0,0),v(0,5),v(24,-1),v(48,-7))),T(P(p(900,27),p(924,25),p(936,15),p(936,28),p(954,24),p(954,29),p(960,22)),V(v(0,0)))),V(v(0,0),v(144,2),v(288,4),v(1872,2),v(2016,4),v(2304,0),v(2448,2),v(2592,4),v(4176,2),v(4320,4),v(4608,0),v(4752,2),v(4896,4),v(9216,2),v(9360,4),v(9648,0),v(9792,2),v(9936,4)))
T(P(T(P(p(888,19),p(912,19)),V(v(0,0),v(12,9),v(72,5),v(72,10),v(144,2))),T(P(p(924,25),p(924,28)),V(v(0,0),v(12,0),v(36,-6))),T(P(T(P(p(912,26),p(912,31)),V(v(0,0),v(42,-2))),T(P(p(900,27),p(936,15)),V(v(0,0)))),V(v(0,0)))),V(v(0,0),v(144,2),v(288,4),v(1728,0),v(1872,2),v(2016,4),v(2304,0),v(2448,2),v(2592,4),v(4032,0),v(4176,2),v(4320,4),v(4608,0),v(4752,2),v(4896,4),v(9072,0),v(9216,2),v(9360,4),v(9648,0),v(9792,2),v(9936,4)))
T(P(T(P(T(P(p(312,19),p(336,19)),V(v(0,0),v(576,0)))),V(v(0,0),v(12,9),v(72,5),v(72,10),v(144,2))),T(P(p(336,31),p(378,29),p(384,24),p(384,29),p(408,29)),V(v(0,0),v(576,-5),v(576,0))),T(P(p(864,26),p(936,25)),V(v(0,0),v(24,-1),v(48,-1),v(96,-4))),T(P(T(P(p(360,15),p(360,28)),V(v(0,0),v(576,0))),T(P(p(288,12),p(384,19),p(744,23),p(864,31),p(900,27),p(924,25)),V(v(0,0)))),V(v(0,0)))),V(v(0,0),v(144,2),v(288,4),v(2304,0),v(2448,2),v(2592,4),v(4608,0),v(4752,2),v(4896,4),v(9648,0),v(9792,2),v(9936,4)))
T(P(T(P(p(336,31),p(378,29),p(384,24),p(384,29),p(408,29)),V(v(0,0),v(144,2),v(288,4))),T(P(p(432,33),p(480,33)),V(v(0,0),v(144,2),v(264,-5))),T(P(p(816,24)),V(v(0,0)))),V(v(0,0),v(576,-5),v(576,0),v(2304,-5),v(2304,0),v(2880,-5),v(2880,0),v(4608,-5),v(4608,0),v(5184,-5),v(5184,0),v(9648,-5),v(9648,0),v(10224,-5),v(10224,0)))
T(P(T(P(p(312,19),p(888,19)),V(v(0,0),v(2304,0),v(4608,0),v(9648,0)))),V(v(0,0),v(12,9),v(24,0),v(24,12),v(36,9),v(48,-4),v(48,9),v(66,10),v(72,0),v(72,5),v(72,10),v(96,-1),v(96,5),v(96,10),v(120,-5),v(120,14),v(144,2),v(144,8),v(156,11),v(168,2),v(168,8),v(168,14),v(180,11),v(192,-2),v(192,11),v(210,12),v(216,2),v(216,7),v(216,12),v(240,1),v(240,7),v(240,12),v(264,-3),v(264,16),v(288,4),v(288,10),v(300,13),v(312,4),v(312,10),v(312,16),v(324,13),v(336,0),v(336,13),v(354,14),v(360,4),v(360,9),v(360,14),v(384,4),v(384,9),v(384,14),v(384,21),v(408,-7),v(426,15),v(426,22),v(432,4),v(432,6),v(432,9),v(432,15),v(432,22),v(456,6),v(456,9),v(480,-4),v(504,0),v(504,5),v(960,0),v(1008,4),v(1032,4),v(1512,0),v(1536,0),v(1584,4)))
T(P(T(P(T(P(p(1512,10),p(1800,14)),V(v(0,0),v(576,0)))),V(v(0,0),v(2304,0))),T(P(p(8856,10)),V(v(0,0)))),V(v(-1128,9),v(-1128,14),v(-72,4),v(-48,8),v(0,0),v(24,14),v(96,13),v(1104,9),v(1116,17),v(1116,18),v(1128,9),v(1128,16),v(1128,21),v(1140,15),v(1140,18),v(1152,5),v(1152,15),v(1152,18),v(1170,14),v(1170,19),v(1176,9),v(1176,12),v(1176,14),v(1176,19),v(1200,14),v(1200,19),v(1248,11),v(1272,11)))
T(P(T(P(p(960,22),p(960,24),p(1032,21)),V(v(0,0),v(144,2))),T(P(p(912,26),p(954,29),p(984,24),p(984,27),p(1044,30),p(1056,21)),V(v(0,0)))),V(v(0,0),v(144,2),v(576,-3),v(1152,-3),v(1728,0),v(1872,2),v(2304,0),v(2448,2),v(2880,-3),v(3456,-3),v(4032,0),v(4176,2),v(4608,0),v(4752,2),v(9072,0),v(9216,2),v(9648,0),v(9792,2)))
T(P(T(P(p(1797,34),p(1821,34)),V(v(0,0),v(576,0),v(2304,0),v(2880,0),v(7920,0)))),V(v(-1197,-11),v(-981,-10),v(-45,-5),v(-21,-5),v(0,0),v(24,0),v(75,-7),v(243,-11),v(315,-10),v(387,-13),v(531,-5),v(555,-5),v(603,-6),v(819,-15),v(831,-6),v(891,-10),v(891,-5),v(963,-13),v(963,-7),v(975,-4),v(987,-7),v(1035,-8),v(1035,-3),v(1107,-11),v(1107,-5),v(1119,-2),v(1131,-5),v(1179,-11),v(1179,-6),v(1179,-1),v(1251,-9),v(1251,-6),v(1827,-11),v(2331,-15)))
T(P(T(P(T(P(p(1530,28),p(1602,27)),V(v(0,0),v(576,0)))),V(v(0,0),v(2304,0))),T(P(p(9522,27)),V(v(0,0)))),V(v(-1194,-9),v(-1050,-7),v(-786,-3),v(-762,-3),v(-138,-4),v(0,0),v(6,-9),v(6,-4),v(174,2),v(219,7),v(243,7),v(246,1),v(267,6),v(294,0),v(342,-1),v(798,1),v(822,1),v(1086,-5),v(1110,-9),v(1134,-13),v(1158,-6),v(1182,1),v(1206,0),v(1230,-1),v(1254,-7),v(1254,-1),v(1278,-11),v(1302,-4),v(1326,3),v(1350,2),v(1374,1),v(1398,1),v(1446,-2),v(1518,-3)))
T(P(T(P(p(2469,32),p(2541,31),p(2565,31)),V(v(0,0),v(2304,0),v(7344,0)))),V(v(-1725,-7),v(-1149,-7),v(-1077,-8),v(-933,-8),v(0,0),v(24,0),v(27,-6),v(219,-10),v(291,-5),v(363,-8),v(435,-3),v(507,-6),v(579,-7),v(663,-3),v(723,-7),v(795,-10),v(795,-8),v(795,-3),v(867,-5),v(939,-8),v(939,-1),v(1011,-3),v(1083,-6)))
T(P(T(P(p(7236,26),p(7524,26),p(7812,27),p(8100,26)),V(v(0,0),v(1152,0)))),V(v(-12,-8),v(-12,-1),v(0,0),v(12,-8),v(12,1),v(24,2),v(36,4),v(60,-8),v(84,-8),v(108,-12),v(108,-5),v(126,1),v(132,-8),v(132,-3),v(132,1),v(140,2),v(148,1),v(156,0),v(168,-1)))
T(P(T(P(p(2616,19),p(2640,31),p(2664,25),p(2688,19)),V(v(0,0),v(576,0))),T(P(p(3152,28),p(3160,27)),V(v(0,0),v(8,-1))),T(P(p(3180,27)),V(v(0,0)))),V(v(0,0),v(144,2),v(288,4),v(2304,0),v(2448,2),v(2592,4),v(4920,-1),v(5496,-1),v(7344,0),v(7488,2),v(7632,4)))
T(P(T(P(p(7362,27),p(7650,27),p(7938,28)),V(v(0,0),v(1152,0))),T(P(p(1458,27),p(2034,27)),V(v(0,0),v(2304,0)))),V(v(-18,-13),v(0,0),v(6,-9),v(6,-4),v(30,-9),v(30,-4),v(54,-17),v(78,-8),v(78,-6),v(78,-3),v(102,-8),v(102,-6)))
T(P(T(P(p(1488,18),p(2064,18)),V(v(0,0),v(1344,6),v(2304,0),v(3648,6),v(8688,6))),T(P(p(1104,24)),V(v(0,0)))),V(v(-144,5),v(-24,3),v(0,0),v(48,6),v(96,11),v(120,5),v(168,-1),v(210,17),v(216,-1),v(288,-5)))
T(P(T(P(p(1098,26),p(1458,27),p(2034,27),p(3402,26)),V(v(0,0),v(2304,0))),T(P(p(10746,26)),V(v(0,0)))),V(v(-714,-2),v(-690,-2),v(-666,-12),v(-498,-3),v(-474,-3),v(-354,-1),v(-138,-4),v(0,0),v(30,-6),v(30,5),v(78,-3),v(102,-3),v(174,7),v(198,9),v(222,-1),v(294,-7),v(294,-2),v(1374,-3)))
T(P(T(P(p(312,25),p(336,25)),V(v(0,0),v(144,-4),v(216,1))),T(P(p(528,21)),V(v(0,0)))),V(v(0,0),v(144,2),v(576,0),v(720,2),v(2448,2),v(2880,0),v(3024,2),v(4752,2),v(5184,0),v(5328,2),v(5904,2),v(6480,2),v(7704,-3),v(7776,-3),v(9792,2),v(10224,0),v(10368,2),v(10728,-1),v(12672,-4)))
T(P(T(P(p(360,28),p(936,28)),V(v(0,0),v(144,2),v(288,4),v(1224,1))),T(P(p(2016,29)),V(v(0,0)))),V(v(0,0),v(1248,-5),v(2304,0),v(2328,-6),v(3552,-5),v(4608,-3),v(4704,-7),v(9666,1),v(9672,-9),v(9672,-4),v(9672,1),v(9696,-4)))
T(P(T(P(p(1797,34),p(1821,34)),V(v(0,0),v(576,0),v(720,-3)))),V(v(-1413,-5),v(-1269,-8),v(-1269,-3),v(-981,-10),v(-333,-13),v(-48,1),v(-21,-5),v(0,0),v(24,0),v(27,-6),v(891,-5),v(1035,-8),v(1035,-3),v(1323,-10),v(1971,-13),v(2256,1),v(2283,-5),v(2304,0),v(2328,0),v(2331,-6),v(3195,-5),v(3339,-8),v(3339,-3),v(4563,-15),v(4563,-8),v(4707,-13),v(4923,-12),v(5859,-11),v(6003,-11),v(6363,-10),v(6651,-11),v(8235,-5),v(8379,-8),v(8379,-3),v(8595,-9),v(8595,-6),v(8883,-11),v(9027,-11),v(9171,-11),v(9459,-11),v(9819,-12),v(9891,-9),v(9963,-9),v(10107,-10)))
T(P(T(P(T(P(p(432,14),p(1008,14)),V(v(0,0),v(1440,0)))),V(v(0,0),v(2304,0)))),V(v(-48,5),v(-48,10),v(-24,10),v(0,0),v(24,13),v(168,9),v(192,9),v(960,10),v(1032,9),v(1056,9),v(1080,15),v(1098,14),v(1128,19),v(1176,9),v(2256,5),v(8304,10)))
T(P(T(P(p(1749,35),p(1773,35)),V(v(0,0),v(576,0),v(792,-4))),T(P(p(1965,32)),V(v(0,0)))),V(v(-1005,-10),v(0,0),v(3,-6),v(1299,-10),v(2304,0),v(2307,-6),v(4971,-13),v(5763,-13),v(6051,-12),v(6483,-12),v(8715,-11),v(9003,-9),v(9363,-5),v(9795,-12),v(10155,-11)))
T(P(T(P(p(522,31),p(1098,31)),V(v(0,0),v(1176,4),v(1200,4)))),V(v(-162,-16),v(-90,-17),v(0,0),v(174,-8),v(1086,-8),v(1230,-6),v(1278,-2),v(2142,-16),v(2214,-17),v(2304,0),v(2478,-8),v(3390,-8),v(3534,-6),v(3582,-2),v(4446,-6),v(4734,-12),v(4806,-19),v(5886,-11),v(8430,-8),v(9702,-15),v(9918,-16),v(10566,-16),v(10638,-16),v(10782,-16)))
T(P(T(P(p(1869,33),p(1893,33)),V(v(0,0),v(2232,1),v(2808,1))),T(P(p(2349,35)),V(v(0,0)))),V(v(-1341,-7),v(-1197,-5),v(0,0),v(27,-6),v(75,-7),v(315,-10),v(531,-5),v(963,-7),v(1107,-5),v(2331,-6),v(4059,-10),v(4563,-12),v(4635,-10),v(6291,-9),v(7011,-14),v(7083,-14),v(7155,-14),v(7227,-14)))
T(P(T(P(p(180,27),p(204,27)),V(v(0,0),v(72,0),v(144,1)))),V(v(-144,-1),v(0,0),v(1068,-4),v(3372,-4),v(7044,-5),v(7116,-9),v(7404,-9),v(7620,-4),v(7692,-8),v(8268,-9),v(8268,-7),v(8556,-9),v(8772,-4),v(8844,-8),v(10716,-4),v(10932,-5),v(11004,-2),v(11508,-5),v(11580,-2),v(12084,-8),v(12084,-6),v(12372,-8),v(12372,-2),v(12804,-6)))
T(P(T(P(p(1128,26),p(1200,23)),V(v(0,0),v(48,3),v(144,2))),T(P(p(1200,23),p(1272,23)),V(v(0,0),v(72,-4),v(72,0),v(72,5))),T(P(p(936,25),p(984,29)),V(v(0,0),v(288,-6))),T(P(p(900,27),p(1056,28),p(1212,32),p(1224,29),p(1368,29),p(3192,26)),V(v(0,0)))),V(v(0,0),v(2304,0),v(4608,0),v(5208,-3),v(5784,-3),v(9648,0)))
T(P(T(P(p(1821,34),p(1845,34)),V(v(0,0),v(576,0),v(648,-2))),T(P(p(1965,32)),V(v(0,0)))),V(v(-357,-11),v(0,0),v(1371,-11),v(1947,-11),v(2304,0),v(4539,-13),v(4539,-11),v(4539,-6),v(4611,-13),v(4611,-11),v(4611,-6),v(6627,-11),v(8643,-10),v(9291,-12),v(9363,-12)))
T(P(T(P(p(1458,28),p(1530,28),p(1602,28)),V(v(0,0),v(576,0))),T(P(p(2970,28)),V(v(0,0)))),V(v(0,0),v(2304,0),v(4902,-9),v(4902,-5),v(4926,-9),v(4926,-5),v(4974,-9),v(4974,-7),v(6630,-10),v(8982,-13),v(9558,-13),v(9654,-3),v(9678,-3),v(9702,-13),v(9726,-8),v(9750,-8),v(9798,-8),v(9822,-8),v(9846,-13)))
T(P(T(P(p(1976,32),p(3296,30),p(3440,32)),V(v(0,0),v(2304,0))),T(P(p(9536,33),p(10640,30),p(10784,32)),V(v(0,0)))),V(v(-56,-5),v(-8,-6),v(-8,-1),v(0,0),v(8,-1),v(16,-2),v(88,0),v(2224,-11)))
T(P(p(6336,20),p(6912,20),p(6984,20),p(7056,20),p(7056,25),p(7128,22)),V(v(0,0),v(24,1),v(1176,-2),v(1200,-2),v(1248,-2),v(1272,-2),v(1320,-2),v(1344,-2),v(2328,-2),v(2400,-2),v(2466,7),v(2472,7),v(2496,6),v(2508,5),v(4200,5),v(4776,5),v(5136,-1),v(5160,-1)))
T(P(T(P(p(3834,28),p(3906,28),p(4002,35)),V(v(0,0),v(576,0))),T(P(p(4026,35)),V(v(0,0)))),V(v(-2304,0),v(0,0),v(2502,-12),v(2526,-12),v(2526,-7),v(2550,-12),v(4806,-15),v(7182,-13),v(7614,-13)))
T(P(p(1976,32),p(1984,31),p(1992,30),p(2016,23),p(2040,18),p(2064,23),p(2112,19)),V(v(0,0),v(2304,0),v(5232,-5),v(5520,-5),v(5808,-4),v(6096,-5),v(6672,-5),v(6960,-4)))
T(P(T(P(p(6708,23),p(6708,30)),V(v(0,0),v(144,0))),T(P(p(6276,30)),V(v(0,0)))),V(v(-348,-7),v(-348,-2),v(-324,-7),v(-324,-2),v(-84,3),v(-60,4),v(-24,1),v(-12,2),v(0,0),v(12,-1),v(204,-7),v(228,-7),v(228,-4),v(228,-2),v(252,-7),v(252,-4),v(252,-2),v(276,-7),v(300,-4),v(2724,-16)))
T(P(T(P(p(1458,27),p(1530,26)),V(v(0,0),v(576,0))),T(P(p(2034,28),p(2178,28)),V(v(0,0)))),V(v(0,0),v(18,0),v(894,2),v(1446,2),v(2304,0),v(2322,0),v(3198,2),v(3750,2),v(8238,2),v(8790,2)))
T(P(T(P(p(2616,23),p(2640,23)),V(v(0,0),v(144,-2))),T(P(p(2856,20)),V(v(0,0)))),V(v(-888,6),v(0,0),v(576,0),v(864,4),v(1416,6),v(2304,0),v(2880,0),v(4896,-1),v(5184,0),v(6048,-1),v(6336,0),v(7053,11),v(7344,0),v(8208,4),v(8712,3),v(8784,2),v(9288,3),v(9360,2),v(9432,1),v(10128,3)))
T(P(T(P(p(0,33),p(48,33)),V(v(0,0),v(288,-2))),T(P(p(120,32),p(264,31)),V(v(0,0)))),V(v(0,0),v(1632,-10),v(3936,-10),v(8472,-13),v(12288,-12),v(12312,-12),v(12432,-11),v(12576,-12),v(12600,-12),v(12864,-9),v(12888,-9)))
T(P(p(432,14),p(864,15),p(1008,14),p(1440,14),p(1632,18)),V(v(0,0),v(240,9),v(1680,10),v(1704,10),v(2304,0),v(2544,9),v(3984,10),v(4008,10),v(10968,15),v(11028,12),v(11040,12)))
T(P(T(P(p(1773,35),p(1797,34)),V(v(0,0),v(144,-2),v(576,0)))),V(v(-69,-5),v(0,0),v(2235,-5),v(2304,0),v(4563,-13),v(9663,-8),v(9675,-8)))
T(P(T(P(p(528,21),p(648,19)),V(v(0,0),v(576,0))),T(P(p(888,19),p(936,15),p(2616,19)),V(v(0,0)))),V(v(0,0),v(2304,0),v(2352,9),v(9648,0),v(10644,10),v(10656,10)))
T(P(T(P(p(840,19),p(888,19)),V(v(0,0),v(72,0))),T(P(p(984,18)),V(v(0,0)))),V(v(-768,13),v(0,0),v(2304,0),v(4608,0),v(5496,4),v(5568,4),v(6072,4),v(6144,4),v(9648,0),v(11412,11),v(11700,11)))
T(P(T(P(p(1896,18),p(2472,18)),V(v(0,0),v(744,1))),T(P(p(2184,18),p(3432,26)),V(v(0,0)))),V(v(0,0),v(2304,0),v(6168,8),v(6176,9),v(6184,8),v(6192,7)))
T(P(p(1104,21),p(3408,21),p(7368,18),p(8520,18),p(8664,25)),V(v(0,0),v(840,-4),v(936,2),v(984,-11),v(2040,8),v(2304,5),v(3960,6)))
T(P(p(552,26),p(792,30),p(1080,30),p(1296,42),p(1848,19)),V(v(0,0),v(2304,0),v(4608,0),v(7728,-12),v(9648,0),v(11256,-11)))
T(P(p(288,12),p(408,20),p(720,12),p(792,15),p(864,15),p(936,15)),V(v(0,0),v(696,6),v(3000,6),v(12288,9)))
T(P(p(252,27),p(528,26),p(600,26)),V(v(0,0),v(948,2),v(1524,2),v(3252,2),v(3828,2),v(5856,-3),v(6432,-3),v(6888,0),v(7272,-1),v(8424,-1),v(8964,-1),v(12012,4)))
T(P(p(828,29),p(1242,28),p(1458,28),p(1602,28),p(2034,28)),V(v(0,0),v(2304,0),v(4878,-3),v(9918,2)))
T(P(p(1188,32),p(1416,20),p(1488,18),p(1992,13),p(2064,18)),V(v(0,0),v(2304,0),v(4716,10),v(5016,3)))
T(P(T(P(p(936,15),p(1296,12)),V(v(0,0),v(6192,1))),T(P(p(696,23),p(7200,13),p(8064,13)),V(v(0,0)))),V(v(0,0),v(5184,17)))
T(P(p(48,33),p(480,33),p(768,30),p(792,37),p(840,28),p(912,26)),V(v(0,0),v(12192,-18)))
T(P(T(P(p(5784,27),p(6072,27)),V(v(0,0),v(1512,2),v(2664,2),v(2784,-1),v(3672,2),v(6384,-12),v(6528,-2),v(6660,0),v(7056,-3))),T(P(p(1584,14),p(2160,14)),V(v(0,0),v(2304,0),v(4656,20),v(4824,16),v(4836,8),v(7344,0),v(9804,15),v(11148,13))),T(P(p(1584,14),p(3888,14)),V(v(0,0),v(36,14),v(336,4),v(408,11),v(429,15),v(576,0),v(6600,15))),T(P(p(6024,26),p(7176,26)),V(v(0,0),v(1272,3),v(1560,3),v(1680,0),v(1752,-12),v(1752,1),v(1800,-1),v(1872,-1),v(1968,1),v(2160,3),v(3312,3))),T(P(p(6168,22),p(6456,26)),V(v(0,0),v(108,1),v(1728,3),v(2880,3),v(5976,-1))),T(P(p(6252,24),p(6276,23)),V(v(0,0),v(6516,0),v(7056,3),v(7068,3))),T(P(p(12696,24),p(12744,24)),V(v(0,0),v(24,0),v(432,0),v(480,-7))),T(P(p(6072,34),p(6108,31)),V(v(0,0),v(5244,-7),v(6660,-7))),T(P(p(6420,22),p(6564,27)),V(v(0,0),v(3030,7),v(3072,5))),T(P(p(7992,27),p(8280,29)),V(v(0,0),v(1608,-4),v(4752,-3))),T(P(p(7896,25),p(10536,26)),V(v(0,0),v(1632,-11),v(1776,-7))),T(P(p(552,22),p(4512,23)),V(v(0,0),v(7872,-8),v(8304,4))),T(P(p(7824,25),p(7872,30),p(8280,29)),V(v(0,0),v(4920,-5))),T(P(p(4197,33),p(4317,29)),V(v(0,0),v(8139,-2))),T(P(p(828,36),p(6780,35)),V(v(0,0),v(5628,-10))),T(P(p(8328,28),p(11664,29)),V(v(0,0),v(1344,-10))),T(P(p(5808,27),p(9672,27)),V(v(0,0),v(2064,3))),T(P(p(-24,26),p(624,27),p(720,35),p(852,27),p(1320,30),p(5472,15),p(6024,33),p(6132,23),p(7056,29),p(7128,28),p(9464,30),p(9472,29),p(9648,7),p(9861,31),p(11064,19),p(11106,30),p(12828,26)),V(v(0,0)))),V(v(0,0)))

numberOfNotes 2075
tatumsPerBar null
barOneStartsAt null
compressionRatio 1.8526785714285714
runningTime 204141
encodingLength 1120
encodingLengthWithoutResidualPointSet 992
numberOfResidualPoints 128
percentageOfResidualPoints 6.168674698795181
compressionRatioWithoutResidualPointSet 1.9627016129032258
title mazurka24-4.txt
numberOfTECs 48
inputFilePath D:\Source\Repos\omnisia\Points\RecurSIA-RRT-experiment\JKU-PDD\JKUPDD-noAudio-Aug2013\groundTruth\chopinOp24No4\polyphonic\lisp\mazurka24-4.txt
outputFilePath D:\Source\Repos\omnisia\Points\RecurSIA-RRT-experiment\JKU-PDD\JKUPDD-noAudio-Aug2013\matlab\pattDiscOut\ReSIATECCompressBB\chop_mazurka24-4_ReSIATECCompressBB.out
logFilePath null
outputFileExtension RecurSIA
isDiatonic true
withoutChannel10 false
encoderName com.chromamorph.points022.RecurSIAEncoding
forMirex true
mode BB
topNPatterns 0
