T(P(T(P(T(P(p(264,31),p(324,30)),V(v(0,0),v(72,0)))),V(v(0,0),v(24,2),v(36,3))),T(P(p(282,32),p(312,32),p(384,32),p(408,31)),V(v(0,0)))),V(v(0,-9),v(0,0),v(864,-9),v(864,0),v(2160,-9),v(2160,0),v(3600,-9),v(3600,0),v(10368,-9),v(10368,0),v(11664,-9),v(11664,0)))
T(P(p(552,28),p(624,16),p(624,22),p(648,19),p(648,21),p(648,26),p(672,12)),V(v(0,0),v(864,0),v(2160,3),v(2448,3),v(3600,3),v(3888,3),v(10368,0),v(11664,3),v(11952,3)))
T(P(T(P(p(696,29),p(714,28),p(720,28)),V(v(0,0),v(0,2),v(72,0))),T(P(p(516,30),p(540,29)),V(v(0,0),v(84,-9),v(84,-4))),T(P(p(576,30),p(594,31)),V(v(0,0),v(192,2))),T(P(T(P(p(444,36),p(456,35),p(480,33)),V(v(0,0),v(24,-2)))),V(v(0,0),v(24,-2))),T(P(p(564,27),p(600,16),p(600,23),p(744,26),p(792,33),p(816,19)),V(v(0,0)))),V(v(0,0),v(864,0),v(2160,3),v(3600,3),v(10368,0),v(11664,3)))
T(P(T(P(T(P(p(24,26),p(48,26)),V(v(0,0),v(24,0)))),V(v(0,0),v(144,0))),T(P(p(156,30)),V(v(0,0)))),V(v(0,0),v(864,0),v(4584,-1),v(4668,-4),v(5196,0),v(5736,-1),v(5820,-4),v(6348,0),v(7464,-1),v(7548,-4),v(8076,-4),v(9192,-1),v(9276,-4),v(9804,-4),v(10368,0)))
T(P(T(P(p(1776,31),p(1776,33),p(1800,27),p(1800,32)),V(v(0,0),v(48,-1))),T(P(p(1800,20),p(1824,27),p(1920,31),p(2016,21),p(2040,29),p(2064,31)),V(v(0,0)))),V(v(-72,-2),v(0,0),v(1368,-2),v(1440,0),v(9432,-2),v(9504,0)))
T(P(T(P(T(P(p(-24,31),p(0,30)),V(v(0,0),v(24,-1),v(72,-2))),T(P(p(-6,32)),V(v(0,0)))),V(v(0,0),v(144,1))),T(P(p(12,29)),V(v(0,0)))),V(v(0,0),v(864,0),v(2160,-7),v(3600,-7),v(10368,0),v(11664,-7)))
T(P(T(P(T(P(p(5664,24),p(5670,23)),V(v(0,0),v(6,-1)))),V(v(0,0),v(6,-1))),T(P(p(5616,22),p(5619,23)),V(v(0,0),v(3,1)))),V(v(0,0),v(0,9),v(1152,0),v(1152,9),v(2880,3),v(2880,12),v(4608,3),v(4608,12)))
T(P(T(P(p(4584,29),p(4608,29)),V(v(0,0),v(96,-1),v(144,0))),T(P(p(4704,31),p(4848,26),p(5088,34)),V(v(0,0)))),V(v(0,0),v(24,-2),v(1152,0),v(1176,-2),v(2880,0),v(2904,-2),v(4608,0),v(4632,-2)))
T(P(p(1728,32),p(2016,30),p(2058,28),p(2082,30),p(2088,29),p(2112,28),p(2184,31),p(2208,31),p(2376,36)),V(v(0,0),v(0,2),v(1440,0),v(1440,2),v(9504,0),v(9504,2)))
T(P(T(P(p(4952,32),p(4960,31),p(5024,33),p(5096,33)),V(v(0,0),v(8,-1)))),V(v(-32,4),v(-24,3),v(0,0),v(1120,4),v(1128,3),v(1152,0),v(2848,4),v(2856,3),v(2880,0),v(4576,4),v(4584,3),v(4608,0)))
T(P(T(P(T(P(p(6168,22),p(7896,22)),V(v(0,0),v(1728,0))),T(P(p(5016,22)),V(v(0,0)))),V(v(0,0),v(24,-1)))),V(v(-360,5),v(-192,14),v(-144,4),v(-144,13),v(-138,14),v(-132,13),v(-126,11),v(0,0),v(0,2),v(0,12),v(96,5)))
T(P(T(P(p(5166,34),p(5172,26),p(5238,36)),V(v(0,0),v(144,0)))),V(v(0,0),v(12,-3),v(1152,0),v(1164,-3),v(2880,-4),v(2892,-7),v(4608,-4),v(4620,-7)))
T(P(T(P(p(6900,22),p(6900,29)),V(v(0,0),v(1728,0)))),V(v(-948,5),v(-804,-9),v(-780,-8),v(0,0),v(276,0),v(300,-6),v(444,-7),v(492,-7),v(498,-6),v(504,-7),v(510,-8),v(516,-7),v(780,5),v(924,-9),v(948,-8),v(1668,3)))
T(P(T(P(p(4620,22),p(4644,22)),V(v(0,0),v(144,0))),T(P(p(4656,32)),V(v(0,0)))),V(v(0,0),v(24,0),v(588,3),v(1152,0),v(1176,0),v(1740,3),v(2880,0),v(2904,0),v(3468,-1),v(4608,0),v(4632,0),v(5196,-1)))
T(P(T(P(p(6888,29),p(6960,31)),V(v(0,0),v(72,2))),T(P(p(6948,22),p(7044,22)),V(v(0,0)))),V(v(0,0),v(24,0),v(84,2),v(1728,0),v(1752,0),v(1812,2)))
T(P(p(5496,17),p(5496,22),p(5568,18),p(5568,22),p(5568,30)),V(v(0,0),v(24,0),v(1152,0),v(1176,0),v(2880,3),v(2904,3),v(4608,3),v(4632,3)))
T(P(p(5172,33),p(5184,32),p(5232,35),p(5256,36)),V(v(0,0),v(144,0),v(1152,0),v(1296,0),v(2076,-1),v(2880,-4),v(3024,-4),v(3804,-1),v(4608,-4),v(4752,-4)))
T(P(T(P(p(6984,27),p(7008,27)),V(v(0,0),v(1728,0)))),V(v(-1008,-3),v(-72,-2),v(0,0),v(12,-5),v(72,-2),v(108,-5),v(120,8),v(132,-5),v(228,6),v(720,-3),v(1176,-9)))
T(P(T(P(p(7152,26),p(7164,24)),V(v(0,0),v(1728,0)))),V(v(-1410,4),v(-1266,4),v(0,0),v(318,4),v(462,4),v(1176,14),v(1182,13),v(1248,11),v(1254,10)))
T(P(p(1704,19),p(1752,18),p(1872,18),p(2040,22)),V(v(0,0),v(192,11),v(1440,0),v(1632,11),v(9504,0),v(9696,11)))
T(P(p(5160,22),p(5160,33),p(5196,26),p(5256,24),p(5280,38)),V(v(0,0),v(144,0),v(1152,0),v(1296,0),v(2880,-4),v(4608,-4)))
T(P(T(P(p(6126,31),p(6132,30)),V(v(0,0),v(72,3))),T(P(p(6240,25),p(6248,26)),V(v(0,0),v(8,1))),T(P(p(5748,29),p(5802,29),p(5826,32),p(5880,28),p(5946,29),p(5970,34),p(6138,28),p(6210,30),p(6240,21),p(6264,22),p(6288,31)),V(v(0,0)))),V(v(-1152,0),v(0,0),v(1728,0),v(3456,0)))
T(P(T(P(p(5472,34),p(5484,33)),V(v(0,0),v(72,-3))),T(P(p(5496,33),p(5616,19),p(5664,19),p(5712,15)),V(v(0,0)))),V(v(0,0),v(1152,0),v(2880,3),v(4608,3)))
T(P(T(P(p(24,24),p(48,24)),V(v(0,0),v(144,1))),T(P(p(72,25),p(216,24),p(288,19)),V(v(0,0)))),V(v(0,0),v(864,0),v(10368,0)))
T(P(p(1704,26),p(3144,26),p(11208,26)),V(v(0,0),v(0,9),v(48,8),v(72,-9),v(96,-13),v(96,3),v(120,-12),v(120,-5),v(144,-11),v(144,-4),v(216,-8),v(252,2),v(264,-8),v(276,0),v(288,-9),v(336,5),v(360,-8),v(384,-7),v(528,6),v(612,-3),v(624,9),v(624,13),v(648,9),v(648,13),v(744,-7),v(1296,-6),v(1314,3),v(1320,-8),v(1320,1),v(1320,6),v(1344,-10),v(1368,4),v(1386,2)))
T(P(T(P(T(P(p(5448,37),p(5454,36)),V(v(0,0),v(6,-1)))),V(v(0,0),v(6,-1)))),V(v(0,0),v(72,-3),v(1152,0),v(1224,-3)))
T(P(p(5208,30),p(5292,26),p(5388,35),p(5424,22)),V(v(0,0),v(1152,0),v(2880,-4),v(4608,-4)))
T(P(p(6918,30),p(6990,32),p(7200,32)),V(v(0,0),v(144,4),v(1728,0),v(1872,4)))
T(P(p(6888,24),p(8616,24)),V(v(0,0),v(36,-2),v(72,2),v(216,-1),v(300,5),v(336,10),v(384,8),v(396,9),v(408,10),v(432,11),v(1296,5),v(1332,-2),v(1392,-4),v(1416,10)))
T(P(p(4800,27),p(4800,34)),V(v(0,0),v(144,-14),v(168,-13),v(888,-5),v(2040,-5)))
T(P(p(4590,30),p(4734,30)),V(v(0,0),v(12,-2)))
T(P(p(4824,24),p(4848,24),p(5280,22),p(6432,22)),V(v(0,0)))

numberOfNotes 1744
tatumsPerBar null
barOneStartsAt null
compressionRatio 4.093896713615023
runningTime 164862
encodingLength 426
encodingLengthWithoutResidualPointSet 422
numberOfResidualPoints 4
percentageOfResidualPoints 0.22935779816513763
compressionRatioWithoutResidualPointSet 4.123222748815166
title sonata04-2.txt
numberOfTECs 32
inputFilePath D:\Source\Repos\omnisia\Points\RecurSIA-RRT-experiment\JKU-PDD\JKUPDD-noAudio-Aug2013\groundTruth\mozartK282Mvt2\polyphonic\lisp\sonata04-2.txt
outputFilePath D:\Source\Repos\omnisia\Points\RecurSIA-RRT-experiment\JKU-PDD\JKUPDD-noAudio-Aug2013\matlab\pattDiscOut\ReCOSIARTECBB\mzrt_sonata04-2_ReCOSIARTECBB.out
logFilePath null
outputFileExtension RecurSIA
isDiatonic true
withoutChannel10 false
encoderName com.chromamorph.points022.RecurSIAEncoding
forMirex true
mode BB
topNPatterns 0
