T(P(p(288,33),p(300,25),p(300,34),p(312,23),p(312,32),p(324,21),p(324,30),p(336,22),p(336,31),p(348,23),p(348,32),p(360,24),p(360,33)),V(v(0,0),v(72,0),v(864,0),v(936,0),v(2160,0),v(2232,0),v(3600,0),v(3672,0),v(10368,0),v(10440,0),v(11664,0),v(11736,0)))
T(P(p(5160,22),p(5160,33),p(5166,34),p(5172,26),p(5172,33),p(5178,31),p(5184,23),p(5184,32),p(5196,26),p(5208,25),p(5208,30),p(5220,26),p(5232,25),p(5232,35),p(5238,36),p(5244,26),p(5244,35),p(5250,33),p(5256,24),p(5256,36),p(5268,26),p(5280,22),p(5280,38)),V(v(0,0),v(144,0),v(1152,0),v(1296,0),v(2880,-4),v(3024,-4),v(4608,-4),v(4752,-4)))
T(P(p(4584,29),p(4590,30),p(4596,29),p(4602,28),p(4608,25),p(4608,27),p(4608,29),p(4620,22),p(4632,25),p(4632,27),p(4644,22),p(4650,29),p(4656,25),p(4656,27),p(4668,22),p(4680,26),p(4692,22),p(4704,26),p(4716,22),p(4728,26),p(4740,22)),V(v(0,0),v(144,0),v(1152,0),v(1296,0),v(2880,0),v(3024,0),v(4608,0),v(4752,0)))
T(P(p(444,36),p(456,35),p(468,34),p(480,33),p(492,32),p(504,31),p(516,30),p(528,29),p(540,29),p(552,28),p(564,27),p(576,30),p(594,31),p(600,16),p(600,21),p(600,23),p(600,26),p(624,16),p(624,20),p(624,22),p(624,25),p(648,19),p(648,21),p(648,26),p(672,12),p(696,29),p(696,31),p(714,28),p(714,30),p(720,28),p(720,30),p(744,26),p(768,29),p(768,32),p(786,28),p(786,33),p(792,28),p(792,33),p(816,19)),V(v(0,0),v(864,0),v(2160,3),v(3600,3),v(10368,0),v(11664,3)))
T(P(p(264,22),p(264,31),p(282,23),p(282,32),p(288,19),p(288,24),p(288,33),p(300,25),p(300,34),p(312,23),p(312,32),p(324,21),p(324,30),p(336,22),p(336,31),p(348,23),p(348,32),p(360,24),p(360,33),p(372,25),p(372,34),p(384,23),p(384,32),p(396,21),p(396,30),p(408,22),p(408,31),p(420,23),p(420,32),p(432,24),p(432,33)),V(v(0,0),v(864,0),v(2160,0),v(3600,0),v(10368,0),v(11664,0)))
T(P(p(4872,24),p(4872,35),p(4878,36),p(4884,35),p(4890,33),p(4896,25),p(4896,34)),V(v(0,0),v(288,-2),v(432,-2),v(1152,0),v(1440,-2),v(1584,-2),v(2880,0),v(3168,-6),v(3312,-6),v(4608,0),v(4896,-6),v(5040,-6)))
T(P(p(24,24),p(24,26),p(48,24),p(48,26),p(72,25)),V(v(0,0),v(864,0),v(2040,5),v(2160,7),v(3480,5),v(3600,7),v(4608,1),v(4680,2),v(4752,1),v(4824,0),v(5760,1),v(5832,2),v(5904,1),v(5976,0),v(7488,1),v(7560,2),v(7632,1),v(7704,0),v(9216,1),v(9288,2),v(9360,1),v(9432,0),v(10368,0),v(11544,5),v(11664,7)))
T(P(p(4920,36),p(4928,35),p(4936,34),p(4944,20),p(4944,33),p(4952,32),p(4960,31),p(4968,21)),V(v(0,0),v(144,1),v(1152,0),v(1296,1),v(2880,0),v(3024,1),v(4608,0),v(4752,1)))
T(P(p(336,22),p(336,31),p(348,32),p(360,33),p(396,30),p(408,31),p(420,32),p(432,33)),V(v(0,0),v(864,0),v(2160,0),v(3600,0),v(6864,1),v(8592,1),v(10368,0),v(11664,0)))
T(P(p(-24,31),p(-6,32),p(0,30),p(12,29),p(24,29),p(48,29)),V(v(0,0),v(144,1),v(864,0),v(1008,1),v(2160,-7),v(2304,-6),v(3600,-7),v(3744,-6),v(10368,0),v(10512,1),v(11664,-7),v(11808,-6)))
T(P(p(300,25),p(300,34),p(312,23),p(312,32),p(324,30)),V(v(0,0),v(72,0),v(864,0),v(936,0),v(2160,0),v(2232,0),v(3600,0),v(3672,0),v(5364,-1),v(6516,-1),v(8244,2),v(9972,2),v(10368,0),v(10440,0),v(11664,0),v(11736,0)))
T(P(p(5448,37),p(5454,36),p(5460,35),p(5466,34),p(5472,34),p(5484,33),p(5496,33)),V(v(0,0),v(72,-3),v(1152,0),v(1224,-3),v(2880,3),v(2952,0),v(4608,3),v(4680,0)))
T(P(p(-24,31),p(-6,32),p(0,30),p(12,29),p(24,24),p(24,29),p(48,24),p(48,29),p(72,25),p(72,28)),V(v(0,0),v(144,1),v(864,0),v(1008,1),v(10368,0),v(10512,1)))
T(P(p(4584,29),p(4590,30),p(4596,29),p(4602,28),p(4608,25),p(4608,27),p(4608,29),p(4620,22),p(4632,25),p(4632,27),p(4644,22),p(4650,29),p(4656,25),p(4656,27),p(4656,32),p(4668,22),p(4674,32),p(4680,26),p(4680,28),p(4680,32),p(4692,22),p(4704,26),p(4704,28),p(4704,31),p(4716,22),p(4728,26),p(4728,28),p(4728,29),p(4734,30),p(4740,22),p(4740,29),p(4746,28),p(4752,25),p(4752,27),p(4752,29),p(4764,22),p(4776,25),p(4776,27),p(4788,22),p(4794,29),p(4800,25),p(4800,27),p(4800,34),p(4812,22),p(4818,34),p(4824,24),p(4824,26),p(4824,36),p(4836,22),p(4848,24),p(4848,26),p(4848,35),p(4860,22),p(4872,24),p(4872,26),p(4872,35),p(4878,36),p(4884,22),p(4884,35),p(4890,33),p(4896,25),p(4896,34),p(4902,35),p(4908,34),p(4914,32),p(4920,36),p(4928,35),p(4936,34),p(4944,13),p(4944,20),p(4944,33),p(4952,32),p(4960,31),p(4968,14),p(4968,21),p(4968,30),p(4974,31),p(4980,30),p(4986,28),p(4992,37),p(5000,36),p(5008,35),p(5016,22),p(5016,24),p(5016,34),p(5024,33),p(5032,32),p(5040,21),p(5040,23),p(5040,33),p(5046,34),p(5052,33),p(5058,30),p(5064,37),p(5072,36),p(5080,35),p(5088,21),p(5088,25),p(5088,34),p(5096,26),p(5096,33),p(5104,27),p(5104,32),p(5112,22),p(5112,27),p(5112,32),p(5136,26),p(5136,31)),V(v(0,0),v(1152,0),v(2880,0),v(4608,0)))
T(P(p(1728,18),p(1728,30),p(1728,34),p(1752,18),p(1752,30),p(1752,34),p(1776,17),p(1776,31),p(1776,33)),V(v(0,0),v(600,5),v(1440,0),v(2040,5),v(9504,0),v(10104,5)))
T(P(p(4728,29),p(4740,22),p(4740,29),p(4752,25),p(4752,29),p(4764,22),p(4776,25),p(4788,22),p(4812,22)),V(v(0,0),v(1152,0),v(2160,0),v(2880,0),v(3888,0),v(4608,0)))
T(P(p(1704,19),p(1704,26),p(1704,29),p(1704,31),p(1704,35),p(1728,18),p(1728,25),p(1728,30),p(1728,32),p(1728,34),p(1752,28),p(1752,30),p(1776,31),p(1776,33)),V(v(0,0),v(48,-1),v(1440,0),v(1488,-1),v(9504,0),v(9552,-1)))
T(P(p(4584,29),p(4590,30),p(4596,29),p(4602,28),p(4608,29)),V(v(0,0),v(144,0),v(1152,0),v(1296,0),v(2808,-14),v(2808,-7),v(2880,0),v(3024,0),v(4536,-14),v(4536,-7),v(4608,0),v(4752,0)))
T(P(p(5454,36),p(5460,35),p(5466,34),p(5472,34),p(5484,33),p(5496,17),p(5496,22),p(5496,33),p(5520,17),p(5520,22),p(5520,34),p(5526,33),p(5532,32),p(5538,31),p(5544,31),p(5556,30),p(5568,18),p(5568,22),p(5568,30),p(5592,18),p(5592,22),p(5592,30),p(5616,19),p(5616,22),p(5616,31),p(5619,23),p(5619,32),p(5622,24),p(5622,33),p(5664,19),p(5664,24),p(5664,33),p(5670,23),p(5670,32),p(5676,22),p(5676,31),p(5682,21),p(5682,30),p(5688,22),p(5688,29),p(5712,15)),V(v(0,0),v(1152,0),v(2880,3),v(4608,3)))
T(P(p(24,24),p(24,26),p(24,29),p(48,24),p(48,29),p(72,26),p(72,28)),V(v(0,0),v(864,0),v(1776,3),v(3216,3),v(10368,0),v(11280,3)))
T(P(p(1824,21),p(1824,30),p(1824,32),p(1848,22),p(1848,29),p(1848,31),p(1872,18)),V(v(0,0),v(192,0),v(1440,0),v(1632,0),v(9504,0),v(9696,0)))
T(P(p(1704,26),p(1704,29),p(1704,31),p(1728,18),p(1752,30),p(1776,31),p(1800,29)),V(v(0,0),v(144,0),v(1440,0),v(1584,0),v(9504,0),v(9648,0)))
T(P(p(4848,35),p(4860,22),p(4872,24),p(4872,35),p(4878,36),p(4884,22)),V(v(0,0),v(1152,0),v(2256,0),v(2880,0),v(3984,0),v(4608,0)))
T(P(p(1968,18),p(1968,27),p(1992,17),p(1992,29)),V(v(0,0),v(240,4),v(1440,0),v(1680,4),v(2832,7),v(3984,7),v(5712,7),v(7440,7),v(9504,0),v(9744,4)))
T(P(p(648,19),p(648,21),p(648,26),p(672,12)),V(v(0,0),v(864,0),v(2160,3),v(2448,3),v(3600,3),v(3888,3),v(10368,0),v(11664,3),v(11952,3)))
T(P(p(4788,22),p(4800,27),p(4812,22),p(4824,24),p(4836,22)),V(v(0,0),v(1152,0),v(2208,0),v(2880,0),v(3936,0),v(4608,0)))
T(P(p(6888,24),p(6888,29),p(6900,29),p(6912,25),p(6912,29),p(6918,30),p(6936,25)),V(v(0,0),v(72,2),v(1728,0),v(1800,2)))
T(P(p(1944,29),p(1956,28),p(1968,27),p(1992,29),p(2016,30)),V(v(0,0),v(1440,0),v(5292,4),v(7020,4),v(9504,0)))
T(P(p(1800,20),p(1800,27),p(1824,14),p(1824,21),p(1824,30)),V(v(0,0),v(1440,0),v(5376,2),v(7104,2),v(9504,0)))
T(P(p(1824,21),p(1824,27),p(1824,32)),V(v(0,0),v(1248,-2),v(1440,0),v(2688,-2),v(9504,0),v(10752,-2)))
T(P(p(2058,28),p(2058,30),p(2064,29)),V(v(0,0),v(24,2),v(1440,0),v(1464,2),v(9504,0),v(9528,2)))
T(P(p(7116,35),p(7128,35),p(7140,22)),V(v(0,0),v(60,-6),v(204,0),v(1728,0),v(1788,-6),v(1932,0)))
T(P(p(1776,24),p(1776,29),p(1800,13)),V(v(0,0),v(1248,3),v(1440,0),v(2688,3),v(9504,0),v(10752,3)))
T(P(p(7032,33),p(7044,22),p(7056,25)),V(v(0,0),v(24,0),v(1728,0),v(1752,0)))
T(P(p(168,26),p(192,26),p(216,24),p(1032,26),p(1056,26),p(1080,24),p(1848,15),p(1920,18),p(1944,19),p(1980,26),p(2088,19),p(2112,28),p(3000,20),p(3000,31),p(3018,29),p(3024,18),p(3090,28),p(3288,15),p(3360,18),p(3384,19),p(3420,26),p(3528,19),p(3552,28),p(4440,20),p(4440,31),p(4458,29),p(4464,18),p(4530,28),p(5292,26),p(6444,26),p(7044,33),p(7062,34),p(7092,22),p(7104,23),p(7152,26),p(7164,24),p(7344,15),p(7344,36),p(8172,22),p(8772,33),p(8790,34),p(8820,22),p(8832,23),p(8880,26),p(8892,24),p(9072,15),p(9072,36),p(9900,22),p(10536,26),p(10560,26),p(10584,24),p(11352,15),p(11424,18),p(11448,19),p(11484,26),p(11592,19),p(11616,28),p(12504,20),p(12504,31),p(12522,29),p(12528,18),p(12594,28)),V(v(0,0)))

numberOfNotes 1744
tatumsPerBar null
barOneStartsAt null
compressionRatio 2.379263301500682
runningTime 11647
encodingLength 733
encodingLengthWithoutResidualPointSet 671
numberOfResidualPoints 62
percentageOfResidualPoints 3.555045871559633
compressionRatioWithoutResidualPointSet 2.5067064083457526
title sonata04-2.txt
numberOfTECs 35
inputFilePath D:\Source\Repos\omnisia\Points\RecurSIA-RRT-experiment\JKU-PDD\JKUPDD-noAudio-Aug2013\groundTruth\mozartK282Mvt2\polyphonic\lisp\sonata04-2.txt
outputFilePath D:\Source\Repos\omnisia\Points\RecurSIA-RRT-experiment\JKU-PDD\JKUPDD-noAudio-Aug2013\matlab\pattDiscOut\SIARCTTECCompress-RRT\mzrt_sonata04-2_SIARCTTECCompress-RRT.out
logFilePath null
outputFileExtension SIATECCompress
isDiatonic true
withoutChannel10 false
encoderName com.chromamorph.points022.SIATECCompressEncoding
forMirex true
mode Raw
topNPatterns 0
