T(P(T(P(p(336,31),p(378,29),p(384,24),p(384,29),p(408,29)),V(v(0,0),v(144,2),v(288,4))),T(P(p(432,33),p(576,35),p(696,28),p(744,28),p(816,24)),V(v(0,0)))),V(v(0,0),v(576,-5),v(576,0),v(2304,-5),v(2304,0),v(2880,-5),v(2880,0),v(4608,-5),v(4608,0),v(5184,-5),v(5184,0),v(9648,-5),v(9648,0),v(10224,-5),v(10224,0)))
T(P(T(P(T(P(p(324,28),p(348,28)),V(v(0,0),v(576,0)))),V(v(0,0),v(2304,0)))),V(v(-12,-9),v(0,0),v(132,-7),v(132,-1),v(144,2),v(276,-5),v(276,1),v(288,4),v(420,-3),v(876,1),v(1140,-10),v(1140,-7),v(1140,-5),v(1212,-9),v(1212,-7),v(1212,-4),v(1284,-10),v(1284,-7),v(1284,-5),v(1374,7),v(1404,1),v(1425,7),v(1473,6),v(1497,6),v(1500,-9),v(1500,-4),v(1500,0),v(1548,-1),v(2292,-9),v(2292,-5),v(2304,0),v(2436,-7),v(2436,-1),v(2448,2),v(2460,-1),v(2580,-5),v(2580,1),v(2592,4),v(2604,1),v(2724,-3),v(3804,-9),v(3804,0),v(8052,-5),v(9636,-9)))
T(P(T(P(p(9378,27),p(9450,27)),V(v(0,0),v(72,0))),T(P(p(8802,27),p(9450,29),p(9522,32)),V(v(0,0)))),V(v(-2442,-6),v(-2418,-6),v(-2394,-7),v(-2394,-4),v(-2370,-6),v(-66,-9),v(0,0),v(6,-9),v(6,0),v(30,-1),v(42,-2),v(2310,-7),v(2334,-7),v(2670,-8),v(2694,-8),v(3534,-8),v(3558,-8)))
T(P(T(P(p(2469,32),p(2493,32)),V(v(0,0),v(2304,0),v(7344,0)))),V(v(-573,-14),v(-117,-3),v(0,0),v(27,-6),v(48,-1),v(75,-7),v(96,-1),v(99,-7),v(603,-2),v(699,-6),v(711,-5),v(723,-7),v(747,-7),v(855,-3),v(999,-1),v(1011,-5),v(1731,-9)))
T(P(T(P(T(P(p(6936,16),p(6960,16)),V(v(0,0),v(24,0)))),V(v(0,0),v(48,0)))),V(v(-600,0),v(-480,0),v(-24,0),v(96,0),v(2733,18),v(5328,5),v(5328,9),v(5616,3),v(5616,5),v(5616,9),v(5760,4),v(5904,8),v(6192,1),v(6192,6),v(6192,8)))
T(P(T(P(p(738,34),p(738,41)),V(v(0,0),v(576,0)))),V(v(0,0),v(6,0),v(2304,0),v(2310,0),v(4608,0),v(4614,0),v(5334,-7),v(5370,-10),v(5382,-9),v(5394,-11),v(5406,-12),v(5430,-12),v(5454,-8),v(5466,-6),v(5478,-7),v(5502,-7),v(5514,-10),v(5526,-9),v(5538,-11),v(5550,-12),v(5622,-15),v(5646,-15),v(5682,-12),v(5982,-12),v(6774,-16),v(6894,-20),v(7350,-16),v(8046,-20),v(9648,0),v(9654,0),v(10590,-14)))
T(P(T(P(p(1458,27),p(1530,26),p(1530,28)),V(v(0,0),v(576,0)))),V(v(0,0),v(18,0),v(222,-6),v(2304,0),v(2322,0),v(2526,-6),v(9942,-2)))
T(P(T(P(p(36,26),p(60,26)),V(v(0,0),v(144,1)))),V(v(0,0),v(72,0),v(7188,-4),v(7260,-8),v(7476,-4),v(7548,-8),v(7620,-8),v(7764,-3),v(7836,-7),v(7908,-5),v(8052,-4),v(8412,-8),v(8412,-6),v(8628,-4),v(8988,-7),v(9060,-5),v(11148,-1),v(11652,-4),v(11724,-1)))
T(P(T(P(p(360,28),p(2664,28)),V(v(0,0),v(2304,0))),T(P(p(9972,28),p(9996,28),p(10008,28)),V(v(0,0)))),V(v(0,0),v(144,2),v(288,4),v(576,0),v(708,-1),v(720,2),v(852,1),v(864,4)))
T(P(p(984,18),p(984,27),p(1080,17),p(1128,29),p(1416,24)),V(v(0,0),v(1728,0),v(2304,0),v(4032,0),v(9072,0),v(9648,0),v(11424,2)))
T(P(T(P(p(360,15),p(432,14)),V(v(0,0),v(576,0)))),V(v(0,0),v(1320,11),v(2304,0),v(3624,11),v(4608,0),v(6048,15),v(9648,0),v(9672,7),v(9768,6),v(9816,9),v(9960,11),v(10392,9),v(10824,16),v(11064,10)))
T(P(T(P(p(576,16),p(648,19)),V(v(0,0),v(576,0))),T(P(p(696,23),p(720,35)),V(v(0,0)))),V(v(0,0),v(144,-4),v(2448,-4),v(4752,-4),v(9792,-4)))
T(P(T(P(p(312,25),p(336,25)),V(v(0,0),v(576,0)))),V(v(0,0),v(6024,-2),v(6048,-2),v(6048,3),v(6120,1),v(6192,-6),v(6192,3),v(7272,-1),v(7560,-2),v(8136,-2),v(8424,-1),v(10800,0),v(10800,5),v(10824,5),v(11088,-5),v(11304,-3),v(11592,-1)))
T(P(T(P(p(1512,29),p(1584,29)),V(v(0,0),v(504,0),v(576,0))),T(P(p(1632,34)),V(v(0,0)))),V(v(0,0),v(2304,0),v(6672,-11),v(9576,-14),v(9648,-14),v(9720,-14),v(9936,-14)))
T(P(p(7362,27),p(7368,27),p(7392,26),p(7404,25)),V(v(0,0),v(288,0),v(576,1),v(864,0),v(1152,0),v(1728,1),v(2232,2),v(2232,7)))
T(P(p(120,32),p(144,32),p(192,32)),V(v(0,0),v(1776,-11),v(4080,-11),v(6384,-11),v(6384,-6),v(7680,-7),v(8184,-14),v(8184,-12),v(8760,-13),v(8832,-7),v(9384,-18),v(10992,-10),v(12180,-2),v(12288,-10),v(12468,-2),v(12576,-8),v(12576,-6)))
T(P(T(P(p(1458,28),p(1476,28)),V(v(0,0),v(576,0)))),V(v(0,0),v(144,-1),v(144,0),v(2304,0),v(2448,-1),v(2448,0)))
T(P(T(P(p(7376,28),p(7384,27)),V(v(0,0),v(576,1))),T(P(p(7664,28),p(8248,27)),V(v(0,0)))),V(v(-168,-1),v(0,0),v(992,-2),v(1152,0)))
T(P(p(1584,14),p(1656,17),p(2160,14)),V(v(0,0),v(288,0),v(312,9),v(1296,2),v(2304,0),v(2592,0),v(3600,2),v(4752,8),v(8640,2),v(9864,13),v(9876,12)))
T(P(p(1416,20),p(1440,14),p(2016,14),p(2088,10)),V(v(0,0),v(264,3),v(2304,0),v(2568,3),v(8832,9)))
T(P(p(7236,26),p(8388,26),p(8412,28)),V(v(0,0),v(108,-5),v(132,-8),v(288,0),v(576,1),v(684,-4),v(864,0),v(4044,-1)))
T(P(p(900,27),p(924,25),p(3228,25)),V(v(0,0),v(420,3),v(1044,-1),v(1092,-2),v(1728,0),v(1872,2),v(2016,4),v(2724,3),v(9216,2)))
T(P(T(P(p(4932,27),p(5076,29)),V(v(0,0),v(144,2)))),V(v(-4548,-8),v(-3972,-5),v(-2244,-5),v(-1780,1),v(-1772,0),v(-1668,-5),v(0,0),v(60,-5),v(524,1),v(532,0),v(636,-5),v(5076,-2),v(5564,1),v(5572,0)))
T(P(p(1272,40),p(1296,35),p(1368,29)),V(v(0,0),v(2304,0),v(4608,0),v(6600,-10),v(7752,-10),v(9648,0),v(9696,-10),v(11112,-10)))
T(P(p(2136,33),p(2208,34),p(2280,30),p(4512,34)),V(v(0,0),v(96,-16),v(5136,-20),v(6864,-19)))
T(P(p(552,20),p(1272,19),p(1344,19),p(1344,23)),V(v(0,0),v(2304,0),v(4608,0),v(8328,4)))
T(P(p(1488,32),p(1560,33),p(2064,32)),V(v(0,0),v(2304,0),v(6360,-18),v(8928,-4),v(9816,-3)))
T(P(p(1776,13),p(3432,20),p(3528,19)),V(v(0,0),v(2304,0),v(6000,1),v(6240,9),v(7824,5)))
T(P(p(408,20),p(552,22),p(2472,18)),V(v(0,0),v(5232,8),v(5928,0),v(10272,8),v(10320,7)))
T(P(p(288,12),p(2592,12),p(9936,12)),V(v(0,0),v(408,28),v(540,17),v(576,3),v(1008,30),v(2880,3),v(3048,11),v(3072,11)))
T(P(p(1869,33),p(1941,32),p(1965,32)),V(v(0,0),v(2304,0),v(5283,-14),v(9675,-13)))
T(P(p(7152,23),p(7176,26),p(7728,24)),V(v(0,0),v(96,4),v(1248,4),v(1392,0),v(4416,-1)))
T(P(p(8448,29),p(9744,29),p(9792,27)),V(v(0,0),v(2940,0),v(3516,0),v(3528,0)))
T(P(p(4536,17),p(4560,23),p(4776,23)),V(v(0,0),v(3216,4),v(4368,4),v(5040,4)))
T(P(p(7560,13),p(7680,20),p(7728,21)),V(v(0,0),v(384,6),v(1152,0),v(1536,6)))
T(P(p(6336,25),p(6624,26),p(6912,25)),V(v(0,0),v(1212,3),v(1224,5),v(2304,-12),v(2376,5)))
T(P(p(-24,26),p(552,26)),V(v(0,0),v(1680,10),v(3984,10),v(4032,4),v(4128,-12),v(6576,-4),v(6588,1),v(7512,-13),v(7560,-8),v(8096,1),v(9408,-3),v(10020,-1),v(11130,4),v(11196,5),v(11274,4),v(11316,3),v(11340,1),v(11460,1),v(12336,-7),v(12696,4)))
T(P(p(7392,18),p(8544,18)),V(v(0,0),v(48,6),v(96,8),v(144,9),v(192,11),v(264,2),v(280,9),v(312,-8),v(624,7),v(648,4),v(744,-5),v(792,11),v(848,10),v(888,-4),v(960,-11),v(4152,11)))
T(P(p(768,28),p(3072,28)),V(v(0,0),v(648,-10),v(744,-18),v(960,-10),v(1125,5),v(1149,5),v(1152,-1),v(1200,3),v(1208,4),v(1216,3),v(1224,-15),v(1224,2),v(1245,1),v(1677,5),v(1896,-3),v(2304,0),v(2376,1)))
T(P(p(216,31),p(288,31)),V(v(0,0),v(6264,-11),v(6264,-8),v(6264,-6),v(7944,-13),v(9360,-24),v(10968,-11),v(11952,-16),v(12048,0),v(12168,-16),v(12240,-16)))
T(P(p(768,30),p(792,30)),V(v(0,0),v(3480,-4),v(5664,-7),v(6672,-9),v(9336,-3),v(12288,-9)))
T(P(p(10272,29),p(10284,29)),V(v(0,0),v(1332,-5),v(2196,-3),v(3060,-3)))
T(P(p(936,25),p(1080,27)),V(v(0,0),v(108,4),v(2400,3),v(4656,2)))
T(P(p(6024,26),p(6552,28)),V(v(0,0),v(1776,0),v(2912,2),v(2952,-7)))
T(P(p(408,18),p(5592,18)),V(v(0,0),v(96,-1),v(1512,5),v(6912,4)))
T(P(p(840,24),p(840,28)),V(v(0,0),v(5736,-5),v(10152,-5)))
T(P(p(7224,25),p(7260,28)),V(v(0,0),v(4320,-3),v(5568,-2)))
T(P(p(9536,33),p(9544,32)),V(v(0,0),v(72,2)))
T(P(p(744,23),p(816,19)),V(v(0,0),v(7752,-9)))
T(P(p(12252,30),p(12540,30)),V(v(0,0),v(60,3)))
T(P(p(8280,29),p(8352,26)),V(v(0,0),v(48,-6)))
T(P(p(6984,25),p(12744,24)),V(v(0,0),v(216,-12)))
T(P(p(600,26),p(792,37)),V(v(0,0),v(11832,-6)))
T(P(p(10416,25),p(10872,19)),V(v(0,0),v(1248,4)))
T(P(p(5928,30),p(6456,21)),V(v(0,0),v(5472,-1)))
T(P(p(0,33),p(48,33),p(72,32),p(264,31),p(408,24),p(624,27),p(828,36),p(852,27),p(864,26),p(1128,20),p(1704,30),p(1800,14),p(2256,23),p(4296,25),p(4440,33),p(4776,18),p(4896,12),p(5304,40),p(5436,29),p(5532,25),p(5904,42),p(6024,33),p(6624,33),p(6912,20),p(7416,26),p(7504,26),p(7992,11),p(8360,27),p(8520,20),p(8856,26),p(9168,22),p(9336,18),p(9432,7),p(9472,29),p(9672,18),p(9789,33),p(9972,27),p(9984,23),p(10260,31),p(11208,22),p(11424,23),p(11952,30),p(12396,29),p(12672,15),p(12816,27),p(13032,10),p(13032,26),p(13104,8)),V(v(0,0)))

numberOfNotes 2075
tatumsPerBar null
barOneStartsAt null
compressionRatio 3.2021604938271606
runningTime 217787
encodingLength 648
encodingLengthWithoutResidualPointSet 600
numberOfResidualPoints 48
percentageOfResidualPoints 2.3132530120481927
compressionRatioWithoutResidualPointSet 3.3783333333333334
title mazurka24-4.txt
numberOfTECs 56
inputFilePath D:\Source\Repos\omnisia\Points\RecurSIA-RRT-experiment\JKU-PDD\JKUPDD-noAudio-Aug2013\groundTruth\chopinOp24No4\polyphonic\lisp\mazurka24-4.txt
outputFilePath D:\Source\Repos\omnisia\Points\RecurSIA-RRT-experiment\JKU-PDD\JKUPDD-noAudio-Aug2013\matlab\pattDiscOut\ReCOSIARTECSegment-RRT\chop_mazurka24-4_ReCOSIARTECSegment-RRT.out
logFilePath null
outputFileExtension RecurSIA
isDiatonic true
withoutChannel10 false
encoderName com.chromamorph.points022.RecurSIAEncoding
forMirex true
mode Segment
topNPatterns 0
