T(P(T(P(p(84,25),p(85,24)),V(v(0,0),v(96,3),v(208,12),v(320,7),v(448,-4),v(576,-1)))),V(v(0,0),v(1,-1),v(3,-3),v(8,-2),v(10,-4),v(11,-5),v(17,-5),v(19,-7),v(25,-7),v(27,-9)))
T(P(T(P(T(P(p(84,25),p(85,24)),V(v(0,0),v(2,-2)))),V(v(0,0),v(1,-1),v(8,-2),v(9,-3),v(17,-5)))),V(v(0,0),v(96,3),v(208,12),v(320,7),v(448,-4),v(576,-1),v(724,3),v(727,0)))
T(P(T(P(p(101,20),p(102,19)),V(v(0,0),v(2,-2))),T(P(p(96,19),p(97,20)),V(v(0,0),v(1,1)))),V(v(0,0),v(8,-2),v(96,3),v(104,1),v(208,12),v(216,10),v(320,7),v(328,5),v(390,14),v(448,-4),v(456,-6),v(576,-1),v(584,-3),v(608,-2),v(616,-4),v(693,14)))
T(P(T(P(p(118,16),p(119,17)),V(v(0,0),v(8,0),v(9,1))),T(P(p(120,17)),V(v(0,0)))),V(v(0,0),v(96,3),v(208,12),v(224,2),v(240,6),v(256,10),v(320,7),v(448,-4),v(464,-1),v(480,2),v(496,5),v(512,8),v(528,11),v(576,-1),v(608,-2),v(720,10)))
T(P(T(P(p(141,20),p(142,19)),V(v(0,0),v(2,-2))),T(P(p(133,18),p(134,19)),V(v(0,0),v(2,2)))),V(v(0,0),v(16,-1),v(96,3),v(112,2),v(320,-7),v(336,13),v(608,5),v(624,-3),v(654,13)))
T(P(T(P(p(84,25),p(85,24),p(86,23)),V(v(0,0),v(2,-2)))),V(v(0,0),v(8,-2),v(96,3),v(104,1),v(184,3),v(192,8),v(200,2),v(208,12),v(216,10),v(320,7),v(328,5),v(405,11),v(408,8),v(413,5),v(416,2),v(424,3),v(432,-1),v(436,-3),v(440,-7),v(448,-4),v(456,-6),v(496,7),v(512,3),v(576,-1),v(577,-2),v(584,-3),v(693,4),v(695,2),v(708,11),v(711,8),v(716,7),v(719,4),v(724,3),v(727,0),v(732,1),v(735,-2),v(740,-1),v(743,-4)))
T(P(T(P(p(133,18),p(134,19)),V(v(0,0),v(2,2)))),V(v(0,0),v(16,-1),v(96,3),v(112,2),v(132,7),v(140,12),v(148,6),v(253,11),v(256,14),v(320,-7),v(336,13),v(352,14),v(353,15),v(372,7),v(380,3),v(532,1),v(569,-3),v(570,-2),v(608,5),v(624,-3),v(637,-3),v(640,0),v(652,11),v(656,15)))
T(P(p(16,23),p(24,26),p(56,22),p(64,23)),V(v(0,0),v(64,-5),v(64,4),v(160,-2),v(160,7),v(272,-5),v(384,11),v(512,-9),v(512,0),v(640,10),v(784,-7)))
T(P(T(P(p(16,23),p(32,20)),V(v(0,0),v(36,1))),T(P(p(8,25),p(24,26),p(56,22),p(60,25),p(64,23)),V(v(0,0)))),V(v(0,0),v(160,7),v(640,10),v(784,-7)))
T(P(p(52,24),p(64,23),p(68,21),p(76,24)),V(v(0,0),v(64,4),v(68,2),v(160,7),v(164,5),v(320,-7),v(384,11),v(388,9),v(464,0),v(672,9),v(676,7),v(724,-3)))
T(P(p(116,28),p(124,29),p(128,27),p(148,24),p(156,27)),V(v(0,0),v(4,-2),v(96,3),v(100,1),v(608,5),v(612,3),v(724,-13)))
T(P(p(274,31),p(405,31),p(421,27),p(422,26),p(423,25)),V(v(0,0),v(205,0),v(264,-10),v(406,-6),v(443,-15)))
T(P(p(76,24),p(80,18),p(84,25),p(88,21)),V(v(0,0),v(96,3),v(252,2),v(280,3),v(424,3),v(792,2)))
T(P(p(56,22),p(148,24),p(152,20)),V(v(0,0),v(40,2),v(48,-5),v(56,-7),v(204,-2),v(342,11),v(360,4),v(368,2),v(420,5),v(512,0),v(592,6),v(616,8),v(660,4)))
T(P(p(52,24),p(244,27),p(268,28)),V(v(0,0),v(68,2),v(312,4),v(316,0),v(372,0),v(386,-1),v(387,0),v(440,0),v(444,-4),v(546,-6),v(572,-1)))
T(P(p(80,18),p(208,18),p(224,14)),V(v(0,0),v(100,10),v(112,4),v(372,14),v(384,15),v(412,15),v(560,10),v(632,-3)))
T(P(p(272,19),p(324,19),p(372,17)),V(v(0,0),v(4,-2),v(8,1),v(164,0),v(376,16),v(384,12),v(388,5)))
T(P(p(152,20),p(228,28),p(236,31)),V(v(0,0),v(20,-3),v(180,0),v(272,-1),v(528,-4),v(644,-3)))
T(P(p(72,19),p(152,20),p(236,19)),V(v(0,0),v(152,-5),v(200,0),v(460,9),v(552,13)))
T(P(p(141,20),p(158,18),p(166,17)),V(v(0,0),v(319,15),v(446,12),v(696,5),v(697,6)))
T(P(p(72,19),p(204,17),p(208,13),p(216,18),p(224,14)),V(v(0,0),v(224,4),v(520,14)))
T(P(p(391,34),p(392,35),p(400,34)),V(v(0,0),v(252,-4),v(462,-12),v(463,-11),v(479,-23)))
T(P(p(588,34),p(614,30),p(615,31),p(616,27)),V(v(0,0),v(16,-4),v(264,-20)))
T(P(p(168,18),p(372,17),p(400,11)),V(v(0,0),v(200,8),v(276,18)))
T(P(T(P(p(212,15),p(252,18)),V(v(0,0),v(272,6),v(390,11))),T(P(p(264,30),p(394,30)),V(v(0,0),v(248,-1),v(394,-8))),T(P(p(252,18),p(500,18)),V(v(0,0),v(220,4),v(292,2))),T(P(p(260,29),p(512,29)),V(v(0,0),v(32,-9),v(52,-5))),T(P(p(268,20),p(300,26),p(312,24)),V(v(0,0),v(564,-2))),T(P(p(258,26),p(284,19),p(344,21)),V(v(0,0),v(136,4))),T(P(p(174,18),p(176,19)),V(v(0,0),v(616,1))),T(P(p(170,19),p(176,19)),V(v(0,0),v(226,10))),T(P(p(348,24),p(360,25)),V(v(0,0),v(120,0))),T(P(p(332,24),p(658,22)),V(v(0,0),v(198,1))),T(P(p(262,26),p(402,29)),V(v(0,0),v(290,3))),T(P(p(72,28),p(164,28),p(171,18),p(264,21),p(316,26),p(392,12),p(548,33),p(586,30),p(603,28),p(611,30),p(659,23),p(860,13),p(868,29),p(880,25)),V(v(0,0)))),V(v(0,0)))

numberOfNotes 731
tatumsPerBar null
barOneStartsAt null
compressionRatio 1.986413043478261
runningTime 7878
encodingLength 368
encodingLengthWithoutResidualPointSet 309
numberOfResidualPoints 59
percentageOfResidualPoints 8.071135430916552
compressionRatioWithoutResidualPointSet 2.174757281553398
title wtc2f20.txt
numberOfTECs 25
inputFilePath D:\Source\Repos\omnisia\Points\RecurSIA-RRT-experiment\JKU-PDD\JKUPDD-noAudio-Aug2013\groundTruth\bachBWV889Fg\polyphonic\lisp\wtc2f20.txt
outputFilePath D:\Source\Repos\omnisia\Points\RecurSIA-RRT-experiment\JKU-PDD\JKUPDD-noAudio-Aug2013\matlab\pattDiscOut\ReSIATECCompressSegment-RRT\bach_wtc2f20_ReSIATECCompressSegment-RRT.out
logFilePath null
outputFileExtension RecurSIA
isDiatonic true
withoutChannel10 false
encoderName com.chromamorph.points022.RecurSIAEncoding
forMirex true
mode Segment
topNPatterns 0
