T(P(p(864,26),p(864,31),p(888,19),p(888,25),p(900,27),p(900,28),p(912,19),p(912,25),p(912,26),p(912,31),p(924,25),p(924,28),p(936,15),p(936,25),p(936,28),p(954,24),p(954,29),p(960,19),p(960,22),p(960,24),p(960,29),p(984,24),p(984,29),p(1032,21),p(1056,21)),V(v(0,0),v(144,2),v(288,4),v(1872,2),v(2016,4),v(2304,0),v(2448,2),v(2592,4),v(4176,2),v(4320,4),v(4608,0),v(4752,2),v(4896,4),v(9216,2),v(9360,4),v(9648,0),v(9792,2),v(9936,4)))
T(P(p(888,19),p(900,27),p(900,28),p(912,19),p(912,26),p(912,31),p(924,25),p(924,28),p(936,15),p(936,25),p(936,28),p(954,24),p(954,29),p(960,19),p(960,22),p(960,24),p(960,29),p(984,24),p(984,29),p(1032,21),p(1056,21)),V(v(0,0),v(144,2),v(288,4),v(1728,0),v(1872,2),v(2016,4),v(2304,0),v(2448,2),v(2592,4),v(4032,0),v(4176,2),v(4320,4),v(4608,0),v(4752,2),v(4896,4),v(9072,0),v(9216,2),v(9360,4),v(9648,0),v(9792,2),v(9936,4)))
T(P(p(312,19),p(456,21),p(888,19),p(1032,21),p(2616,19),p(2760,21),p(3192,19),p(3336,21),p(4920,19),p(5064,21),p(5496,19),p(5640,21),p(9960,19),p(10104,21),p(10536,19),p(10680,21)),V(v(0,0),v(12,9),v(24,0),v(24,12),v(36,9),v(48,-4),v(48,9),v(66,10),v(72,0),v(72,5),v(72,10),v(96,-1),v(96,5),v(96,10),v(120,-5),v(120,14),v(144,8),v(156,11),v(168,8),v(168,14),v(180,11),v(192,-2),v(192,11),v(210,12),v(216,2),v(216,7),v(216,12),v(240,7),v(240,12),v(288,4),v(312,4)))
T(P(p(336,31),p(378,29),p(384,24),p(384,29),p(408,29),p(432,33),p(480,33),p(522,31),p(528,26),p(528,31),p(552,31),p(576,35),p(624,35),p(666,33),p(672,28),p(672,33),p(696,28),p(696,33),p(744,28),p(816,24)),V(v(0,0),v(576,-5),v(576,0),v(2304,-5),v(2304,0),v(2880,-5),v(2880,0),v(4608,-5),v(4608,0),v(5184,-5),v(5184,0),v(9648,-5),v(9648,0),v(10224,-5),v(10224,0)))
T(P(p(312,19),p(888,19),p(2616,19),p(3192,19),p(4920,19),p(5496,19),p(9960,19),p(10536,19)),V(v(0,0),v(12,9),v(24,0),v(24,12),v(36,9),v(48,-4),v(48,9),v(66,10),v(72,0),v(72,5),v(72,10),v(96,-1),v(96,5),v(96,10),v(120,-5),v(120,14),v(144,2),v(144,8),v(156,11),v(168,2),v(168,8),v(168,14),v(180,11),v(192,-2),v(192,11),v(210,12),v(216,2),v(216,7),v(216,12),v(240,1),v(240,7),v(240,12),v(264,-3),v(264,16),v(288,4),v(288,10),v(300,13),v(312,4),v(312,10),v(312,16),v(324,13),v(336,0),v(336,13),v(354,14),v(360,4),v(360,9),v(360,14),v(384,4),v(384,9),v(384,14),v(384,21),v(408,-7),v(426,15),v(426,22),v(432,4),v(432,6),v(432,9),v(432,15),v(432,22),v(456,6),v(456,9),v(480,-4),v(504,0),v(504,5),v(960,0),v(1032,4),v(1512,0),v(1536,0),v(1584,4)))
T(P(p(384,19),p(672,23),p(960,19),p(1248,23),p(2688,19),p(2976,23),p(3264,19),p(3552,23),p(7728,19)),V(v(0,0),v(0,5),v(1056,-5),v(1080,-1),v(1128,-9),v(1152,5),v(1224,4),v(2232,0),v(2244,8),v(2244,9),v(2256,0),v(2256,7),v(2256,12),v(2268,6),v(2268,9),v(2280,-4),v(2280,6),v(2280,9),v(2298,5),v(2298,10),v(2304,0),v(2304,3),v(2304,5),v(2304,10),v(2328,5),v(2328,10),v(2376,2),v(2400,2)))
T(P(p(912,26),p(954,29),p(960,22),p(960,24),p(984,24),p(984,27),p(1032,21),p(1044,30),p(1056,21),p(1104,24),p(1104,26),p(1176,23)),V(v(0,0),v(144,2),v(576,-3),v(1152,-3),v(1728,0),v(1872,2),v(2304,0),v(2448,2),v(2880,-3),v(3456,-3),v(4032,0),v(4176,2),v(4608,0),v(4752,2),v(9072,0),v(9216,2),v(9648,0),v(9792,2)))
T(P(p(600,23),p(624,23),p(1176,23),p(1200,23),p(2904,23),p(2928,23),p(3480,23),p(3504,23),p(8520,23),p(8544,23)),V(v(0,0),v(216,1),v(1152,6),v(1176,6),v(1197,11),v(1221,11),v(1272,4),v(1440,0),v(1512,1),v(1584,-2),v(1728,6),v(1752,6),v(1800,5),v(2016,-4),v(2028,5),v(2088,1),v(2088,6),v(2160,-2),v(2160,4),v(2172,7),v(2184,4),v(2232,3),v(2232,8),v(2304,0),v(2304,6),v(2316,9),v(2328,6),v(2376,0),v(2376,5),v(2376,10),v(2448,2),v(2448,5),v(3024,0),v(3528,-4)))
T(P(p(336,19),p(408,18),p(912,19),p(984,18),p(2640,19),p(2712,18),p(3216,19),p(3288,18),p(8328,18)),V(v(0,0),v(144,2),v(408,6),v(432,6),v(1056,5),v(1194,9),v(1200,0),v(1200,5),v(1368,11),v(1413,16),v(1437,16),v(1440,10),v(1461,15),v(1488,9),v(1536,8),v(1992,10),v(2016,10),v(2280,4),v(2304,0),v(2328,-4),v(2352,3),v(2376,10),v(2400,9),v(2424,8),v(2448,2),v(2448,8),v(2472,-2),v(2496,5),v(2520,12),v(2544,11),v(2568,10),v(2592,10),v(2640,7),v(2712,6)))
T(P(p(744,25),p(816,24),p(840,24),p(3048,25),p(3120,24),p(3144,24),p(8088,25),p(8160,24),p(8184,24)),V(v(0,0),v(576,0),v(648,-1),v(792,-1),v(1725,7),v(1749,7),v(1752,1),v(1944,-3),v(2016,2),v(2088,-1),v(2160,4),v(2232,1),v(2304,0),v(2388,4),v(2448,0),v(2520,-3),v(2520,-1),v(2520,4),v(2592,2),v(2664,-1),v(2664,6),v(2736,4),v(2808,1)))
T(P(p(288,12),p(432,33),p(456,21),p(456,27),p(480,21),p(480,27),p(504,17),p(528,21),p(528,26),p(552,26)),V(v(0,0),v(144,2),v(720,2),v(2304,0),v(2448,2),v(3024,2),v(4608,0),v(4752,2),v(5328,2),v(7416,-2),v(8568,-2),v(9648,0),v(9792,2),v(10368,2)))
T(P(p(312,25),p(336,25),p(384,24),p(408,24),p(888,25),p(912,25),p(960,24),p(984,24)),V(v(0,0),v(144,2),v(288,4),v(432,0),v(1224,-6),v(1224,-1),v(1437,10),v(1440,4),v(2448,2),v(2736,0),v(2808,-1),v(2952,-1),v(3528,-6),v(3528,-1),v(3741,10),v(4752,2),v(4896,4),v(7272,-1),v(7848,-1),v(9792,2),v(9936,4),v(10080,0),v(10944,0),v(11016,1),v(11088,-5),v(11232,-2),v(11520,0)))
T(P(p(7224,18),p(7512,18),p(7800,19),p(8088,18),p(8376,18),p(8664,18),p(8952,19),p(9240,18)),V(v(0,0),v(0,7),v(12,8),v(24,0),v(24,9),v(36,10),v(48,12),v(72,0),v(96,0),v(120,-4),v(120,3),v(138,9),v(144,0),v(144,5),v(144,9),v(152,10),v(160,9),v(168,8),v(180,7)))
T(P(p(2616,19),p(2640,31),p(2664,25),p(2688,19),p(3152,28),p(3160,27),p(3168,26),p(3180,27),p(3192,19),p(3216,31),p(3240,25),p(3264,19)),V(v(0,0),v(144,2),v(288,4),v(2304,0),v(2448,2),v(2592,4),v(4920,-1),v(5496,-1),v(7344,0),v(7488,2),v(7632,4)))
T(P(p(1440,14),p(2016,14),p(3744,14),p(4320,14),p(7344,14),p(7632,14),p(7920,15),p(8496,14),p(8784,14),p(9072,15)),V(v(0,0),v(18,13),v(24,4),v(24,9),v(48,4),v(48,9),v(72,-4),v(96,5),v(96,7),v(96,10),v(120,5),v(120,7)))
T(P(p(360,15),p(936,15),p(1584,14),p(2160,14),p(2664,15),p(3240,15),p(3888,14),p(4464,14)),V(v(0,0),v(18,14),v(24,4),v(24,9),v(48,9),v(96,12),v(144,15),v(168,6),v(168,11),v(240,14),v(264,14),v(312,13),v(456,9),v(480,9),v(816,14),v(1032,9),v(1104,8),v(1152,14),v(1242,12),v(1272,6),v(1296,2),v(1296,21),v(1344,15),v(1416,14),v(1464,9),v(1968,14),v(1992,14),v(2544,14),v(2568,14),v(8448,5)))
T(P(p(960,29),p(1344,23),p(1920,23),p(2688,29),p(3264,29),p(3648,23),p(4224,23),p(4992,29),p(5568,29),p(10032,29),p(10608,29)),V(v(0,0),v(120,-2),v(144,-5),v(192,1),v(240,6),v(264,0),v(312,-6),v(354,12),v(360,-6),v(432,-10)))
T(P(p(528,26),p(552,26),p(1104,26),p(1128,26),p(2760,27),p(2784,27),p(3336,27),p(3360,27)),V(v(0,0),v(144,2),v(288,-2),v(1080,-8),v(1080,-3),v(1293,8),v(1296,2),v(2304,0),v(2448,2),v(2592,-2),v(3384,-5),v(3960,-5),v(5400,-3),v(5616,-4),v(5904,-5),v(5976,-3),v(7272,-3),v(7560,-4),v(7632,-2),v(7704,-8),v(7704,-3),v(9720,-3)))
T(P(p(384,29),p(408,29),p(960,29),p(984,29),p(1104,26),p(1128,26)),V(v(0,0),v(144,-3),v(144,2),v(432,-5),v(1080,-8),v(1365,6),v(1392,0),v(1413,5),v(1437,5),v(1440,-1),v(2304,0),v(2448,-3),v(2448,2),v(2736,-5),v(3384,-8),v(3669,6),v(3696,0),v(3717,5),v(3741,5),v(3744,-1),v(4608,0),v(4752,-3),v(4752,2),v(5976,-10),v(5976,-3),v(6120,-8),v(6336,-7),v(7272,-6),v(7416,-6),v(7776,-5),v(8064,-6),v(9648,0),v(9792,-3),v(9792,2),v(10008,-4),v(10008,-1),v(10296,-6),v(10440,-6),v(10584,-6),v(10872,-6),v(11232,-7),v(11304,-4),v(11376,-4),v(11520,-5)))
T(P(p(744,25),p(768,25),p(960,22),p(1320,25),p(1344,25),p(1536,21),p(1560,21)),V(v(0,0),v(1005,10),v(1008,4),v(2304,0),v(3309,10),v(3312,4),v(5976,-3),v(6768,-3),v(7056,-2),v(7488,-2),v(9720,-1),v(10008,1),v(10368,5),v(10800,-2),v(11160,-1)))
T(P(p(360,15),p(936,15),p(1536,19),p(1560,19),p(2112,19),p(2136,19)),V(v(0,0),v(72,-1),v(162,16),v(336,8),v(1248,8),v(1392,10),v(1440,14),v(2304,0),v(2376,-1),v(2466,16),v(2640,8),v(3552,8),v(3696,10),v(3744,14),v(4608,10),v(4896,4),v(4968,-3),v(6048,5),v(8592,8),v(9864,1),v(10080,0),v(10728,0),v(10800,0),v(10944,0)))
T(P(p(36,26),p(60,26),p(108,26),p(132,26),p(180,27),p(204,27)),V(v(0,0),v(144,1),v(1212,-3),v(3516,-3),v(7188,-4),v(7260,-8),v(7548,-8),v(7764,-3),v(7836,-7),v(8412,-8),v(8412,-6),v(8700,-8),v(8916,-3),v(8988,-7),v(10860,-3),v(11076,-4),v(11148,-1),v(11652,-4),v(11724,-1),v(12228,-7),v(12228,-5),v(12516,-7),v(12516,-1),v(12948,-5)))
T(P(p(180,27),p(204,27),p(252,27),p(276,27),p(468,30),p(492,30)),V(v(0,0),v(1356,-6),v(1932,-6),v(2724,-4),v(3660,-6),v(4236,-6),v(5028,-4),v(6252,-8),v(6252,-1),v(6756,-8),v(6828,-8),v(7548,-8),v(7620,-8),v(8124,-9),v(8700,-8),v(8772,-8),v(10068,-4),v(10932,-7),v(10932,-5),v(11076,-7),v(11364,-5),v(11508,-5),v(11652,-7),v(11940,-8),v(12012,-8),v(12372,-6),v(12516,-7),v(12660,-8),v(12732,-8)))
T(P(p(900,27),p(936,25),p(984,29),p(1056,28),p(1128,26),p(1176,29),p(1200,23),p(1212,32),p(1224,19),p(1224,29),p(1248,26),p(1272,19),p(1272,23),p(1272,28),p(1344,19),p(1344,23),p(1344,25),p(1344,28),p(1368,29),p(3192,26)),V(v(0,0),v(2304,0),v(4608,0),v(5208,-3),v(5784,-3),v(9648,0)))
T(P(p(576,35),p(696,40),p(720,35),p(1152,35),p(1272,40),p(1296,35)),V(v(0,0),v(816,-11),v(864,-21),v(912,-17),v(3120,-11),v(3168,-21),v(3216,-17),v(5232,-12),v(5760,-19),v(5760,-12),v(5808,-19),v(5808,-14),v(5808,-12),v(5832,-19),v(5832,-12),v(5856,-12),v(6960,-17),v(7536,-17),v(10344,-16),v(10440,-20),v(10512,-20),v(10560,-10),v(10656,-20),v(10680,-10),v(10704,-15),v(10728,-20),v(10920,-16),v(11784,-16)))
T(P(p(1920,27),p(3240,25),p(3384,27),p(4224,27),p(5544,25),p(5688,27),p(9480,28),p(10584,25),p(10728,27)),V(v(0,0),v(48,-1),v(48,4),v(56,5),v(64,4),v(72,3),v(144,5),v(2280,-6)))
T(P(p(666,33),p(672,33),p(1464,21),p(1488,21),p(1536,19),p(1560,19),p(1800,14),p(1872,14),p(1896,18),p(2112,19)),V(v(0,0),v(576,0),v(2304,0),v(2880,0),v(4680,8),v(5256,8),v(9720,1),v(10296,1)))
T(P(p(6336,20),p(6912,20),p(6984,20),p(7056,20),p(7056,25),p(7128,22)),V(v(0,0),v(24,1),v(1176,-2),v(1200,-2),v(1248,-2),v(1272,-2),v(1320,-2),v(1344,-2),v(2328,-2),v(2400,-2),v(2466,7),v(2472,7),v(2496,6),v(2508,5),v(4200,5),v(4776,5),v(5136,-1),v(5160,-1)))
T(P(p(600,23),p(744,23),p(1176,23),p(1248,28),p(1320,23)),V(v(0,0),v(2304,0),v(4608,0),v(5184,0),v(5208,0),v(5532,0),v(5532,7),v(5544,-1),v(5544,6),v(5736,-3),v(5736,2),v(5760,-7),v(5760,-2),v(5760,0),v(5784,-7),v(5784,-2),v(5784,0),v(5808,-3),v(5832,-2),v(5832,0),v(7080,0),v(9648,0),v(10512,-3),v(10536,-3),v(10584,-3),v(10608,-3),v(10728,1),v(11496,-8)))
T(P(p(1976,32),p(1984,31),p(1992,30),p(2016,23),p(2040,18),p(2064,23),p(2112,19)),V(v(0,0),v(2304,0),v(5232,-5),v(5520,-5),v(5808,-4),v(6096,-5),v(6672,-5),v(6960,-4)))
T(P(p(5928,23),p(6360,16),p(6360,23),p(6504,16),p(6504,23)),V(v(0,0),v(0,5),v(24,0),v(24,5),v(264,10),v(288,11),v(324,8),v(336,9),v(348,7),v(360,6),v(552,0),v(576,0),v(576,3),v(576,5),v(600,0),v(600,3),v(600,5),v(624,0),v(648,3),v(3072,-9)))
T(P(p(1458,27),p(1530,26),p(2034,27),p(2034,28),p(2106,26),p(2178,28)),V(v(0,0),v(18,0),v(894,2),v(1446,2),v(2304,0),v(2322,0),v(3198,2),v(3750,2),v(8238,2),v(8790,2)))
T(P(p(1032,21),p(1488,23),p(1608,21),p(1896,21),p(2184,21),p(2640,23),p(3144,29)),V(v(0,0),v(48,-4),v(2304,0),v(2352,-4),v(6456,5),v(6464,6),v(6472,5),v(6480,4)))
T(P(p(0,33),p(48,33),p(120,32),p(264,31),p(288,31),p(336,31)),V(v(0,0),v(1632,-10),v(3936,-10),v(8472,-13),v(12288,-12),v(12312,-12),v(12432,-11),v(12576,-12),v(12600,-12),v(12864,-9),v(12888,-9)))
T(P(p(900,28),p(1476,28),p(1548,28),p(1620,28),p(2052,28),p(2124,28),p(2196,28),p(2796,30)),V(v(0,0),v(2304,0),v(4332,-5),v(4860,-12),v(9660,-3),v(10332,-13)))
T(P(p(1464,21),p(1488,21),p(3768,21),p(3792,21),p(9432,21),p(9600,18)),V(v(0,0),v(72,0),v(264,8),v(333,13),v(1860,8),v(1896,6),v(2016,6),v(2160,4)))
T(P(p(1704,30),p(1728,29),p(1848,28),p(1872,27),p(2280,30),p(2304,29)),V(v(0,0),v(69,5),v(2304,0),v(2373,5),v(4632,-8),v(9732,-3),v(9744,-3)))
T(P(p(72,32),p(120,32),p(144,32),p(192,32),p(216,31)),V(v(0,0),v(768,-13),v(3072,-13),v(5376,-13),v(6264,-9),v(6336,-9),v(6840,-9),v(6912,-9),v(10416,-13),v(12180,-2),v(12468,-2)))
T(P(p(984,18),p(1416,18),p(1824,19),p(2112,19),p(2712,18)),V(v(0,0),v(2304,0),v(5544,8),v(9576,1),v(10488,6),v(10512,6),v(10548,11),v(10560,11)))
T(P(p(624,35),p(1056,28),p(1200,35),p(2136,33)),V(v(0,0),v(1032,-18),v(2304,0),v(3336,-18),v(5304,-12),v(5328,-12),v(5856,-6),v(7464,-10),v(10548,-4),v(10560,-4),v(11136,-4)))
T(P(p(552,26),p(792,30),p(1080,30),p(1296,42),p(1848,19)),V(v(0,0),v(2304,0),v(4608,0),v(7728,-12),v(9648,0),v(11256,-11)))
T(P(p(924,25),p(1068,27),p(1458,28),p(2034,28)),V(v(0,0),v(30,4),v(174,6),v(2304,0),v(2334,4),v(2478,6),v(4782,6),v(9792,2)))
T(P(p(1848,24),p(2136,24),p(3288,24),p(4317,29)),V(v(0,0),v(5448,5),v(5520,3),v(5544,2),v(5568,2)))
T(P(p(828,29),p(3600,35),p(5352,34)),V(v(0,0),v(0,7),v(5424,-5),v(7116,-8),v(7272,-3)))
T(P(p(144,32),p(624,27),p(696,33),p(768,30)),V(v(0,0),v(12552,-3)))
T(P(p(3160,27),p(6420,22),p(6564,27)),V(v(0,0),v(3044,8)))
T(P(p(-24,26),p(408,20),p(552,22),p(600,26),p(792,37),p(840,28),p(852,27),p(864,15),p(1320,30),p(1416,20),p(1560,33),p(1893,33),p(1920,18),p(1992,13),p(1992,25),p(2013,29),p(2016,29),p(3720,20),p(3864,33),p(4197,33),p(4224,18),p(4296,13),p(4296,25),p(4320,29),p(5520,23),p(5904,35),p(6024,26),p(6024,33),p(6072,27),p(6072,34),p(6108,31),p(6120,25),p(6120,32),p(6204,28),p(6408,25),p(6408,30),p(6456,16),p(6576,19),p(6996,22),p(7032,16),p(7140,27),p(7176,26),p(7200,13),p(7488,13),p(7656,20),p(7680,20),p(7776,14),p(7776,27),p(7800,25),p(7824,25),p(7872,30),p(8064,13),p(8184,29),p(8280,29),p(8352,7),p(8424,14),p(8448,29),p(8568,26),p(8640,13),p(8832,20),p(8928,14),p(8928,27),p(8952,25),p(8976,25),p(9096,21),p(9120,21),p(9144,27),p(9216,13),p(9216,26),p(9288,13),p(9336,29),p(9450,29),p(9456,29),p(9472,29),p(9492,27),p(9504,7),p(9504,14),p(9528,14),p(9576,21),p(9594,34),p(9600,27),p(9636,32),p(9648,7),p(9648,14),p(9669,34),p(9672,23),p(9672,27),p(9693,34),p(9744,29),p(9888,25),p(10488,29),p(10512,15),p(10824,27),p(10848,27),p(10944,35),p(11106,30),p(11160,30),p(11304,29),p(11316,27),p(11388,29),p(11400,29),p(11520,30),p(11664,29),p(11682,30),p(11736,30),p(11868,29),p(11880,29),p(11892,27),p(12072,24),p(12144,21),p(12264,31),p(12312,19),p(12312,33),p(12408,29),p(12444,27),p(12480,26),p(12600,33),p(12696,24),p(12720,24),p(12732,27),p(12744,24),p(12744,26),p(12768,24),p(12768,26),p(12792,23),p(12792,25),p(12816,27),p(12828,26),p(12960,12),p(13032,10),p(13032,26),p(13128,24),p(13152,17),p(13152,24),p(13176,17),p(13200,17),p(13224,17),p(13308,27),p(13332,26),p(13344,26)),V(v(0,0)))

numberOfNotes 2075
tatumsPerBar null
barOneStartsAt null
compressionRatio 1.6122766122766123
runningTime 184450
encodingLength 1287
encodingLengthWithoutResidualPointSet 1147
numberOfResidualPoints 140
percentageOfResidualPoints 6.746987951807229
compressionRatioWithoutResidualPointSet 1.6870095902353968
title mazurka24-4.txt
numberOfTECs 47
inputFilePath D:\Source\Repos\omnisia\Points\RecurSIA-RRT-experiment\JKU-PDD\JKUPDD-noAudio-Aug2013\groundTruth\chopinOp24No4\polyphonic\lisp\mazurka24-4.txt
outputFilePath D:\Source\Repos\omnisia\Points\RecurSIA-RRT-experiment\JKU-PDD\JKUPDD-noAudio-Aug2013\matlab\pattDiscOut\SIATECCompressSegment-RRT\chop_mazurka24-4_SIATECCompressSegment-RRT.out
logFilePath null
outputFileExtension SIATECCompress
isDiatonic true
withoutChannel10 false
encoderName com.chromamorph.points022.SIATECCompressEncoding
forMirex true
mode Segment
topNPatterns 0
