T(P(T(P(T(P(p(101,20),p(102,19)),V(v(0,0),v(1,-1)))),V(v(0,0),v(1,-1))),T(P(p(96,19),p(97,20)),V(v(0,0),v(1,1)))),V(v(0,0),v(8,-2),v(96,3),v(104,1),v(208,12),v(216,10),v(320,7),v(328,5),v(390,14),v(448,-4),v(456,-6),v(576,-1),v(584,-3),v(608,-2),v(616,-4),v(693,14)))
T(P(T(P(T(P(T(P(p(84,25),p(85,24)),V(v(0,0),v(1,-1)))),V(v(0,0),v(1,-1)))),V(v(0,0),v(1,-1),v(8,-2),v(9,-3),v(17,-5)))),V(v(0,0),v(96,3),v(208,12),v(320,7),v(448,-4),v(576,-1),v(724,3),v(725,2),v(726,1),v(727,0)))
T(P(T(P(p(118,16),p(119,17)),V(v(0,0),v(8,0),v(9,1))),T(P(p(120,17)),V(v(0,0)))),V(v(0,0),v(96,3),v(208,12),v(224,2),v(240,6),v(256,10),v(320,7),v(448,-4),v(464,-1),v(480,2),v(496,5),v(512,8),v(528,11),v(576,-1),v(608,-2),v(720,10)))
T(P(T(P(T(P(p(141,20),p(142,19)),V(v(0,0),v(1,-1)))),V(v(0,0),v(1,-1))),T(P(T(P(p(133,18),p(134,19)),V(v(0,0),v(1,1)))),V(v(0,0),v(1,1)))),V(v(0,0),v(16,-1),v(96,3),v(112,2),v(320,-7),v(336,13),v(608,5),v(624,-3),v(654,13)))
T(P(T(P(T(P(p(293,36),p(294,35)),V(v(0,0),v(1,-1)))),V(v(0,0),v(1,-1))),T(P(p(408,37)),V(v(0,0)))),V(v(-96,-13),v(-88,-15),v(-24,-9),v(-17,-3),v(0,0),v(168,-23),v(208,-10),v(223,-12),v(288,-5),v(375,-14),v(384,-17)))
T(P(T(P(T(P(p(141,20),p(142,19)),V(v(0,0),v(1,-1)))),V(v(0,0),v(1,-1))),T(P(p(124,29),p(132,25),p(136,21)),V(v(0,0)))),V(v(0,0),v(16,-1),v(96,3),v(112,2),v(608,5),v(668,7),v(669,6),v(670,5),v(671,4)))
T(P(T(P(T(P(p(141,20),p(142,19)),V(v(0,0),v(1,-1)))),V(v(0,0),v(1,-1))),T(P(p(136,23)),V(v(0,0)))),V(v(-56,4),v(0,0),v(16,-1),v(40,7),v(96,3),v(112,2),v(128,7),v(143,7),v(144,6),v(264,11),v(352,12),v(356,10),v(357,9),v(358,8),v(359,7),v(360,6),v(380,1),v(381,0),v(382,-1),v(383,-2),v(384,-3),v(392,0),v(608,5),v(655,12)))
T(P(T(P(p(52,24),p(60,25),p(64,23)),V(v(0,0),v(4,-2))),T(P(p(8,25),p(16,23),p(24,26),p(32,20)),V(v(0,0)))),V(v(0,0),v(160,7),v(640,10),v(784,-7)))
T(P(T(P(p(126,16),p(127,17)),V(v(0,0),v(1,1))),T(P(p(32,20)),V(v(0,0)))),V(v(0,0),v(24,2),v(262,15),v(380,10),v(516,13),v(616,8),v(632,0),v(660,14)))
T(P(p(87,22),p(88,21),p(88,30),p(96,24)),V(v(0,0),v(56,-4),v(96,3),v(152,-1),v(320,7),v(440,-7),v(448,-4),v(784,-10)))
T(P(T(P(T(P(p(273,30),p(274,31)),V(v(0,0),v(1,1)))),V(v(0,0),v(1,1))),T(P(p(212,31)),V(v(0,0)))),V(v(-140,-12),v(0,0),v(180,-19),v(484,-15),v(498,-14)))
T(P(T(P(p(421,27),p(422,26)),V(v(0,0),v(1,-1))),T(P(p(274,31),p(405,31)),V(v(0,0)))),V(v(0,0),v(205,0),v(264,-10),v(406,-6),v(443,-15)))
T(P(p(76,24),p(80,18),p(84,25),p(88,21)),V(v(0,0),v(96,3),v(252,2),v(280,3),v(424,3),v(792,2)))
T(P(T(P(T(P(T(P(p(84,25),p(85,24)),V(v(0,0),v(1,-1)))),V(v(0,0),v(1,-1)))),V(v(0,0),v(1,-1))),T(P(p(170,19)),V(v(0,0)))),V(v(0,0),v(216,10),v(693,4),v(710,9)))
T(P(p(52,24),p(60,25),p(64,23),p(92,23)),V(v(0,0),v(64,4),v(68,2),v(160,7),v(164,5),v(672,9),v(676,7),v(788,-9)))
T(P(p(268,28),p(446,23),p(447,24)),V(v(0,0),v(8,-11),v(24,9),v(68,-1),v(128,-11),v(152,-5),v(168,7),v(209,5),v(416,-1)))
T(P(T(P(T(P(p(93,22),p(94,21)),V(v(0,0),v(1,-1)))),V(v(0,0),v(1,-1))),T(P(p(196,19),p(212,15),p(328,17)),V(v(0,0)))),V(v(0,0),v(312,9),v(396,14)))
T(P(p(264,30),p(309,32),p(416,26),p(417,27)),V(v(0,0),v(243,-3),v(367,-3),v(462,-16)))
T(P(T(P(p(752,31),p(756,29)),V(v(0,0),v(4,-2))),T(P(p(468,24),p(788,20)),V(v(0,0)))),V(v(-245,-4),v(0,0),v(92,-13)))
T(P(p(86,23),p(87,22),p(267,27)),V(v(0,0),v(25,-7),v(85,-5),v(524,8)))
T(P(p(144,17),p(183,25),p(281,24),p(282,25)),V(v(0,0),v(136,3),v(573,-1)))
T(P(T(P(T(P(p(157,19),p(158,18)),V(v(0,0),v(1,-1)))),V(v(0,0),v(1,-1))),T(P(p(176,19),p(184,24),p(200,20),p(214,19),p(215,20),p(268,20),p(288,23),p(324,19),p(324,24),p(348,24),p(358,22),p(384,16),p(428,21),p(432,17),p(436,19)),V(v(0,0)))),V(v(0,0),v(440,8)))
T(P(T(P(p(88,21),p(96,19)),V(v(0,0),v(112,-6))),T(P(p(80,18),p(88,21)),V(v(0,0),v(344,1))),T(P(p(76,24),p(136,21),p(160,16),p(240,20),p(252,18),p(264,21),p(332,24),p(484,21),p(560,11)),V(v(0,0)))),V(v(0,0),v(316,11)))
T(P(p(166,17),p(168,18),p(176,21),p(216,18),p(224,14),p(256,19),p(356,18),p(500,18),p(567,13)),V(v(0,0),v(232,16)))
T(P(p(288,18),p(306,33)),V(v(0,0),v(88,-3),v(92,0),v(487,2)))
T(P(p(444,36),p(485,32),p(486,33),p(510,26)),V(v(0,0),v(346,-15)))
T(P(p(343,19),p(344,21)),V(v(0,0),v(16,4),v(161,4),v(243,11),v(244,13),v(259,7),v(260,9)))
T(P(T(P(p(304,15),p(388,14)),V(v(0,0),v(176,10),v(188,9),v(208,14),v(308,14))),T(P(p(488,19),p(496,20)),V(v(0,0),v(76,5),v(80,3),v(368,4))),T(P(p(440,33),p(460,35)),V(v(0,0),v(32,-11),v(80,-11),v(196,-4))),T(P(p(258,26),p(260,29),p(296,23),p(300,26)),V(v(0,0),v(272,-1))),T(P(p(560,27),p(568,22),p(636,29),p(652,30)),V(v(0,0),v(228,-5))),T(P(p(260,29),p(262,26)),V(v(0,0),v(370,-3),v(528,-7))),T(P(p(308,28),p(316,26)),V(v(0,0),v(350,-6),v(404,-4))),T(P(p(262,26),p(272,19)),V(v(0,0),v(358,7),v(498,-4))),T(P(p(236,19),p(260,20),p(336,18)),V(v(0,0),v(452,4))),T(P(p(72,28),p(265,25),p(266,26)),V(v(0,0),v(400,-6))),T(P(T(P(p(296,21),p(372,17)),V(v(0,0),v(396,11))),T(P(p(164,28),p(174,18),p(204,17),p(283,26),p(284,19),p(368,26),p(387,30),p(400,11),p(402,29),p(440,22),p(448,18),p(464,33),p(508,30),p(509,27),p(513,21),p(667,21),p(716,26),p(728,27),p(776,21),p(782,24),p(785,29),p(800,21),p(837,25),p(853,22),p(860,13),p(870,11)),V(v(0,0)))),V(v(0,0)))),V(v(0,0)))

numberOfNotes 731
tatumsPerBar null
barOneStartsAt null
compressionRatio 1.8366834170854272
runningTime 8028
encodingLength 398
encodingLengthWithoutResidualPointSet 312
numberOfResidualPoints 86
percentageOfResidualPoints 11.764705882352942
compressionRatioWithoutResidualPointSet 2.0673076923076925
title wtc2f20.txt
numberOfTECs 28
inputFilePath D:\Source\Repos\omnisia\Points\RecurSIA-RRT-experiment\JKU-PDD\JKUPDD-noAudio-Aug2013\groundTruth\bachBWV889Fg\polyphonic\lisp\wtc2f20.txt
outputFilePath D:\Source\Repos\omnisia\Points\RecurSIA-RRT-experiment\JKU-PDD\JKUPDD-noAudio-Aug2013\matlab\pattDiscOut\ReSIARTECCompressSegment\bach_wtc2f20_ReSIARTECCompressSegment.out
logFilePath null
outputFileExtension RecurSIA
isDiatonic true
withoutChannel10 false
encoderName com.chromamorph.points022.RecurSIAEncoding
forMirex true
mode Segment
topNPatterns 0
