T(P(p(480,28),p(481,27),p(482,28),p(483,26),p(484,27),p(485,28),p(486,29),p(487,28)),V(v(0,0),v(6,1),v(24,-14),v(30,-13),v(60,0),v(66,1),v(84,-14),v(90,-13),v(120,-3),v(126,-2),v(144,-3),v(150,-2),v(156,-1),v(162,0),v(162,2),v(168,1),v(168,3),v(174,2),v(174,4),v(174,7),v(210,0),v(216,1),v(234,-14),v(240,-13),v(258,-3),v(264,-2),v(282,-3),v(288,-2),v(294,-1),v(300,0),v(300,2),v(306,1),v(306,3),v(312,2),v(312,4),v(312,7),v(348,0),v(354,1),v(372,-14),v(378,-13)))
T(P(p(8,21),p(8,26),p(12,22),p(12,25),p(14,19),p(14,21),p(14,26)),V(v(0,0),v(24,2),v(52,2),v(64,2),v(84,0),v(108,2),v(136,2),v(148,2),v(184,3),v(196,3),v(202,3),v(208,3),v(280,7),v(292,0),v(340,3),v(352,3),v(358,3),v(364,3),v(436,7),v(448,0),v(876,0),v(900,2),v(928,2),v(940,2),v(976,3),v(988,3),v(994,3),v(1000,3),v(1072,7),v(1084,0)))
T(P(p(2,22),p(8,21),p(10,21),p(10,23),p(10,26),p(12,20),p(12,22),p(12,25),p(20,28),p(40,22),p(40,25),p(42,21)),V(v(0,0),v(24,2),v(84,0),v(108,2),v(264,0),v(420,0),v(876,0),v(900,2),v(1056,0)))
T(P(p(0,24),p(12,20),p(16,23),p(22,25),p(22,30),p(24,26),p(24,31),p(26,24),p(26,29),p(30,25),p(30,30),p(32,23),p(32,28),p(34,21),p(34,23),p(36,22),p(40,22),p(42,21),p(42,23),p(46,23),p(46,25),p(46,28),p(48,22),p(48,24),p(48,27),p(56,30),p(66,28),p(70,34),p(71,33),p(72,18),p(72,23),p(72,28),p(76,18),p(76,24),p(76,27),p(76,29),p(78,21),p(78,23),p(78,28)),V(v(0,0),v(84,0),v(228,-2),v(384,-2),v(876,0),v(1020,-2)))
T(P(p(-2,23),p(0,24),p(2,22),p(6,23),p(8,21),p(10,21),p(16,20),p(18,21)),V(v(0,0),v(24,2),v(84,0),v(108,2),v(252,0),v(264,14),v(276,12),v(408,0),v(420,14),v(432,12),v(876,0),v(900,2),v(1044,0),v(1056,14),v(1068,12)))
T(P(p(-2,23),p(0,24),p(10,19),p(10,26),p(14,19),p(14,26),p(34,23),p(36,24),p(40,22),p(42,23),p(44,30),p(46,32),p(54,32),p(56,30),p(64,29),p(66,21),p(72,18),p(72,23),p(72,28),p(76,18),p(76,24),p(76,27),p(76,29),p(78,21),p(78,23),p(78,28)),V(v(0,0),v(84,0),v(216,5),v(372,5),v(876,0),v(1008,5)))
T(P(p(-2,23),p(2,22),p(4,19),p(6,23),p(10,19),p(10,21),p(12,20),p(12,25),p(16,20),p(18,23)),V(v(0,0),v(24,2),v(84,0),v(108,2),v(276,3),v(432,3),v(876,0),v(900,2),v(1068,3)))
T(P(p(-2,23),p(-2,28),p(0,24),p(0,29),p(2,22),p(2,27),p(6,23),p(6,28),p(8,21),p(8,26),p(10,19),p(10,21),p(12,20),p(16,20),p(18,19),p(18,21),p(26,24),p(32,28),p(34,28),p(40,29),p(46,32),p(52,22),p(54,21),p(60,18),p(60,23)),V(v(0,0),v(84,0),v(252,0),v(408,0),v(876,0),v(1044,0)))
T(P(p(2,22),p(6,23),p(8,21),p(10,21),p(16,18),p(32,23),p(34,23),p(48,27),p(60,18),p(72,18)),V(v(0,0),v(0,5),v(84,0),v(84,5),v(246,1),v(402,1),v(876,0),v(876,5),v(1038,1)))
T(P(p(0,29),p(12,25),p(18,23),p(22,30),p(24,31),p(26,29),p(30,30),p(32,28),p(34,28),p(36,25),p(36,27),p(40,29),p(44,30),p(46,28),p(48,27),p(48,32),p(50,32),p(52,29),p(52,32),p(54,31),p(72,23),p(72,28),p(76,29),p(78,28)),V(v(0,0),v(84,0),v(228,-7),v(384,-7),v(876,0),v(1020,-7)))
T(P(p(480,28),p(482,28),p(540,28),p(542,28),p(690,28),p(692,28),p(828,28),p(830,28)),V(v(0,0),v(5,0),v(6,1),v(11,1),v(12,2),v(14,2),v(18,0),v(20,0),v(22,0),v(24,-14),v(29,-14),v(30,-13),v(35,-13),v(36,-12)))
T(P(p(0,29),p(2,27),p(10,21),p(12,23),p(14,23),p(16,23),p(18,29),p(28,21),p(38,21),p(38,23),p(42,25),p(46,25),p(48,22),p(48,24),p(50,28),p(52,22),p(60,28),p(66,21),p(78,23)),V(v(0,0),v(84,0),v(234,0),v(390,0),v(876,0),v(1026,0)))
T(P(p(198,22),p(210,24),p(222,22),p(233,23),p(239,26),p(240,25),p(241,26),p(242,27),p(243,26),p(252,29),p(256,27),p(256,32),p(294,26),p(318,12)),V(v(0,0),v(156,0),v(406,2),v(407,3),v(544,2),v(545,3),v(792,0)))
T(P(p(-2,23),p(6,28),p(8,26),p(10,19),p(10,26),p(14,19),p(14,26),p(16,20),p(16,27),p(28,21),p(38,21),p(46,25),p(48,24),p(50,21),p(50,23),p(54,21),p(76,24)),V(v(0,0),v(84,0),v(228,1),v(384,1),v(876,0),v(1020,1)))
T(P(p(6,28),p(10,21),p(14,19),p(14,26),p(34,21),p(36,22),p(36,27),p(38,25),p(40,20),p(52,20),p(52,22),p(54,21),p(58,33),p(60,23),p(64,27)),V(v(0,0),v(84,0),v(222,1),v(378,1),v(876,0),v(1014,1)))
T(P(p(483,26),p(485,28),p(491,29),p(543,26),p(545,28),p(551,29),p(693,26),p(695,28),p(831,26),p(833,28)),V(v(0,0),v(1,1),v(9,-8),v(21,2),v(24,-14),v(25,-13),v(30,-13),v(31,-12)))
T(P(p(0,24),p(2,22),p(6,23),p(8,21),p(16,18),p(16,20),p(18,19),p(34,21),p(50,21),p(58,17),p(64,18),p(78,23)),V(v(0,0),v(84,0),v(180,10),v(336,10),v(876,0),v(972,10)))
T(P(p(170,31),p(182,32),p(268,36),p(272,35),p(274,35),p(276,36),p(280,34),p(286,33),p(306,19)),V(v(0,0),v(6,-10),v(6,-1),v(156,0),v(162,-10),v(162,-1),v(792,0),v(798,-10),v(798,-1)))
T(P(p(-2,23),p(6,28),p(8,21),p(10,19),p(10,26),p(14,19),p(14,26)),V(v(0,0),v(24,2),v(84,0),v(108,2),v(229,0),v(385,0),v(876,0),v(900,2),v(1021,0)))
T(P(p(4,19),p(8,21),p(10,19),p(10,21),p(12,22),p(14,19),p(16,20),p(52,20)),V(v(0,0),v(84,0),v(653,11),v(654,10),v(791,11),v(792,10),v(876,0)))
T(P(p(166,32),p(168,31),p(174,32),p(180,34),p(182,32)),V(v(0,0),v(156,0),v(316,-4),v(376,-4),v(483,-4),v(483,-2),v(484,-3),v(526,-4),v(549,-19),v(621,-4),v(621,-2),v(622,-3),v(664,-4),v(687,-19),v(792,0)))
T(P(p(215,30),p(221,30),p(228,29),p(229,30),p(232,29),p(236,27),p(240,25),p(241,26),p(244,21),p(244,28),p(245,22)),V(v(0,0),v(1,-6),v(156,0),v(157,-6),v(792,0),v(793,-6)))
T(P(p(0,24),p(6,23),p(12,23),p(12,25),p(38,21)),V(v(0,0),v(84,0),v(170,-2),v(170,7),v(274,-1),v(326,-2),v(326,7),v(430,-1),v(876,0),v(962,-2),v(962,7),v(1066,-1)))
T(P(p(168,33),p(186,33),p(188,24),p(188,31),p(190,24),p(192,29),p(229,23),p(241,26)),V(v(0,0),v(47,-3),v(156,0),v(203,-3),v(792,0),v(839,-3)))
T(P(p(166,30),p(221,30),p(322,30),p(377,30),p(958,30),p(1013,30)),V(v(0,0),v(8,0),v(10,-7),v(10,0),v(12,-7),v(16,-9),v(37,3),v(67,-7),v(73,-4)))
T(P(p(58,22),p(182,23),p(184,25),p(190,26),p(192,26)),V(v(0,0),v(76,10),v(428,2),v(458,5),v(464,4),v(554,0),v(607,6),v(608,5),v(609,6),v(674,-10),v(868,10)))
T(P(p(34,23),p(36,25),p(94,23),p(96,25)),V(v(0,0),v(82,0),v(88,0),v(232,-3),v(238,-2),v(446,-4),v(448,-2),v(449,3),v(450,4),v(455,4),v(456,5),v(458,-5),v(459,6),v(464,-4),v(465,4),v(466,-2),v(470,5),v(473,-11),v(474,-10),v(478,8),v(479,-10),v(480,-9),v(485,-9),v(486,-8),v(576,2),v(605,4),v(606,5),v(714,2),v(743,4),v(744,5),v(796,-2),v(798,4),v(874,0),v(880,0)))
T(P(p(480,28),p(540,28),p(660,33),p(661,32),p(798,33),p(799,32)),V(v(0,0),v(1,-1),v(5,0),v(6,-4),v(7,0),v(46,-3),v(54,-19)))
T(P(p(28,14),p(36,22),p(42,21),p(42,23)),V(v(0,0),v(84,0),v(134,7),v(144,10),v(250,11),v(300,10),v(406,11),v(876,0),v(926,7),v(936,10),v(1042,11)))
T(P(p(523,14),p(524,15),p(527,12),p(528,13),p(534,9)),V(v(0,0),v(60,0),v(132,20),v(135,17),v(136,18),v(137,17),v(138,16),v(270,20),v(273,17),v(274,18),v(275,17),v(276,16)))
T(P(p(130,32),p(136,32),p(216,29),p(228,22),p(228,29)),V(v(0,0),v(84,-13),v(162,0),v(240,-13),v(792,0),v(876,-13)))
T(P(p(523,14),p(524,15),p(528,13),p(532,6),p(534,9),p(592,6),p(594,9)),V(v(0,0),v(136,21),v(274,21)))
T(P(p(42,31),p(126,31),p(142,22),p(170,20),p(172,22),p(184,23),p(188,29),p(192,19),p(196,19),p(202,34),p(204,19),p(208,30),p(220,31),p(227,30),p(234,22),p(237,28),p(326,29),p(332,28),p(334,25),p(340,23),p(340,25),p(344,29),p(346,26),p(348,19),p(348,26),p(352,19),p(358,34),p(360,19),p(364,30),p(376,31),p(383,30),p(393,28),p(422,20),p(478,23),p(488,20),p(490,19),p(496,23),p(497,29),p(503,26),p(508,33),p(510,27),p(518,33),p(520,32),p(524,31),p(525,13),p(526,16),p(526,30),p(529,27),p(530,25),p(531,23),p(532,22),p(532,26),p(533,24),p(534,23),p(536,16),p(538,23),p(548,20),p(550,19),p(556,23),p(557,29),p(563,26),p(568,33),p(570,27),p(576,27),p(578,33),p(580,32),p(582,26),p(584,31),p(585,13),p(586,16),p(586,30),p(589,27),p(590,25),p(591,23),p(592,22),p(592,26),p(593,24),p(594,23),p(596,16),p(598,23),p(600,16),p(600,23),p(606,22),p(614,27),p(615,25),p(618,21),p(619,26),p(621,30),p(622,33),p(623,35),p(624,30),p(624,37),p(630,29),p(630,36),p(636,29),p(636,36),p(651,32),p(652,33),p(653,34),p(669,28),p(671,28),p(671,31),p(672,30),p(678,24),p(678,26),p(678,29),p(684,23),p(684,25),p(684,29),p(690,19),p(692,21),p(694,23),p(696,24),p(698,20),p(700,19),p(706,23),p(708,19),p(709,27),p(710,21),p(711,29),p(712,23),p(713,26),p(718,33),p(720,31),p(722,27),p(724,26),p(726,25),p(730,14),p(732,26),p(734,19),p(738,16),p(738,23),p(744,22),p(750,22),p(752,27),p(753,25),p(756,21),p(756,28),p(757,26),p(758,28),p(759,30),p(760,33),p(761,35),p(762,30),p(762,37),p(768,29),p(768,36),p(774,29),p(774,36),p(789,32),p(790,33),p(791,34),p(804,27),p(807,28),p(809,28),p(809,31),p(810,30),p(816,24),p(816,26),p(816,29),p(822,23),p(822,25),p(822,29),p(828,19),p(834,24),p(836,20),p(838,19),p(844,23),p(846,19),p(847,27),p(848,21),p(849,29),p(850,23),p(851,26),p(856,33),p(858,31),p(860,27),p(862,26),p(864,25),p(868,14),p(870,12),p(870,26),p(872,19),p(918,31),p(934,22),p(962,20),p(964,22),p(976,23),p(980,29),p(982,26),p(984,19),p(984,26),p(988,19),p(994,34),p(996,19),p(1000,30),p(1012,31),p(1019,30),p(1026,22),p(1029,28),p(1058,20)),V(v(0,0)))

numberOfNotes 1538
tatumsPerBar null
barOneStartsAt null
compressionRatio 1.759725400457666
runningTime 48332
encodingLength 874
encodingLengthWithoutResidualPointSet 673
numberOfResidualPoints 201
percentageOfResidualPoints 13.068920676202861
compressionRatioWithoutResidualPointSet 1.986627043090639
title sonata01-3.txt
numberOfTECs 33
inputFilePath D:\Source\Repos\omnisia\Points\RecurSIA-RRT-experiment\JKU-PDD\JKUPDD-noAudio-Aug2013\groundTruth\beethovenOp2No1Mvt3\polyphonic\lisp\sonata01-3.txt
outputFilePath D:\Source\Repos\omnisia\Points\RecurSIA-RRT-experiment\JKU-PDD\JKUPDD-noAudio-Aug2013\matlab\pattDiscOut\SIARTECCompressSegment\beet_sonata01-3_SIARTECCompressSegment.out
logFilePath null
outputFileExtension SIATECCompress
isDiatonic true
withoutChannel10 false
encoderName com.chromamorph.points022.SIATECCompressEncoding
forMirex true
mode Segment
topNPatterns 0
