T(P(p(336,31),p(378,29),p(384,24),p(384,29),p(408,29),p(432,33),p(480,33),p(522,31),p(528,26),p(528,31),p(552,31),p(576,35),p(624,35),p(666,33),p(672,28),p(672,33),p(696,28),p(696,33),p(744,28),p(816,24)),V(v(0,0),v(576,-5),v(576,0),v(2304,-5),v(2304,0),v(2880,-5),v(2880,0),v(4608,-5),v(4608,0),v(5184,-5),v(5184,0),v(9648,-5),v(9648,0),v(10224,-5),v(10224,0)))
T(P(p(744,25),p(816,24),p(840,24),p(3048,25),p(3120,24),p(3144,24),p(8088,25),p(8160,24),p(8184,24)),V(v(0,0),v(576,0),v(648,-1),v(792,-1),v(1725,7),v(1749,7),v(1752,1),v(1944,-3),v(2016,2),v(2088,-1),v(2160,4),v(2232,1),v(2304,0),v(2388,4),v(2448,0),v(2520,-3),v(2520,-1),v(2520,4),v(2592,2),v(2664,-1),v(2664,6),v(2736,4),v(2808,1)))
T(P(p(312,19),p(336,19),p(408,18),p(888,19),p(912,19),p(2616,19),p(2640,19),p(2712,18),p(3192,19),p(3216,19),p(8304,18)),V(v(0,0),v(144,2),v(432,6),v(1224,0),v(1224,5),v(1437,16),v(1485,15),v(1512,9),v(1560,8),v(2016,10),v(2376,10),v(2448,8),v(2520,12),v(2592,10),v(2736,6)))
T(P(p(2421,34),p(2445,33),p(2469,32),p(2493,32),p(4725,34),p(4749,33),p(4773,32),p(4797,32),p(9765,34),p(9789,33),p(9813,32),p(9837,32)),V(v(0,0),v(219,-8),v(291,-5),v(363,-6),v(435,-3),v(507,-4),v(795,-8),v(867,-5),v(939,-6),v(1011,-3),v(1083,-4)))
T(P(p(744,25),p(768,25),p(1320,25),p(1392,24),p(3048,25),p(3072,25),p(3624,25),p(3696,24),p(8736,24)),V(v(0,0),v(72,-6),v(72,-1),v(216,-1),v(648,-1),v(792,-6),v(792,-1),v(1005,10),v(1032,4),v(1053,9),v(1080,3),v(1128,2),v(1200,1),v(1296,-2),v(1584,4),v(1608,4),v(1872,-2),v(1944,-1),v(1944,4),v(2016,2),v(2040,2),v(2088,6),v(2160,4),v(2184,4),v(2304,0)))
T(P(p(312,19),p(336,19),p(456,21),p(480,21),p(600,23),p(624,23),p(696,33),p(738,34),p(744,23),p(744,34)),V(v(0,0),v(576,0),v(2304,0),v(2880,0),v(2880,7),v(4608,0),v(5184,0),v(5184,7),v(9648,0),v(10224,0),v(10224,7)))
T(P(p(312,25),p(336,25),p(456,21),p(480,21),p(528,21),p(528,26),p(552,26)),V(v(0,0),v(144,2),v(576,0),v(720,2),v(2448,2),v(2880,0),v(3024,2),v(4752,2),v(5184,0),v(5328,2),v(5904,2),v(6480,2),v(7704,-3),v(7776,-3),v(9792,2),v(10224,0),v(10368,2),v(10728,-1),v(12672,-4)))
T(P(p(816,24),p(840,24),p(3120,24),p(3144,24),p(8160,24),p(8184,24)),V(v(0,0),v(360,-1),v(576,0),v(648,-6),v(648,-1),v(720,-5),v(720,-3),v(792,-1),v(1080,-6),v(1512,5),v(1536,5),v(1557,10),v(1581,10),v(1632,3),v(1653,8),v(1680,2),v(1701,7),v(1725,7),v(1728,1),v(1749,7),v(1752,1),v(1800,-5),v(1800,-1),v(1812,4),v(1872,0),v(1872,5),v(1944,-3),v(1944,3),v(1956,6),v(1968,3),v(2016,2),v(2016,7),v(2088,-1),v(2088,5),v(2100,8),v(2112,5),v(2160,-1),v(2160,4),v(2160,9),v(2232,1),v(2232,4),v(2256,6),v(2304,-5),v(2304,0),v(2352,2),v(2364,3),v(2376,-5),v(2376,1),v(2376,2),v(2388,4),v(2400,1),v(2448,0),v(2448,5),v(2496,4),v(2508,5),v(2520,-3),v(2520,-1),v(2520,3),v(2520,4),v(2532,6),v(2544,3),v(2592,2),v(2592,7),v(2640,6),v(2652,7),v(2664,-1),v(2664,3),v(2664,5),v(2664,6),v(2676,8),v(2688,5),v(2736,-1),v(2736,4),v(2736,9),v(2808,-1),v(2808,1),v(2808,4),v(3312,-5),v(3384,-1),v(3888,-5),v(4680,-5),v(4824,-3)))
T(P(p(384,29),p(408,29),p(960,29),p(984,29),p(1104,26),p(1128,26)),V(v(0,0),v(144,-3),v(144,2),v(432,-5),v(1080,-8),v(1365,6),v(1392,0),v(1413,5),v(1437,5),v(1440,-1),v(2304,0),v(2448,-3),v(2448,2),v(2736,-5),v(3384,-8),v(3669,6),v(3696,0),v(3717,5),v(3741,5),v(3744,-1),v(4608,0),v(4752,-3),v(4752,2),v(5976,-10),v(5976,-3),v(6120,-8),v(6336,-7),v(7272,-6),v(7416,-6),v(7776,-5),v(8064,-6),v(9648,0),v(9792,-3),v(9792,2),v(10008,-4),v(10008,-1),v(10296,-6),v(10440,-6),v(10584,-6),v(10872,-6),v(11232,-7),v(11304,-4),v(11376,-4),v(11520,-5)))
T(P(p(312,25),p(336,25),p(384,24),p(408,24),p(888,25),p(912,25),p(960,24)),V(v(0,0),v(144,2),v(288,4),v(432,0),v(864,4),v(1224,-6),v(1224,-1),v(1437,10),v(1440,4),v(1485,9),v(1512,-6),v(1512,-1),v(1512,3),v(1560,2),v(2016,4),v(2448,2),v(2592,4),v(2736,0),v(2808,-1),v(2952,-1),v(3168,4),v(3528,-6),v(3528,-1),v(3741,10),v(3744,4),v(3789,9),v(3816,-6),v(3816,-1),v(3816,3),v(3864,2),v(4320,4),v(4752,2),v(4896,4),v(5040,0),v(7272,-1),v(7848,-1),v(8424,-1),v(9792,2),v(9936,4),v(10080,0),v(10944,0),v(11016,1),v(11088,-5),v(11088,0),v(11160,-1),v(11232,-2),v(11520,0)))
T(P(p(408,18),p(456,27),p(480,21),p(504,17),p(528,21),p(624,23),p(912,19),p(960,19),p(1008,14),p(1032,27),p(1104,24)),V(v(0,0),v(144,2),v(2304,0),v(2448,2),v(4608,0),v(4752,2),v(9648,0),v(9792,2),v(12216,3)))
T(P(p(360,15),p(936,15),p(1536,19),p(1560,19),p(2112,19),p(2136,19)),V(v(0,0),v(72,-1),v(162,16),v(336,8),v(1248,8),v(1392,10),v(1440,14),v(2304,0),v(2376,-1),v(2466,16),v(2640,8),v(3552,8),v(3696,10),v(3744,14),v(4608,10),v(4896,4),v(4968,-3),v(6048,5),v(8592,8),v(9864,1),v(10080,0),v(10728,0),v(10800,0),v(10944,0)))
T(P(p(36,26),p(60,26),p(108,26),p(132,26),p(180,27),p(204,27)),V(v(0,0),v(144,1),v(1212,-3),v(3516,-3),v(7188,-4),v(7260,-8),v(7548,-8),v(7764,-3),v(7836,-7),v(8412,-8),v(8412,-6),v(8700,-8),v(8916,-3),v(8988,-7),v(10860,-3),v(11076,-4),v(11148,-1),v(11652,-4),v(11724,-1),v(12228,-7),v(12228,-5),v(12516,-7),v(12516,-1),v(12948,-5)))
T(P(p(180,27),p(204,27),p(252,27),p(276,27),p(468,30),p(492,30)),V(v(0,0),v(1356,-6),v(1932,-6),v(2724,-4),v(3660,-6),v(4236,-6),v(5028,-4),v(6252,-8),v(6252,-1),v(6756,-8),v(6828,-8),v(7548,-8),v(7620,-8),v(8124,-9),v(8700,-8),v(8772,-8),v(10068,-4),v(10932,-7),v(10932,-5),v(11076,-7),v(11364,-5),v(11508,-5),v(11652,-7),v(11940,-8),v(12012,-8),v(12372,-6),v(12516,-7),v(12660,-8),v(12732,-8)))
T(P(p(666,33),p(738,34),p(738,41),p(1098,31),p(1242,33),p(1314,34),p(1314,41)),V(v(0,0),v(6,0),v(1014,-12),v(2304,0),v(2310,0),v(3318,-12),v(4608,0),v(4614,0),v(5454,-8),v(6894,-20),v(8046,-20),v(9648,0),v(9654,0)))
T(P(p(432,14),p(600,23),p(624,23),p(1008,14),p(1176,23),p(1200,23)),V(v(0,0),v(144,2),v(360,1),v(1008,0),v(1098,12),v(1440,0),v(2304,0),v(2448,2),v(2664,1),v(3312,0),v(3402,12),v(3744,0),v(4608,0),v(4752,2),v(5928,5),v(7200,0),v(7776,0),v(9648,0),v(9792,2),v(10728,1),v(10872,1)))
T(P(p(744,23),p(744,25),p(816,24),p(1320,23),p(1320,25),p(1392,24)),V(v(0,0),v(786,3),v(804,3),v(936,-2),v(1968,4),v(2112,6),v(2304,0),v(3090,3),v(3108,3),v(3240,-2),v(4272,4),v(4416,6),v(4608,0),v(9312,4),v(9456,6),v(9648,0),v(10512,0),v(10536,0),v(10584,1),v(10608,1),v(11160,1)))
T(P(p(768,25),p(3072,25),p(3768,18),p(3768,23),p(4344,18),p(4344,23)),V(v(0,0),v(96,1),v(144,0),v(168,0),v(288,2),v(360,1),v(1368,8),v(1506,10),v(1512,5),v(2112,5),v(2160,5),v(2568,2),v(2592,-2),v(2592,3),v(2616,5),v(2688,5),v(2712,2),v(2736,-2),v(2736,5),v(2808,3),v(7632,2)))
T(P(p(1032,21),p(1608,21),p(1896,21),p(2184,21),p(2760,21),p(2976,23),p(2976,28)),V(v(0,0),v(24,0),v(72,0),v(2304,0),v(2328,0),v(2376,0),v(6618,6),v(6624,6),v(6648,5),v(6660,4)))
T(P(p(576,35),p(696,40),p(720,35),p(1152,35),p(1272,40),p(1296,35)),V(v(0,0),v(816,-11),v(864,-21),v(912,-17),v(3120,-11),v(3168,-21),v(3216,-17),v(5232,-12),v(5760,-19),v(5760,-12),v(5808,-19),v(5808,-14),v(5808,-12),v(5832,-19),v(5832,-12),v(5856,-12),v(6960,-17),v(7536,-17),v(10344,-16),v(10440,-20),v(10512,-20),v(10560,-15),v(10560,-10),v(10584,-20),v(10656,-20),v(10680,-10),v(10704,-15),v(10728,-20),v(10920,-16),v(11784,-16)))
T(P(p(360,28),p(480,33),p(504,30),p(552,26),p(552,31),p(600,26)),V(v(0,0),v(144,2),v(720,2),v(2448,2),v(3024,2),v(4752,2),v(5328,2),v(5976,-5),v(6552,-5),v(9792,2),v(10368,2),v(12288,-7),v(12576,-9)))
T(P(p(312,19),p(336,19),p(360,15),p(432,14),p(576,16),p(648,19),p(720,12),p(840,24)),V(v(0,0),v(576,0),v(2304,0),v(2880,0),v(4608,0),v(9648,0),v(10224,0),v(12432,5)))
T(P(p(6336,20),p(6912,20),p(6984,20),p(7056,20),p(7056,25),p(7128,22)),V(v(0,0),v(24,1),v(1176,-2),v(1200,-2),v(1248,-2),v(1272,-2),v(1320,-2),v(1344,-2),v(2328,-2),v(2400,-2),v(2466,7),v(2472,7),v(2496,6),v(2508,5),v(4200,5),v(4776,5),v(5136,-1),v(5160,-1)))
T(P(p(1458,27),p(1458,28),p(1512,29),p(2034,27),p(2034,28),p(2088,29)),V(v(0,0),v(1170,0),v(1314,2),v(1458,4),v(2304,0),v(3474,0),v(3618,2),v(3762,4),v(8514,0),v(8658,2),v(8802,4)))
T(P(p(1536,21),p(1608,21),p(1608,23),p(2184,18),p(2184,23),p(3264,24),p(3840,24)),V(v(0,0),v(24,0),v(4800,2),v(4824,-2),v(4848,-2),v(5472,0),v(5496,0),v(7842,6),v(7848,6)))
T(P(p(5928,23),p(6360,16),p(6360,23),p(6504,16),p(6504,23)),V(v(0,0),v(0,5),v(24,0),v(24,5),v(264,10),v(288,11),v(324,8),v(336,9),v(348,7),v(360,6),v(552,0),v(576,0),v(576,3),v(576,5),v(600,0),v(600,3),v(600,5),v(624,0),v(648,3),v(3072,-9)))
T(P(p(384,19),p(408,18),p(504,17),p(576,16),p(960,19),p(984,18)),V(v(0,0),v(1320,11),v(1389,16),v(2304,0),v(3624,11),v(3693,16),v(4608,0),v(7104,7),v(7680,7),v(8256,7),v(9648,0)))
T(P(p(1941,32),p(1965,32),p(2517,31),p(2541,31),p(2565,31),p(2589,31)),V(v(0,0),v(1515,-2),v(2304,0),v(9747,-12),v(9747,-10),v(10035,-12),v(10179,-11),v(10323,-7),v(10347,-7),v(10611,-7),v(10635,-7)))
T(P(p(72,32),p(144,32),p(192,32),p(216,31)),V(v(0,0),v(768,-13),v(864,-4),v(1008,-2),v(1200,-13),v(2592,-4),v(2736,-2),v(3072,-13),v(3168,-4),v(3312,-2),v(3504,-13),v(4896,-4),v(5040,-2),v(5376,-13),v(5472,-4),v(5616,-2),v(6264,-9),v(6336,-9),v(6840,-9),v(6912,-9),v(9936,-4),v(10080,-2),v(10416,-13),v(10512,-4),v(10656,-2),v(12180,-2),v(12468,-2)))
T(P(p(1704,30),p(1728,29),p(1848,28),p(1872,27),p(2280,30),p(2304,29)),V(v(0,0),v(69,5),v(2304,0),v(2373,5),v(4632,-8),v(9732,-3),v(9744,-3)))
T(P(p(636,32),p(900,27),p(1068,27),p(1068,30),p(1188,32),p(1212,32),p(1296,35)),V(v(0,0),v(828,-9),v(2304,0),v(3132,-9),v(4608,0),v(9648,0)))
T(P(p(828,29),p(828,36),p(1620,27),p(2196,27),p(2772,30),p(3348,30)),V(v(0,0),v(84,-10),v(132,-7),v(2388,-10),v(2436,-7),v(8748,-15)))
T(P(p(360,28),p(408,24),p(696,28),p(1128,29),p(1200,29),p(1212,29),p(1368,29)),V(v(0,0),v(2304,0),v(4608,0),v(9648,0),v(11172,1)))
T(P(p(744,25),p(1320,25),p(3152,28),p(3160,27),p(3168,26),p(3312,28)),V(v(0,0),v(2304,0),v(4632,0),v(5664,0),v(7336,1),v(7344,0),v(7488,2)))
T(P(p(2688,29),p(3152,28),p(3160,27),p(3216,31)),V(v(0,0),v(144,2),v(288,4),v(2304,0),v(2448,2),v(2592,4),v(4344,-1),v(6248,-1),v(7344,0),v(7488,2),v(7632,4)))
T(P(p(7208,27),p(7216,26),p(7496,27),p(7504,26),p(7784,28),p(7792,27),p(8080,26)),V(v(0,0),v(8,-1),v(168,1),v(176,0),v(1160,-1),v(1320,1),v(1328,0)))
T(P(p(324,28),p(624,23),p(768,30),p(900,28),p(912,26),p(924,25)),V(v(0,0),v(2304,0),v(4608,0),v(9648,0),v(10980,1)))
T(P(p(288,12),p(864,15),p(888,19),p(1632,18),p(1800,14),p(2376,14)),V(v(0,0),v(1848,9),v(2304,0),v(4152,9),v(9336,16)))
T(P(p(768,30),p(6144,22),p(6360,23),p(6720,22),p(6936,16),p(6936,23)),V(v(0,0),v(24,0),v(60,6),v(2568,-9),v(5112,3)))
T(P(p(360,15),p(360,28),p(504,17),p(1080,17),p(1512,10),p(1728,18)),V(v(0,0),v(576,0),v(2304,0),v(2880,0),v(10608,13)))
T(P(p(5100,27),p(6108,24),p(6108,31),p(6204,35)),V(v(0,0),v(576,0),v(1980,-6),v(3348,-4),v(3468,-17),v(3924,-2)))
T(P(p(912,25),p(6456,26),p(6480,25),p(6552,23)),V(v(0,0),v(24,3),v(816,4),v(1104,4),v(2544,5),v(3309,8)))
T(P(p(360,15),p(936,15),p(1728,18),p(1776,13),p(1944,17),p(1992,13),p(1992,25),p(2304,18),p(2352,13),p(2568,25),p(2616,19),p(3168,15),p(3312,14)),V(v(0,0),v(2304,0),v(8352,15)))
T(P(p(1984,31),p(1992,30),p(2064,32),p(3096,30)),V(v(0,0),v(1176,-4),v(2304,0),v(3480,-4),v(7408,-3),v(7416,-4)))
T(P(p(696,33),p(696,40),p(1488,32),p(1560,33),p(2064,32),p(2136,33),p(2784,33),p(2856,26),p(3000,33),p(3600,42),p(3936,34),p(4512,34)),V(v(0,0),v(2304,0),v(6648,-19)))
T(P(p(768,28),p(1344,23),p(1344,28),p(1602,28),p(1920,23),p(2178,28),p(3144,29)),V(v(0,0),v(2304,0),v(8682,1)))
T(P(p(7128,25),p(7208,27),p(7272,30)),V(v(0,0),v(576,1),v(1728,1),v(2336,5),v(2344,4)))
T(P(p(48,33),p(480,33),p(768,30),p(792,37),p(840,28),p(912,26)),V(v(0,0),v(12192,-18)))
T(P(p(-24,26),p(0,33),p(120,32),p(264,31),p(288,31),p(408,20),p(552,22),p(612,32),p(624,27),p(852,27),p(864,31),p(924,28),p(984,27),p(1044,29),p(1044,30),p(1128,20),p(1188,31),p(1296,42),p(1320,30),p(1416,20),p(1476,27),p(1476,28),p(1584,29),p(1620,28),p(1632,34),p(1656,36),p(1680,26),p(1968,31),p(1976,32),p(2013,29),p(2040,18),p(2052,27),p(2052,28),p(2160,29),p(2196,28),p(2208,34),p(2232,17),p(2232,36),p(2256,26),p(2652,25),p(2796,27),p(2940,29),p(3168,31),p(3720,20),p(3780,27),p(3780,28),p(3888,29),p(3924,28),p(3960,36),p(3984,26),p(4272,31),p(4280,32),p(4317,29),p(4320,29),p(4356,27),p(4356,28),p(4464,29),p(4500,28),p(4536,17),p(4536,36),p(4560,26),p(4896,12),p(4956,25),p(5244,29),p(5304,40),p(5400,15),p(5472,31),p(5520,23),p(5544,15),p(5688,17),p(5880,19),p(5952,19),p(5976,15),p(6024,26),p(6024,33),p(6072,27),p(6072,34),p(6120,32),p(6132,23),p(6132,30),p(6252,24),p(6264,25),p(6276,23),p(6288,22),p(6408,30),p(6420,22),p(6432,16),p(6456,16),p(6552,20),p(6552,25),p(6564,27),p(6576,19),p(6984,30),p(7032,26),p(7056,29),p(7128,20),p(7140,27),p(7176,26),p(7200,13),p(7236,26),p(7248,27),p(7260,28),p(7272,13),p(7362,27),p(7404,25),p(7416,10),p(7416,26),p(7440,21),p(7440,24),p(7464,21),p(7488,13),p(7512,22),p(7524,26),p(7536,22),p(7536,27),p(7548,28),p(7656,20),p(7680,20),p(7704,10),p(7728,21),p(7728,24),p(7752,21),p(7776,14),p(7776,27),p(7800,25),p(7812,27),p(7824,25),p(7824,28),p(7836,29),p(7848,14),p(7872,25),p(7872,30),p(7896,25),p(7920,15),p(7920,22),p(7938,28),p(7980,26),p(7992,27),p(8016,25),p(8064,13),p(8072,27),p(8100,26),p(8112,27),p(8124,28),p(8136,30),p(8240,28),p(8280,14),p(8280,29),p(8328,28),p(8352,7),p(8352,26),p(8360,27),p(8388,26),p(8412,28),p(8424,14),p(8424,30),p(8448,29),p(8496,14),p(8496,21),p(8568,26),p(8592,24),p(8640,13),p(8648,27),p(8676,26),p(8688,27),p(8700,28),p(8736,29),p(8808,20),p(8832,20),p(8856,10),p(8928,27),p(8952,25),p(8964,27),p(8976,25),p(8988,29),p(9048,25),p(9072,15),p(9072,22),p(9090,28),p(9096,21),p(9120,21),p(9132,26),p(9144,27),p(9168,25),p(9216,13),p(9252,26),p(9264,27),p(9276,28),p(9336,18),p(9336,29),p(9384,20),p(9432,21),p(9492,27),p(9504,21),p(9528,14),p(9536,33),p(9600,18),p(9600,23),p(9600,27),p(9648,7),p(9669,34),p(9672,23),p(9672,27),p(9693,34),p(9744,29),p(9936,12),p(9996,25),p(10140,27),p(10512,15),p(10512,31),p(10728,17),p(10776,20),p(10944,42),p(10992,19),p(11160,30),p(11172,31),p(11184,31),p(11250,30),p(11292,29),p(11316,27),p(11388,29),p(11400,29),p(11544,29),p(11736,30),p(11760,20),p(11760,31),p(11964,29),p(11976,29),p(12168,15),p(12264,31),p(12312,33),p(12384,15),p(12408,29),p(12444,27),p(12456,15),p(12456,27),p(12468,26),p(12528,15),p(12552,31),p(12588,30),p(12600,21),p(12600,33),p(12624,31),p(12696,29),p(12720,24),p(12732,27),p(12744,26),p(12792,25),p(12816,15),p(12816,27),p(12828,26),p(13032,26),p(13260,29),p(13308,27),p(13332,26),p(13344,26)),V(v(0,0)))

numberOfNotes 2075
tatumsPerBar null
barOneStartsAt null
compressionRatio 1.6325727773406766
runningTime 93596
encodingLength 1271
encodingLengthWithoutResidualPointSet 1015
numberOfResidualPoints 256
percentageOfResidualPoints 12.337349397590362
compressionRatioWithoutResidualPointSet 1.7921182266009852
title mazurka24-4.txt
numberOfTECs 49
inputFilePath D:\Source\Repos\omnisia\Points\RecurSIA-RRT-experiment\JKU-PDD\JKUPDD-noAudio-Aug2013\groundTruth\chopinOp24No4\polyphonic\lisp\mazurka24-4.txt
outputFilePath D:\Source\Repos\omnisia\Points\RecurSIA-RRT-experiment\JKU-PDD\JKUPDD-noAudio-Aug2013\matlab\pattDiscOut\SIARTECCompressSegment\chop_mazurka24-4_SIARTECCompressSegment.out
logFilePath null
outputFileExtension SIATECCompress
isDiatonic true
withoutChannel10 false
encoderName com.chromamorph.points022.SIATECCompressEncoding
forMirex true
mode Segment
topNPatterns 0
