T(P(T(P(T(P(p(653,34),p(654,35)),V(v(0,0),v(6,1)))),V(v(0,0),v(138,0)))),V(v(-52,-10),v(-50,-11),v(-48,-9),v(-46,-9),v(-44,-10),v(-42,-8),v(-28,-10),v(-26,-11),v(-24,-9),v(-16,-8),v(-14,-7),v(-12,-5),v(-10,-5),v(-2,-7),v(-2,-5),v(0,-3),v(0,0),v(2,-5),v(7,-3),v(11,-5),v(38,-7),v(40,-8),v(42,-6),v(44,-6),v(62,-21),v(64,-22),v(66,-20),v(68,-20)))
T(P(T(P(p(8,21),p(8,26)),V(v(0,0),v(6,0))),T(P(p(12,22),p(12,25),p(14,19)),V(v(0,0)))),V(v(0,0),v(24,2),v(52,2),v(64,2),v(84,0),v(108,2),v(136,2),v(148,2),v(184,3),v(196,3),v(202,3),v(208,3),v(280,7),v(292,0),v(340,3),v(352,3),v(358,3),v(364,3),v(436,7),v(448,0),v(876,0),v(900,2),v(928,2),v(940,2),v(976,3),v(988,3),v(994,3),v(1000,3),v(1072,7),v(1084,0)))
T(P(T(P(p(264,38),p(420,38),p(1056,38)),V(v(0,0),v(6,-1)))),V(v(-146,-15),v(-96,-7),v(-96,-5),v(-94,-16),v(-94,-9),v(-94,-7),v(-92,-14),v(-84,-6),v(-84,-4),v(-82,-15),v(-82,-8),v(-82,-6),v(-80,-13),v(-16,-15),v(-14,-15),v(-14,-10),v(-12,-14),v(-12,-9),v(-10,-11),v(-4,-17),v(-2,-17),v(-2,-1),v(0,-18),v(0,0),v(2,-16),v(2,-2),v(4,-16),v(6,-17),v(8,-15),v(10,-15),v(10,-12),v(10,-3),v(12,-13),v(12,-2),v(14,-4),v(16,-4),v(18,-14),v(22,-14),v(48,-18)))
T(P(T(P(T(P(p(226,24),p(226,31)),V(v(0,0),v(1,-1)))),V(v(0,0),v(156,0),v(792,0)))),V(v(0,0),v(1,-1),v(4,0),v(5,-1),v(7,-1),v(9,-3),v(11,-3),v(13,-5),v(16,-4)))
T(P(T(P(p(130,32),p(138,31)),V(v(0,0),v(10,-2))),T(P(p(94,26),p(106,25),p(106,30),p(108,26),p(118,21),p(118,28),p(132,32),p(136,32)),V(v(0,0)))),V(v(-90,-7),v(-84,0),v(-6,-7),v(0,0),v(786,-7),v(792,0)))
T(P(T(P(p(2,22),p(6,23)),V(v(0,0),v(0,5),v(14,5))),T(P(p(10,23),p(12,23)),V(v(0,0),v(2,0))),T(P(p(0,29),p(12,20),p(18,21),p(18,29),p(30,30)),V(v(0,0)))),V(v(0,0),v(24,2),v(84,0),v(108,2),v(876,0),v(900,2)))
T(P(T(P(p(487,28),p(489,27),p(491,29)),V(v(0,0),v(60,0)))),V(v(-6,-1),v(-5,0),v(0,0),v(1,1),v(3,-9),v(18,-15),v(19,-14),v(24,-14),v(25,-13),v(30,-13),v(31,-12)))
T(P(p(480,19),p(540,19),p(690,19),p(828,19)),V(v(0,0),v(0,9),v(2,2),v(4,4),v(6,5),v(8,1),v(15,12),v(16,4),v(16,11),v(17,10),v(18,0),v(18,9),v(19,8),v(20,2),v(20,9),v(21,10),v(22,4),v(22,9),v(23,7),v(24,-5),v(24,9),v(26,11),v(28,14),v(42,7)))
T(P(T(P(p(244,21),p(400,21),p(1036,21)),V(v(0,0),v(2,2)))),V(v(-74,-1),v(-68,2),v(-62,0),v(-56,3),v(0,0),v(14,12),v(32,1),v(36,3),v(38,5)))
T(P(T(P(p(639,25),p(640,26),p(641,27)),V(v(0,0),v(138,0)))),V(v(0,0),v(1,1),v(6,1),v(7,2),v(14,4),v(17,7),v(23,4),v(26,3),v(27,2),v(30,1),v(31,0)))
T(P(T(P(p(48,27),p(132,27),p(924,27)),V(v(0,0),v(2,1)))),V(v(-50,-4),v(-8,-7),v(0,0),v(2,-6),v(2,1),v(4,-7),v(10,-10)))
T(P(p(70,34),p(71,33),p(72,18),p(76,18),p(76,29)),V(v(0,0),v(84,0),v(228,-2),v(384,-2),v(876,0),v(1020,-2)))
T(P(p(192,19),p(229,23),p(241,19),p(245,15),p(312,9),p(312,16)),V(v(0,0),v(0,7),v(156,0),v(156,7),v(792,0),v(792,7)))
T(P(T(P(p(600,23),p(606,22)),V(v(0,0),v(138,0)))),V(v(0,0),v(12,-1),v(24,7),v(24,14),v(56,12),v(63,9),v(72,2),v(72,7),v(78,1),v(78,3)))
T(P(p(130,28),p(286,28),p(922,28)),V(v(0,0),v(36,2),v(36,4),v(66,-9),v(66,2),v(72,6),v(73,5),v(74,-9),v(78,-9),v(78,2),v(84,-9),v(84,3),v(85,2),v(90,-9),v(90,3),v(91,2),v(114,0),v(116,-12),v(126,4),v(132,-9),v(134,-10),v(148,-3),v(152,-6),v(156,-6),v(156,0),v(162,6),v(182,-10),v(188,-16)))
T(P(p(-2,28),p(82,28),p(874,28)),V(v(0,0),v(12,-9),v(12,-7),v(18,-8),v(20,-5),v(48,-5),v(50,-6),v(52,4),v(60,5),v(66,-10)))
T(P(p(524,15),p(525,13),p(526,16),p(528,13)),V(v(0,0),v(6,10),v(60,0),v(66,10)))
T(P(p(512,31),p(516,27),p(520,32),p(526,25)),V(v(0,0),v(60,0),v(143,3),v(281,3)))
T(P(p(700,19),p(702,18),p(704,20)),V(v(0,0),v(24,7),v(138,0),v(162,7)))
T(P(T(P(p(664,34),p(665,33)),V(v(0,0),v(138,0)))),V(v(0,0),v(65,-19),v(67,-21)))
T(P(p(619,26),p(649,28),p(650,29)),V(v(0,0),v(2,4),v(138,0),v(140,4)))
T(P(p(598,23),p(736,23)),V(v(0,0),v(2,-7),v(2,2),v(22,5),v(24,10),v(25,12),v(26,2),v(38,6),v(38,13),v(63,12),v(70,4),v(70,9),v(86,6),v(122,8),v(124,4),v(132,7),v(136,-4)))
T(P(p(478,23),p(538,23)),V(v(0,0),v(15,6),v(16,7),v(32,4),v(36,10),v(40,10),v(45,-9),v(46,8),v(48,7),v(49,-11),v(51,4),v(54,-17),v(54,-1),v(55,1),v(56,-14),v(58,-7)))
T(P(p(34,23),p(40,22),p(46,28)),V(v(0,0)))

numberOfNotes 1538
tatumsPerBar null
barOneStartsAt null
compressionRatio 4.101333333333334
runningTime 81424
encodingLength 375
encodingLengthWithoutResidualPointSet 372
numberOfResidualPoints 3
percentageOfResidualPoints 0.19505851755526657
compressionRatioWithoutResidualPointSet 4.126344086021505
title sonata01-3.txt
numberOfTECs 24
inputFilePath D:\Source\Repos\omnisia\Points\RecurSIA-RRT-experiment\JKU-PDD\JKUPDD-noAudio-Aug2013\groundTruth\beethovenOp2No1Mvt3\polyphonic\lisp\sonata01-3.txt
outputFilePath D:\Source\Repos\omnisia\Points\RecurSIA-RRT-experiment\JKU-PDD\JKUPDD-noAudio-Aug2013\matlab\pattDiscOut\ReCOSIATECSegment-RRT\beet_sonata01-3_ReCOSIATECSegment-RRT.out
logFilePath null
outputFileExtension RecurSIA
isDiatonic true
withoutChannel10 false
encoderName com.chromamorph.points022.RecurSIAEncoding
forMirex true
mode Segment
topNPatterns 0
