T(P(p(84,25),p(85,24),p(180,28),p(181,27),p(292,37),p(293,36),p(404,32),p(405,31),p(532,21),p(533,20),p(660,24),p(661,23)),V(v(0,0),v(1,-1),v(3,-3),v(8,-2),v(10,-4),v(11,-5),v(17,-5),v(19,-7),v(25,-7),v(27,-9)))
T(P(p(118,16),p(119,17),p(120,17),p(126,16),p(127,17),p(128,18)),V(v(0,0),v(96,3),v(208,12),v(224,2),v(240,6),v(256,10),v(320,7),v(448,-4),v(464,-1),v(480,2),v(496,5),v(512,8),v(528,11),v(576,-1),v(608,-2),v(720,10)))
T(P(p(134,19),p(135,20),p(136,21),p(141,20),p(142,19),p(143,18),p(144,17)),V(v(0,0),v(16,-1),v(96,3),v(112,2),v(320,-7),v(336,13),v(351,13),v(379,2),v(608,5),v(624,-3),v(654,13)))
T(P(p(268,28),p(269,27),p(270,26),p(271,25),p(272,24)),V(v(0,0),v(8,5),v(16,-1),v(229,2),v(232,-1),v(240,0),v(248,-4),v(256,-10),v(312,4),v(328,0),v(509,1),v(511,-1),v(532,4),v(535,1),v(540,0),v(543,-3),v(548,-2),v(551,-5),v(556,-4),v(559,-7)))
T(P(p(52,24),p(56,22),p(60,25),p(64,23),p(68,21),p(72,19),p(76,24)),V(v(0,0),v(64,4),v(160,7),v(320,-7),v(384,11),v(672,9)))
T(P(p(97,20),p(98,21),p(105,18),p(106,19)),V(v(0,0),v(96,3),v(208,12),v(320,7),v(448,-4),v(561,2),v(576,-1),v(608,-2)))
T(P(p(196,19),p(200,15),p(204,17),p(208,13)),V(v(0,0),v(112,9),v(224,4),v(352,14),v(480,10),v(512,9),v(672,10)))
T(P(p(324,19),p(328,17),p(332,20),p(336,18)),V(v(0,0),v(16,4),v(32,8),v(240,5),v(368,15),v(512,-2)))
T(P(p(16,23),p(24,26),p(32,20)),V(v(0,0),v(64,4),v(160,7),v(272,-5),v(384,11),v(452,1),v(456,-1),v(468,-2),v(512,0),v(640,10),v(760,-2),v(784,-7)))
T(P(p(265,25),p(266,26),p(267,27)),V(v(0,0),v(8,5),v(16,-1),v(121,4),v(124,7),v(125,8),v(240,0),v(377,4),v(505,-10),v(508,-7),v(520,4),v(588,-3),v(597,-3)))
T(P(p(133,18),p(144,26),p(148,24),p(152,22),p(156,27),p(160,25)),V(v(0,0),v(96,3),v(608,5)))
T(P(p(170,19),p(171,18),p(172,17)),V(v(0,0),v(319,17),v(440,12),v(456,8),v(539,-1),v(540,-2),v(547,-3),v(548,-4),v(622,17),v(694,-7)))
T(P(p(588,34),p(614,30),p(615,31),p(616,27)),V(v(0,0),v(16,-4),v(264,-20)))
T(P(p(166,17),p(174,18)),V(v(0,0),v(2,1),v(106,2),v(118,2),v(162,9),v(330,3),v(626,3)))
T(P(p(216,18),p(224,14)),V(v(0,0),v(224,4),v(292,12),v(314,7),v(316,10),v(432,17),v(652,8)))
T(P(p(586,30),p(602,26)),V(v(0,0),v(1,2),v(6,3),v(34,3),v(38,2)))
T(P(p(260,20),p(260,29)),V(v(0,0),v(4,1),v(612,-9)))
T(P(p(394,30),p(396,29)),V(v(0,0),v(394,-10),v(394,-8)))
T(P(p(398,33),p(402,29)),V(v(0,0),v(294,-1),v(326,-2)))
T(P(p(296,23),p(300,26)),V(v(0,0),v(60,-5)))
T(P(p(488,35),p(791,35)),V(v(0,0),v(8,-6)))
T(P(p(464,33),p(512,29)),V(v(0,0),v(368,-15)))
T(P(p(72,28),p(172,27)),V(v(0,0),v(684,-4)))
T(P(p(236,19),p(436,19)),V(v(0,0),v(88,5)))
T(P(p(652,30),p(768,28)),V(v(0,0),v(112,-3)))
T(P(p(80,18),p(149,17)),V(v(0,0),v(96,3)))
T(P(p(8,25),p(164,28),p(168,32),p(212,15),p(252,18),p(258,26),p(262,26),p(268,20),p(276,17),p(332,24),p(400,11),p(453,11),p(469,31),p(568,29),p(665,19),p(708,31),p(757,15),p(760,22),p(796,17),p(837,25),p(856,11),p(860,13),p(870,11),p(871,12),p(880,28)),V(v(0,0)))

numberOfNotes 731
tatumsPerBar null
barOneStartsAt null
compressionRatio 2.8115384615384613
runningTime 12482
encodingLength 260
encodingLengthWithoutResidualPointSet 235
numberOfResidualPoints 25
percentageOfResidualPoints 3.4199726402188784
compressionRatioWithoutResidualPointSet 3.0042553191489363
title wtc2f20.txt
numberOfTECs 27
inputFilePath D:\Source\Repos\omnisia\Points\RecurSIA-RRT-experiment\JKU-PDD\JKUPDD-noAudio-Aug2013\groundTruth\bachBWV889Fg\polyphonic\lisp\wtc2f20.txt
outputFilePath D:\Source\Repos\omnisia\Points\RecurSIA-RRT-experiment\JKU-PDD\JKUPDD-noAudio-Aug2013\matlab\pattDiscOut\COSIATECBB-RRT\bach_wtc2f20_COSIATECBB-RRT.out
logFilePath null
outputFileExtension cos
isDiatonic true
withoutChannel10 false
encoderName com.chromamorph.points022.COSIATECEncoding
forMirex true
mode BB
topNPatterns 0
