T(P(p(601,24),p(602,25),p(607,25),p(608,26),p(739,24),p(740,25),p(745,25),p(746,26)),V(v(0,0),v(2,-1),v(4,1),v(6,1),v(8,0),v(10,2),v(24,0),v(26,-1),v(28,1),v(36,2),v(38,3),v(40,5),v(42,5),v(50,3),v(50,5),v(52,7),v(52,10),v(54,5),v(59,7),v(63,5),v(90,3),v(92,2),v(94,4),v(96,4),v(114,-11),v(116,-12),v(118,-10),v(120,-10)))
T(P(p(8,21),p(8,26),p(12,22),p(12,25),p(14,19),p(14,21),p(14,26)),V(v(0,0),v(24,2),v(52,2),v(64,2),v(84,0),v(108,2),v(136,2),v(148,2),v(184,3),v(196,3),v(202,3),v(208,3),v(280,7),v(292,0),v(340,3),v(352,3),v(358,3),v(364,3),v(436,7),v(448,0),v(876,0),v(900,2),v(928,2),v(940,2),v(976,3),v(988,3),v(994,3),v(1000,3),v(1072,7),v(1084,0)))
T(P(p(118,23),p(124,22),p(274,23),p(280,22),p(910,23),p(916,22)),V(v(0,0),v(50,8),v(50,10),v(52,-1),v(52,6),v(52,8),v(54,1),v(62,9),v(62,11),v(64,0),v(64,7),v(64,9),v(66,2),v(130,0),v(132,0),v(132,5),v(134,1),v(134,6),v(136,4),v(142,-2),v(144,-2),v(144,14),v(146,-3),v(146,15),v(148,-1),v(148,13),v(150,-1),v(152,-2),v(154,0),v(156,0),v(156,3),v(156,12),v(158,2),v(158,13),v(160,11),v(162,11),v(164,1),v(168,1),v(194,-3)))
T(P(p(226,24),p(226,31),p(227,23),p(227,30),p(382,24),p(382,31),p(383,23),p(383,30),p(1018,24),p(1018,31),p(1019,23),p(1019,30)),V(v(0,0),v(1,-1),v(4,0),v(5,-1),v(7,-1),v(9,-3),v(11,-3),v(13,-5),v(16,-4)))
T(P(p(4,19),p(16,18),p(16,23),p(18,19),p(28,14),p(28,21),p(40,25),p(42,25),p(46,25),p(48,24),p(50,23),p(58,22)),V(v(0,0),v(6,7),v(84,0),v(90,7),v(876,0),v(882,7)))
T(P(p(0,29),p(2,22),p(2,27),p(6,23),p(6,28),p(10,23),p(12,20),p(12,23),p(14,23),p(16,27),p(18,21),p(18,29),p(20,28),p(30,30)),V(v(0,0),v(24,2),v(84,0),v(108,2),v(876,0),v(900,2)))
T(P(p(481,27),p(483,26),p(485,28),p(541,27),p(543,26),p(545,28)),V(v(0,0),v(1,1),v(6,1),v(7,2),v(9,-8),v(24,-14),v(25,-13),v(30,-13),v(31,-12),v(36,-12),v(37,-11)))
T(P(p(480,19),p(540,19),p(690,19),p(828,19)),V(v(0,0),v(0,9),v(2,2),v(4,4),v(6,5),v(8,1),v(15,12),v(16,4),v(16,11),v(17,10),v(18,0),v(18,9),v(19,8),v(20,2),v(20,9),v(21,10),v(22,4),v(22,9),v(23,7),v(24,-5),v(24,9),v(26,11),v(28,14),v(42,7)))
T(P(p(170,20),p(172,22),p(326,20),p(328,22),p(962,20),p(964,22)),V(v(0,0),v(6,3),v(12,1),v(18,4),v(74,1),v(88,13),v(106,2),v(110,4),v(112,6)))
T(P(p(639,25),p(640,26),p(641,27),p(777,25),p(778,26),p(779,27)),V(v(0,0),v(1,1),v(6,1),v(7,2),v(14,4),v(17,7),v(23,4),v(26,3),v(27,2),v(30,1),v(31,0)))
T(P(p(-2,23),p(0,24),p(82,23),p(84,24),p(874,23),p(876,24)),V(v(0,0),v(42,-3),v(50,4),v(52,-2),v(52,5),v(54,-3),v(60,-6)))
T(P(p(70,34),p(71,33),p(72,18),p(76,18),p(76,29)),V(v(0,0),v(84,0),v(228,-2),v(384,-2),v(876,0),v(1020,-2)))
T(P(p(192,19),p(229,23),p(241,19),p(245,15),p(312,9),p(312,16)),V(v(0,0),v(0,7),v(156,0),v(156,7),v(792,0),v(792,7)))
T(P(p(600,23),p(606,22),p(738,23),p(744,22)),V(v(0,0),v(12,-1),v(24,7),v(24,14),v(56,12),v(63,9),v(72,2),v(72,7),v(78,1),v(78,3)))
T(P(p(130,28),p(286,28),p(922,28)),V(v(0,0),v(36,2),v(36,4),v(66,-9),v(66,2),v(72,6),v(73,5),v(74,-9),v(78,-9),v(78,2),v(84,-9),v(84,3),v(85,2),v(90,-9),v(90,3),v(91,2),v(114,0),v(116,-12),v(126,4),v(132,-9),v(134,-10),v(148,-3),v(152,-6),v(156,-6),v(156,0),v(162,6),v(182,-10),v(188,-16)))
T(P(p(-2,28),p(82,28),p(874,28)),V(v(0,0),v(12,-9),v(12,-7),v(18,-8),v(20,-5),v(48,-5),v(50,-6),v(52,4),v(60,5),v(66,-10)))
T(P(p(524,15),p(525,13),p(526,16),p(528,13)),V(v(0,0),v(6,10),v(60,0),v(66,10)))
T(P(p(512,31),p(516,27),p(520,32),p(526,25)),V(v(0,0),v(60,0),v(143,3),v(281,3)))
T(P(p(700,19),p(702,18),p(704,20)),V(v(0,0),v(24,7),v(138,0),v(162,7)))
T(P(p(664,34),p(665,33),p(802,34),p(803,33)),V(v(0,0),v(65,-19),v(67,-21)))
T(P(p(619,26),p(649,28),p(650,29)),V(v(0,0),v(2,4),v(138,0),v(140,4)))
T(P(p(598,23),p(736,23)),V(v(0,0),v(2,-7),v(2,2),v(22,5),v(24,10),v(25,12),v(26,2),v(38,6),v(38,13),v(63,12),v(70,4),v(70,9),v(86,6),v(122,8),v(124,4),v(132,7),v(136,-4)))
T(P(p(478,23),p(538,23)),V(v(0,0),v(15,6),v(16,7),v(32,4),v(36,10),v(40,10),v(45,-9),v(46,8),v(48,7),v(49,-11),v(51,4),v(54,-17),v(54,-1),v(55,1),v(56,-14),v(58,-7)))
T(P(p(34,23),p(40,22),p(46,28)),V(v(0,0)))

numberOfNotes 1538
tatumsPerBar null
barOneStartsAt null
compressionRatio 3.825870646766169
runningTime 80785
encodingLength 402
encodingLengthWithoutResidualPointSet 399
numberOfResidualPoints 3
percentageOfResidualPoints 0.19505851755526657
compressionRatioWithoutResidualPointSet 3.8471177944862154
title sonata01-3.txt
numberOfTECs 24
inputFilePath D:\Source\Repos\omnisia\Points\RecurSIA-RRT-experiment\JKU-PDD\JKUPDD-noAudio-Aug2013\groundTruth\beethovenOp2No1Mvt3\polyphonic\lisp\sonata01-3.txt
outputFilePath D:\Source\Repos\omnisia\Points\RecurSIA-RRT-experiment\JKU-PDD\JKUPDD-noAudio-Aug2013\matlab\pattDiscOut\COSIATECBB-RRT\beet_sonata01-3_COSIATECBB-RRT.out
logFilePath null
outputFileExtension cos
isDiatonic true
withoutChannel10 false
encoderName com.chromamorph.points022.COSIATECEncoding
forMirex true
mode BB
topNPatterns 0
