T(P(T(P(p(336,31),p(378,29),p(384,24),p(384,29),p(408,29)),V(v(0,0),v(144,2),v(288,4))),T(P(p(432,33),p(480,33)),V(v(0,0),v(144,2),v(264,-5))),T(P(p(816,24)),V(v(0,0)))),V(v(0,0),v(576,-5),v(576,0),v(2304,-5),v(2304,0),v(2880,-5),v(2880,0),v(4608,-5),v(4608,0),v(5184,-5),v(5184,0),v(9648,-5),v(9648,0),v(10224,-5),v(10224,0)))
T(P(T(P(p(2493,32),p(2565,31),p(2589,31)),V(v(0,0),v(2304,0),v(7344,0)))),V(v(-1749,-7),v(-1173,-7),v(-1101,-8),v(-957,-8),v(-24,0),v(0,0),v(3,-6),v(195,-10),v(267,-5),v(339,-8),v(411,-3),v(483,-6),v(555,-7),v(639,-3),v(699,-7),v(771,-10),v(771,-8),v(771,-3),v(843,-5),v(915,-8),v(915,-1),v(987,-3),v(1059,-6)))
T(P(T(P(T(P(p(312,19),p(336,19)),V(v(0,0),v(576,0))),T(P(p(408,18)),V(v(0,0)))),V(v(0,0),v(2304,0))),T(P(p(8304,18)),V(v(0,0)))),V(v(0,0),v(144,2),v(432,6),v(1224,0),v(1224,5),v(1437,16),v(1485,15),v(1512,9),v(1560,8),v(2016,10),v(2376,10),v(2448,8),v(2520,12),v(2592,10),v(2736,6)))
T(P(T(P(T(P(p(2421,34),p(2445,33)),V(v(0,0),v(24,-1))),T(P(p(2493,32)),V(v(0,0)))),V(v(0,0),v(2304,0),v(7344,0)))),V(v(0,0),v(219,-8),v(291,-5),v(363,-6),v(435,-3),v(507,-4),v(795,-8),v(867,-5),v(939,-6),v(1011,-3),v(1083,-4)))
T(P(T(P(T(P(p(1698,35),p(1722,35)),V(v(0,0),v(576,0)))),V(v(0,0),v(2304,0)))),V(v(-1386,-16),v(-1374,-7),v(-1314,-11),v(-1314,-6),v(-1242,-14),v(-1242,-8),v(-1230,-5),v(-1170,-9),v(-1170,-4),v(-1098,-12),v(-1098,-6),v(-1086,-3),v(-1026,-12),v(-1026,-7),v(-1026,-2),v(-954,-10),v(-954,-7),v(-882,-11),v(-498,-6),v(-378,-12),v(-234,-17),v(-234,-14),v(-234,-12),v(-162,-16),v(-162,-14),v(-162,-11),v(-90,-17),v(-90,-12),v(0,0),v(30,-6),v(51,0),v(99,-1),v(123,-1),v(126,-16),v(126,-11),v(174,-8),v(918,-16),v(918,-12),v(930,-7),v(990,-11),v(990,-6),v(1062,-14),v(1062,-8),v(1074,-5),v(1086,-8),v(1134,-9),v(1134,-4),v(1206,-12),v(1206,-6),v(1218,-3),v(1230,-6),v(1278,-12),v(1278,-2),v(1350,-10),v(1350,-7),v(2430,-16),v(2430,-7),v(4230,-12),v(6462,-11),v(6678,-12),v(8262,-16)))
T(P(T(P(p(312,19),p(336,19)),V(v(0,0),v(144,2),v(288,4))),T(P(p(696,33),p(738,34),p(744,23),p(744,34)),V(v(0,0)))),V(v(0,0),v(576,0),v(2304,0),v(2880,0),v(2880,7),v(4608,0),v(5184,0),v(5184,7),v(9648,0),v(10224,0),v(10224,7)))
T(P(T(P(p(312,25),p(336,25)),V(v(0,0),v(144,-4),v(216,1))),T(P(p(528,21)),V(v(0,0)))),V(v(0,0),v(144,2),v(576,0),v(720,2),v(2448,2),v(2880,0),v(3024,2),v(4752,2),v(5184,0),v(5328,2),v(5904,2),v(6480,2),v(7704,-3),v(7776,-3),v(9792,2),v(10224,0),v(10368,2),v(10728,-1),v(12672,-4)))
T(P(T(P(p(1797,34),p(1821,34),p(1869,33)),V(v(0,0),v(576,0))),T(P(p(1893,33)),V(v(0,0)))),V(v(-1485,-9),v(-1341,-7),v(-1197,-5),v(-1053,-9),v(-621,-5),v(-261,-15),v(-261,-10),v(-48,1),v(0,0),v(27,-15),v(27,-10),v(27,-6),v(75,-7),v(531,-5),v(963,-7),v(1107,-5),v(1251,-9),v(1323,-10),v(1467,-10),v(1683,-5),v(2043,-15),v(2043,-10),v(2256,1),v(2304,0),v(2331,-15),v(2331,-10),v(2331,-6),v(2379,-7),v(3267,-7),v(3411,-5),v(3555,-9),v(5787,-10),v(6363,-10),v(6939,-10),v(8307,-7),v(8451,-5),v(8595,-9),v(9459,-9),v(9531,-8),v(9603,-14),v(9603,-9),v(9675,-10),v(9747,-11),v(10035,-9)))
T(P(T(P(p(1797,34),p(1821,34)),V(v(0,0),v(576,0),v(720,-3)))),V(v(-1413,-5),v(-1269,-8),v(-1269,-3),v(-981,-10),v(-333,-13),v(-48,1),v(-21,-5),v(0,0),v(24,0),v(27,-6),v(891,-5),v(1035,-8),v(1035,-3),v(1323,-10),v(1971,-13),v(2256,1),v(2283,-5),v(2304,0),v(2328,0),v(2331,-6),v(3195,-5),v(3339,-8),v(3339,-3),v(4563,-15),v(4563,-8),v(4707,-13),v(4923,-12),v(5859,-11),v(6003,-11),v(6363,-10),v(6651,-11),v(8235,-5),v(8379,-8),v(8379,-3),v(8595,-9),v(8595,-6),v(8883,-11),v(9027,-11),v(9171,-11),v(9459,-11),v(9819,-12),v(9891,-9),v(9963,-9),v(10107,-10)))
T(P(T(P(p(480,21),p(528,21)),V(v(0,0),v(432,-2))),T(P(p(408,18),p(456,27),p(504,17),p(624,23),p(1008,14),p(1032,27),p(1104,24)),V(v(0,0)))),V(v(0,0),v(144,2),v(2304,0),v(2448,2),v(4608,0),v(4752,2),v(9648,0),v(9792,2),v(12216,3)))
T(P(T(P(p(522,31),p(1098,31)),V(v(0,0),v(1176,4),v(1200,4)))),V(v(-162,-16),v(-90,-17),v(0,0),v(174,-8),v(1086,-8),v(1230,-6),v(1278,-2),v(2142,-16),v(2214,-17),v(2304,0),v(2478,-8),v(3390,-8),v(3534,-6),v(3582,-2),v(4446,-6),v(4734,-12),v(4806,-19),v(5886,-11),v(8430,-8),v(9702,-15),v(9918,-16),v(10566,-16),v(10638,-16),v(10782,-16)))
T(P(T(P(p(1749,35),p(1773,35)),V(v(0,0),v(648,-1),v(2880,0),v(3096,-4))),T(P(p(4053,35)),V(v(0,0)))),V(v(-1293,-8),v(-1005,-10),v(0,0),v(3,-6),v(1011,-8),v(3747,-12),v(5619,-12),v(6411,-11),v(6771,-12),v(7563,-11)))
T(P(T(P(p(180,27),p(204,27)),V(v(0,0),v(72,0),v(144,1)))),V(v(-144,-1),v(0,0),v(1068,-4),v(3372,-4),v(7044,-5),v(7116,-9),v(7404,-9),v(7620,-4),v(7692,-8),v(8268,-9),v(8268,-7),v(8556,-9),v(8772,-4),v(8844,-8),v(10716,-4),v(10932,-5),v(11004,-2),v(11508,-5),v(11580,-2),v(12084,-8),v(12084,-6),v(12372,-8),v(12372,-2),v(12804,-6)))
T(P(T(P(p(1749,35),p(1773,35)),V(v(0,0),v(27,-6))),T(P(p(1560,33),p(1776,29)),V(v(0,0),v(216,-4),v(1152,-6))),T(P(p(768,25),p(2736,33),p(2784,27),p(2856,29)),V(v(0,0)))),V(v(0,0),v(576,0),v(768,-4),v(2304,0),v(2880,0),v(3072,-4),v(8112,-4),v(8136,-4)))
T(P(T(P(p(180,27),p(204,27)),V(v(0,0),v(72,0),v(288,3)))),V(v(0,0),v(1356,-6),v(1932,-6),v(2724,-4),v(3660,-6),v(4236,-6),v(5028,-4),v(6252,-8),v(6252,-1),v(6756,-8),v(6828,-8),v(7548,-8),v(7620,-8),v(8124,-9),v(8700,-8),v(8772,-8),v(10068,-4),v(10932,-7),v(10932,-5),v(11076,-7),v(11364,-5),v(11508,-5),v(11652,-7),v(11940,-8),v(12012,-8),v(12372,-6),v(12516,-7),v(12660,-8),v(12732,-8)))
T(P(T(P(p(7560,13),p(7632,14),p(7632,21)),V(v(0,0),v(576,0))),T(P(p(7992,11)),V(v(0,0)))),V(v(-6894,20),v(-6888,20),v(-5880,8),v(-4590,20),v(-4584,20),v(-3576,8),v(-2286,20),v(-2280,20),v(-1440,12),v(0,0),v(1152,0),v(2754,20),v(2760,20)))
T(P(T(P(p(1530,26),p(1530,28),p(1602,27)),V(v(0,0),v(576,0)))),V(v(-786,-3),v(0,0),v(18,0),v(150,-5),v(1182,1),v(1326,3),v(1518,-3),v(2304,0),v(2322,0),v(2454,-5),v(3486,1),v(3630,3),v(3822,-3),v(8526,1),v(8670,3),v(8862,-3),v(9726,-3),v(9750,-3),v(9798,-2),v(9822,-2),v(10374,-2)))
T(P(T(P(p(5274,28),p(5274,33)),V(v(0,0),v(576,0))),T(P(p(2274,35),p(4578,35)),V(v(0,0)))),V(v(-1506,-10),v(-1410,-9),v(-1362,-10),v(-1338,-10),v(-1218,-8),v(-1146,-9),v(-138,-2),v(0,0),v(6,-5),v(606,-5),v(654,-5),v(1062,-8),v(1086,-12),v(1086,-7),v(1110,-5),v(1182,-5),v(1206,-8),v(1230,-12),v(1230,-5),v(1302,-7),v(6126,-8)))
T(P(T(P(p(576,35),p(696,40),p(720,35)),V(v(0,0),v(576,0)))),V(v(0,0),v(816,-11),v(864,-21),v(912,-17),v(3120,-11),v(3168,-21),v(3216,-17),v(5232,-12),v(5760,-19),v(5760,-12),v(5808,-19),v(5808,-14),v(5808,-12),v(5832,-19),v(5832,-12),v(5856,-12),v(6960,-17),v(7536,-17),v(10344,-16),v(10440,-20),v(10512,-20),v(10560,-10),v(10656,-20),v(10680,-10),v(10704,-15),v(10728,-20),v(10920,-16),v(11784,-16)))
T(P(T(P(p(1056,21),p(1632,21)),V(v(0,0),v(1152,0))),T(P(p(1920,21),p(3000,23),p(3000,28)),V(v(0,0)))),V(v(-24,0),v(0,0),v(48,0),v(2280,0),v(2304,0),v(2352,0),v(6594,6),v(6600,6),v(6624,5),v(6636,4)))
T(P(p(360,28),p(480,33),p(504,30),p(552,26),p(552,31),p(600,26)),V(v(0,0),v(144,2),v(720,2),v(2448,2),v(3024,2),v(4752,2),v(5328,2),v(5976,-5),v(6552,-5),v(9792,2),v(10368,2),v(12288,-7),v(12576,-9)))
T(P(p(312,19),p(336,19),p(360,15),p(432,14),p(576,16),p(648,19),p(720,12),p(840,24)),V(v(0,0),v(576,0),v(2304,0),v(2880,0),v(4608,0),v(9648,0),v(10224,0),v(12432,5)))
T(P(T(P(p(6912,20),p(6984,20)),V(v(0,0),v(72,0))),T(P(p(6336,20),p(7056,25),p(7128,22)),V(v(0,0)))),V(v(0,0),v(24,1),v(1176,-2),v(1200,-2),v(1248,-2),v(1272,-2),v(1320,-2),v(1344,-2),v(2328,-2),v(2400,-2),v(2466,7),v(2472,7),v(2496,6),v(2508,5),v(4200,5),v(4776,5),v(5136,-1),v(5160,-1)))
T(P(T(P(p(1458,27),p(1458,28),p(1512,29)),V(v(0,0),v(576,0)))),V(v(0,0),v(1170,0),v(1314,2),v(1458,4),v(2304,0),v(3474,0),v(3618,2),v(3762,4),v(8514,0),v(8658,2),v(8802,4)))
T(P(T(P(p(1632,23),p(2208,23)),V(v(0,0),v(1656,1))),T(P(p(1560,21),p(1632,21),p(2208,18)),V(v(0,0)))),V(v(-24,0),v(0,0),v(4776,2),v(4800,-2),v(4824,-2),v(5448,0),v(5472,0),v(7818,6),v(7824,6)))
T(P(T(P(p(6708,23),p(6708,30)),V(v(0,0),v(144,0))),T(P(p(6276,30)),V(v(0,0)))),V(v(-348,-7),v(-348,-2),v(-324,-7),v(-324,-2),v(-84,3),v(-60,4),v(-24,1),v(-12,2),v(0,0),v(12,-1),v(204,-7),v(228,-7),v(228,-4),v(228,-2),v(252,-7),v(252,-4),v(252,-2),v(276,-7),v(300,-4),v(2724,-16)))
T(P(T(P(p(312,19),p(408,18)),V(v(0,0),v(96,-1))),T(P(T(P(p(336,19),p(648,19)),V(v(0,0),v(312,0))),T(P(p(384,19),p(792,15)),V(v(0,0)))),V(v(0,0)))),V(v(0,0),v(576,0),v(2304,0),v(2880,0),v(4608,0),v(9648,0),v(12384,7)))
T(P(T(P(p(1458,27),p(1458,28),p(1530,26)),V(v(0,0),v(576,0))),T(P(p(1602,28)),V(v(0,0)))),V(v(0,0),v(18,0),v(1470,2),v(2304,0),v(2322,0),v(3774,2),v(8814,2)))
T(P(T(P(p(1941,32),p(2373,34),p(2565,31)),V(v(0,0),v(2304,0))),T(P(p(9693,34),p(9717,34),p(9909,31)),V(v(0,0)))),V(v(0,0),v(24,0),v(483,-8),v(699,-9),v(723,-4),v(1131,-7)))
T(P(p(72,32),p(144,32),p(192,32),p(216,31)),V(v(0,0),v(768,-13),v(864,-4),v(1008,-2),v(1200,-13),v(2592,-4),v(2736,-2),v(3072,-13),v(3168,-4),v(3312,-2),v(3504,-13),v(4896,-4),v(5040,-2),v(5376,-13),v(5472,-4),v(5616,-2),v(6264,-9),v(6336,-9),v(6840,-9),v(6912,-9),v(9936,-4),v(10080,-2),v(10416,-13),v(10512,-4),v(10656,-2),v(12180,-2),v(12468,-2)))
T(P(T(P(p(1773,35),p(1797,34)),V(v(0,0),v(144,-2),v(576,0)))),V(v(-69,-5),v(0,0),v(2235,-5),v(2304,0),v(4563,-13),v(9663,-8),v(9675,-8)))
T(P(p(636,32),p(900,27),p(1068,27),p(1068,30),p(1188,32),p(1212,32),p(1296,35)),V(v(0,0),v(828,-9),v(2304,0),v(3132,-9),v(4608,0),v(9648,0)))
T(P(T(P(p(1620,27),p(2196,27)),V(v(0,0),v(1152,3))),T(P(p(828,29),p(828,36)),V(v(0,0)))),V(v(0,0),v(84,-10),v(132,-7),v(2388,-10),v(2436,-7),v(8748,-15)))
T(P(p(360,28),p(408,24),p(696,28),p(1128,29),p(1200,29),p(1212,29),p(1368,29)),V(v(0,0),v(2304,0),v(4608,0),v(9648,0),v(11172,1)))
T(P(T(P(p(7784,28),p(7792,27)),V(v(0,0),v(8,-1))),T(P(p(5376,25),p(5952,25),p(7944,28)),V(v(0,0)))),V(v(-4632,0),v(-2328,0),v(0,0),v(1032,0),v(2704,1),v(2712,0),v(2856,2)))
T(P(p(2688,29),p(3152,28),p(3160,27),p(3216,31)),V(v(0,0),v(144,2),v(288,4),v(2304,0),v(2448,2),v(2592,4),v(4344,-1),v(6248,-1),v(7344,0),v(7488,2),v(7632,4)))
T(P(T(P(p(7208,27),p(7496,27),p(7784,28)),V(v(0,0),v(8,-1))),T(P(p(8080,26)),V(v(0,0)))),V(v(0,0),v(8,-1),v(168,1),v(176,0),v(1160,-1),v(1320,1),v(1328,0)))
T(P(p(288,12),p(864,15),p(888,19),p(1632,18),p(1800,14),p(2376,14)),V(v(0,0),v(1848,9),v(2304,0),v(4152,9),v(9336,16)))
T(P(T(P(p(6204,28),p(6420,29)),V(v(0,0),v(576,0))),T(P(p(828,36),p(6996,22)),V(v(0,0)))),V(v(-60,-6),v(-36,-6),v(0,0),v(2508,-15),v(5052,-3)))
T(P(T(P(p(576,16),p(1152,16)),V(v(0,0),v(936,-6),v(1080,1),v(1128,1),v(1152,2),v(1296,-2))),T(P(p(840,19),p(864,15),p(936,15),p(936,28),p(2856,20)),V(v(0,0)))),V(v(0,0),v(2304,0),v(9456,13)))
T(P(p(5100,27),p(6108,24),p(6108,31),p(6204,35)),V(v(0,0),v(576,0),v(1980,-6),v(3348,-4),v(3468,-17),v(3924,-2)))
T(P(p(912,25),p(6456,26),p(6480,25),p(6552,23)),V(v(0,0),v(24,3),v(816,4),v(1104,4),v(2544,5),v(3309,8)))
T(P(p(1752,22),p(1752,29),p(5640,23),p(6360,23),p(6504,23),p(6936,23)),V(v(0,0),v(5028,6),v(5592,-8),v(5880,-8)))
T(P(p(1984,31),p(1992,30),p(2064,32),p(3096,30)),V(v(0,0),v(1176,-4),v(2304,0),v(3480,-4),v(7408,-3),v(7416,-4)))
T(P(p(204,27),p(480,27),p(1056,27),p(1068,27)),V(v(0,0),v(9084,3),v(10812,2),v(12204,2),v(12252,0)))
T(P(T(P(p(2772,29),p(2940,29)),V(v(0,0),v(576,0))),T(P(p(1296,42),p(2940,32),p(3000,40),p(3324,29),p(3468,31)),V(v(0,0)))),V(v(0,0),v(2304,0),v(9540,-10)))
T(P(p(7128,25),p(7208,27),p(7272,30)),V(v(0,0),v(576,1),v(1728,1),v(2336,5),v(2344,4)))
T(P(T(P(p(768,30),p(840,28)),V(v(0,0),v(72,-2))),T(P(p(48,33),p(480,33),p(792,37)),V(v(0,0)))),V(v(0,0),v(12192,-18)))
T(P(p(0,33),p(744,41),p(792,30),p(792,37)),V(v(0,0),v(8856,-23)))
T(P(T(P(T(P(p(1632,34),p(1656,36)),V(v(0,0),v(576,0)))),V(v(0,0),v(2304,0),v(5892,-8),v(7044,-8))),T(P(T(P(p(7524,26),p(7536,27)),V(v(0,0),v(576,0))),T(P(p(7248,27),p(7404,25)),V(v(0,0),v(576,1)))),V(v(0,0),v(12,1),v(1164,1))),T(P(p(1584,29),p(1632,34),p(1680,26)),V(v(0,0),v(576,0),v(2304,0),v(2880,0),v(6240,-4))),T(P(p(7656,20),p(7680,20),p(8832,20)),V(v(0,0),v(144,5),v(216,5),v(288,1))),T(P(p(864,31),p(1584,29),p(2160,29),p(2208,34)),V(v(0,0),v(2304,0),v(7056,-16))),T(P(p(924,25),p(1776,13),p(2160,29),p(2196,28)),V(v(0,0),v(2304,0),v(10392,2))),T(P(p(7416,26),p(7440,24),p(7536,27),p(8016,25)),V(v(0,0),v(912,2),v(1152,0))),T(P(p(1584,29),p(2160,29),p(3888,29),p(5952,19)),V(v(0,0),v(72,7),v(4824,1))),T(P(p(5472,15),p(5544,15)),V(v(0,0),v(408,4),v(1728,-2),v(1944,11),v(2304,-1),v(2328,10),v(2352,10),v(2952,-1),v(3504,10),v(3792,3),v(3960,6),v(4128,12),v(6792,16),v(7080,16),v(7656,9),v(7680,9))),T(P(p(264,31),p(288,31)),V(v(0,0),v(6168,-15),v(7176,-10),v(7248,-9),v(7392,-11),v(7464,-10),v(7536,-6),v(7608,-6),v(7680,-10),v(8544,-11),v(8688,-6),v(8832,-10),v(9456,-2),v(11856,-10),v(12648,-7),v(12864,-7),v(12912,-7),v(12936,-7))),T(P(p(4896,12),p(9936,12)),V(v(0,0),v(60,13),v(576,3),v(576,19),v(588,15),v(636,13),v(792,5),v(1008,30),v(1056,7),v(2880,15))),T(P(p(2796,27),p(4320,29)),V(v(0,0),v(3228,-1),v(3480,-4),v(4380,-1),v(4608,-2),v(4932,-3),v(5016,0),v(6192,2),v(7200,1),v(7344,0))),T(P(p(1944,17),p(1968,31),p(2160,29)),V(v(0,0),v(2304,0),v(5760,-7))),T(P(p(8100,26),p(8592,24),p(8676,26)),V(v(0,0),v(3072,5),v(3300,3))),T(P(p(1488,32),p(1632,34),p(3792,32)),V(v(0,0),v(1164,-7),v(8652,-5))),T(P(p(6120,32),p(6132,30),p(7536,27)),V(v(0,0),v(144,-7),v(5184,-3))),T(P(p(6024,26),p(6024,33)),V(v(0,0),v(48,1),v(108,-3),v(1896,-11),v(2472,-12),v(3048,-11))),T(P(p(7728,24),p(7872,25)),V(v(0,0),v(48,-10),v(552,5),v(4872,-5),v(4872,1))),T(P(p(-24,26),p(2652,25)),V(v(0,0),v(5472,3),v(6444,-4),v(9792,2),v(9816,1))),T(P(p(1320,30),p(3144,29),p(3168,31),p(3888,29)),V(v(0,0),v(5244,-3))),T(P(p(-24,26),p(1128,20)),V(v(0,0),v(7152,-6),v(7224,-13),v(8472,3))),T(P(p(6252,24),p(6276,23),p(7236,26)),V(v(0,0),v(300,-4))),T(P(p(852,27),p(984,27)),V(v(0,0),v(5436,-5))),T(P(T(P(p(1416,20),p(1976,32),p(1992,13),p(2013,29),p(2178,28),p(2352,13)),V(v(0,0),v(2304,0))),T(P(p(6240,34),p(6816,34)),V(v(0,0),v(1248,-21),v(1832,-7),v(5010,-4))),T(P(p(408,20),p(552,22)),V(v(0,0),v(636,9))),T(P(p(9384,20),p(9528,14)),V(v(0,0),v(2928,1))),T(P(p(120,32),p(624,27),p(816,19),p(3180,27),p(5976,15),p(6552,25),p(7032,26),p(7056,29),p(7140,27),p(7362,27),p(7416,10),p(7938,28),p(8136,30),p(8240,28),p(8360,27),p(8736,29),p(8964,27),p(9090,28),p(9216,26),p(9492,27),p(9536,33),p(9669,34),p(10344,40),p(10812,31),p(11544,29),p(11760,20),p(12312,25),p(12600,21),p(12600,33),p(12696,29),p(12828,26),p(13332,26)),V(v(0,0)))),V(v(0,0)))),V(v(0,0)))

numberOfNotes 2075
tatumsPerBar null
barOneStartsAt null
compressionRatio 1.8643306379155435
runningTime 102885
encodingLength 1113
encodingLengthWithoutResidualPointSet 842
numberOfResidualPoints 271
percentageOfResidualPoints 13.060240963855422
compressionRatioWithoutResidualPointSet 2.142517814726841
title mazurka24-4.txt
numberOfTECs 50
inputFilePath D:\Source\Repos\omnisia\Points\RecurSIA-RRT-experiment\JKU-PDD\JKUPDD-noAudio-Aug2013\groundTruth\chopinOp24No4\polyphonic\lisp\mazurka24-4.txt
outputFilePath D:\Source\Repos\omnisia\Points\RecurSIA-RRT-experiment\JKU-PDD\JKUPDD-noAudio-Aug2013\matlab\pattDiscOut\ReSIARTECCompressBB-RRT\chop_mazurka24-4_ReSIARTECCompressBB-RRT.out
logFilePath null
outputFileExtension RecurSIA
isDiatonic true
withoutChannel10 false
encoderName com.chromamorph.points022.RecurSIAEncoding
forMirex true
mode BB
topNPatterns 0
