T(P(T(P(p(1152,30),p(1152,35),p(1176,29)),V(v(0,0),v(48,0))),T(P(p(1176,23),p(1188,31),p(1188,32),p(1200,23),p(1200,29),p(1212,29),p(1212,32),p(1224,19),p(1224,32),p(1242,28),p(1242,33),p(1248,23),p(1248,26),p(1248,28),p(1248,33),p(1272,28),p(1272,33),p(1320,25)),V(v(0,0)))),V(v(-288,-4),v(-144,-2),v(0,0),v(1584,-2),v(1728,0),v(2016,-4),v(2160,-2),v(2304,0),v(3888,-2),v(4032,0),v(4320,-4),v(4464,-2),v(4608,0),v(8928,-2),v(9072,0),v(9360,-4),v(9504,-2),v(9648,0)))
T(P(p(7224,18),p(7224,22),p(7224,25),p(7236,26),p(7248,18),p(7248,22),p(7248,27),p(7260,28),p(7272,13),p(7272,30),p(7296,18),p(7320,18),p(7344,14),p(7344,21),p(7362,27),p(7368,18),p(7368,23),p(7368,27),p(7376,28),p(7384,27),p(7392,26),p(7404,25)),V(v(0,0),v(288,0),v(576,1),v(864,0),v(1440,0),v(1728,1),v(2016,0)))
T(P(T(P(p(1008,14),p(2736,14),p(3312,14)),V(v(0,0),v(2304,0))),T(P(p(10080,14),p(10656,14)),V(v(0,0)))),V(v(0,0),v(120,6),v(120,15),v(144,2),v(264,9),v(264,26),v(288,-2),v(306,20),v(306,27),v(312,9),v(312,14),v(312,20),v(312,27),v(336,11),v(336,14),v(360,1),v(384,5),v(384,10)))
T(P(T(P(p(11112,20),p(11112,22),p(11112,25)),V(v(0,0),v(24,0))),T(P(p(11160,15)),V(v(0,0)))),V(v(-9576,-1),v(-9000,-1),v(-7272,-1),v(-6696,-1),v(-4752,1),v(-4680,1),v(-4608,1),v(-4176,1),v(-4104,1),v(-4032,1),v(0,0),v(72,0),v(576,0),v(648,0),v(1296,0)))
T(P(T(P(p(1608,18),p(1608,21),p(1608,23)),V(v(0,0),v(24,0))),T(P(p(1602,27),p(1602,28),p(1620,27),p(1620,28)),V(v(0,0)))),V(v(-144,0),v(0,0),v(432,0),v(576,0),v(2160,0),v(2304,0),v(2736,0),v(2880,0)))
T(P(p(1749,35),p(1752,20),p(1752,25),p(1752,29),p(1773,35),p(1776,29),p(1797,34)),V(v(0,0),v(72,-1),v(144,-2),v(576,0),v(648,-1),v(2304,0),v(2376,-1),v(2448,-2),v(2880,0),v(2952,-1)))
T(P(T(P(p(7392,23),p(7680,23),p(7968,24)),V(v(0,0),v(1152,0))),T(P(p(13008,23)),V(v(0,0)))),V(v(0,0),v(24,-13),v(24,3),v(48,-4),v(48,-2),v(48,1),v(72,-4),v(72,-2)))
T(P(p(324,28),p(336,19),p(336,31),p(348,28),p(360,15),p(360,28),p(378,29),p(384,19),p(384,24),p(384,29),p(408,18),p(408,24),p(408,29)),V(v(0,0),v(144,2),v(2304,0),v(4608,0),v(9648,0)))
T(P(p(8256,18),p(8256,23),p(8280,14),p(8304,18),p(8304,20),p(8328,18),p(8328,20)),V(v(0,0),v(144,0),v(216,0),v(3816,1),v(3960,1),v(4248,1),v(4440,6)))
T(P(p(1440,14),p(2016,14),p(3744,14),p(4320,14)),V(v(0,0),v(48,18),v(72,-4),v(72,15),v(90,12),v(90,14),v(108,12),v(108,14),v(120,19),v(144,15),v(192,20),v(216,3),v(216,22),v(240,7),v(240,9),v(240,12),v(258,21),v(264,3),v(264,16),v(282,21),v(288,4),v(288,15),v(312,8),v(336,-1),v(360,0),v(360,15),v(408,5),v(408,10),v(432,0),v(432,13),v(504,12),v(552,11)))
T(P(p(6336,20),p(6480,20),p(6912,20),p(7056,20)),V(v(0,0),v(0,2),v(0,3),v(0,5),v(24,-4),v(24,-1),v(24,8),v(48,-4),v(48,-1),v(48,8),v(72,0),v(72,3),v(72,5),v(96,-1)))
T(P(p(600,23),p(624,23),p(672,23),p(672,28),p(696,23)),V(v(0,0),v(7200,2),v(8352,2),v(10728,-3),v(11304,-3),v(12240,-4),v(12528,-6)))
T(P(p(6072,27),p(6072,34),p(6108,24),p(6108,31),p(6120,25),p(6120,32),p(6132,23),p(6132,30),p(6144,22),p(6144,29)),V(v(0,0),v(144,0),v(576,0),v(720,0)))
T(P(p(984,18),p(3288,18),p(5592,18),p(10632,18)),V(v(0,0),v(0,9),v(288,1),v(312,17),v(312,24),v(336,12),v(360,1),v(360,5),v(384,11)))
T(P(p(11256,23),p(11256,25),p(11280,23),p(11280,25),p(11304,29)),V(v(0,0),v(72,1),v(576,0),v(648,1),v(1056,-4),v(1344,-4)))
T(P(p(3152,28),p(3160,27),p(3180,27),p(3192,26)),V(v(0,0),v(144,2),v(288,4),v(2304,0),v(2448,2),v(2592,4),v(7344,0),v(7488,2),v(7632,4)))
T(P(p(2472,27),p(4776,27),p(9816,27)),V(v(0,0),v(21,5),v(24,-1),v(45,4),v(69,4),v(72,-2),v(93,4),v(117,4),v(120,-15),v(120,-2),v(144,-8),v(144,-4),v(156,0),v(168,-4),v(168,-1),v(180,-2),v(192,-2),v(210,-3),v(216,-5),v(240,0),v(600,3),v(624,3),v(660,2),v(672,-8),v(672,-3),v(672,2),v(696,-12),v(864,-4),v(888,-4),v(1008,0),v(1032,0)))
T(P(p(1968,31),p(1976,32),p(1984,31),p(1992,30)),V(v(0,0),v(2304,0),v(6384,-5),v(6552,-4),v(7488,-2),v(7560,1),v(7632,3)))
T(P(p(7488,13),p(7776,14),p(8640,13),p(8928,14)),V(v(0,0),v(0,13),v(8,14),v(16,13),v(168,7),v(192,5),v(192,7)))
T(P(p(11388,29),p(11400,29),p(11436,27),p(11448,27),p(11460,26)),V(v(0,0),v(576,0),v(1008,0),v(1872,0)))
T(P(p(792,15),p(816,19),p(816,24)),V(v(0,0),v(1152,2),v(3456,2),v(8640,-1),v(8712,-1),v(8784,-1),v(8856,-1),v(10656,0),v(10800,0),v(11232,0),v(11376,0)))
T(P(p(288,31),p(312,25),p(336,25)),V(v(0,0),v(144,2),v(288,4),v(7992,-2),v(11976,0),v(12264,0),v(12432,-5)))
T(P(p(744,28),p(768,28),p(768,30)),V(v(0,0),v(1152,-7),v(3456,-7),v(10656,-5),v(10800,-8),v(12240,-9),v(12384,-6),v(12408,-6)))
T(P(p(6456,28),p(6480,29),p(6552,28)),V(v(0,0),v(576,0),v(4704,2),v(5088,-6),v(5280,2)))
T(P(p(792,30),p(792,37),p(828,29),p(828,36)),V(v(0,0),v(5412,-2),v(5988,-2)))
T(P(p(2472,23),p(3192,23),p(3216,23)),V(v(0,0),v(2304,0),v(4680,0),v(10008,1)))
T(P(p(6168,29),p(6744,29)),V(v(0,0),v(24,-3),v(24,4),v(168,-13),v(240,1),v(252,-7),v(252,0),v(264,-13),v(264,-1),v(288,-13),v(288,-10),v(384,-7),v(396,-2),v(408,-8),v(408,-3),v(576,-7)))
T(P(p(11106,30),p(11682,30)),V(v(0,0),v(6,0),v(30,0),v(66,1),v(144,0),v(150,-10),v(174,-10),v(186,-1),v(198,-15),v(210,-3),v(222,-3),v(270,-15),v(366,-4),v(438,-7)))
T(P(p(12192,22),p(12480,22)),V(v(0,0),v(24,0),v(60,8),v(72,3),v(108,8),v(120,11),v(132,8),v(144,3),v(144,9),v(168,-3),v(168,-1),v(180,8),v(192,-7),v(192,8)))
T(P(p(1416,18),p(3720,18)),V(v(0,0),v(0,2),v(0,6),v(504,0),v(549,14),v(552,6),v(576,-5),v(597,11),v(600,5),v(600,11),v(1053,14),v(1056,0)))
T(P(p(7584,24),p(8736,24)),V(v(0,0),v(0,5),v(24,0),v(480,-11),v(480,2),v(576,0),v(600,0),v(600,5),v(768,-17),v(792,-4)))
T(P(p(9456,27),p(9480,26),p(9492,25)),V(v(0,0),v(72,0),v(144,2)))
T(P(p(840,19),p(840,24),p(852,27)),V(v(0,0),v(7536,-1)))
T(P(p(11520,30),p(11532,29),p(11544,29)),V(v(0,0),v(1296,-3)))
T(P(p(9522,27),p(9594,29)),V(v(0,0),v(0,5),v(42,3)))
T(P(p(672,33),p(696,28),p(696,33)),V(v(0,0),v(12192,-9)))
T(P(p(108,26),p(120,32),p(144,32)),V(v(0,0),v(492,0)))
T(P(p(288,12),p(432,14)),V(v(0,0),v(24,7),v(120,8),v(144,2)))
T(P(p(11064,19),p(11064,24),p(11088,15)),V(v(0,0),v(432,0)))
T(P(p(9528,14),p(9576,7),p(9576,21)),V(v(0,0),v(2088,8)))
T(P(p(9672,29),p(9693,34),p(9696,29),p(9717,34)),V(v(0,0),v(24,0),v(48,0)))
T(P(p(-24,26),p(0,33),p(36,26),p(48,33),p(60,26),p(72,32),p(132,26),p(180,27),p(192,32),p(204,27),p(216,31),p(252,27),p(264,31),p(276,27),p(624,27),p(624,35),p(648,19),p(648,32),p(666,33),p(696,40),p(720,12),p(720,35),p(738,34),p(738,41),p(744,23),p(744,25),p(744,34),p(744,41),p(768,25),p(840,28),p(864,15),p(6024,26),p(6024,33),p(6168,22),p(6576,23),p(6624,26),p(6624,33),p(7176,26),p(7200,13),p(7208,27),p(7216,26),p(7296,22),p(7296,29),p(7392,18),p(8072,27),p(8080,26),p(8328,28),p(8400,20),p(8400,27),p(8412,28),p(8424,30),p(8448,23),p(8448,29),p(8496,21),p(8514,27),p(8520,23),p(8556,25),p(9024,23),p(9048,23),p(9384,20),p(9432,7),p(9432,21),p(9450,27),p(9450,29),p(9456,20),p(9492,27),p(9504,21),p(9600,27),p(9648,7),p(9669,34),p(9672,27),p(9768,28),p(9789,33),p(9792,27),p(9813,32),p(9864,26),p(9912,25),p(11580,25),p(11592,25),p(11604,24),p(11640,19),p(12000,25),p(12144,23),p(12480,19),p(12480,26),p(12684,29),p(12696,20),p(12696,26),p(12720,24),p(12732,27),p(12792,20),p(12792,23),p(12792,25),p(12816,15),p(12840,24),p(12936,24),p(12960,12),p(12984,21),p(12984,23),p(13080,24),p(13104,8),p(13128,24),p(13176,17),p(13224,22),p(13248,30),p(13344,26)),V(v(0,0)))

numberOfNotes 2075
tatumsPerBar null
barOneStartsAt null
compressionRatio 3.32
runningTime 26058
encodingLength 625
encodingLengthWithoutResidualPointSet 519
numberOfResidualPoints 106
percentageOfResidualPoints 5.108433734939759
compressionRatioWithoutResidualPointSet 3.7938342967244703
title mazurka24-4.txt
numberOfTECs 42
inputFilePath D:\Source\Repos\omnisia\Points\RecurSIA-RRT-experiment\JKU-PDD\JKUPDD-noAudio-Aug2013\groundTruth\chopinOp24No4\polyphonic\lisp\mazurka24-4.txt
outputFilePath D:\Source\Repos\omnisia\Points\RecurSIA-RRT-experiment\JKU-PDD\JKUPDD-noAudio-Aug2013\matlab\pattDiscOut\ReCOSIACTTEC-2\chop_mazurka24-4_ReCOSIACTTEC-2.out
logFilePath null
outputFileExtension RecurSIA
isDiatonic true
withoutChannel10 false
encoderName com.chromamorph.points022.RecurSIAEncoding
forMirex true
mode Raw
topNPatterns 0
