
Occurrence sets sorted decreasing by cf x coverage:
    1. CF=1.87, COV=    28, UL=    56, PL=  28, TL=   2, Pat=P(p(6.0,23.0),p(10.0,24.0),p(14.0,25.0),p(19.0,26.0),p(22.5,27.0),p(23.5,26.0),p(26.0,25.0),p(30.0,28.0),p(34.0,24.0),p(39.0,27.0),p(43.0,28.0),p(45.0,27.0),p(47.0,26.0),p(49.0,25.0)), Trans=[T(F_2T,[48.0, 4.0])], SupMTPs=null
    2. CF=1.80, COV=    18, UL=    36, PL=  18, TL=   2, Pat=P(p(43.0,28.0),p(45.0,27.0),p(51.0,26.0),p(53.0,25.0),p(59.0,24.0),p(74.0,29.0),p(90.0,26.0),p(91.0,32.0),p(93.0,31.0)), Trans=[T(F_2T,[4.0, -2.0])], SupMTPs=null
    3. CF=1.71, COV=    18, UL=    36, PL=   6, TL=  15, Pat=P(p(43.0,28.0),p(45.0,27.0),p(47.0,26.0)), Trans=[T(F_2T,[2.0, -1.0]), T(F_2T,[8.0, -2.0]), T(F_2T,[10.0, -3.0]), T(F_2T,[16.0, -4.0]), T(F_2T,[48.0, 4.0]), T(F_2T,[50.0, 3.0]), T(F_2TR,[56.0, -55.0, -1.0])], SupMTPs=null
    4. CF=2.00, COV=    12, UL=    24, PL=   8, TL=   4, Pat=P(p(51.0,26.0),p(53.0,25.0),p(55.0,24.0),p(57.0,23.0)), Trans=[T(F_2T,[-8.0, 2.0]), T(F_2T,[40.0, 6.0])], SupMTPs=null
    5. CF=2.00, COV=    12, UL=    24, PL=   6, TL=   6, Pat=P(p(43.0,28.0),p(51.0,26.0),p(91.0,32.0)), Trans=[T(F_2T,[2.0, -1.0]), T(F_2T,[4.0, -2.0]), T(F_2T,[6.0, -3.0])], SupMTPs=null
    6. CF=1.50, COV=    15, UL=    30, PL=  18, TL=   2, Pat=P(p(43.0,28.0),p(45.0,27.0),p(47.0,26.0),p(49.0,25.0),p(51.0,26.0),p(53.0,25.0),p(55.0,24.0),p(82.0,28.0),p(98.0,27.0)), Trans=[T(F_2T,[8.0, -2.0])], SupMTPs=null
    7. CF=1.31, COV=    17, UL=    34, PL=  24, TL=   2, Pat=P(p(43.0,28.0),p(45.0,27.0),p(47.0,26.0),p(51.0,26.0),p(53.0,25.0),p(55.0,24.0),p(59.0,24.0),p(61.0,23.0),p(85.0,26.0),p(91.0,32.0),p(93.0,31.0),p(95.0,30.0)), Trans=[T(F_2T,[2.0, -1.0])], SupMTPs=null
    8. CF=1.85, COV=    12, UL=    24, PL=   6, TL=   7, Pat=P(p(34.0,24.0),p(39.0,27.0),p(43.0,28.0)), Trans=[T(F_2T,[19.0, 1.0]), T(F_2T,[48.0, 4.0]), T(F_2TR,[63.0, -53.0, -1.0])], SupMTPs=null
    9. CF=1.56, COV=    14, UL=    28, PL=  16, TL=   2, Pat=P(p(6.0,23.0),p(10.0,24.0),p(39.0,27.0),p(54.0,27.0),p(58.0,28.0),p(78.0,27.0),p(87.0,31.0),p(102.0,20.0)), Trans=[T(F_2T,[4.0, 1.0])], SupMTPs=null
   10. CF=1.71, COV=    12, UL=    24, PL=  12, TL=   2, Pat=P(p(10.0,24.0),p(14.0,25.0),p(53.0,25.0),p(58.0,28.0),p(61.0,23.0),p(62.0,29.0)), Trans=[T(F_2T,[29.0, 3.0])], SupMTPs=null
   11. CF=1.71, COV=    12, UL=    24, PL=  12, TL=   2, Pat=P(p(14.0,25.0),p(51.0,26.0),p(59.0,24.0),p(62.0,29.0),p(63.0,22.0),p(70.0,26.0)), Trans=[T(F_2T,[31.0, 2.0])], SupMTPs=null
   12. CF=1.71, COV=    12, UL=    24, PL=  12, TL=   2, Pat=P(p(19.0,26.0),p(47.0,26.0),p(59.0,24.0),p(67.0,30.0),p(87.0,25.0),p(90.0,26.0)), Trans=[T(F_2T,[11.0, 2.0])], SupMTPs=null
   13. CF=1.83, COV=    11, UL=    22, PL=   6, TL=   6, Pat=P(p(10.0,24.0),p(54.0,27.0),p(58.0,28.0)), Trans=[T(F_2T,[4.0, 1.0]), T(F_2T,[24.0, 0.0]), T(F_2T,[33.0, 4.0])], SupMTPs=null
   14. CF=1.57, COV=    11, UL=    22, PL=   8, TL=   6, Pat=P(p(47.0,26.0),p(49.0,25.0),p(55.0,24.0),p(57.0,23.0)), Trans=[T(F_2T,[-4.0, 2.0]), T(F_2T,[4.0, 0.0]), T(F_2T,[6.0, -1.0])], SupMTPs=null
   15. CF=1.67, COV=    10, UL=    20, PL=  10, TL=   2, Pat=P(p(10.0,24.0),p(14.0,25.0),p(34.0,24.0),p(43.0,28.0),p(55.0,24.0)), Trans=[T(F_2T,[44.0, 3.0])], SupMTPs=null
   16. CF=1.67, COV=    10, UL=    20, PL=  10, TL=   2, Pat=P(p(14.0,25.0),p(39.0,27.0),p(43.0,28.0),p(51.0,26.0),p(55.0,24.0)), Trans=[T(F_2T,[39.0, 0.0])], SupMTPs=null
   17. CF=1.67, COV=    10, UL=    20, PL=  10, TL=   2, Pat=P(p(43.0,28.0),p(45.0,27.0),p(51.0,26.0),p(82.0,28.0),p(87.0,31.0)), Trans=[T(F_2T,[12.0, -4.0])], SupMTPs=null
   18. CF=1.67, COV=    10, UL=    20, PL=  10, TL=   2, Pat=P(p(51.0,26.0),p(54.0,27.0),p(66.0,21.0),p(67.0,30.0),p(70.0,26.0)), Trans=[T(F_2T,[36.0, -1.0])], SupMTPs=null
   19. CF=1.67, COV=    10, UL=    20, PL=   8, TL=   4, Pat=P(p(6.0,23.0),p(10.0,24.0),p(54.0,27.0),p(58.0,28.0)), Trans=[T(F_2T,[4.0, 1.0]), T(F_2T,[33.0, 4.0])], SupMTPs=null
   20. CF=1.67, COV=    10, UL=    20, PL=   6, TL=   6, Pat=P(p(6.0,23.0),p(10.0,24.0),p(39.0,27.0)), Trans=[T(F_2T,[4.0, 1.0]), T(F_2T,[48.0, 4.0]), T(F_2T,[52.0, 5.0])], SupMTPs=null
   21. CF=1.80, COV=     9, UL=    18, PL=   6, TL=   4, Pat=P(p(6.0,23.0),p(34.0,24.0),p(49.0,25.0)), Trans=[T(F_2T,[48.0, 4.0]), T(F_2T,[53.0, 1.0])], SupMTPs=null
   22. CF=1.80, COV=     9, UL=    18, PL=   6, TL=   4, Pat=P(p(6.0,23.0),p(54.0,27.0),p(59.0,24.0)), Trans=[T(F_2T,[28.0, 1.0]), T(F_2T,[43.0, 2.0])], SupMTPs=null
   23. CF=1.80, COV=     9, UL=    18, PL=   6, TL=   4, Pat=P(p(14.0,25.0),p(43.0,28.0),p(47.0,26.0)), Trans=[T(F_2T,[47.0, -2.0]), T(F_2T,[48.0, 4.0])], SupMTPs=null
   24. CF=1.80, COV=     9, UL=    18, PL=   6, TL=   4, Pat=P(p(14.0,25.0),p(45.0,27.0),p(49.0,25.0)), Trans=[T(F_2T,[45.0, -1.0]), T(F_2T,[48.0, 4.0])], SupMTPs=null
   25. CF=1.80, COV=     9, UL=    18, PL=   6, TL=   4, Pat=P(p(14.0,25.0),p(59.0,24.0),p(62.0,29.0)), Trans=[T(F_2T,[31.0, 2.0]), T(F_2T,[35.0, 0.0])], SupMTPs=null
   26. CF=1.80, COV=     9, UL=    18, PL=   6, TL=   4, Pat=P(p(14.0,25.0),p(61.0,23.0),p(62.0,29.0)), Trans=[T(F_2T,[29.0, 3.0]), T(F_2T,[33.0, 1.0])], SupMTPs=null
   27. CF=1.80, COV=     9, UL=    18, PL=   6, TL=   4, Pat=P(p(19.0,26.0),p(26.0,25.0),p(30.0,28.0)), Trans=[T(F_2T,[48.0, 4.0]), T(F_2T,[68.0, -1.0])], SupMTPs=null
   28. CF=1.80, COV=     9, UL=    18, PL=   6, TL=   4, Pat=P(p(26.0,25.0),p(43.0,28.0),p(45.0,27.0)), Trans=[T(F_2T,[48.0, 4.0]), T(F_2T,[52.0, 2.0])], SupMTPs=null
   29. CF=1.80, COV=     9, UL=    18, PL=   6, TL=   4, Pat=P(p(26.0,25.0),p(74.0,29.0),p(78.0,27.0)), Trans=[T(F_2T,[17.0, 3.0]), T(F_2T,[19.0, 2.0])], SupMTPs=null
   30. CF=1.54, COV=    10, UL=    20, PL=  10, TL=   3, Pat=P(p(10.0,24.0),p(26.0,25.0),p(34.0,24.0),p(55.0,24.0),p(57.0,23.0)), Trans=[T(F_2TR,[44.0, -51.0, -1.0])], SupMTPs=null
   31. CF=1.54, COV=    10, UL=    20, PL=  10, TL=   3, Pat=P(p(47.0,26.0),p(54.0,27.0),p(59.0,24.0),p(61.0,23.0),p(63.0,22.0)), Trans=[T(F_2TR,[40.0, -51.0, -1.0])], SupMTPs=null
   32. CF=1.54, COV=    10, UL=    20, PL=  10, TL=   3, Pat=P(p(51.0,26.0),p(53.0,25.0),p(54.0,27.0),p(55.0,24.0),p(58.0,28.0)), Trans=[T(F_2TR,[48.0, -53.0, -1.0])], SupMTPs=null
   33. CF=1.54, COV=    10, UL=    20, PL=   6, TL=   7, Pat=P(p(14.0,25.0),p(53.0,25.0),p(58.0,28.0)), Trans=[T(F_2T,[29.0, 3.0]), T(F_2T,[41.0, -1.0]), T(F_2TR,[29.0, -53.0, -1.0])], SupMTPs=null
   34. CF=1.38, COV=    11, UL=    22, PL=  12, TL=   4, Pat=P(p(45.0,27.0),p(47.0,26.0),p(49.0,25.0),p(53.0,25.0),p(55.0,24.0),p(57.0,23.0)), Trans=[T(F_2T,[-2.0, 1.0]), T(F_2T,[6.0, -1.0])], SupMTPs=null
   35. CF=1.38, COV=    11, UL=    22, PL=  10, TL=   6, Pat=P(p(43.0,28.0),p(45.0,27.0),p(47.0,26.0),p(51.0,26.0),p(53.0,25.0)), Trans=[T(F_2T,[2.0, -1.0]), T(F_2T,[8.0, -2.0]), T(F_2T,[10.0, -3.0])], SupMTPs=null
   36. CF=1.64, COV=     9, UL=    18, PL=   6, TL=   5, Pat=P(p(6.0,23.0),p(10.0,24.0),p(14.0,25.0)), Trans=[T(F_2T,[48.0, 4.0]), T(F_2TR,[92.0, -50.0, -1.0])], SupMTPs=null
   37. CF=1.64, COV=     9, UL=    18, PL=   6, TL=   5, Pat=P(p(6.0,23.0),p(14.0,25.0),p(26.0,25.0)), Trans=[T(F_2T,[48.0, 4.0]), T(F_2TR,[76.0, -51.0, -1.0])], SupMTPs=null
   38. CF=1.64, COV=     9, UL=    18, PL=   6, TL=   5, Pat=P(p(10.0,24.0),p(47.0,26.0),p(49.0,25.0)), Trans=[T(F_2T,[48.0, 4.0]), T(F_2TR,[52.0, -53.0, -1.0])], SupMTPs=null
   39. CF=1.64, COV=     9, UL=    18, PL=   6, TL=   5, Pat=P(p(14.0,25.0),p(30.0,28.0),p(39.0,27.0)), Trans=[T(F_2T,[48.0, 4.0]), T(F_2TR,[60.0, -54.0, -1.0])], SupMTPs=null
   40. CF=1.64, COV=     9, UL=    18, PL=   6, TL=   5, Pat=P(p(14.0,25.0),p(45.0,27.0),p(47.0,26.0)), Trans=[T(F_2T,[48.0, 4.0]), T(F_2TR,[12.0, -50.0, -1.0])], SupMTPs=null
   41. CF=1.64, COV=     9, UL=    18, PL=   6, TL=   5, Pat=P(p(39.0,27.0),p(43.0,28.0),p(45.0,27.0)), Trans=[T(F_2T,[48.0, 4.0]), T(F_2TR,[58.0, -56.0, -1.0])], SupMTPs=null
   42. CF=1.64, COV=     9, UL=    18, PL=   6, TL=   5, Pat=P(p(45.0,27.0),p(53.0,25.0),p(97.0,29.0)), Trans=[T(F_2T,[-2.0, 1.0]), T(F_2TR,[9.0, -54.0, -1.0])], SupMTPs=null
   43. CF=1.64, COV=     9, UL=    18, PL=   6, TL=   5, Pat=P(p(47.0,26.0),p(55.0,24.0),p(78.0,27.0)), Trans=[T(F_2T,[-4.0, 2.0]), T(F_2TR,[7.0, -53.0, -1.0])], SupMTPs=null
   44. CF=1.64, COV=     9, UL=    18, PL=   6, TL=   5, Pat=P(p(53.0,25.0),p(58.0,28.0),p(61.0,23.0)), Trans=[T(F_2T,[29.0, 3.0]), T(F_2TR,[1.0, -52.0, -1.0])], SupMTPs=null
   45. CF=1.50, COV=     9, UL=    18, PL=  10, TL=   2, Pat=P(p(26.0,25.0),p(39.0,27.0),p(74.0,29.0),p(87.0,31.0),p(95.0,30.0)), Trans=[T(F_2T,[8.0, -1.0])], SupMTPs=null
   46. CF=1.50, COV=     9, UL=    18, PL=   6, TL=   6, Pat=P(p(6.0,23.0),p(14.0,25.0),p(53.0,25.0)), Trans=[T(F_2TR,[37.0, -51.0, -1.0]), T(F_2TR,[41.0, -49.0, -1.0])], SupMTPs=null
   47. CF=1.50, COV=     9, UL=    18, PL=   6, TL=   6, Pat=P(p(34.0,24.0),p(49.0,25.0),p(51.0,26.0)), Trans=[T(F_2TR,[-4.0, -52.0, -1.0]), T(F_2TR,[44.0, -56.0, -1.0])], SupMTPs=null
   48. CF=1.60, COV=     8, UL=    16, PL=   8, TL=   2, Pat=P(p(6.0,23.0),p(54.0,27.0),p(57.0,23.0),p(90.0,26.0)), Trans=[T(F_2T,[13.0, 3.0])], SupMTPs=null
   49. CF=1.60, COV=     8, UL=    16, PL=   8, TL=   2, Pat=P(p(6.0,23.0),p(54.0,27.0),p(59.0,24.0),p(70.0,26.0)), Trans=[T(F_2T,[28.0, 1.0])], SupMTPs=null
   50. CF=1.60, COV=     8, UL=    16, PL=   8, TL=   2, Pat=P(p(14.0,25.0),p(45.0,27.0),p(53.0,25.0),p(57.0,23.0)), Trans=[T(F_2T,[37.0, 1.0])], SupMTPs=null
   51. CF=1.60, COV=     8, UL=    16, PL=   8, TL=   2, Pat=P(p(19.0,26.0),p(67.0,30.0),p(78.0,27.0),p(87.0,25.0)), Trans=[T(F_2T,[7.0, -1.0])], SupMTPs=null
   52. CF=1.60, COV=     8, UL=    16, PL=   8, TL=   2, Pat=P(p(26.0,25.0),p(34.0,24.0),p(74.0,29.0),p(82.0,28.0)), Trans=[T(F_2T,[13.0, 2.0])], SupMTPs=null
   53. CF=1.60, COV=     8, UL=    16, PL=   8, TL=   2, Pat=P(p(26.0,25.0),p(49.0,25.0),p(74.0,29.0),p(82.0,28.0)), Trans=[T(F_2T,[21.0, 1.0])], SupMTPs=null
   54. CF=1.60, COV=     8, UL=    16, PL=   8, TL=   2, Pat=P(p(34.0,24.0),p(53.0,25.0),p(78.0,27.0),p(82.0,28.0)), Trans=[T(F_2T,[9.0, 4.0])], SupMTPs=null
   55. CF=1.60, COV=     8, UL=    16, PL=   8, TL=   2, Pat=P(p(34.0,24.0),p(53.0,25.0),p(82.0,28.0),p(94.0,24.0)), Trans=[T(F_2T,[5.0, 3.0])], SupMTPs=null
   56. CF=1.60, COV=     8, UL=    16, PL=   8, TL=   2, Pat=P(p(45.0,27.0),p(47.0,26.0),p(49.0,25.0),p(87.0,31.0)), Trans=[T(F_2T,[14.0, -3.0])], SupMTPs=null
   57. CF=1.60, COV=     8, UL=    16, PL=   8, TL=   2, Pat=P(p(54.0,27.0),p(82.0,28.0),p(97.0,29.0),p(101.0,28.0)), Trans=[T(F_2T,[5.0, -3.0])], SupMTPs=null
   58. CF=1.60, COV=     8, UL=    16, PL=   6, TL=   4, Pat=P(p(26.0,25.0),p(39.0,27.0),p(47.0,26.0)), Trans=[T(F_2T,[48.0, 4.0]), T(F_2T,[56.0, 3.0])], SupMTPs=null
   59. CF=1.45, COV=     8, UL=    16, PL=   8, TL=   3, Pat=P(p(6.0,23.0),p(14.0,25.0),p(49.0,25.0),p(57.0,23.0)), Trans=[T(F_2TR,[45.0, -49.0, -1.0])], SupMTPs=null
   60. CF=1.45, COV=     8, UL=    16, PL=   8, TL=   3, Pat=P(p(6.0,23.0),p(14.0,25.0),p(53.0,25.0),p(61.0,23.0)), Trans=[T(F_2TR,[41.0, -49.0, -1.0])], SupMTPs=null
   61. CF=1.45, COV=     8, UL=    16, PL=   8, TL=   3, Pat=P(p(6.0,23.0),p(49.0,25.0),p(53.0,25.0),p(98.0,27.0)), Trans=[T(F_2TR,[8.0, -48.0, -1.0])], SupMTPs=null
   62. CF=1.45, COV=     8, UL=    16, PL=   8, TL=   3, Pat=P(p(6.0,23.0),p(66.0,21.0),p(98.0,27.0),p(102.0,26.0)), Trans=[T(F_2TR,[4.0, -47.0, -1.0])], SupMTPs=null
   63. CF=1.45, COV=     8, UL=    16, PL=   8, TL=   3, Pat=P(p(14.0,25.0),p(34.0,24.0),p(54.0,27.0),p(94.0,24.0)), Trans=[T(F_2TR,[5.0, -51.0, -1.0])], SupMTPs=null
   64. CF=1.45, COV=     8, UL=    16, PL=   8, TL=   3, Pat=P(p(14.0,25.0),p(53.0,25.0),p(58.0,28.0),p(70.0,26.0)), Trans=[T(F_2TR,[29.0, -53.0, -1.0])], SupMTPs=null
   65. CF=1.45, COV=     8, UL=    16, PL=   8, TL=   3, Pat=P(p(26.0,25.0),p(49.0,25.0),p(61.0,23.0),p(85.0,26.0)), Trans=[T(F_2TR,[21.0, -51.0, -1.0])], SupMTPs=null
   66. CF=1.45, COV=     8, UL=    16, PL=   8, TL=   3, Pat=P(p(30.0,28.0),p(45.0,27.0),p(47.0,26.0),p(63.0,22.0)), Trans=[T(F_2TR,[4.0, -52.0, -1.0])], SupMTPs=null
   67. CF=1.45, COV=     8, UL=    16, PL=   8, TL=   3, Pat=P(p(39.0,27.0),p(54.0,27.0),p(70.0,26.0),p(78.0,27.0)), Trans=[T(F_2TR,[4.0, -55.0, -1.0])], SupMTPs=null
   68. CF=1.45, COV=     8, UL=    16, PL=   8, TL=   3, Pat=P(p(43.0,28.0),p(51.0,26.0),p(74.0,29.0),p(95.0,30.0)), Trans=[T(F_2TR,[11.0, -55.0, -1.0])], SupMTPs=null
   69. CF=1.45, COV=     8, UL=    16, PL=   8, TL=   3, Pat=P(p(43.0,28.0),p(82.0,28.0),p(87.0,25.0),p(90.0,26.0)), Trans=[T(F_2TR,[12.0, -52.0, -1.0])], SupMTPs=null
   70. CF=1.45, COV=     8, UL=    16, PL=   8, TL=   3, Pat=P(p(47.0,26.0),p(51.0,26.0),p(66.0,21.0),p(94.0,24.0)), Trans=[T(F_2TR,[8.0, -50.0, -1.0])], SupMTPs=null
   71. CF=1.45, COV=     8, UL=    16, PL=   8, TL=   3, Pat=P(p(49.0,25.0),p(51.0,26.0),p(62.0,29.0),p(90.0,26.0)), Trans=[T(F_2TR,[4.0, -50.0, -1.0])], SupMTPs=null
   72. CF=1.45, COV=     8, UL=    16, PL=   8, TL=   3, Pat=P(p(51.0,26.0),p(59.0,24.0),p(94.0,24.0),p(99.0,27.0)), Trans=[T(F_2TR,[3.0, -53.0, -1.0])], SupMTPs=null
   73. CF=1.45, COV=     8, UL=    16, PL=   8, TL=   3, Pat=P(p(53.0,25.0),p(54.0,27.0),p(58.0,28.0),p(62.0,29.0)), Trans=[T(F_2TR,[44.0, -54.0, -1.0])], SupMTPs=null
   74. CF=1.45, COV=     8, UL=    16, PL=   8, TL=   3, Pat=P(p(54.0,27.0),p(57.0,23.0),p(62.0,29.0),p(66.0,21.0)), Trans=[T(F_2TR,[1.0, -51.0, -1.0])], SupMTPs=null
   75. CF=1.45, COV=     8, UL=    16, PL=   8, TL=   3, Pat=P(p(54.0,27.0),p(59.0,24.0),p(62.0,29.0),p(74.0,29.0)), Trans=[T(F_2TR,[28.0, -55.0, -1.0])], SupMTPs=null
   76. CF=1.45, COV=     8, UL=    16, PL=   8, TL=   3, Pat=P(p(58.0,28.0),p(87.0,25.0),p(95.0,30.0),p(97.0,29.0)), Trans=[T(F_2TR,[4.0, -57.0, -1.0])], SupMTPs=null
   77. CF=1.45, COV=     8, UL=    16, PL=   8, TL=   3, Pat=P(p(59.0,24.0),p(78.0,27.0),p(82.0,28.0),p(87.0,31.0)), Trans=[T(F_2TR,[19.0, -56.0, -1.0])], SupMTPs=null
   78. CF=1.45, COV=     8, UL=    16, PL=   8, TL=   3, Pat=P(p(85.0,26.0),p(93.0,31.0),p(95.0,30.0),p(97.0,29.0)), Trans=[T(F_2TR,[6.0, -58.0, -1.0])], SupMTPs=null
   79. CF=1.45, COV=     8, UL=    16, PL=   6, TL=   5, Pat=P(p(43.0,28.0),p(45.0,27.0),p(61.0,23.0)), Trans=[T(F_2T,[2.0, -1.0]), T(F_2TR,[6.0, -53.0, -1.0])], SupMTPs=null
   80. CF=1.45, COV=     8, UL=    16, PL=   6, TL=   5, Pat=P(p(45.0,27.0),p(59.0,24.0),p(61.0,23.0)), Trans=[T(F_2T,[2.0, -1.0]), T(F_2TR,[42.0, -52.0, -1.0])], SupMTPs=null
   81. CF=1.45, COV=     8, UL=    16, PL=   6, TL=   5, Pat=P(p(49.0,25.0),p(61.0,23.0),p(63.0,22.0)), Trans=[T(F_2T,[-2.0, 1.0]), T(F_2TR,[38.0, -50.0, -1.0])], SupMTPs=null
   82. CF=1.45, COV=     8, UL=    16, PL=   6, TL=   5, Pat=P(p(97.0,29.0),p(98.0,27.0),p(102.0,26.0)), Trans=[T(F_2T,[4.0, -1.0]), T(F_2TR,[-44.0, -54.0, -1.0])], SupMTPs=null
   83. CF=1.33, COV=     8, UL=    16, PL=   6, TL=   6, Pat=P(p(63.0,22.0),p(66.0,21.0),p(78.0,27.0)), Trans=[T(F_2TR,[-12.0, -48.0, -1.0]), T(F_2TR,[24.0, -47.0, -1.0])], SupMTPs=null
   84. CF=1.40, COV=     7, UL=    14, PL=   8, TL=   2, Pat=P(p(14.0,25.0),p(53.0,25.0),p(62.0,29.0),p(78.0,27.0)), Trans=[T(F_2T,[25.0, 2.0])], SupMTPs=null
   85. CF=1.40, COV=     7, UL=    14, PL=   8, TL=   2, Pat=P(p(26.0,25.0),p(70.0,26.0),p(74.0,29.0),p(94.0,24.0)), Trans=[T(F_2T,[4.0, 3.0])], SupMTPs=null
   86. CF=1.40, COV=     7, UL=    14, PL=   8, TL=   2, Pat=P(p(49.0,25.0),p(57.0,23.0),p(99.0,27.0),p(101.0,28.0)), Trans=[T(F_2T,[2.0, 1.0])], SupMTPs=null
   87. CF=1.14, COV=     8, UL=    16, PL=   6, TL=   8, Pat=P(p(47.0,26.0),p(49.0,25.0),p(51.0,26.0)), Trans=[T(F_2T,[8.0, -2.0]), T(F_2TR,[2.0, -51.0, -1.0]), T(F_2TR,[10.0, -49.0, -1.0])], SupMTPs=null
   88. CF=1.50, COV=     6, UL=    12, PL=   6, TL=   2, Pat=P(p(6.0,23.0),p(19.0,26.0),p(51.0,26.0)), Trans=[T(F_2T,[51.0, 0.0])], SupMTPs=null
   89. CF=1.50, COV=     6, UL=    12, PL=   6, TL=   2, Pat=P(p(6.0,23.0),p(54.0,27.0),p(61.0,23.0)), Trans=[T(F_2T,[41.0, 3.0])], SupMTPs=null
   90. CF=1.50, COV=     6, UL=    12, PL=   6, TL=   2, Pat=P(p(6.0,23.0),p(54.0,27.0),p(63.0,22.0)), Trans=[T(F_2T,[39.0, 4.0])], SupMTPs=null
   91. CF=1.50, COV=     6, UL=    12, PL=   6, TL=   2, Pat=P(p(6.0,23.0),p(54.0,27.0),p(66.0,21.0)), Trans=[T(F_2T,[24.0, 5.0])], SupMTPs=null
   92. CF=1.50, COV=     6, UL=    12, PL=   6, TL=   2, Pat=P(p(6.0,23.0),p(54.0,27.0),p(94.0,24.0)), Trans=[T(F_2T,[8.0, 2.0])], SupMTPs=null
   93. CF=1.50, COV=     6, UL=    12, PL=   6, TL=   2, Pat=P(p(10.0,24.0),p(30.0,28.0),p(58.0,28.0)), Trans=[T(F_2T,[37.0, 2.0])], SupMTPs=null
   94. CF=1.50, COV=     6, UL=    12, PL=   6, TL=   2, Pat=P(p(10.0,24.0),p(47.0,26.0),p(58.0,28.0)), Trans=[T(F_2T,[20.0, 4.0])], SupMTPs=null
   95. CF=1.50, COV=     6, UL=    12, PL=   6, TL=   2, Pat=P(p(14.0,25.0),p(26.0,25.0),p(49.0,25.0)), Trans=[T(F_2T,[48.0, 4.0])], SupMTPs=null
   96. CF=1.50, COV=     6, UL=    12, PL=   6, TL=   2, Pat=P(p(14.0,25.0),p(62.0,29.0),p(90.0,26.0)), Trans=[T(F_2T,[12.0, 0.0])], SupMTPs=null
   97. CF=1.50, COV=     6, UL=    12, PL=   6, TL=   2, Pat=P(p(19.0,26.0),p(23.5,26.0),p(47.0,26.0)), Trans=[T(F_2T,[48.0, 4.0])], SupMTPs=null
   98. CF=1.50, COV=     6, UL=    12, PL=   6, TL=   2, Pat=P(p(19.0,26.0),p(30.0,28.0),p(67.0,30.0)), Trans=[T(F_2T,[28.0, 0.0])], SupMTPs=null
   99. CF=1.50, COV=     6, UL=    12, PL=   6, TL=   2, Pat=P(p(19.0,26.0),p(47.0,26.0),p(90.0,26.0)), Trans=[T(F_2T,[11.0, 2.0])], SupMTPs=null
  100. CF=1.50, COV=     6, UL=    12, PL=   6, TL=   2, Pat=P(p(19.0,26.0),p(55.0,24.0),p(63.0,22.0)), Trans=[T(F_2T,[43.0, 3.0])], SupMTPs=null
  101. CF=1.50, COV=     6, UL=    12, PL=   6, TL=   2, Pat=P(p(22.5,27.0),p(39.0,27.0),p(45.0,27.0)), Trans=[T(F_2T,[48.0, 4.0])], SupMTPs=null
  102. CF=1.50, COV=     6, UL=    12, PL=   6, TL=   2, Pat=P(p(26.0,25.0),p(47.0,26.0),p(74.0,29.0)), Trans=[T(F_2T,[23.0, 0.0])], SupMTPs=null
  103. CF=1.50, COV=     6, UL=    12, PL=   6, TL=   2, Pat=P(p(30.0,28.0),p(53.0,25.0),p(55.0,24.0)), Trans=[T(F_2T,[32.0, 1.0])], SupMTPs=null
  104. CF=1.50, COV=     6, UL=    12, PL=   6, TL=   2, Pat=P(p(34.0,24.0),p(47.0,26.0),p(61.0,23.0)), Trans=[T(F_2T,[40.0, 5.0])], SupMTPs=null
  105. CF=1.50, COV=     6, UL=    12, PL=   6, TL=   2, Pat=P(p(34.0,24.0),p(51.0,26.0),p(82.0,28.0)), Trans=[T(F_2T,[11.0, 3.0])], SupMTPs=null
  106. CF=1.50, COV=     6, UL=    12, PL=   6, TL=   2, Pat=P(p(39.0,27.0),p(43.0,28.0),p(70.0,26.0)), Trans=[T(F_2T,[15.0, 0.0])], SupMTPs=null
  107. CF=1.50, COV=     6, UL=    12, PL=   6, TL=   2, Pat=P(p(39.0,27.0),p(47.0,26.0),p(55.0,24.0)), Trans=[T(F_2T,[35.0, 2.0])], SupMTPs=null
  108. CF=1.50, COV=     6, UL=    12, PL=   6, TL=   2, Pat=P(p(39.0,27.0),p(57.0,23.0),p(66.0,21.0)), Trans=[T(F_2T,[28.0, 3.0])], SupMTPs=null
  109. CF=1.50, COV=     6, UL=    12, PL=   6, TL=   2, Pat=P(p(39.0,27.0),p(74.0,29.0),p(78.0,27.0)), Trans=[T(F_2T,[16.0, -3.0])], SupMTPs=null
  110. CF=1.50, COV=     6, UL=    12, PL=   6, TL=   2, Pat=P(p(39.0,27.0),p(87.0,31.0),p(93.0,31.0)), Trans=[T(F_2T,[10.0, -2.0])], SupMTPs=null
  111. CF=1.50, COV=     6, UL=    12, PL=   6, TL=   2, Pat=P(p(39.0,27.0),p(87.0,31.0),p(97.0,29.0)), Trans=[T(F_2T,[6.0, 0.0])], SupMTPs=null
  112. CF=1.50, COV=     6, UL=    12, PL=   6, TL=   2, Pat=P(p(45.0,27.0),p(47.0,26.0),p(58.0,28.0)), Trans=[T(F_2T,[40.0, -1.0])], SupMTPs=null
  113. CF=1.50, COV=     6, UL=    12, PL=   6, TL=   2, Pat=P(p(45.0,27.0),p(57.0,23.0),p(59.0,24.0)), Trans=[T(F_2T,[42.0, 4.0])], SupMTPs=null
  114. CF=1.50, COV=     6, UL=    12, PL=   6, TL=   2, Pat=P(p(47.0,26.0),p(49.0,25.0),p(58.0,28.0)), Trans=[T(F_2T,[12.0, -2.0])], SupMTPs=null
  115. CF=1.50, COV=     6, UL=    12, PL=   6, TL=   2, Pat=P(p(49.0,25.0),p(54.0,27.0),p(57.0,23.0)), Trans=[T(F_2T,[49.0, 2.0])], SupMTPs=null
  116. CF=1.50, COV=     6, UL=    12, PL=   6, TL=   2, Pat=P(p(49.0,25.0),p(57.0,23.0),p(70.0,26.0)), Trans=[T(F_2T,[33.0, 3.0])], SupMTPs=null
  117. CF=1.50, COV=     6, UL=    12, PL=   6, TL=   2, Pat=P(p(51.0,26.0),p(54.0,27.0),p(59.0,24.0)), Trans=[T(F_2T,[47.0, 1.0])], SupMTPs=null
  118. CF=1.50, COV=     6, UL=    12, PL=   6, TL=   2, Pat=P(p(51.0,26.0),p(63.0,22.0),p(66.0,21.0)), Trans=[T(F_2T,[36.0, 5.0])], SupMTPs=null
  119. CF=1.50, COV=     6, UL=    12, PL=   6, TL=   2, Pat=P(p(51.0,26.0),p(82.0,28.0),p(87.0,25.0)), Trans=[T(F_2T,[19.0, 0.0])], SupMTPs=null
  120. CF=1.50, COV=     6, UL=    12, PL=   6, TL=   2, Pat=P(p(51.0,26.0),p(87.0,25.0),p(87.0,31.0)), Trans=[T(F_2T,[15.0, -5.0])], SupMTPs=null
  121. CF=1.50, COV=     6, UL=    12, PL=   6, TL=   2, Pat=P(p(51.0,26.0),p(87.0,25.0),p(98.0,27.0)), Trans=[T(F_2T,[3.0, 1.0])], SupMTPs=null
  122. CF=1.50, COV=     6, UL=    12, PL=   6, TL=   2, Pat=P(p(53.0,25.0),p(57.0,23.0),p(66.0,21.0)), Trans=[T(F_2T,[21.0, 4.0])], SupMTPs=null
  123. CF=1.50, COV=     6, UL=    12, PL=   6, TL=   2, Pat=P(p(54.0,27.0),p(67.0,30.0),p(103.0,29.0)), Trans=[T(F_2T,[3.0, -4.0])], SupMTPs=null
  124. CF=1.50, COV=     6, UL=    12, PL=   6, TL=   2, Pat=P(p(54.0,27.0),p(82.0,28.0),p(90.0,26.0)), Trans=[T(F_2T,[16.0, -1.0])], SupMTPs=null
  125. CF=1.50, COV=     6, UL=    12, PL=   6, TL=   2, Pat=P(p(55.0,24.0),p(67.0,30.0),p(74.0,29.0)), Trans=[T(F_2T,[11.0, -3.0])], SupMTPs=null
  126. CF=1.50, COV=     6, UL=    12, PL=   6, TL=   2, Pat=P(p(57.0,23.0),p(78.0,27.0),p(85.0,26.0)), Trans=[T(F_2T,[9.0, -2.0])], SupMTPs=null
  127. CF=1.27, COV=     7, UL=    14, PL=   8, TL=   3, Pat=P(p(49.0,25.0),p(51.0,26.0),p(54.0,27.0),p(66.0,21.0)), Trans=[T(F_2TR,[12.0, -48.0, -1.0])], SupMTPs=null
  128. CF=1.27, COV=     7, UL=    14, PL=   6, TL=   5, Pat=P(p(10.0,24.0),p(34.0,24.0),p(39.0,27.0)), Trans=[T(F_2T,[48.0, 4.0]), T(F_2TR,[48.0, -52.0, -1.0])], SupMTPs=null
  129. CF=1.33, COV=     6, UL=    12, PL=   6, TL=   3, Pat=P(p(10.0,24.0),p(61.0,23.0),p(66.0,21.0)), Trans=[T(F_2TR,[37.0, -50.0, -1.0])], SupMTPs=null
  130. CF=1.33, COV=     6, UL=    12, PL=   6, TL=   3, Pat=P(p(10.0,24.0),p(85.0,26.0),p(97.0,29.0)), Trans=[T(F_2TR,[9.0, -50.0, -1.0])], SupMTPs=null
  131. CF=1.33, COV=     6, UL=    12, PL=   6, TL=   3, Pat=P(p(14.0,25.0),p(30.0,28.0),p(53.0,25.0)), Trans=[T(F_2TR,[25.0, -52.0, -1.0])], SupMTPs=null
  132. CF=1.33, COV=     6, UL=    12, PL=   6, TL=   3, Pat=P(p(14.0,25.0),p(43.0,28.0),p(59.0,24.0)), Trans=[T(F_2TR,[44.0, -53.0, -1.0])], SupMTPs=null
  133. CF=1.33, COV=     6, UL=    12, PL=   6, TL=   3, Pat=P(p(14.0,25.0),p(55.0,24.0),p(67.0,30.0)), Trans=[T(F_2TR,[35.0, -50.0, -1.0])], SupMTPs=null
  134. CF=1.33, COV=     6, UL=    12, PL=   6, TL=   3, Pat=P(p(19.0,26.0),p(26.0,25.0),p(78.0,27.0)), Trans=[T(F_2TR,[28.0, -52.0, -1.0])], SupMTPs=null
  135. CF=1.33, COV=     6, UL=    12, PL=   6, TL=   3, Pat=P(p(19.0,26.0),p(43.0,28.0),p(51.0,26.0)), Trans=[T(F_2TR,[51.0, -52.0, -1.0])], SupMTPs=null
  136. CF=1.33, COV=     6, UL=    12, PL=   6, TL=   3, Pat=P(p(19.0,26.0),p(63.0,22.0),p(70.0,26.0)), Trans=[T(F_2TR,[32.0, -52.0, -1.0])], SupMTPs=null
  137. CF=1.33, COV=     6, UL=    12, PL=   6, TL=   3, Pat=P(p(26.0,25.0),p(51.0,26.0),p(87.0,31.0)), Trans=[T(F_2TR,[19.0, -52.0, -1.0])], SupMTPs=null
  138. CF=1.33, COV=     6, UL=    12, PL=   6, TL=   3, Pat=P(p(26.0,25.0),p(61.0,23.0),p(93.0,31.0)), Trans=[T(F_2TR,[13.0, -52.0, -1.0])], SupMTPs=null
  139. CF=1.33, COV=     6, UL=    12, PL=   6, TL=   3, Pat=P(p(30.0,28.0),p(53.0,25.0),p(78.0,27.0)), Trans=[T(F_2TR,[21.0, -54.0, -1.0])], SupMTPs=null
  140. CF=1.33, COV=     6, UL=    12, PL=   6, TL=   3, Pat=P(p(34.0,24.0),p(63.0,22.0),p(95.0,30.0)), Trans=[T(F_2TR,[11.0, -51.0, -1.0])], SupMTPs=null
  141. CF=1.33, COV=     6, UL=    12, PL=   6, TL=   3, Pat=P(p(34.0,24.0),p(70.0,26.0),p(78.0,32.0)), Trans=[T(F_2TR,[28.0, -53.0, -1.0])], SupMTPs=null
  142. CF=1.33, COV=     6, UL=    12, PL=   6, TL=   3, Pat=P(p(39.0,27.0),p(47.0,26.0),p(54.0,27.0)), Trans=[T(F_2TR,[31.0, -53.0, -1.0])], SupMTPs=null
  143. CF=1.33, COV=     6, UL=    12, PL=   6, TL=   3, Pat=P(p(39.0,27.0),p(55.0,24.0),p(67.0,30.0)), Trans=[T(F_2TR,[23.0, -56.0, -1.0])], SupMTPs=null
  144. CF=1.33, COV=     6, UL=    12, PL=   6, TL=   3, Pat=P(p(39.0,27.0),p(61.0,23.0),p(82.0,28.0)), Trans=[T(F_2TR,[24.0, -49.0, -1.0])], SupMTPs=null
  145. CF=1.33, COV=     6, UL=    12, PL=   6, TL=   3, Pat=P(p(39.0,27.0),p(66.0,21.0),p(78.0,27.0)), Trans=[T(F_2TR,[12.0, -53.0, -1.0])], SupMTPs=null
  146. CF=1.33, COV=     6, UL=    12, PL=   6, TL=   3, Pat=P(p(39.0,27.0),p(70.0,26.0),p(90.0,26.0)), Trans=[T(F_2TR,[8.0, -53.0, -1.0])], SupMTPs=null
  147. CF=1.33, COV=     6, UL=    12, PL=   6, TL=   3, Pat=P(p(39.0,27.0),p(78.0,27.0),p(90.0,26.0)), Trans=[T(F_2TR,[16.0, -51.0, -1.0])], SupMTPs=null
  148. CF=1.33, COV=     6, UL=    12, PL=   6, TL=   3, Pat=P(p(43.0,28.0),p(58.0,28.0),p(67.0,30.0)), Trans=[T(F_2TR,[27.0, -54.0, -1.0])], SupMTPs=null
  149. CF=1.33, COV=     6, UL=    12, PL=   6, TL=   3, Pat=P(p(43.0,28.0),p(59.0,24.0),p(82.0,28.0)), Trans=[T(F_2TR,[8.0, -54.0, -1.0])], SupMTPs=null
  150. CF=1.33, COV=     6, UL=    12, PL=   6, TL=   3, Pat=P(p(49.0,25.0),p(51.0,26.0),p(70.0,26.0)), Trans=[T(F_2TR,[36.0, -51.0, -1.0])], SupMTPs=null
  151. CF=1.33, COV=     6, UL=    12, PL=   6, TL=   3, Pat=P(p(49.0,25.0),p(57.0,23.0),p(85.0,26.0)), Trans=[T(F_2TR,[5.0, -52.0, -1.0])], SupMTPs=null
  152. CF=1.33, COV=     6, UL=    12, PL=   6, TL=   3, Pat=P(p(49.0,25.0),p(90.0,26.0),p(94.0,24.0)), Trans=[T(F_2TR,[9.0, -53.0, -1.0])], SupMTPs=null
  153. CF=1.33, COV=     6, UL=    12, PL=   6, TL=   3, Pat=P(p(51.0,26.0),p(62.0,29.0),p(78.0,27.0)), Trans=[T(F_2TR,[23.0, -55.0, -1.0])], SupMTPs=null
  154. CF=1.33, COV=     6, UL=    12, PL=   6, TL=   3, Pat=P(p(51.0,26.0),p(62.0,29.0),p(78.0,32.0)), Trans=[T(F_2TR,[16.0, -56.0, -1.0])], SupMTPs=null
  155. CF=1.33, COV=     6, UL=    12, PL=   6, TL=   3, Pat=P(p(53.0,25.0),p(82.0,28.0),p(101.0,28.0)), Trans=[T(F_2TR,[5.0, -53.0, -1.0])], SupMTPs=null
  156. CF=1.33, COV=     6, UL=    12, PL=   6, TL=   3, Pat=P(p(57.0,23.0),p(59.0,24.0),p(74.0,29.0)), Trans=[T(F_2TR,[28.0, -49.0, -1.0])], SupMTPs=null
  157. CF=1.33, COV=     6, UL=    12, PL=   6, TL=   3, Pat=P(p(58.0,28.0),p(61.0,23.0),p(74.0,29.0)), Trans=[T(F_2TR,[32.0, -54.0, -1.0])], SupMTPs=null
  158. CF=1.33, COV=     6, UL=    12, PL=   6, TL=   3, Pat=P(p(63.0,22.0),p(78.0,27.0),p(82.0,28.0)), Trans=[T(F_2TR,[24.0, -53.0, -1.0])], SupMTPs=null
  159. CF=1.33, COV=     6, UL=    12, PL=   6, TL=   3, Pat=P(p(70.0,26.0),p(74.0,29.0),p(78.0,27.0)), Trans=[T(F_2TR,[25.0, -56.0, -1.0])], SupMTPs=null
  160. CF=1.33, COV=     6, UL=    12, PL=   6, TL=   3, Pat=P(p(94.0,24.0),p(98.0,27.0),p(101.0,28.0)), Trans=[T(F_2TR,[1.0, -54.0, -1.0])], SupMTPs=null
  161. CF=1.09, COV=     6, UL=    12, PL=   8, TL=   3, Pat=P(p(47.0,26.0),p(49.0,25.0),p(51.0,26.0),p(85.0,26.0)), Trans=[T(F_2TR,[2.0, -51.0, -1.0])], SupMTPs=null
  162. CF=1.25, COV=     5, UL=    10, PL=   6, TL=   2, Pat=P(p(54.0,27.0),p(78.0,32.0),p(90.0,26.0)), Trans=[T(F_2T,[12.0, -6.0])], SupMTPs=null
  163. CF=1.11, COV=     5, UL=    10, PL=   6, TL=   3, Pat=P(p(55.0,24.0),p(58.0,28.0),p(70.0,26.0)), Trans=[T(F_2TR,[12.0, -54.0, -1.0])], SupMTPs=null
  164. CF=1.11, COV=     5, UL=    10, PL=   6, TL=   3, Pat=P(p(87.0,31.0),p(90.0,26.0),p(95.0,30.0)), Trans=[T(F_2TR,[3.0, -57.0, -1.0])], SupMTPs=null
  165. CF=1.00, COV=     4, UL=     8, PL=   6, TL=   2, Pat=P(p(19.0,26.0),p(43.0,28.0),p(67.0,30.0)), Trans=[T(F_2T,[24.0, 2.0])], SupMTPs=null

Occurrence sets sorted decreasing by cf then coverage:
    1. CF=2.00, COV=    12, UL=    24, PL=   8, TL=   4, Pat=P(p(51.0,26.0),p(53.0,25.0),p(55.0,24.0),p(57.0,23.0)), Trans=[T(F_2T,[-8.0, 2.0]), T(F_2T,[40.0, 6.0])], SupMTPs=null
    2. CF=2.00, COV=    12, UL=    24, PL=   6, TL=   6, Pat=P(p(43.0,28.0),p(51.0,26.0),p(91.0,32.0)), Trans=[T(F_2T,[2.0, -1.0]), T(F_2T,[4.0, -2.0]), T(F_2T,[6.0, -3.0])], SupMTPs=null
    3. CF=1.87, COV=    28, UL=    56, PL=  28, TL=   2, Pat=P(p(6.0,23.0),p(10.0,24.0),p(14.0,25.0),p(19.0,26.0),p(22.5,27.0),p(23.5,26.0),p(26.0,25.0),p(30.0,28.0),p(34.0,24.0),p(39.0,27.0),p(43.0,28.0),p(45.0,27.0),p(47.0,26.0),p(49.0,25.0)), Trans=[T(F_2T,[48.0, 4.0])], SupMTPs=null
    4. CF=1.85, COV=    12, UL=    24, PL=   6, TL=   7, Pat=P(p(34.0,24.0),p(39.0,27.0),p(43.0,28.0)), Trans=[T(F_2T,[19.0, 1.0]), T(F_2T,[48.0, 4.0]), T(F_2TR,[63.0, -53.0, -1.0])], SupMTPs=null
    5. CF=1.83, COV=    11, UL=    22, PL=   6, TL=   6, Pat=P(p(10.0,24.0),p(54.0,27.0),p(58.0,28.0)), Trans=[T(F_2T,[4.0, 1.0]), T(F_2T,[24.0, 0.0]), T(F_2T,[33.0, 4.0])], SupMTPs=null
    6. CF=1.80, COV=    18, UL=    36, PL=  18, TL=   2, Pat=P(p(43.0,28.0),p(45.0,27.0),p(51.0,26.0),p(53.0,25.0),p(59.0,24.0),p(74.0,29.0),p(90.0,26.0),p(91.0,32.0),p(93.0,31.0)), Trans=[T(F_2T,[4.0, -2.0])], SupMTPs=null
    7. CF=1.80, COV=     9, UL=    18, PL=   6, TL=   4, Pat=P(p(6.0,23.0),p(34.0,24.0),p(49.0,25.0)), Trans=[T(F_2T,[48.0, 4.0]), T(F_2T,[53.0, 1.0])], SupMTPs=null
    8. CF=1.80, COV=     9, UL=    18, PL=   6, TL=   4, Pat=P(p(6.0,23.0),p(54.0,27.0),p(59.0,24.0)), Trans=[T(F_2T,[28.0, 1.0]), T(F_2T,[43.0, 2.0])], SupMTPs=null
    9. CF=1.80, COV=     9, UL=    18, PL=   6, TL=   4, Pat=P(p(14.0,25.0),p(43.0,28.0),p(47.0,26.0)), Trans=[T(F_2T,[47.0, -2.0]), T(F_2T,[48.0, 4.0])], SupMTPs=null
   10. CF=1.80, COV=     9, UL=    18, PL=   6, TL=   4, Pat=P(p(14.0,25.0),p(45.0,27.0),p(49.0,25.0)), Trans=[T(F_2T,[45.0, -1.0]), T(F_2T,[48.0, 4.0])], SupMTPs=null
   11. CF=1.80, COV=     9, UL=    18, PL=   6, TL=   4, Pat=P(p(14.0,25.0),p(59.0,24.0),p(62.0,29.0)), Trans=[T(F_2T,[31.0, 2.0]), T(F_2T,[35.0, 0.0])], SupMTPs=null
   12. CF=1.80, COV=     9, UL=    18, PL=   6, TL=   4, Pat=P(p(14.0,25.0),p(61.0,23.0),p(62.0,29.0)), Trans=[T(F_2T,[29.0, 3.0]), T(F_2T,[33.0, 1.0])], SupMTPs=null
   13. CF=1.80, COV=     9, UL=    18, PL=   6, TL=   4, Pat=P(p(19.0,26.0),p(26.0,25.0),p(30.0,28.0)), Trans=[T(F_2T,[48.0, 4.0]), T(F_2T,[68.0, -1.0])], SupMTPs=null
   14. CF=1.80, COV=     9, UL=    18, PL=   6, TL=   4, Pat=P(p(26.0,25.0),p(43.0,28.0),p(45.0,27.0)), Trans=[T(F_2T,[48.0, 4.0]), T(F_2T,[52.0, 2.0])], SupMTPs=null
   15. CF=1.80, COV=     9, UL=    18, PL=   6, TL=   4, Pat=P(p(26.0,25.0),p(74.0,29.0),p(78.0,27.0)), Trans=[T(F_2T,[17.0, 3.0]), T(F_2T,[19.0, 2.0])], SupMTPs=null
   16. CF=1.71, COV=    18, UL=    36, PL=   6, TL=  15, Pat=P(p(43.0,28.0),p(45.0,27.0),p(47.0,26.0)), Trans=[T(F_2T,[2.0, -1.0]), T(F_2T,[8.0, -2.0]), T(F_2T,[10.0, -3.0]), T(F_2T,[16.0, -4.0]), T(F_2T,[48.0, 4.0]), T(F_2T,[50.0, 3.0]), T(F_2TR,[56.0, -55.0, -1.0])], SupMTPs=null
   17. CF=1.71, COV=    12, UL=    24, PL=  12, TL=   2, Pat=P(p(10.0,24.0),p(14.0,25.0),p(53.0,25.0),p(58.0,28.0),p(61.0,23.0),p(62.0,29.0)), Trans=[T(F_2T,[29.0, 3.0])], SupMTPs=null
   18. CF=1.71, COV=    12, UL=    24, PL=  12, TL=   2, Pat=P(p(14.0,25.0),p(51.0,26.0),p(59.0,24.0),p(62.0,29.0),p(63.0,22.0),p(70.0,26.0)), Trans=[T(F_2T,[31.0, 2.0])], SupMTPs=null
   19. CF=1.71, COV=    12, UL=    24, PL=  12, TL=   2, Pat=P(p(19.0,26.0),p(47.0,26.0),p(59.0,24.0),p(67.0,30.0),p(87.0,25.0),p(90.0,26.0)), Trans=[T(F_2T,[11.0, 2.0])], SupMTPs=null
   20. CF=1.67, COV=    10, UL=    20, PL=  10, TL=   2, Pat=P(p(10.0,24.0),p(14.0,25.0),p(34.0,24.0),p(43.0,28.0),p(55.0,24.0)), Trans=[T(F_2T,[44.0, 3.0])], SupMTPs=null
   21. CF=1.67, COV=    10, UL=    20, PL=  10, TL=   2, Pat=P(p(14.0,25.0),p(39.0,27.0),p(43.0,28.0),p(51.0,26.0),p(55.0,24.0)), Trans=[T(F_2T,[39.0, 0.0])], SupMTPs=null
   22. CF=1.67, COV=    10, UL=    20, PL=  10, TL=   2, Pat=P(p(43.0,28.0),p(45.0,27.0),p(51.0,26.0),p(82.0,28.0),p(87.0,31.0)), Trans=[T(F_2T,[12.0, -4.0])], SupMTPs=null
   23. CF=1.67, COV=    10, UL=    20, PL=  10, TL=   2, Pat=P(p(51.0,26.0),p(54.0,27.0),p(66.0,21.0),p(67.0,30.0),p(70.0,26.0)), Trans=[T(F_2T,[36.0, -1.0])], SupMTPs=null
   24. CF=1.67, COV=    10, UL=    20, PL=   8, TL=   4, Pat=P(p(6.0,23.0),p(10.0,24.0),p(54.0,27.0),p(58.0,28.0)), Trans=[T(F_2T,[4.0, 1.0]), T(F_2T,[33.0, 4.0])], SupMTPs=null
   25. CF=1.67, COV=    10, UL=    20, PL=   6, TL=   6, Pat=P(p(6.0,23.0),p(10.0,24.0),p(39.0,27.0)), Trans=[T(F_2T,[4.0, 1.0]), T(F_2T,[48.0, 4.0]), T(F_2T,[52.0, 5.0])], SupMTPs=null
   26. CF=1.64, COV=     9, UL=    18, PL=   6, TL=   5, Pat=P(p(6.0,23.0),p(10.0,24.0),p(14.0,25.0)), Trans=[T(F_2T,[48.0, 4.0]), T(F_2TR,[92.0, -50.0, -1.0])], SupMTPs=null
   27. CF=1.64, COV=     9, UL=    18, PL=   6, TL=   5, Pat=P(p(6.0,23.0),p(14.0,25.0),p(26.0,25.0)), Trans=[T(F_2T,[48.0, 4.0]), T(F_2TR,[76.0, -51.0, -1.0])], SupMTPs=null
   28. CF=1.64, COV=     9, UL=    18, PL=   6, TL=   5, Pat=P(p(10.0,24.0),p(47.0,26.0),p(49.0,25.0)), Trans=[T(F_2T,[48.0, 4.0]), T(F_2TR,[52.0, -53.0, -1.0])], SupMTPs=null
   29. CF=1.64, COV=     9, UL=    18, PL=   6, TL=   5, Pat=P(p(14.0,25.0),p(30.0,28.0),p(39.0,27.0)), Trans=[T(F_2T,[48.0, 4.0]), T(F_2TR,[60.0, -54.0, -1.0])], SupMTPs=null
   30. CF=1.64, COV=     9, UL=    18, PL=   6, TL=   5, Pat=P(p(14.0,25.0),p(45.0,27.0),p(47.0,26.0)), Trans=[T(F_2T,[48.0, 4.0]), T(F_2TR,[12.0, -50.0, -1.0])], SupMTPs=null
   31. CF=1.64, COV=     9, UL=    18, PL=   6, TL=   5, Pat=P(p(39.0,27.0),p(43.0,28.0),p(45.0,27.0)), Trans=[T(F_2T,[48.0, 4.0]), T(F_2TR,[58.0, -56.0, -1.0])], SupMTPs=null
   32. CF=1.64, COV=     9, UL=    18, PL=   6, TL=   5, Pat=P(p(45.0,27.0),p(53.0,25.0),p(97.0,29.0)), Trans=[T(F_2T,[-2.0, 1.0]), T(F_2TR,[9.0, -54.0, -1.0])], SupMTPs=null
   33. CF=1.64, COV=     9, UL=    18, PL=   6, TL=   5, Pat=P(p(47.0,26.0),p(55.0,24.0),p(78.0,27.0)), Trans=[T(F_2T,[-4.0, 2.0]), T(F_2TR,[7.0, -53.0, -1.0])], SupMTPs=null
   34. CF=1.64, COV=     9, UL=    18, PL=   6, TL=   5, Pat=P(p(53.0,25.0),p(58.0,28.0),p(61.0,23.0)), Trans=[T(F_2T,[29.0, 3.0]), T(F_2TR,[1.0, -52.0, -1.0])], SupMTPs=null
   35. CF=1.60, COV=     8, UL=    16, PL=   8, TL=   2, Pat=P(p(6.0,23.0),p(54.0,27.0),p(57.0,23.0),p(90.0,26.0)), Trans=[T(F_2T,[13.0, 3.0])], SupMTPs=null
   36. CF=1.60, COV=     8, UL=    16, PL=   8, TL=   2, Pat=P(p(6.0,23.0),p(54.0,27.0),p(59.0,24.0),p(70.0,26.0)), Trans=[T(F_2T,[28.0, 1.0])], SupMTPs=null
   37. CF=1.60, COV=     8, UL=    16, PL=   8, TL=   2, Pat=P(p(14.0,25.0),p(45.0,27.0),p(53.0,25.0),p(57.0,23.0)), Trans=[T(F_2T,[37.0, 1.0])], SupMTPs=null
   38. CF=1.60, COV=     8, UL=    16, PL=   8, TL=   2, Pat=P(p(19.0,26.0),p(67.0,30.0),p(78.0,27.0),p(87.0,25.0)), Trans=[T(F_2T,[7.0, -1.0])], SupMTPs=null
   39. CF=1.60, COV=     8, UL=    16, PL=   8, TL=   2, Pat=P(p(26.0,25.0),p(34.0,24.0),p(74.0,29.0),p(82.0,28.0)), Trans=[T(F_2T,[13.0, 2.0])], SupMTPs=null
   40. CF=1.60, COV=     8, UL=    16, PL=   8, TL=   2, Pat=P(p(26.0,25.0),p(49.0,25.0),p(74.0,29.0),p(82.0,28.0)), Trans=[T(F_2T,[21.0, 1.0])], SupMTPs=null
   41. CF=1.60, COV=     8, UL=    16, PL=   8, TL=   2, Pat=P(p(34.0,24.0),p(53.0,25.0),p(78.0,27.0),p(82.0,28.0)), Trans=[T(F_2T,[9.0, 4.0])], SupMTPs=null
   42. CF=1.60, COV=     8, UL=    16, PL=   8, TL=   2, Pat=P(p(34.0,24.0),p(53.0,25.0),p(82.0,28.0),p(94.0,24.0)), Trans=[T(F_2T,[5.0, 3.0])], SupMTPs=null
   43. CF=1.60, COV=     8, UL=    16, PL=   8, TL=   2, Pat=P(p(45.0,27.0),p(47.0,26.0),p(49.0,25.0),p(87.0,31.0)), Trans=[T(F_2T,[14.0, -3.0])], SupMTPs=null
   44. CF=1.60, COV=     8, UL=    16, PL=   8, TL=   2, Pat=P(p(54.0,27.0),p(82.0,28.0),p(97.0,29.0),p(101.0,28.0)), Trans=[T(F_2T,[5.0, -3.0])], SupMTPs=null
   45. CF=1.60, COV=     8, UL=    16, PL=   6, TL=   4, Pat=P(p(26.0,25.0),p(39.0,27.0),p(47.0,26.0)), Trans=[T(F_2T,[48.0, 4.0]), T(F_2T,[56.0, 3.0])], SupMTPs=null
   46. CF=1.57, COV=    11, UL=    22, PL=   8, TL=   6, Pat=P(p(47.0,26.0),p(49.0,25.0),p(55.0,24.0),p(57.0,23.0)), Trans=[T(F_2T,[-4.0, 2.0]), T(F_2T,[4.0, 0.0]), T(F_2T,[6.0, -1.0])], SupMTPs=null
   47. CF=1.56, COV=    14, UL=    28, PL=  16, TL=   2, Pat=P(p(6.0,23.0),p(10.0,24.0),p(39.0,27.0),p(54.0,27.0),p(58.0,28.0),p(78.0,27.0),p(87.0,31.0),p(102.0,20.0)), Trans=[T(F_2T,[4.0, 1.0])], SupMTPs=null
   48. CF=1.54, COV=    10, UL=    20, PL=  10, TL=   3, Pat=P(p(10.0,24.0),p(26.0,25.0),p(34.0,24.0),p(55.0,24.0),p(57.0,23.0)), Trans=[T(F_2TR,[44.0, -51.0, -1.0])], SupMTPs=null
   49. CF=1.54, COV=    10, UL=    20, PL=  10, TL=   3, Pat=P(p(47.0,26.0),p(54.0,27.0),p(59.0,24.0),p(61.0,23.0),p(63.0,22.0)), Trans=[T(F_2TR,[40.0, -51.0, -1.0])], SupMTPs=null
   50. CF=1.54, COV=    10, UL=    20, PL=  10, TL=   3, Pat=P(p(51.0,26.0),p(53.0,25.0),p(54.0,27.0),p(55.0,24.0),p(58.0,28.0)), Trans=[T(F_2TR,[48.0, -53.0, -1.0])], SupMTPs=null
   51. CF=1.54, COV=    10, UL=    20, PL=   6, TL=   7, Pat=P(p(14.0,25.0),p(53.0,25.0),p(58.0,28.0)), Trans=[T(F_2T,[29.0, 3.0]), T(F_2T,[41.0, -1.0]), T(F_2TR,[29.0, -53.0, -1.0])], SupMTPs=null
   52. CF=1.50, COV=    15, UL=    30, PL=  18, TL=   2, Pat=P(p(43.0,28.0),p(45.0,27.0),p(47.0,26.0),p(49.0,25.0),p(51.0,26.0),p(53.0,25.0),p(55.0,24.0),p(82.0,28.0),p(98.0,27.0)), Trans=[T(F_2T,[8.0, -2.0])], SupMTPs=null
   53. CF=1.50, COV=     9, UL=    18, PL=  10, TL=   2, Pat=P(p(26.0,25.0),p(39.0,27.0),p(74.0,29.0),p(87.0,31.0),p(95.0,30.0)), Trans=[T(F_2T,[8.0, -1.0])], SupMTPs=null
   54. CF=1.50, COV=     9, UL=    18, PL=   6, TL=   6, Pat=P(p(6.0,23.0),p(14.0,25.0),p(53.0,25.0)), Trans=[T(F_2TR,[37.0, -51.0, -1.0]), T(F_2TR,[41.0, -49.0, -1.0])], SupMTPs=null
   55. CF=1.50, COV=     9, UL=    18, PL=   6, TL=   6, Pat=P(p(34.0,24.0),p(49.0,25.0),p(51.0,26.0)), Trans=[T(F_2TR,[-4.0, -52.0, -1.0]), T(F_2TR,[44.0, -56.0, -1.0])], SupMTPs=null
   56. CF=1.50, COV=     6, UL=    12, PL=   6, TL=   2, Pat=P(p(6.0,23.0),p(19.0,26.0),p(51.0,26.0)), Trans=[T(F_2T,[51.0, 0.0])], SupMTPs=null
   57. CF=1.50, COV=     6, UL=    12, PL=   6, TL=   2, Pat=P(p(6.0,23.0),p(54.0,27.0),p(61.0,23.0)), Trans=[T(F_2T,[41.0, 3.0])], SupMTPs=null
   58. CF=1.50, COV=     6, UL=    12, PL=   6, TL=   2, Pat=P(p(6.0,23.0),p(54.0,27.0),p(63.0,22.0)), Trans=[T(F_2T,[39.0, 4.0])], SupMTPs=null
   59. CF=1.50, COV=     6, UL=    12, PL=   6, TL=   2, Pat=P(p(6.0,23.0),p(54.0,27.0),p(66.0,21.0)), Trans=[T(F_2T,[24.0, 5.0])], SupMTPs=null
   60. CF=1.50, COV=     6, UL=    12, PL=   6, TL=   2, Pat=P(p(6.0,23.0),p(54.0,27.0),p(94.0,24.0)), Trans=[T(F_2T,[8.0, 2.0])], SupMTPs=null
   61. CF=1.50, COV=     6, UL=    12, PL=   6, TL=   2, Pat=P(p(10.0,24.0),p(30.0,28.0),p(58.0,28.0)), Trans=[T(F_2T,[37.0, 2.0])], SupMTPs=null
   62. CF=1.50, COV=     6, UL=    12, PL=   6, TL=   2, Pat=P(p(10.0,24.0),p(47.0,26.0),p(58.0,28.0)), Trans=[T(F_2T,[20.0, 4.0])], SupMTPs=null
   63. CF=1.50, COV=     6, UL=    12, PL=   6, TL=   2, Pat=P(p(14.0,25.0),p(26.0,25.0),p(49.0,25.0)), Trans=[T(F_2T,[48.0, 4.0])], SupMTPs=null
   64. CF=1.50, COV=     6, UL=    12, PL=   6, TL=   2, Pat=P(p(14.0,25.0),p(62.0,29.0),p(90.0,26.0)), Trans=[T(F_2T,[12.0, 0.0])], SupMTPs=null
   65. CF=1.50, COV=     6, UL=    12, PL=   6, TL=   2, Pat=P(p(19.0,26.0),p(23.5,26.0),p(47.0,26.0)), Trans=[T(F_2T,[48.0, 4.0])], SupMTPs=null
   66. CF=1.50, COV=     6, UL=    12, PL=   6, TL=   2, Pat=P(p(19.0,26.0),p(30.0,28.0),p(67.0,30.0)), Trans=[T(F_2T,[28.0, 0.0])], SupMTPs=null
   67. CF=1.50, COV=     6, UL=    12, PL=   6, TL=   2, Pat=P(p(19.0,26.0),p(47.0,26.0),p(90.0,26.0)), Trans=[T(F_2T,[11.0, 2.0])], SupMTPs=null
   68. CF=1.50, COV=     6, UL=    12, PL=   6, TL=   2, Pat=P(p(19.0,26.0),p(55.0,24.0),p(63.0,22.0)), Trans=[T(F_2T,[43.0, 3.0])], SupMTPs=null
   69. CF=1.50, COV=     6, UL=    12, PL=   6, TL=   2, Pat=P(p(22.5,27.0),p(39.0,27.0),p(45.0,27.0)), Trans=[T(F_2T,[48.0, 4.0])], SupMTPs=null
   70. CF=1.50, COV=     6, UL=    12, PL=   6, TL=   2, Pat=P(p(26.0,25.0),p(47.0,26.0),p(74.0,29.0)), Trans=[T(F_2T,[23.0, 0.0])], SupMTPs=null
   71. CF=1.50, COV=     6, UL=    12, PL=   6, TL=   2, Pat=P(p(30.0,28.0),p(53.0,25.0),p(55.0,24.0)), Trans=[T(F_2T,[32.0, 1.0])], SupMTPs=null
   72. CF=1.50, COV=     6, UL=    12, PL=   6, TL=   2, Pat=P(p(34.0,24.0),p(47.0,26.0),p(61.0,23.0)), Trans=[T(F_2T,[40.0, 5.0])], SupMTPs=null
   73. CF=1.50, COV=     6, UL=    12, PL=   6, TL=   2, Pat=P(p(34.0,24.0),p(51.0,26.0),p(82.0,28.0)), Trans=[T(F_2T,[11.0, 3.0])], SupMTPs=null
   74. CF=1.50, COV=     6, UL=    12, PL=   6, TL=   2, Pat=P(p(39.0,27.0),p(43.0,28.0),p(70.0,26.0)), Trans=[T(F_2T,[15.0, 0.0])], SupMTPs=null
   75. CF=1.50, COV=     6, UL=    12, PL=   6, TL=   2, Pat=P(p(39.0,27.0),p(47.0,26.0),p(55.0,24.0)), Trans=[T(F_2T,[35.0, 2.0])], SupMTPs=null
   76. CF=1.50, COV=     6, UL=    12, PL=   6, TL=   2, Pat=P(p(39.0,27.0),p(57.0,23.0),p(66.0,21.0)), Trans=[T(F_2T,[28.0, 3.0])], SupMTPs=null
   77. CF=1.50, COV=     6, UL=    12, PL=   6, TL=   2, Pat=P(p(39.0,27.0),p(74.0,29.0),p(78.0,27.0)), Trans=[T(F_2T,[16.0, -3.0])], SupMTPs=null
   78. CF=1.50, COV=     6, UL=    12, PL=   6, TL=   2, Pat=P(p(39.0,27.0),p(87.0,31.0),p(93.0,31.0)), Trans=[T(F_2T,[10.0, -2.0])], SupMTPs=null
   79. CF=1.50, COV=     6, UL=    12, PL=   6, TL=   2, Pat=P(p(39.0,27.0),p(87.0,31.0),p(97.0,29.0)), Trans=[T(F_2T,[6.0, 0.0])], SupMTPs=null
   80. CF=1.50, COV=     6, UL=    12, PL=   6, TL=   2, Pat=P(p(45.0,27.0),p(47.0,26.0),p(58.0,28.0)), Trans=[T(F_2T,[40.0, -1.0])], SupMTPs=null
   81. CF=1.50, COV=     6, UL=    12, PL=   6, TL=   2, Pat=P(p(45.0,27.0),p(57.0,23.0),p(59.0,24.0)), Trans=[T(F_2T,[42.0, 4.0])], SupMTPs=null
   82. CF=1.50, COV=     6, UL=    12, PL=   6, TL=   2, Pat=P(p(47.0,26.0),p(49.0,25.0),p(58.0,28.0)), Trans=[T(F_2T,[12.0, -2.0])], SupMTPs=null
   83. CF=1.50, COV=     6, UL=    12, PL=   6, TL=   2, Pat=P(p(49.0,25.0),p(54.0,27.0),p(57.0,23.0)), Trans=[T(F_2T,[49.0, 2.0])], SupMTPs=null
   84. CF=1.50, COV=     6, UL=    12, PL=   6, TL=   2, Pat=P(p(49.0,25.0),p(57.0,23.0),p(70.0,26.0)), Trans=[T(F_2T,[33.0, 3.0])], SupMTPs=null
   85. CF=1.50, COV=     6, UL=    12, PL=   6, TL=   2, Pat=P(p(51.0,26.0),p(54.0,27.0),p(59.0,24.0)), Trans=[T(F_2T,[47.0, 1.0])], SupMTPs=null
   86. CF=1.50, COV=     6, UL=    12, PL=   6, TL=   2, Pat=P(p(51.0,26.0),p(63.0,22.0),p(66.0,21.0)), Trans=[T(F_2T,[36.0, 5.0])], SupMTPs=null
   87. CF=1.50, COV=     6, UL=    12, PL=   6, TL=   2, Pat=P(p(51.0,26.0),p(82.0,28.0),p(87.0,25.0)), Trans=[T(F_2T,[19.0, 0.0])], SupMTPs=null
   88. CF=1.50, COV=     6, UL=    12, PL=   6, TL=   2, Pat=P(p(51.0,26.0),p(87.0,25.0),p(87.0,31.0)), Trans=[T(F_2T,[15.0, -5.0])], SupMTPs=null
   89. CF=1.50, COV=     6, UL=    12, PL=   6, TL=   2, Pat=P(p(51.0,26.0),p(87.0,25.0),p(98.0,27.0)), Trans=[T(F_2T,[3.0, 1.0])], SupMTPs=null
   90. CF=1.50, COV=     6, UL=    12, PL=   6, TL=   2, Pat=P(p(53.0,25.0),p(57.0,23.0),p(66.0,21.0)), Trans=[T(F_2T,[21.0, 4.0])], SupMTPs=null
   91. CF=1.50, COV=     6, UL=    12, PL=   6, TL=   2, Pat=P(p(54.0,27.0),p(67.0,30.0),p(103.0,29.0)), Trans=[T(F_2T,[3.0, -4.0])], SupMTPs=null
   92. CF=1.50, COV=     6, UL=    12, PL=   6, TL=   2, Pat=P(p(54.0,27.0),p(82.0,28.0),p(90.0,26.0)), Trans=[T(F_2T,[16.0, -1.0])], SupMTPs=null
   93. CF=1.50, COV=     6, UL=    12, PL=   6, TL=   2, Pat=P(p(55.0,24.0),p(67.0,30.0),p(74.0,29.0)), Trans=[T(F_2T,[11.0, -3.0])], SupMTPs=null
   94. CF=1.50, COV=     6, UL=    12, PL=   6, TL=   2, Pat=P(p(57.0,23.0),p(78.0,27.0),p(85.0,26.0)), Trans=[T(F_2T,[9.0, -2.0])], SupMTPs=null
   95. CF=1.45, COV=     8, UL=    16, PL=   8, TL=   3, Pat=P(p(6.0,23.0),p(14.0,25.0),p(49.0,25.0),p(57.0,23.0)), Trans=[T(F_2TR,[45.0, -49.0, -1.0])], SupMTPs=null
   96. CF=1.45, COV=     8, UL=    16, PL=   8, TL=   3, Pat=P(p(6.0,23.0),p(14.0,25.0),p(53.0,25.0),p(61.0,23.0)), Trans=[T(F_2TR,[41.0, -49.0, -1.0])], SupMTPs=null
   97. CF=1.45, COV=     8, UL=    16, PL=   8, TL=   3, Pat=P(p(6.0,23.0),p(49.0,25.0),p(53.0,25.0),p(98.0,27.0)), Trans=[T(F_2TR,[8.0, -48.0, -1.0])], SupMTPs=null
   98. CF=1.45, COV=     8, UL=    16, PL=   8, TL=   3, Pat=P(p(6.0,23.0),p(66.0,21.0),p(98.0,27.0),p(102.0,26.0)), Trans=[T(F_2TR,[4.0, -47.0, -1.0])], SupMTPs=null
   99. CF=1.45, COV=     8, UL=    16, PL=   8, TL=   3, Pat=P(p(14.0,25.0),p(34.0,24.0),p(54.0,27.0),p(94.0,24.0)), Trans=[T(F_2TR,[5.0, -51.0, -1.0])], SupMTPs=null
  100. CF=1.45, COV=     8, UL=    16, PL=   8, TL=   3, Pat=P(p(14.0,25.0),p(53.0,25.0),p(58.0,28.0),p(70.0,26.0)), Trans=[T(F_2TR,[29.0, -53.0, -1.0])], SupMTPs=null
  101. CF=1.45, COV=     8, UL=    16, PL=   8, TL=   3, Pat=P(p(26.0,25.0),p(49.0,25.0),p(61.0,23.0),p(85.0,26.0)), Trans=[T(F_2TR,[21.0, -51.0, -1.0])], SupMTPs=null
  102. CF=1.45, COV=     8, UL=    16, PL=   8, TL=   3, Pat=P(p(30.0,28.0),p(45.0,27.0),p(47.0,26.0),p(63.0,22.0)), Trans=[T(F_2TR,[4.0, -52.0, -1.0])], SupMTPs=null
  103. CF=1.45, COV=     8, UL=    16, PL=   8, TL=   3, Pat=P(p(39.0,27.0),p(54.0,27.0),p(70.0,26.0),p(78.0,27.0)), Trans=[T(F_2TR,[4.0, -55.0, -1.0])], SupMTPs=null
  104. CF=1.45, COV=     8, UL=    16, PL=   8, TL=   3, Pat=P(p(43.0,28.0),p(51.0,26.0),p(74.0,29.0),p(95.0,30.0)), Trans=[T(F_2TR,[11.0, -55.0, -1.0])], SupMTPs=null
  105. CF=1.45, COV=     8, UL=    16, PL=   8, TL=   3, Pat=P(p(43.0,28.0),p(82.0,28.0),p(87.0,25.0),p(90.0,26.0)), Trans=[T(F_2TR,[12.0, -52.0, -1.0])], SupMTPs=null
  106. CF=1.45, COV=     8, UL=    16, PL=   8, TL=   3, Pat=P(p(47.0,26.0),p(51.0,26.0),p(66.0,21.0),p(94.0,24.0)), Trans=[T(F_2TR,[8.0, -50.0, -1.0])], SupMTPs=null
  107. CF=1.45, COV=     8, UL=    16, PL=   8, TL=   3, Pat=P(p(49.0,25.0),p(51.0,26.0),p(62.0,29.0),p(90.0,26.0)), Trans=[T(F_2TR,[4.0, -50.0, -1.0])], SupMTPs=null
  108. CF=1.45, COV=     8, UL=    16, PL=   8, TL=   3, Pat=P(p(51.0,26.0),p(59.0,24.0),p(94.0,24.0),p(99.0,27.0)), Trans=[T(F_2TR,[3.0, -53.0, -1.0])], SupMTPs=null
  109. CF=1.45, COV=     8, UL=    16, PL=   8, TL=   3, Pat=P(p(53.0,25.0),p(54.0,27.0),p(58.0,28.0),p(62.0,29.0)), Trans=[T(F_2TR,[44.0, -54.0, -1.0])], SupMTPs=null
  110. CF=1.45, COV=     8, UL=    16, PL=   8, TL=   3, Pat=P(p(54.0,27.0),p(57.0,23.0),p(62.0,29.0),p(66.0,21.0)), Trans=[T(F_2TR,[1.0, -51.0, -1.0])], SupMTPs=null
  111. CF=1.45, COV=     8, UL=    16, PL=   8, TL=   3, Pat=P(p(54.0,27.0),p(59.0,24.0),p(62.0,29.0),p(74.0,29.0)), Trans=[T(F_2TR,[28.0, -55.0, -1.0])], SupMTPs=null
  112. CF=1.45, COV=     8, UL=    16, PL=   8, TL=   3, Pat=P(p(58.0,28.0),p(87.0,25.0),p(95.0,30.0),p(97.0,29.0)), Trans=[T(F_2TR,[4.0, -57.0, -1.0])], SupMTPs=null
  113. CF=1.45, COV=     8, UL=    16, PL=   8, TL=   3, Pat=P(p(59.0,24.0),p(78.0,27.0),p(82.0,28.0),p(87.0,31.0)), Trans=[T(F_2TR,[19.0, -56.0, -1.0])], SupMTPs=null
  114. CF=1.45, COV=     8, UL=    16, PL=   8, TL=   3, Pat=P(p(85.0,26.0),p(93.0,31.0),p(95.0,30.0),p(97.0,29.0)), Trans=[T(F_2TR,[6.0, -58.0, -1.0])], SupMTPs=null
  115. CF=1.45, COV=     8, UL=    16, PL=   6, TL=   5, Pat=P(p(43.0,28.0),p(45.0,27.0),p(61.0,23.0)), Trans=[T(F_2T,[2.0, -1.0]), T(F_2TR,[6.0, -53.0, -1.0])], SupMTPs=null
  116. CF=1.45, COV=     8, UL=    16, PL=   6, TL=   5, Pat=P(p(45.0,27.0),p(59.0,24.0),p(61.0,23.0)), Trans=[T(F_2T,[2.0, -1.0]), T(F_2TR,[42.0, -52.0, -1.0])], SupMTPs=null
  117. CF=1.45, COV=     8, UL=    16, PL=   6, TL=   5, Pat=P(p(49.0,25.0),p(61.0,23.0),p(63.0,22.0)), Trans=[T(F_2T,[-2.0, 1.0]), T(F_2TR,[38.0, -50.0, -1.0])], SupMTPs=null
  118. CF=1.45, COV=     8, UL=    16, PL=   6, TL=   5, Pat=P(p(97.0,29.0),p(98.0,27.0),p(102.0,26.0)), Trans=[T(F_2T,[4.0, -1.0]), T(F_2TR,[-44.0, -54.0, -1.0])], SupMTPs=null
  119. CF=1.40, COV=     7, UL=    14, PL=   8, TL=   2, Pat=P(p(14.0,25.0),p(53.0,25.0),p(62.0,29.0),p(78.0,27.0)), Trans=[T(F_2T,[25.0, 2.0])], SupMTPs=null
  120. CF=1.40, COV=     7, UL=    14, PL=   8, TL=   2, Pat=P(p(26.0,25.0),p(70.0,26.0),p(74.0,29.0),p(94.0,24.0)), Trans=[T(F_2T,[4.0, 3.0])], SupMTPs=null
  121. CF=1.40, COV=     7, UL=    14, PL=   8, TL=   2, Pat=P(p(49.0,25.0),p(57.0,23.0),p(99.0,27.0),p(101.0,28.0)), Trans=[T(F_2T,[2.0, 1.0])], SupMTPs=null
  122. CF=1.38, COV=    11, UL=    22, PL=  12, TL=   4, Pat=P(p(45.0,27.0),p(47.0,26.0),p(49.0,25.0),p(53.0,25.0),p(55.0,24.0),p(57.0,23.0)), Trans=[T(F_2T,[-2.0, 1.0]), T(F_2T,[6.0, -1.0])], SupMTPs=null
  123. CF=1.38, COV=    11, UL=    22, PL=  10, TL=   6, Pat=P(p(43.0,28.0),p(45.0,27.0),p(47.0,26.0),p(51.0,26.0),p(53.0,25.0)), Trans=[T(F_2T,[2.0, -1.0]), T(F_2T,[8.0, -2.0]), T(F_2T,[10.0, -3.0])], SupMTPs=null
  124. CF=1.33, COV=     8, UL=    16, PL=   6, TL=   6, Pat=P(p(63.0,22.0),p(66.0,21.0),p(78.0,27.0)), Trans=[T(F_2TR,[-12.0, -48.0, -1.0]), T(F_2TR,[24.0, -47.0, -1.0])], SupMTPs=null
  125. CF=1.33, COV=     6, UL=    12, PL=   6, TL=   3, Pat=P(p(10.0,24.0),p(61.0,23.0),p(66.0,21.0)), Trans=[T(F_2TR,[37.0, -50.0, -1.0])], SupMTPs=null
  126. CF=1.33, COV=     6, UL=    12, PL=   6, TL=   3, Pat=P(p(10.0,24.0),p(85.0,26.0),p(97.0,29.0)), Trans=[T(F_2TR,[9.0, -50.0, -1.0])], SupMTPs=null
  127. CF=1.33, COV=     6, UL=    12, PL=   6, TL=   3, Pat=P(p(14.0,25.0),p(30.0,28.0),p(53.0,25.0)), Trans=[T(F_2TR,[25.0, -52.0, -1.0])], SupMTPs=null
  128. CF=1.33, COV=     6, UL=    12, PL=   6, TL=   3, Pat=P(p(14.0,25.0),p(43.0,28.0),p(59.0,24.0)), Trans=[T(F_2TR,[44.0, -53.0, -1.0])], SupMTPs=null
  129. CF=1.33, COV=     6, UL=    12, PL=   6, TL=   3, Pat=P(p(14.0,25.0),p(55.0,24.0),p(67.0,30.0)), Trans=[T(F_2TR,[35.0, -50.0, -1.0])], SupMTPs=null
  130. CF=1.33, COV=     6, UL=    12, PL=   6, TL=   3, Pat=P(p(19.0,26.0),p(26.0,25.0),p(78.0,27.0)), Trans=[T(F_2TR,[28.0, -52.0, -1.0])], SupMTPs=null
  131. CF=1.33, COV=     6, UL=    12, PL=   6, TL=   3, Pat=P(p(19.0,26.0),p(43.0,28.0),p(51.0,26.0)), Trans=[T(F_2TR,[51.0, -52.0, -1.0])], SupMTPs=null
  132. CF=1.33, COV=     6, UL=    12, PL=   6, TL=   3, Pat=P(p(19.0,26.0),p(63.0,22.0),p(70.0,26.0)), Trans=[T(F_2TR,[32.0, -52.0, -1.0])], SupMTPs=null
  133. CF=1.33, COV=     6, UL=    12, PL=   6, TL=   3, Pat=P(p(26.0,25.0),p(51.0,26.0),p(87.0,31.0)), Trans=[T(F_2TR,[19.0, -52.0, -1.0])], SupMTPs=null
  134. CF=1.33, COV=     6, UL=    12, PL=   6, TL=   3, Pat=P(p(26.0,25.0),p(61.0,23.0),p(93.0,31.0)), Trans=[T(F_2TR,[13.0, -52.0, -1.0])], SupMTPs=null
  135. CF=1.33, COV=     6, UL=    12, PL=   6, TL=   3, Pat=P(p(30.0,28.0),p(53.0,25.0),p(78.0,27.0)), Trans=[T(F_2TR,[21.0, -54.0, -1.0])], SupMTPs=null
  136. CF=1.33, COV=     6, UL=    12, PL=   6, TL=   3, Pat=P(p(34.0,24.0),p(63.0,22.0),p(95.0,30.0)), Trans=[T(F_2TR,[11.0, -51.0, -1.0])], SupMTPs=null
  137. CF=1.33, COV=     6, UL=    12, PL=   6, TL=   3, Pat=P(p(34.0,24.0),p(70.0,26.0),p(78.0,32.0)), Trans=[T(F_2TR,[28.0, -53.0, -1.0])], SupMTPs=null
  138. CF=1.33, COV=     6, UL=    12, PL=   6, TL=   3, Pat=P(p(39.0,27.0),p(47.0,26.0),p(54.0,27.0)), Trans=[T(F_2TR,[31.0, -53.0, -1.0])], SupMTPs=null
  139. CF=1.33, COV=     6, UL=    12, PL=   6, TL=   3, Pat=P(p(39.0,27.0),p(55.0,24.0),p(67.0,30.0)), Trans=[T(F_2TR,[23.0, -56.0, -1.0])], SupMTPs=null
  140. CF=1.33, COV=     6, UL=    12, PL=   6, TL=   3, Pat=P(p(39.0,27.0),p(61.0,23.0),p(82.0,28.0)), Trans=[T(F_2TR,[24.0, -49.0, -1.0])], SupMTPs=null
  141. CF=1.33, COV=     6, UL=    12, PL=   6, TL=   3, Pat=P(p(39.0,27.0),p(66.0,21.0),p(78.0,27.0)), Trans=[T(F_2TR,[12.0, -53.0, -1.0])], SupMTPs=null
  142. CF=1.33, COV=     6, UL=    12, PL=   6, TL=   3, Pat=P(p(39.0,27.0),p(70.0,26.0),p(90.0,26.0)), Trans=[T(F_2TR,[8.0, -53.0, -1.0])], SupMTPs=null
  143. CF=1.33, COV=     6, UL=    12, PL=   6, TL=   3, Pat=P(p(39.0,27.0),p(78.0,27.0),p(90.0,26.0)), Trans=[T(F_2TR,[16.0, -51.0, -1.0])], SupMTPs=null
  144. CF=1.33, COV=     6, UL=    12, PL=   6, TL=   3, Pat=P(p(43.0,28.0),p(58.0,28.0),p(67.0,30.0)), Trans=[T(F_2TR,[27.0, -54.0, -1.0])], SupMTPs=null
  145. CF=1.33, COV=     6, UL=    12, PL=   6, TL=   3, Pat=P(p(43.0,28.0),p(59.0,24.0),p(82.0,28.0)), Trans=[T(F_2TR,[8.0, -54.0, -1.0])], SupMTPs=null
  146. CF=1.33, COV=     6, UL=    12, PL=   6, TL=   3, Pat=P(p(49.0,25.0),p(51.0,26.0),p(70.0,26.0)), Trans=[T(F_2TR,[36.0, -51.0, -1.0])], SupMTPs=null
  147. CF=1.33, COV=     6, UL=    12, PL=   6, TL=   3, Pat=P(p(49.0,25.0),p(57.0,23.0),p(85.0,26.0)), Trans=[T(F_2TR,[5.0, -52.0, -1.0])], SupMTPs=null
  148. CF=1.33, COV=     6, UL=    12, PL=   6, TL=   3, Pat=P(p(49.0,25.0),p(90.0,26.0),p(94.0,24.0)), Trans=[T(F_2TR,[9.0, -53.0, -1.0])], SupMTPs=null
  149. CF=1.33, COV=     6, UL=    12, PL=   6, TL=   3, Pat=P(p(51.0,26.0),p(62.0,29.0),p(78.0,27.0)), Trans=[T(F_2TR,[23.0, -55.0, -1.0])], SupMTPs=null
  150. CF=1.33, COV=     6, UL=    12, PL=   6, TL=   3, Pat=P(p(51.0,26.0),p(62.0,29.0),p(78.0,32.0)), Trans=[T(F_2TR,[16.0, -56.0, -1.0])], SupMTPs=null
  151. CF=1.33, COV=     6, UL=    12, PL=   6, TL=   3, Pat=P(p(53.0,25.0),p(82.0,28.0),p(101.0,28.0)), Trans=[T(F_2TR,[5.0, -53.0, -1.0])], SupMTPs=null
  152. CF=1.33, COV=     6, UL=    12, PL=   6, TL=   3, Pat=P(p(57.0,23.0),p(59.0,24.0),p(74.0,29.0)), Trans=[T(F_2TR,[28.0, -49.0, -1.0])], SupMTPs=null
  153. CF=1.33, COV=     6, UL=    12, PL=   6, TL=   3, Pat=P(p(58.0,28.0),p(61.0,23.0),p(74.0,29.0)), Trans=[T(F_2TR,[32.0, -54.0, -1.0])], SupMTPs=null
  154. CF=1.33, COV=     6, UL=    12, PL=   6, TL=   3, Pat=P(p(63.0,22.0),p(78.0,27.0),p(82.0,28.0)), Trans=[T(F_2TR,[24.0, -53.0, -1.0])], SupMTPs=null
  155. CF=1.33, COV=     6, UL=    12, PL=   6, TL=   3, Pat=P(p(70.0,26.0),p(74.0,29.0),p(78.0,27.0)), Trans=[T(F_2TR,[25.0, -56.0, -1.0])], SupMTPs=null
  156. CF=1.33, COV=     6, UL=    12, PL=   6, TL=   3, Pat=P(p(94.0,24.0),p(98.0,27.0),p(101.0,28.0)), Trans=[T(F_2TR,[1.0, -54.0, -1.0])], SupMTPs=null
  157. CF=1.31, COV=    17, UL=    34, PL=  24, TL=   2, Pat=P(p(43.0,28.0),p(45.0,27.0),p(47.0,26.0),p(51.0,26.0),p(53.0,25.0),p(55.0,24.0),p(59.0,24.0),p(61.0,23.0),p(85.0,26.0),p(91.0,32.0),p(93.0,31.0),p(95.0,30.0)), Trans=[T(F_2T,[2.0, -1.0])], SupMTPs=null
  158. CF=1.27, COV=     7, UL=    14, PL=   8, TL=   3, Pat=P(p(49.0,25.0),p(51.0,26.0),p(54.0,27.0),p(66.0,21.0)), Trans=[T(F_2TR,[12.0, -48.0, -1.0])], SupMTPs=null
  159. CF=1.27, COV=     7, UL=    14, PL=   6, TL=   5, Pat=P(p(10.0,24.0),p(34.0,24.0),p(39.0,27.0)), Trans=[T(F_2T,[48.0, 4.0]), T(F_2TR,[48.0, -52.0, -1.0])], SupMTPs=null
  160. CF=1.25, COV=     5, UL=    10, PL=   6, TL=   2, Pat=P(p(54.0,27.0),p(78.0,32.0),p(90.0,26.0)), Trans=[T(F_2T,[12.0, -6.0])], SupMTPs=null
  161. CF=1.14, COV=     8, UL=    16, PL=   6, TL=   8, Pat=P(p(47.0,26.0),p(49.0,25.0),p(51.0,26.0)), Trans=[T(F_2T,[8.0, -2.0]), T(F_2TR,[2.0, -51.0, -1.0]), T(F_2TR,[10.0, -49.0, -1.0])], SupMTPs=null
  162. CF=1.11, COV=     5, UL=    10, PL=   6, TL=   3, Pat=P(p(55.0,24.0),p(58.0,28.0),p(70.0,26.0)), Trans=[T(F_2TR,[12.0, -54.0, -1.0])], SupMTPs=null
  163. CF=1.11, COV=     5, UL=    10, PL=   6, TL=   3, Pat=P(p(87.0,31.0),p(90.0,26.0),p(95.0,30.0)), Trans=[T(F_2TR,[3.0, -57.0, -1.0])], SupMTPs=null
  164. CF=1.09, COV=     6, UL=    12, PL=   8, TL=   3, Pat=P(p(47.0,26.0),p(49.0,25.0),p(51.0,26.0),p(85.0,26.0)), Trans=[T(F_2TR,[2.0, -51.0, -1.0])], SupMTPs=null
  165. CF=1.00, COV=     4, UL=     8, PL=   6, TL=   2, Pat=P(p(19.0,26.0),p(43.0,28.0),p(67.0,30.0)), Trans=[T(F_2T,[24.0, 2.0])], SupMTPs=null

Occurrence sets sorted decreasing by coverage then cf:
    1. CF=1.87, COV=    28, UL=    56, PL=  28, TL=   2, Pat=P(p(6.0,23.0),p(10.0,24.0),p(14.0,25.0),p(19.0,26.0),p(22.5,27.0),p(23.5,26.0),p(26.0,25.0),p(30.0,28.0),p(34.0,24.0),p(39.0,27.0),p(43.0,28.0),p(45.0,27.0),p(47.0,26.0),p(49.0,25.0)), Trans=[T(F_2T,[48.0, 4.0])], SupMTPs=null
    2. CF=1.80, COV=    18, UL=    36, PL=  18, TL=   2, Pat=P(p(43.0,28.0),p(45.0,27.0),p(51.0,26.0),p(53.0,25.0),p(59.0,24.0),p(74.0,29.0),p(90.0,26.0),p(91.0,32.0),p(93.0,31.0)), Trans=[T(F_2T,[4.0, -2.0])], SupMTPs=null
    3. CF=1.71, COV=    18, UL=    36, PL=   6, TL=  15, Pat=P(p(43.0,28.0),p(45.0,27.0),p(47.0,26.0)), Trans=[T(F_2T,[2.0, -1.0]), T(F_2T,[8.0, -2.0]), T(F_2T,[10.0, -3.0]), T(F_2T,[16.0, -4.0]), T(F_2T,[48.0, 4.0]), T(F_2T,[50.0, 3.0]), T(F_2TR,[56.0, -55.0, -1.0])], SupMTPs=null
    4. CF=1.31, COV=    17, UL=    34, PL=  24, TL=   2, Pat=P(p(43.0,28.0),p(45.0,27.0),p(47.0,26.0),p(51.0,26.0),p(53.0,25.0),p(55.0,24.0),p(59.0,24.0),p(61.0,23.0),p(85.0,26.0),p(91.0,32.0),p(93.0,31.0),p(95.0,30.0)), Trans=[T(F_2T,[2.0, -1.0])], SupMTPs=null
    5. CF=1.50, COV=    15, UL=    30, PL=  18, TL=   2, Pat=P(p(43.0,28.0),p(45.0,27.0),p(47.0,26.0),p(49.0,25.0),p(51.0,26.0),p(53.0,25.0),p(55.0,24.0),p(82.0,28.0),p(98.0,27.0)), Trans=[T(F_2T,[8.0, -2.0])], SupMTPs=null
    6. CF=1.56, COV=    14, UL=    28, PL=  16, TL=   2, Pat=P(p(6.0,23.0),p(10.0,24.0),p(39.0,27.0),p(54.0,27.0),p(58.0,28.0),p(78.0,27.0),p(87.0,31.0),p(102.0,20.0)), Trans=[T(F_2T,[4.0, 1.0])], SupMTPs=null
    7. CF=2.00, COV=    12, UL=    24, PL=   8, TL=   4, Pat=P(p(51.0,26.0),p(53.0,25.0),p(55.0,24.0),p(57.0,23.0)), Trans=[T(F_2T,[-8.0, 2.0]), T(F_2T,[40.0, 6.0])], SupMTPs=null
    8. CF=2.00, COV=    12, UL=    24, PL=   6, TL=   6, Pat=P(p(43.0,28.0),p(51.0,26.0),p(91.0,32.0)), Trans=[T(F_2T,[2.0, -1.0]), T(F_2T,[4.0, -2.0]), T(F_2T,[6.0, -3.0])], SupMTPs=null
    9. CF=1.85, COV=    12, UL=    24, PL=   6, TL=   7, Pat=P(p(34.0,24.0),p(39.0,27.0),p(43.0,28.0)), Trans=[T(F_2T,[19.0, 1.0]), T(F_2T,[48.0, 4.0]), T(F_2TR,[63.0, -53.0, -1.0])], SupMTPs=null
   10. CF=1.71, COV=    12, UL=    24, PL=  12, TL=   2, Pat=P(p(10.0,24.0),p(14.0,25.0),p(53.0,25.0),p(58.0,28.0),p(61.0,23.0),p(62.0,29.0)), Trans=[T(F_2T,[29.0, 3.0])], SupMTPs=null
   11. CF=1.71, COV=    12, UL=    24, PL=  12, TL=   2, Pat=P(p(14.0,25.0),p(51.0,26.0),p(59.0,24.0),p(62.0,29.0),p(63.0,22.0),p(70.0,26.0)), Trans=[T(F_2T,[31.0, 2.0])], SupMTPs=null
   12. CF=1.71, COV=    12, UL=    24, PL=  12, TL=   2, Pat=P(p(19.0,26.0),p(47.0,26.0),p(59.0,24.0),p(67.0,30.0),p(87.0,25.0),p(90.0,26.0)), Trans=[T(F_2T,[11.0, 2.0])], SupMTPs=null
   13. CF=1.83, COV=    11, UL=    22, PL=   6, TL=   6, Pat=P(p(10.0,24.0),p(54.0,27.0),p(58.0,28.0)), Trans=[T(F_2T,[4.0, 1.0]), T(F_2T,[24.0, 0.0]), T(F_2T,[33.0, 4.0])], SupMTPs=null
   14. CF=1.57, COV=    11, UL=    22, PL=   8, TL=   6, Pat=P(p(47.0,26.0),p(49.0,25.0),p(55.0,24.0),p(57.0,23.0)), Trans=[T(F_2T,[-4.0, 2.0]), T(F_2T,[4.0, 0.0]), T(F_2T,[6.0, -1.0])], SupMTPs=null
   15. CF=1.38, COV=    11, UL=    22, PL=  12, TL=   4, Pat=P(p(45.0,27.0),p(47.0,26.0),p(49.0,25.0),p(53.0,25.0),p(55.0,24.0),p(57.0,23.0)), Trans=[T(F_2T,[-2.0, 1.0]), T(F_2T,[6.0, -1.0])], SupMTPs=null
   16. CF=1.38, COV=    11, UL=    22, PL=  10, TL=   6, Pat=P(p(43.0,28.0),p(45.0,27.0),p(47.0,26.0),p(51.0,26.0),p(53.0,25.0)), Trans=[T(F_2T,[2.0, -1.0]), T(F_2T,[8.0, -2.0]), T(F_2T,[10.0, -3.0])], SupMTPs=null
   17. CF=1.67, COV=    10, UL=    20, PL=  10, TL=   2, Pat=P(p(10.0,24.0),p(14.0,25.0),p(34.0,24.0),p(43.0,28.0),p(55.0,24.0)), Trans=[T(F_2T,[44.0, 3.0])], SupMTPs=null
   18. CF=1.67, COV=    10, UL=    20, PL=  10, TL=   2, Pat=P(p(14.0,25.0),p(39.0,27.0),p(43.0,28.0),p(51.0,26.0),p(55.0,24.0)), Trans=[T(F_2T,[39.0, 0.0])], SupMTPs=null
   19. CF=1.67, COV=    10, UL=    20, PL=  10, TL=   2, Pat=P(p(43.0,28.0),p(45.0,27.0),p(51.0,26.0),p(82.0,28.0),p(87.0,31.0)), Trans=[T(F_2T,[12.0, -4.0])], SupMTPs=null
   20. CF=1.67, COV=    10, UL=    20, PL=  10, TL=   2, Pat=P(p(51.0,26.0),p(54.0,27.0),p(66.0,21.0),p(67.0,30.0),p(70.0,26.0)), Trans=[T(F_2T,[36.0, -1.0])], SupMTPs=null
   21. CF=1.67, COV=    10, UL=    20, PL=   8, TL=   4, Pat=P(p(6.0,23.0),p(10.0,24.0),p(54.0,27.0),p(58.0,28.0)), Trans=[T(F_2T,[4.0, 1.0]), T(F_2T,[33.0, 4.0])], SupMTPs=null
   22. CF=1.67, COV=    10, UL=    20, PL=   6, TL=   6, Pat=P(p(6.0,23.0),p(10.0,24.0),p(39.0,27.0)), Trans=[T(F_2T,[4.0, 1.0]), T(F_2T,[48.0, 4.0]), T(F_2T,[52.0, 5.0])], SupMTPs=null
   23. CF=1.54, COV=    10, UL=    20, PL=  10, TL=   3, Pat=P(p(10.0,24.0),p(26.0,25.0),p(34.0,24.0),p(55.0,24.0),p(57.0,23.0)), Trans=[T(F_2TR,[44.0, -51.0, -1.0])], SupMTPs=null
   24. CF=1.54, COV=    10, UL=    20, PL=  10, TL=   3, Pat=P(p(47.0,26.0),p(54.0,27.0),p(59.0,24.0),p(61.0,23.0),p(63.0,22.0)), Trans=[T(F_2TR,[40.0, -51.0, -1.0])], SupMTPs=null
   25. CF=1.54, COV=    10, UL=    20, PL=  10, TL=   3, Pat=P(p(51.0,26.0),p(53.0,25.0),p(54.0,27.0),p(55.0,24.0),p(58.0,28.0)), Trans=[T(F_2TR,[48.0, -53.0, -1.0])], SupMTPs=null
   26. CF=1.54, COV=    10, UL=    20, PL=   6, TL=   7, Pat=P(p(14.0,25.0),p(53.0,25.0),p(58.0,28.0)), Trans=[T(F_2T,[29.0, 3.0]), T(F_2T,[41.0, -1.0]), T(F_2TR,[29.0, -53.0, -1.0])], SupMTPs=null
   27. CF=1.80, COV=     9, UL=    18, PL=   6, TL=   4, Pat=P(p(6.0,23.0),p(34.0,24.0),p(49.0,25.0)), Trans=[T(F_2T,[48.0, 4.0]), T(F_2T,[53.0, 1.0])], SupMTPs=null
   28. CF=1.80, COV=     9, UL=    18, PL=   6, TL=   4, Pat=P(p(6.0,23.0),p(54.0,27.0),p(59.0,24.0)), Trans=[T(F_2T,[28.0, 1.0]), T(F_2T,[43.0, 2.0])], SupMTPs=null
   29. CF=1.80, COV=     9, UL=    18, PL=   6, TL=   4, Pat=P(p(14.0,25.0),p(43.0,28.0),p(47.0,26.0)), Trans=[T(F_2T,[47.0, -2.0]), T(F_2T,[48.0, 4.0])], SupMTPs=null
   30. CF=1.80, COV=     9, UL=    18, PL=   6, TL=   4, Pat=P(p(14.0,25.0),p(45.0,27.0),p(49.0,25.0)), Trans=[T(F_2T,[45.0, -1.0]), T(F_2T,[48.0, 4.0])], SupMTPs=null
   31. CF=1.80, COV=     9, UL=    18, PL=   6, TL=   4, Pat=P(p(14.0,25.0),p(59.0,24.0),p(62.0,29.0)), Trans=[T(F_2T,[31.0, 2.0]), T(F_2T,[35.0, 0.0])], SupMTPs=null
   32. CF=1.80, COV=     9, UL=    18, PL=   6, TL=   4, Pat=P(p(14.0,25.0),p(61.0,23.0),p(62.0,29.0)), Trans=[T(F_2T,[29.0, 3.0]), T(F_2T,[33.0, 1.0])], SupMTPs=null
   33. CF=1.80, COV=     9, UL=    18, PL=   6, TL=   4, Pat=P(p(19.0,26.0),p(26.0,25.0),p(30.0,28.0)), Trans=[T(F_2T,[48.0, 4.0]), T(F_2T,[68.0, -1.0])], SupMTPs=null
   34. CF=1.80, COV=     9, UL=    18, PL=   6, TL=   4, Pat=P(p(26.0,25.0),p(43.0,28.0),p(45.0,27.0)), Trans=[T(F_2T,[48.0, 4.0]), T(F_2T,[52.0, 2.0])], SupMTPs=null
   35. CF=1.80, COV=     9, UL=    18, PL=   6, TL=   4, Pat=P(p(26.0,25.0),p(74.0,29.0),p(78.0,27.0)), Trans=[T(F_2T,[17.0, 3.0]), T(F_2T,[19.0, 2.0])], SupMTPs=null
   36. CF=1.64, COV=     9, UL=    18, PL=   6, TL=   5, Pat=P(p(6.0,23.0),p(10.0,24.0),p(14.0,25.0)), Trans=[T(F_2T,[48.0, 4.0]), T(F_2TR,[92.0, -50.0, -1.0])], SupMTPs=null
   37. CF=1.64, COV=     9, UL=    18, PL=   6, TL=   5, Pat=P(p(6.0,23.0),p(14.0,25.0),p(26.0,25.0)), Trans=[T(F_2T,[48.0, 4.0]), T(F_2TR,[76.0, -51.0, -1.0])], SupMTPs=null
   38. CF=1.64, COV=     9, UL=    18, PL=   6, TL=   5, Pat=P(p(10.0,24.0),p(47.0,26.0),p(49.0,25.0)), Trans=[T(F_2T,[48.0, 4.0]), T(F_2TR,[52.0, -53.0, -1.0])], SupMTPs=null
   39. CF=1.64, COV=     9, UL=    18, PL=   6, TL=   5, Pat=P(p(14.0,25.0),p(30.0,28.0),p(39.0,27.0)), Trans=[T(F_2T,[48.0, 4.0]), T(F_2TR,[60.0, -54.0, -1.0])], SupMTPs=null
   40. CF=1.64, COV=     9, UL=    18, PL=   6, TL=   5, Pat=P(p(14.0,25.0),p(45.0,27.0),p(47.0,26.0)), Trans=[T(F_2T,[48.0, 4.0]), T(F_2TR,[12.0, -50.0, -1.0])], SupMTPs=null
   41. CF=1.64, COV=     9, UL=    18, PL=   6, TL=   5, Pat=P(p(39.0,27.0),p(43.0,28.0),p(45.0,27.0)), Trans=[T(F_2T,[48.0, 4.0]), T(F_2TR,[58.0, -56.0, -1.0])], SupMTPs=null
   42. CF=1.64, COV=     9, UL=    18, PL=   6, TL=   5, Pat=P(p(45.0,27.0),p(53.0,25.0),p(97.0,29.0)), Trans=[T(F_2T,[-2.0, 1.0]), T(F_2TR,[9.0, -54.0, -1.0])], SupMTPs=null
   43. CF=1.64, COV=     9, UL=    18, PL=   6, TL=   5, Pat=P(p(47.0,26.0),p(55.0,24.0),p(78.0,27.0)), Trans=[T(F_2T,[-4.0, 2.0]), T(F_2TR,[7.0, -53.0, -1.0])], SupMTPs=null
   44. CF=1.64, COV=     9, UL=    18, PL=   6, TL=   5, Pat=P(p(53.0,25.0),p(58.0,28.0),p(61.0,23.0)), Trans=[T(F_2T,[29.0, 3.0]), T(F_2TR,[1.0, -52.0, -1.0])], SupMTPs=null
   45. CF=1.50, COV=     9, UL=    18, PL=  10, TL=   2, Pat=P(p(26.0,25.0),p(39.0,27.0),p(74.0,29.0),p(87.0,31.0),p(95.0,30.0)), Trans=[T(F_2T,[8.0, -1.0])], SupMTPs=null
   46. CF=1.50, COV=     9, UL=    18, PL=   6, TL=   6, Pat=P(p(6.0,23.0),p(14.0,25.0),p(53.0,25.0)), Trans=[T(F_2TR,[37.0, -51.0, -1.0]), T(F_2TR,[41.0, -49.0, -1.0])], SupMTPs=null
   47. CF=1.50, COV=     9, UL=    18, PL=   6, TL=   6, Pat=P(p(34.0,24.0),p(49.0,25.0),p(51.0,26.0)), Trans=[T(F_2TR,[-4.0, -52.0, -1.0]), T(F_2TR,[44.0, -56.0, -1.0])], SupMTPs=null
   48. CF=1.60, COV=     8, UL=    16, PL=   8, TL=   2, Pat=P(p(6.0,23.0),p(54.0,27.0),p(57.0,23.0),p(90.0,26.0)), Trans=[T(F_2T,[13.0, 3.0])], SupMTPs=null
   49. CF=1.60, COV=     8, UL=    16, PL=   8, TL=   2, Pat=P(p(6.0,23.0),p(54.0,27.0),p(59.0,24.0),p(70.0,26.0)), Trans=[T(F_2T,[28.0, 1.0])], SupMTPs=null
   50. CF=1.60, COV=     8, UL=    16, PL=   8, TL=   2, Pat=P(p(14.0,25.0),p(45.0,27.0),p(53.0,25.0),p(57.0,23.0)), Trans=[T(F_2T,[37.0, 1.0])], SupMTPs=null
   51. CF=1.60, COV=     8, UL=    16, PL=   8, TL=   2, Pat=P(p(19.0,26.0),p(67.0,30.0),p(78.0,27.0),p(87.0,25.0)), Trans=[T(F_2T,[7.0, -1.0])], SupMTPs=null
   52. CF=1.60, COV=     8, UL=    16, PL=   8, TL=   2, Pat=P(p(26.0,25.0),p(34.0,24.0),p(74.0,29.0),p(82.0,28.0)), Trans=[T(F_2T,[13.0, 2.0])], SupMTPs=null
   53. CF=1.60, COV=     8, UL=    16, PL=   8, TL=   2, Pat=P(p(26.0,25.0),p(49.0,25.0),p(74.0,29.0),p(82.0,28.0)), Trans=[T(F_2T,[21.0, 1.0])], SupMTPs=null
   54. CF=1.60, COV=     8, UL=    16, PL=   8, TL=   2, Pat=P(p(34.0,24.0),p(53.0,25.0),p(78.0,27.0),p(82.0,28.0)), Trans=[T(F_2T,[9.0, 4.0])], SupMTPs=null
   55. CF=1.60, COV=     8, UL=    16, PL=   8, TL=   2, Pat=P(p(34.0,24.0),p(53.0,25.0),p(82.0,28.0),p(94.0,24.0)), Trans=[T(F_2T,[5.0, 3.0])], SupMTPs=null
   56. CF=1.60, COV=     8, UL=    16, PL=   8, TL=   2, Pat=P(p(45.0,27.0),p(47.0,26.0),p(49.0,25.0),p(87.0,31.0)), Trans=[T(F_2T,[14.0, -3.0])], SupMTPs=null
   57. CF=1.60, COV=     8, UL=    16, PL=   8, TL=   2, Pat=P(p(54.0,27.0),p(82.0,28.0),p(97.0,29.0),p(101.0,28.0)), Trans=[T(F_2T,[5.0, -3.0])], SupMTPs=null
   58. CF=1.60, COV=     8, UL=    16, PL=   6, TL=   4, Pat=P(p(26.0,25.0),p(39.0,27.0),p(47.0,26.0)), Trans=[T(F_2T,[48.0, 4.0]), T(F_2T,[56.0, 3.0])], SupMTPs=null
   59. CF=1.45, COV=     8, UL=    16, PL=   8, TL=   3, Pat=P(p(6.0,23.0),p(14.0,25.0),p(49.0,25.0),p(57.0,23.0)), Trans=[T(F_2TR,[45.0, -49.0, -1.0])], SupMTPs=null
   60. CF=1.45, COV=     8, UL=    16, PL=   8, TL=   3, Pat=P(p(6.0,23.0),p(14.0,25.0),p(53.0,25.0),p(61.0,23.0)), Trans=[T(F_2TR,[41.0, -49.0, -1.0])], SupMTPs=null
   61. CF=1.45, COV=     8, UL=    16, PL=   8, TL=   3, Pat=P(p(6.0,23.0),p(49.0,25.0),p(53.0,25.0),p(98.0,27.0)), Trans=[T(F_2TR,[8.0, -48.0, -1.0])], SupMTPs=null
   62. CF=1.45, COV=     8, UL=    16, PL=   8, TL=   3, Pat=P(p(6.0,23.0),p(66.0,21.0),p(98.0,27.0),p(102.0,26.0)), Trans=[T(F_2TR,[4.0, -47.0, -1.0])], SupMTPs=null
   63. CF=1.45, COV=     8, UL=    16, PL=   8, TL=   3, Pat=P(p(14.0,25.0),p(34.0,24.0),p(54.0,27.0),p(94.0,24.0)), Trans=[T(F_2TR,[5.0, -51.0, -1.0])], SupMTPs=null
   64. CF=1.45, COV=     8, UL=    16, PL=   8, TL=   3, Pat=P(p(14.0,25.0),p(53.0,25.0),p(58.0,28.0),p(70.0,26.0)), Trans=[T(F_2TR,[29.0, -53.0, -1.0])], SupMTPs=null
   65. CF=1.45, COV=     8, UL=    16, PL=   8, TL=   3, Pat=P(p(26.0,25.0),p(49.0,25.0),p(61.0,23.0),p(85.0,26.0)), Trans=[T(F_2TR,[21.0, -51.0, -1.0])], SupMTPs=null
   66. CF=1.45, COV=     8, UL=    16, PL=   8, TL=   3, Pat=P(p(30.0,28.0),p(45.0,27.0),p(47.0,26.0),p(63.0,22.0)), Trans=[T(F_2TR,[4.0, -52.0, -1.0])], SupMTPs=null
   67. CF=1.45, COV=     8, UL=    16, PL=   8, TL=   3, Pat=P(p(39.0,27.0),p(54.0,27.0),p(70.0,26.0),p(78.0,27.0)), Trans=[T(F_2TR,[4.0, -55.0, -1.0])], SupMTPs=null
   68. CF=1.45, COV=     8, UL=    16, PL=   8, TL=   3, Pat=P(p(43.0,28.0),p(51.0,26.0),p(74.0,29.0),p(95.0,30.0)), Trans=[T(F_2TR,[11.0, -55.0, -1.0])], SupMTPs=null
   69. CF=1.45, COV=     8, UL=    16, PL=   8, TL=   3, Pat=P(p(43.0,28.0),p(82.0,28.0),p(87.0,25.0),p(90.0,26.0)), Trans=[T(F_2TR,[12.0, -52.0, -1.0])], SupMTPs=null
   70. CF=1.45, COV=     8, UL=    16, PL=   8, TL=   3, Pat=P(p(47.0,26.0),p(51.0,26.0),p(66.0,21.0),p(94.0,24.0)), Trans=[T(F_2TR,[8.0, -50.0, -1.0])], SupMTPs=null
   71. CF=1.45, COV=     8, UL=    16, PL=   8, TL=   3, Pat=P(p(49.0,25.0),p(51.0,26.0),p(62.0,29.0),p(90.0,26.0)), Trans=[T(F_2TR,[4.0, -50.0, -1.0])], SupMTPs=null
   72. CF=1.45, COV=     8, UL=    16, PL=   8, TL=   3, Pat=P(p(51.0,26.0),p(59.0,24.0),p(94.0,24.0),p(99.0,27.0)), Trans=[T(F_2TR,[3.0, -53.0, -1.0])], SupMTPs=null
   73. CF=1.45, COV=     8, UL=    16, PL=   8, TL=   3, Pat=P(p(53.0,25.0),p(54.0,27.0),p(58.0,28.0),p(62.0,29.0)), Trans=[T(F_2TR,[44.0, -54.0, -1.0])], SupMTPs=null
   74. CF=1.45, COV=     8, UL=    16, PL=   8, TL=   3, Pat=P(p(54.0,27.0),p(57.0,23.0),p(62.0,29.0),p(66.0,21.0)), Trans=[T(F_2TR,[1.0, -51.0, -1.0])], SupMTPs=null
   75. CF=1.45, COV=     8, UL=    16, PL=   8, TL=   3, Pat=P(p(54.0,27.0),p(59.0,24.0),p(62.0,29.0),p(74.0,29.0)), Trans=[T(F_2TR,[28.0, -55.0, -1.0])], SupMTPs=null
   76. CF=1.45, COV=     8, UL=    16, PL=   8, TL=   3, Pat=P(p(58.0,28.0),p(87.0,25.0),p(95.0,30.0),p(97.0,29.0)), Trans=[T(F_2TR,[4.0, -57.0, -1.0])], SupMTPs=null
   77. CF=1.45, COV=     8, UL=    16, PL=   8, TL=   3, Pat=P(p(59.0,24.0),p(78.0,27.0),p(82.0,28.0),p(87.0,31.0)), Trans=[T(F_2TR,[19.0, -56.0, -1.0])], SupMTPs=null
   78. CF=1.45, COV=     8, UL=    16, PL=   8, TL=   3, Pat=P(p(85.0,26.0),p(93.0,31.0),p(95.0,30.0),p(97.0,29.0)), Trans=[T(F_2TR,[6.0, -58.0, -1.0])], SupMTPs=null
   79. CF=1.45, COV=     8, UL=    16, PL=   6, TL=   5, Pat=P(p(43.0,28.0),p(45.0,27.0),p(61.0,23.0)), Trans=[T(F_2T,[2.0, -1.0]), T(F_2TR,[6.0, -53.0, -1.0])], SupMTPs=null
   80. CF=1.45, COV=     8, UL=    16, PL=   6, TL=   5, Pat=P(p(45.0,27.0),p(59.0,24.0),p(61.0,23.0)), Trans=[T(F_2T,[2.0, -1.0]), T(F_2TR,[42.0, -52.0, -1.0])], SupMTPs=null
   81. CF=1.45, COV=     8, UL=    16, PL=   6, TL=   5, Pat=P(p(49.0,25.0),p(61.0,23.0),p(63.0,22.0)), Trans=[T(F_2T,[-2.0, 1.0]), T(F_2TR,[38.0, -50.0, -1.0])], SupMTPs=null
   82. CF=1.45, COV=     8, UL=    16, PL=   6, TL=   5, Pat=P(p(97.0,29.0),p(98.0,27.0),p(102.0,26.0)), Trans=[T(F_2T,[4.0, -1.0]), T(F_2TR,[-44.0, -54.0, -1.0])], SupMTPs=null
   83. CF=1.33, COV=     8, UL=    16, PL=   6, TL=   6, Pat=P(p(63.0,22.0),p(66.0,21.0),p(78.0,27.0)), Trans=[T(F_2TR,[-12.0, -48.0, -1.0]), T(F_2TR,[24.0, -47.0, -1.0])], SupMTPs=null
   84. CF=1.14, COV=     8, UL=    16, PL=   6, TL=   8, Pat=P(p(47.0,26.0),p(49.0,25.0),p(51.0,26.0)), Trans=[T(F_2T,[8.0, -2.0]), T(F_2TR,[2.0, -51.0, -1.0]), T(F_2TR,[10.0, -49.0, -1.0])], SupMTPs=null
   85. CF=1.40, COV=     7, UL=    14, PL=   8, TL=   2, Pat=P(p(14.0,25.0),p(53.0,25.0),p(62.0,29.0),p(78.0,27.0)), Trans=[T(F_2T,[25.0, 2.0])], SupMTPs=null
   86. CF=1.40, COV=     7, UL=    14, PL=   8, TL=   2, Pat=P(p(26.0,25.0),p(70.0,26.0),p(74.0,29.0),p(94.0,24.0)), Trans=[T(F_2T,[4.0, 3.0])], SupMTPs=null
   87. CF=1.40, COV=     7, UL=    14, PL=   8, TL=   2, Pat=P(p(49.0,25.0),p(57.0,23.0),p(99.0,27.0),p(101.0,28.0)), Trans=[T(F_2T,[2.0, 1.0])], SupMTPs=null
   88. CF=1.27, COV=     7, UL=    14, PL=   8, TL=   3, Pat=P(p(49.0,25.0),p(51.0,26.0),p(54.0,27.0),p(66.0,21.0)), Trans=[T(F_2TR,[12.0, -48.0, -1.0])], SupMTPs=null
   89. CF=1.27, COV=     7, UL=    14, PL=   6, TL=   5, Pat=P(p(10.0,24.0),p(34.0,24.0),p(39.0,27.0)), Trans=[T(F_2T,[48.0, 4.0]), T(F_2TR,[48.0, -52.0, -1.0])], SupMTPs=null
   90. CF=1.50, COV=     6, UL=    12, PL=   6, TL=   2, Pat=P(p(6.0,23.0),p(19.0,26.0),p(51.0,26.0)), Trans=[T(F_2T,[51.0, 0.0])], SupMTPs=null
   91. CF=1.50, COV=     6, UL=    12, PL=   6, TL=   2, Pat=P(p(6.0,23.0),p(54.0,27.0),p(61.0,23.0)), Trans=[T(F_2T,[41.0, 3.0])], SupMTPs=null
   92. CF=1.50, COV=     6, UL=    12, PL=   6, TL=   2, Pat=P(p(6.0,23.0),p(54.0,27.0),p(63.0,22.0)), Trans=[T(F_2T,[39.0, 4.0])], SupMTPs=null
   93. CF=1.50, COV=     6, UL=    12, PL=   6, TL=   2, Pat=P(p(6.0,23.0),p(54.0,27.0),p(66.0,21.0)), Trans=[T(F_2T,[24.0, 5.0])], SupMTPs=null
   94. CF=1.50, COV=     6, UL=    12, PL=   6, TL=   2, Pat=P(p(6.0,23.0),p(54.0,27.0),p(94.0,24.0)), Trans=[T(F_2T,[8.0, 2.0])], SupMTPs=null
   95. CF=1.50, COV=     6, UL=    12, PL=   6, TL=   2, Pat=P(p(10.0,24.0),p(30.0,28.0),p(58.0,28.0)), Trans=[T(F_2T,[37.0, 2.0])], SupMTPs=null
   96. CF=1.50, COV=     6, UL=    12, PL=   6, TL=   2, Pat=P(p(10.0,24.0),p(47.0,26.0),p(58.0,28.0)), Trans=[T(F_2T,[20.0, 4.0])], SupMTPs=null
   97. CF=1.50, COV=     6, UL=    12, PL=   6, TL=   2, Pat=P(p(14.0,25.0),p(26.0,25.0),p(49.0,25.0)), Trans=[T(F_2T,[48.0, 4.0])], SupMTPs=null
   98. CF=1.50, COV=     6, UL=    12, PL=   6, TL=   2, Pat=P(p(14.0,25.0),p(62.0,29.0),p(90.0,26.0)), Trans=[T(F_2T,[12.0, 0.0])], SupMTPs=null
   99. CF=1.50, COV=     6, UL=    12, PL=   6, TL=   2, Pat=P(p(19.0,26.0),p(23.5,26.0),p(47.0,26.0)), Trans=[T(F_2T,[48.0, 4.0])], SupMTPs=null
  100. CF=1.50, COV=     6, UL=    12, PL=   6, TL=   2, Pat=P(p(19.0,26.0),p(30.0,28.0),p(67.0,30.0)), Trans=[T(F_2T,[28.0, 0.0])], SupMTPs=null
  101. CF=1.50, COV=     6, UL=    12, PL=   6, TL=   2, Pat=P(p(19.0,26.0),p(47.0,26.0),p(90.0,26.0)), Trans=[T(F_2T,[11.0, 2.0])], SupMTPs=null
  102. CF=1.50, COV=     6, UL=    12, PL=   6, TL=   2, Pat=P(p(19.0,26.0),p(55.0,24.0),p(63.0,22.0)), Trans=[T(F_2T,[43.0, 3.0])], SupMTPs=null
  103. CF=1.50, COV=     6, UL=    12, PL=   6, TL=   2, Pat=P(p(22.5,27.0),p(39.0,27.0),p(45.0,27.0)), Trans=[T(F_2T,[48.0, 4.0])], SupMTPs=null
  104. CF=1.50, COV=     6, UL=    12, PL=   6, TL=   2, Pat=P(p(26.0,25.0),p(47.0,26.0),p(74.0,29.0)), Trans=[T(F_2T,[23.0, 0.0])], SupMTPs=null
  105. CF=1.50, COV=     6, UL=    12, PL=   6, TL=   2, Pat=P(p(30.0,28.0),p(53.0,25.0),p(55.0,24.0)), Trans=[T(F_2T,[32.0, 1.0])], SupMTPs=null
  106. CF=1.50, COV=     6, UL=    12, PL=   6, TL=   2, Pat=P(p(34.0,24.0),p(47.0,26.0),p(61.0,23.0)), Trans=[T(F_2T,[40.0, 5.0])], SupMTPs=null
  107. CF=1.50, COV=     6, UL=    12, PL=   6, TL=   2, Pat=P(p(34.0,24.0),p(51.0,26.0),p(82.0,28.0)), Trans=[T(F_2T,[11.0, 3.0])], SupMTPs=null
  108. CF=1.50, COV=     6, UL=    12, PL=   6, TL=   2, Pat=P(p(39.0,27.0),p(43.0,28.0),p(70.0,26.0)), Trans=[T(F_2T,[15.0, 0.0])], SupMTPs=null
  109. CF=1.50, COV=     6, UL=    12, PL=   6, TL=   2, Pat=P(p(39.0,27.0),p(47.0,26.0),p(55.0,24.0)), Trans=[T(F_2T,[35.0, 2.0])], SupMTPs=null
  110. CF=1.50, COV=     6, UL=    12, PL=   6, TL=   2, Pat=P(p(39.0,27.0),p(57.0,23.0),p(66.0,21.0)), Trans=[T(F_2T,[28.0, 3.0])], SupMTPs=null
  111. CF=1.50, COV=     6, UL=    12, PL=   6, TL=   2, Pat=P(p(39.0,27.0),p(74.0,29.0),p(78.0,27.0)), Trans=[T(F_2T,[16.0, -3.0])], SupMTPs=null
  112. CF=1.50, COV=     6, UL=    12, PL=   6, TL=   2, Pat=P(p(39.0,27.0),p(87.0,31.0),p(93.0,31.0)), Trans=[T(F_2T,[10.0, -2.0])], SupMTPs=null
  113. CF=1.50, COV=     6, UL=    12, PL=   6, TL=   2, Pat=P(p(39.0,27.0),p(87.0,31.0),p(97.0,29.0)), Trans=[T(F_2T,[6.0, 0.0])], SupMTPs=null
  114. CF=1.50, COV=     6, UL=    12, PL=   6, TL=   2, Pat=P(p(45.0,27.0),p(47.0,26.0),p(58.0,28.0)), Trans=[T(F_2T,[40.0, -1.0])], SupMTPs=null
  115. CF=1.50, COV=     6, UL=    12, PL=   6, TL=   2, Pat=P(p(45.0,27.0),p(57.0,23.0),p(59.0,24.0)), Trans=[T(F_2T,[42.0, 4.0])], SupMTPs=null
  116. CF=1.50, COV=     6, UL=    12, PL=   6, TL=   2, Pat=P(p(47.0,26.0),p(49.0,25.0),p(58.0,28.0)), Trans=[T(F_2T,[12.0, -2.0])], SupMTPs=null
  117. CF=1.50, COV=     6, UL=    12, PL=   6, TL=   2, Pat=P(p(49.0,25.0),p(54.0,27.0),p(57.0,23.0)), Trans=[T(F_2T,[49.0, 2.0])], SupMTPs=null
  118. CF=1.50, COV=     6, UL=    12, PL=   6, TL=   2, Pat=P(p(49.0,25.0),p(57.0,23.0),p(70.0,26.0)), Trans=[T(F_2T,[33.0, 3.0])], SupMTPs=null
  119. CF=1.50, COV=     6, UL=    12, PL=   6, TL=   2, Pat=P(p(51.0,26.0),p(54.0,27.0),p(59.0,24.0)), Trans=[T(F_2T,[47.0, 1.0])], SupMTPs=null
  120. CF=1.50, COV=     6, UL=    12, PL=   6, TL=   2, Pat=P(p(51.0,26.0),p(63.0,22.0),p(66.0,21.0)), Trans=[T(F_2T,[36.0, 5.0])], SupMTPs=null
  121. CF=1.50, COV=     6, UL=    12, PL=   6, TL=   2, Pat=P(p(51.0,26.0),p(82.0,28.0),p(87.0,25.0)), Trans=[T(F_2T,[19.0, 0.0])], SupMTPs=null
  122. CF=1.50, COV=     6, UL=    12, PL=   6, TL=   2, Pat=P(p(51.0,26.0),p(87.0,25.0),p(87.0,31.0)), Trans=[T(F_2T,[15.0, -5.0])], SupMTPs=null
  123. CF=1.50, COV=     6, UL=    12, PL=   6, TL=   2, Pat=P(p(51.0,26.0),p(87.0,25.0),p(98.0,27.0)), Trans=[T(F_2T,[3.0, 1.0])], SupMTPs=null
  124. CF=1.50, COV=     6, UL=    12, PL=   6, TL=   2, Pat=P(p(53.0,25.0),p(57.0,23.0),p(66.0,21.0)), Trans=[T(F_2T,[21.0, 4.0])], SupMTPs=null
  125. CF=1.50, COV=     6, UL=    12, PL=   6, TL=   2, Pat=P(p(54.0,27.0),p(67.0,30.0),p(103.0,29.0)), Trans=[T(F_2T,[3.0, -4.0])], SupMTPs=null
  126. CF=1.50, COV=     6, UL=    12, PL=   6, TL=   2, Pat=P(p(54.0,27.0),p(82.0,28.0),p(90.0,26.0)), Trans=[T(F_2T,[16.0, -1.0])], SupMTPs=null
  127. CF=1.50, COV=     6, UL=    12, PL=   6, TL=   2, Pat=P(p(55.0,24.0),p(67.0,30.0),p(74.0,29.0)), Trans=[T(F_2T,[11.0, -3.0])], SupMTPs=null
  128. CF=1.50, COV=     6, UL=    12, PL=   6, TL=   2, Pat=P(p(57.0,23.0),p(78.0,27.0),p(85.0,26.0)), Trans=[T(F_2T,[9.0, -2.0])], SupMTPs=null
  129. CF=1.33, COV=     6, UL=    12, PL=   6, TL=   3, Pat=P(p(10.0,24.0),p(61.0,23.0),p(66.0,21.0)), Trans=[T(F_2TR,[37.0, -50.0, -1.0])], SupMTPs=null
  130. CF=1.33, COV=     6, UL=    12, PL=   6, TL=   3, Pat=P(p(10.0,24.0),p(85.0,26.0),p(97.0,29.0)), Trans=[T(F_2TR,[9.0, -50.0, -1.0])], SupMTPs=null
  131. CF=1.33, COV=     6, UL=    12, PL=   6, TL=   3, Pat=P(p(14.0,25.0),p(30.0,28.0),p(53.0,25.0)), Trans=[T(F_2TR,[25.0, -52.0, -1.0])], SupMTPs=null
  132. CF=1.33, COV=     6, UL=    12, PL=   6, TL=   3, Pat=P(p(14.0,25.0),p(43.0,28.0),p(59.0,24.0)), Trans=[T(F_2TR,[44.0, -53.0, -1.0])], SupMTPs=null
  133. CF=1.33, COV=     6, UL=    12, PL=   6, TL=   3, Pat=P(p(14.0,25.0),p(55.0,24.0),p(67.0,30.0)), Trans=[T(F_2TR,[35.0, -50.0, -1.0])], SupMTPs=null
  134. CF=1.33, COV=     6, UL=    12, PL=   6, TL=   3, Pat=P(p(19.0,26.0),p(26.0,25.0),p(78.0,27.0)), Trans=[T(F_2TR,[28.0, -52.0, -1.0])], SupMTPs=null
  135. CF=1.33, COV=     6, UL=    12, PL=   6, TL=   3, Pat=P(p(19.0,26.0),p(43.0,28.0),p(51.0,26.0)), Trans=[T(F_2TR,[51.0, -52.0, -1.0])], SupMTPs=null
  136. CF=1.33, COV=     6, UL=    12, PL=   6, TL=   3, Pat=P(p(19.0,26.0),p(63.0,22.0),p(70.0,26.0)), Trans=[T(F_2TR,[32.0, -52.0, -1.0])], SupMTPs=null
  137. CF=1.33, COV=     6, UL=    12, PL=   6, TL=   3, Pat=P(p(26.0,25.0),p(51.0,26.0),p(87.0,31.0)), Trans=[T(F_2TR,[19.0, -52.0, -1.0])], SupMTPs=null
  138. CF=1.33, COV=     6, UL=    12, PL=   6, TL=   3, Pat=P(p(26.0,25.0),p(61.0,23.0),p(93.0,31.0)), Trans=[T(F_2TR,[13.0, -52.0, -1.0])], SupMTPs=null
  139. CF=1.33, COV=     6, UL=    12, PL=   6, TL=   3, Pat=P(p(30.0,28.0),p(53.0,25.0),p(78.0,27.0)), Trans=[T(F_2TR,[21.0, -54.0, -1.0])], SupMTPs=null
  140. CF=1.33, COV=     6, UL=    12, PL=   6, TL=   3, Pat=P(p(34.0,24.0),p(63.0,22.0),p(95.0,30.0)), Trans=[T(F_2TR,[11.0, -51.0, -1.0])], SupMTPs=null
  141. CF=1.33, COV=     6, UL=    12, PL=   6, TL=   3, Pat=P(p(34.0,24.0),p(70.0,26.0),p(78.0,32.0)), Trans=[T(F_2TR,[28.0, -53.0, -1.0])], SupMTPs=null
  142. CF=1.33, COV=     6, UL=    12, PL=   6, TL=   3, Pat=P(p(39.0,27.0),p(47.0,26.0),p(54.0,27.0)), Trans=[T(F_2TR,[31.0, -53.0, -1.0])], SupMTPs=null
  143. CF=1.33, COV=     6, UL=    12, PL=   6, TL=   3, Pat=P(p(39.0,27.0),p(55.0,24.0),p(67.0,30.0)), Trans=[T(F_2TR,[23.0, -56.0, -1.0])], SupMTPs=null
  144. CF=1.33, COV=     6, UL=    12, PL=   6, TL=   3, Pat=P(p(39.0,27.0),p(61.0,23.0),p(82.0,28.0)), Trans=[T(F_2TR,[24.0, -49.0, -1.0])], SupMTPs=null
  145. CF=1.33, COV=     6, UL=    12, PL=   6, TL=   3, Pat=P(p(39.0,27.0),p(66.0,21.0),p(78.0,27.0)), Trans=[T(F_2TR,[12.0, -53.0, -1.0])], SupMTPs=null
  146. CF=1.33, COV=     6, UL=    12, PL=   6, TL=   3, Pat=P(p(39.0,27.0),p(70.0,26.0),p(90.0,26.0)), Trans=[T(F_2TR,[8.0, -53.0, -1.0])], SupMTPs=null
  147. CF=1.33, COV=     6, UL=    12, PL=   6, TL=   3, Pat=P(p(39.0,27.0),p(78.0,27.0),p(90.0,26.0)), Trans=[T(F_2TR,[16.0, -51.0, -1.0])], SupMTPs=null
  148. CF=1.33, COV=     6, UL=    12, PL=   6, TL=   3, Pat=P(p(43.0,28.0),p(58.0,28.0),p(67.0,30.0)), Trans=[T(F_2TR,[27.0, -54.0, -1.0])], SupMTPs=null
  149. CF=1.33, COV=     6, UL=    12, PL=   6, TL=   3, Pat=P(p(43.0,28.0),p(59.0,24.0),p(82.0,28.0)), Trans=[T(F_2TR,[8.0, -54.0, -1.0])], SupMTPs=null
  150. CF=1.33, COV=     6, UL=    12, PL=   6, TL=   3, Pat=P(p(49.0,25.0),p(51.0,26.0),p(70.0,26.0)), Trans=[T(F_2TR,[36.0, -51.0, -1.0])], SupMTPs=null
  151. CF=1.33, COV=     6, UL=    12, PL=   6, TL=   3, Pat=P(p(49.0,25.0),p(57.0,23.0),p(85.0,26.0)), Trans=[T(F_2TR,[5.0, -52.0, -1.0])], SupMTPs=null
  152. CF=1.33, COV=     6, UL=    12, PL=   6, TL=   3, Pat=P(p(49.0,25.0),p(90.0,26.0),p(94.0,24.0)), Trans=[T(F_2TR,[9.0, -53.0, -1.0])], SupMTPs=null
  153. CF=1.33, COV=     6, UL=    12, PL=   6, TL=   3, Pat=P(p(51.0,26.0),p(62.0,29.0),p(78.0,27.0)), Trans=[T(F_2TR,[23.0, -55.0, -1.0])], SupMTPs=null
  154. CF=1.33, COV=     6, UL=    12, PL=   6, TL=   3, Pat=P(p(51.0,26.0),p(62.0,29.0),p(78.0,32.0)), Trans=[T(F_2TR,[16.0, -56.0, -1.0])], SupMTPs=null
  155. CF=1.33, COV=     6, UL=    12, PL=   6, TL=   3, Pat=P(p(53.0,25.0),p(82.0,28.0),p(101.0,28.0)), Trans=[T(F_2TR,[5.0, -53.0, -1.0])], SupMTPs=null
  156. CF=1.33, COV=     6, UL=    12, PL=   6, TL=   3, Pat=P(p(57.0,23.0),p(59.0,24.0),p(74.0,29.0)), Trans=[T(F_2TR,[28.0, -49.0, -1.0])], SupMTPs=null
  157. CF=1.33, COV=     6, UL=    12, PL=   6, TL=   3, Pat=P(p(58.0,28.0),p(61.0,23.0),p(74.0,29.0)), Trans=[T(F_2TR,[32.0, -54.0, -1.0])], SupMTPs=null
  158. CF=1.33, COV=     6, UL=    12, PL=   6, TL=   3, Pat=P(p(63.0,22.0),p(78.0,27.0),p(82.0,28.0)), Trans=[T(F_2TR,[24.0, -53.0, -1.0])], SupMTPs=null
  159. CF=1.33, COV=     6, UL=    12, PL=   6, TL=   3, Pat=P(p(70.0,26.0),p(74.0,29.0),p(78.0,27.0)), Trans=[T(F_2TR,[25.0, -56.0, -1.0])], SupMTPs=null
  160. CF=1.33, COV=     6, UL=    12, PL=   6, TL=   3, Pat=P(p(94.0,24.0),p(98.0,27.0),p(101.0,28.0)), Trans=[T(F_2TR,[1.0, -54.0, -1.0])], SupMTPs=null
  161. CF=1.09, COV=     6, UL=    12, PL=   8, TL=   3, Pat=P(p(47.0,26.0),p(49.0,25.0),p(51.0,26.0),p(85.0,26.0)), Trans=[T(F_2TR,[2.0, -51.0, -1.0])], SupMTPs=null
  162. CF=1.25, COV=     5, UL=    10, PL=   6, TL=   2, Pat=P(p(54.0,27.0),p(78.0,32.0),p(90.0,26.0)), Trans=[T(F_2T,[12.0, -6.0])], SupMTPs=null
  163. CF=1.11, COV=     5, UL=    10, PL=   6, TL=   3, Pat=P(p(55.0,24.0),p(58.0,28.0),p(70.0,26.0)), Trans=[T(F_2TR,[12.0, -54.0, -1.0])], SupMTPs=null
  164. CF=1.11, COV=     5, UL=    10, PL=   6, TL=   3, Pat=P(p(87.0,31.0),p(90.0,26.0),p(95.0,30.0)), Trans=[T(F_2TR,[3.0, -57.0, -1.0])], SupMTPs=null
  165. CF=1.00, COV=     4, UL=     8, PL=   6, TL=   2, Pat=P(p(19.0,26.0),p(43.0,28.0),p(67.0,30.0)), Trans=[T(F_2T,[24.0, 2.0])], SupMTPs=null


Log:
     0 ms	1604326921229 ms:	computeMaximalTransformablePatterns starts
    22 ms	1604326921251 ms:	computeMaximalTransformablePatterns ends
     1 ms	1604326921252 ms:	computeSizeMTPSetArray ends
     1 ms	1604326921253 ms:	computePatternTransformationSetPairs ends
    14 ms	1604326921267 ms:	computeSuperMTPs ends
   108 ms	1604326921375 ms:	computeHeterogeneousOccurrenceSets ends
    24 ms	1604326921399 ms:	removeDuplicateOccurrenceSets ends
     1 ms	1604326921400 ms:	removeRedundantTransformations ends
     1 ms	1604326921401 ms:	removeOccurrenceSetsWithEmptyTransformationSets ends
    24 ms	1604326921425 ms:	Program ends
Total time without printed output: 172
Total time with printed output: 196
Number of points: 50
Number of MTPs before removal: 579
Number of OSs after removal: 165
