T(P(T(P(p(480,28),p(481,27),p(482,28)),V(v(0,0),v(6,1),v(12,2))),T(P(T(P(p(483,26),p(484,27),p(485,28)),V(v(0,0),v(6,1)))),V(v(0,0)))),V(v(0,0),v(24,-14),v(60,0),v(84,-14),v(120,-3),v(144,-3),v(150,-2),v(156,-1),v(162,0),v(162,2),v(168,1),v(210,0),v(234,-14),v(258,-3),v(282,-3),v(288,-2),v(294,-1),v(300,0),v(300,2),v(306,1),v(348,0),v(372,-14)))
T(P(p(60,18),p(60,23),p(60,28),p(64,18),p(64,24),p(64,27),p(64,29),p(66,21),p(66,23),p(66,28)),V(v(0,0),v(12,0),v(84,0),v(96,0),v(132,1),v(144,1),v(228,5),v(240,-2),v(288,1),v(300,1),v(384,5),v(396,-2),v(876,0),v(888,0),v(924,1),v(936,1),v(1020,5),v(1032,-2)))
T(P(T(P(T(P(p(507,12),p(508,13),p(509,14)),V(v(0,0),v(1,1))),T(P(p(511,14)),V(v(0,0)))),V(v(0,0),v(6,1))),T(P(p(512,15)),V(v(0,0)))),V(v(-24,14),v(0,0),v(36,14),v(60,0),v(96,11),v(120,11),v(126,12),v(132,13),v(132,15),v(138,14),v(138,16),v(144,15),v(144,17),v(144,20),v(186,14),v(210,0),v(234,11),v(258,11),v(264,12),v(270,13),v(270,15),v(276,14),v(276,16),v(282,15),v(282,17),v(282,20),v(324,14),v(348,0)))
T(P(T(P(p(36,27),p(38,28)),V(v(0,0),v(2,-6),v(2,1),v(4,-7))),T(P(p(34,23),p(34,25),p(34,28),p(36,22),p(36,24),p(38,23),p(42,31),p(44,30)),V(v(0,0)))),V(v(-24,-2),v(0,0),v(12,0),v(60,-2),v(84,0),v(96,0),v(852,-2),v(876,0),v(888,0)))
T(P(p(60,23),p(60,28),p(64,18),p(64,24),p(64,27),p(66,21),p(66,23),p(66,28)),V(v(0,0),v(12,0),v(84,0),v(96,0),v(132,1),v(144,1),v(150,1),v(156,1),v(228,5),v(240,-2),v(288,1),v(300,1),v(306,1),v(312,1),v(384,5),v(396,-2),v(876,0),v(888,0),v(924,1),v(936,1),v(942,1),v(948,1),v(1020,5),v(1032,-2)))
T(P(T(P(p(0,24),p(0,29),p(2,22),p(2,27)),V(v(0,0),v(6,-1))),T(P(p(-2,23),p(-2,28),p(10,19),p(10,21),p(12,20)),V(v(0,0)))),V(v(0,0),v(24,2),v(84,0),v(108,2),v(252,0),v(408,0),v(876,0),v(900,2),v(1044,0)))
T(P(T(P(p(262,19),p(262,21),p(264,18),p(264,20),p(266,20),p(266,22),p(268,20)),V(v(0,0),v(6,1),v(12,2))),T(P(p(274,26),p(276,25)),V(v(0,0)))),V(v(0,0),v(156,0),v(381,8),v(382,9),v(519,8),v(520,9),v(792,0)))
T(P(T(P(p(22,25),p(22,30),p(24,26)),V(v(0,0),v(12,-2),v(14,-3),v(18,-5))),T(P(p(24,26),p(24,31),p(26,29)),V(v(0,0),v(6,-1),v(12,-4),v(16,-6))),T(P(p(28,21),p(30,25),p(32,23),p(32,28)),V(v(0,0),v(6,0))),T(P(p(26,24),p(34,25),p(38,21),p(40,22),p(40,29),p(42,25),p(42,31),p(44,30),p(46,32)),V(v(0,0)))),V(v(-24,-2),v(0,0),v(60,-2),v(84,0),v(852,-2),v(876,0)))
T(P(T(P(p(226,24),p(226,31),p(227,23),p(227,30)),V(v(0,0),v(1,-1))),T(P(p(229,23),p(229,30)),V(v(0,0)))),V(v(0,0),v(4,0),v(8,-2),v(12,-4),v(156,0),v(160,0),v(164,-2),v(168,-4),v(792,0),v(796,0),v(800,-2),v(804,-4)))
T(P(T(P(p(653,29),p(653,31),p(653,34)),V(v(0,0),v(1,1),v(2,0)))),V(v(0,0),v(6,1),v(9,0),v(13,-2),v(17,-4),v(138,0),v(144,1),v(147,0),v(151,-2),v(155,-4)))
T(P(T(P(p(496,30),p(497,29),p(498,28)),V(v(0,0),v(1,-1))),T(P(p(500,28),p(501,29),p(502,28)),V(v(0,0)))),V(v(-259,-9),v(-259,-2),v(-103,-9),v(-103,-2),v(0,0),v(60,0),v(163,2),v(166,1),v(167,0),v(170,-1),v(210,0),v(301,2),v(304,1),v(305,0),v(308,-1),v(348,0),v(533,-9),v(533,-2)))
T(P(T(P(p(168,31),p(174,30)),V(v(0,0),v(0,2),v(2,-9),v(2,-2),v(2,0),v(4,-7))),T(P(p(170,20),p(172,22),p(176,23),p(178,25)),V(v(0,0)))),V(v(0,0),v(12,1),v(156,0),v(168,1),v(792,0),v(804,1)))
T(P(T(P(p(579,14),p(580,15),p(581,16),p(583,14)),V(v(0,0),v(1,1))),T(P(p(585,13),p(586,16)),V(v(0,0)))),V(v(-60,0),v(0,0),v(60,13),v(66,14),v(72,15),v(198,13),v(204,14),v(210,15)))
T(P(p(239,26),p(240,25),p(241,26),p(242,27),p(243,19),p(243,26),p(245,15),p(246,23)),V(v(0,0),v(156,0),v(253,4),v(313,4),v(463,4),v(601,4),v(792,0)))
T(P(p(262,21),p(262,37),p(264,20),p(264,38),p(266,22),p(266,36),p(268,22),p(268,36),p(270,21),p(270,37),p(272,23),p(272,35),p(274,23),p(274,26),p(274,35)),V(v(0,0),v(6,-1),v(156,0),v(162,-1),v(792,0),v(798,-1)))
T(P(p(480,19),p(480,28),p(481,27),p(482,21),p(482,28),p(484,23)),V(v(0,0),v(18,0),v(60,0),v(78,0),v(210,0),v(228,0),v(348,0),v(366,0)))
T(P(p(48,27),p(48,32),p(50,23),p(50,32),p(52,22)),V(v(0,0),v(84,0),v(236,1),v(392,1),v(438,-3),v(498,-3),v(648,-3),v(786,-3),v(876,0),v(1028,1)))
T(P(T(P(p(615,25),p(616,26),p(617,27)),V(v(0,0),v(1,1))),T(P(p(619,26),p(620,28)),V(v(0,0)))),V(v(0,0),v(35,6),v(41,7),v(138,0),v(173,6),v(179,7)))
T(P(p(248,23),p(250,23),p(250,28),p(252,24),p(252,29),p(254,22)),V(v(0,0),v(6,-1),v(6,4),v(156,0),v(162,-1),v(162,4),v(792,0),v(798,-1),v(798,4)))
T(P(p(260,21),p(260,35),p(262,21),p(262,37),p(264,20)),V(v(0,0),v(156,0),v(244,-7),v(304,-7),v(454,-7),v(592,-7),v(792,0)))
T(P(T(P(p(672,25),p(672,27),p(678,26)),V(v(0,0),v(6,-1))),T(P(p(678,29)),V(v(0,0)))),V(v(-366,-6),v(-210,-6),v(0,0),v(138,0),v(426,-6)))
T(P(p(244,21),p(245,22),p(246,16),p(246,23),p(248,23),p(250,28)),V(v(0,0),v(156,0),v(372,5),v(510,5),v(792,0)))
T(P(T(P(p(729,15),p(730,14),p(731,13)),V(v(0,0),v(1,-1))),T(P(p(734,19)),V(v(0,0)))),V(v(-496,8),v(-340,8),v(0,0),v(138,0),v(296,8)))
T(P(p(243,26),p(244,21),p(244,28),p(245,15),p(246,16)),V(v(0,0),v(156,0),v(380,9),v(518,9),v(792,0)))
T(P(p(52,29),p(52,32),p(54,31),p(54,32)),V(v(0,0),v(84,0),v(224,-7),v(226,-7),v(380,-7),v(382,-7),v(876,0),v(1016,-7),v(1018,-7)))
T(P(p(214,19),p(214,31),p(215,30)),V(v(0,0),v(6,0),v(156,0),v(162,0),v(278,-1),v(338,-1),v(488,-1),v(626,-1),v(792,0),v(798,0)))
T(P(p(70,34),p(71,33),p(72,23)),V(v(0,0),v(84,0),v(228,-2),v(384,-2),v(426,-4),v(486,-4),v(636,-4),v(774,-4),v(876,0),v(1020,-2)))
T(P(p(202,34),p(203,33),p(204,24)),V(v(0,0),v(156,0),v(290,-4),v(350,-4),v(500,-4),v(638,-4),v(792,0)))
T(P(p(720,15),p(720,31),p(721,14),p(722,27)),V(v(0,0),v(10,-1),v(138,0),v(148,-1)))
T(P(p(58,17),p(58,22),p(58,33)),V(v(0,0),v(84,0),v(218,3),v(374,3),v(876,0),v(1010,3)))
T(P(p(527,12),p(528,13),p(530,25)),V(v(0,0),v(60,0),v(100,11),v(192,2),v(238,11),v(330,2)))
T(P(p(286,22),p(286,24),p(286,28)),V(v(0,0),v(156,0),v(398,1),v(536,1),v(792,0)))
T(P(p(312,9),p(312,18),p(312,23)),V(v(0,0),v(156,0),v(214,7),v(274,7),v(792,0)))
T(P(p(514,33),p(515,15),p(516,27)),V(v(0,0),v(10,-2),v(60,0),v(70,-2)))
T(P(T(P(p(166,30),p(166,32),p(192,26),p(282,22),p(282,24),p(282,26),p(282,35),p(312,16),p(318,12)),V(v(0,0),v(156,0),v(792,0))),T(P(p(598,23),p(600,16),p(600,23),p(606,22),p(612,22),p(621,30),p(630,29),p(636,29),p(636,36),p(665,33),p(669,31),p(713,26),p(718,33),p(724,26),p(726,25),p(728,27)),V(v(0,0),v(138,0))),T(P(p(478,23),p(503,26),p(508,33),p(510,27),p(512,31),p(518,33),p(520,32),p(522,26),p(529,27),p(531,23),p(532,6),p(532,22),p(532,26),p(533,24),p(534,9),p(534,23),p(536,16),p(538,23)),V(v(0,0),v(60,0))),T(P(p(28,14),p(112,14),p(904,14)),V(v(0,0)))),V(v(0,0)))

numberOfNotes 1538
tatumsPerBar null
barOneStartsAt null
compressionRatio 2.7125220458553794
runningTime 3047
encodingLength 567
encodingLengthWithoutResidualPointSet 471
numberOfResidualPoints 96
percentageOfResidualPoints 6.24187256176853
compressionRatioWithoutResidualPointSet 3.061571125265393
title sonata01-3.txt
numberOfTECs 35
inputFilePath D:\Source\Repos\omnisia\Points\RecurSIA-RRT-experiment\JKU-PDD\JKUPDD-noAudio-Aug2013\groundTruth\beethovenOp2No1Mvt3\polyphonic\lisp\sonata01-3.txt
outputFilePath D:\Source\Repos\omnisia\Points\RecurSIA-RRT-experiment\JKU-PDD\JKUPDD-noAudio-Aug2013\matlab\pattDiscOut\ReSIACTTECCompressSegment\beet_sonata01-3_ReSIACTTECCompressSegment.out
logFilePath null
outputFileExtension RecurSIA
isDiatonic true
withoutChannel10 false
encoderName com.chromamorph.points022.RecurSIAEncoding
forMirex true
mode Segment
topNPatterns 0
