T(P(T(P(T(P(p(653,34),p(654,35)),V(v(0,0),v(6,1)))),V(v(0,0),v(138,0)))),V(v(-52,-10),v(-50,-11),v(-48,-9),v(-46,-9),v(-44,-10),v(-42,-8),v(-28,-10),v(-26,-11),v(-24,-9),v(-16,-8),v(-14,-7),v(-12,-5),v(-10,-5),v(-2,-7),v(-2,-5),v(0,-3),v(0,0),v(2,-5),v(7,-3),v(11,-5),v(38,-7),v(40,-8),v(42,-6),v(44,-6),v(62,-21),v(64,-22),v(66,-20),v(68,-20)))
T(P(T(P(p(505,13),p(506,14)),V(v(0,0),v(2,-1),v(4,1))),T(P(p(504,14),p(511,14)),V(v(0,0)))),V(v(-24,14),v(-18,15),v(0,0),v(6,1),v(36,14),v(42,15),v(60,0),v(66,1),v(96,11),v(102,12),v(120,11),v(126,12),v(132,13),v(138,14),v(138,16),v(144,15),v(144,17),v(150,16),v(150,18),v(150,21),v(186,14),v(192,15),v(210,0),v(216,1),v(234,11),v(240,12),v(258,11),v(264,12),v(270,13),v(276,14),v(276,16),v(282,15),v(282,17),v(288,16),v(288,18),v(288,21),v(324,14),v(330,15),v(348,0),v(354,1)))
T(P(T(P(p(8,21),p(8,26)),V(v(0,0),v(6,0))),T(P(p(12,22),p(12,25),p(14,19)),V(v(0,0)))),V(v(0,0),v(24,2),v(52,2),v(64,2),v(84,0),v(108,2),v(136,2),v(148,2),v(184,3),v(196,3),v(202,3),v(208,3),v(280,7),v(292,0),v(340,3),v(352,3),v(358,3),v(364,3),v(436,7),v(448,0),v(876,0),v(900,2),v(928,2),v(940,2),v(976,3),v(988,3),v(994,3),v(1000,3),v(1072,7),v(1084,0)))
T(P(T(P(p(10,21),p(12,20)),V(v(0,0),v(0,2),v(0,5),v(30,1))),T(P(p(2,22),p(8,21),p(20,28),p(40,25)),V(v(0,0)))),V(v(0,0),v(24,2),v(84,0),v(108,2),v(264,0),v(420,0),v(876,0),v(900,2),v(1056,0)))
T(P(T(P(p(22,25),p(24,26),p(30,25)),V(v(0,0),v(0,5),v(12,-4),v(18,-3))),T(P(p(34,21),p(34,23),p(36,22)),V(v(0,0),v(12,2),v(42,6))),T(P(p(26,24),p(46,23),p(48,22)),V(v(0,0),v(0,5),v(30,6))),T(P(p(26,24),p(30,30)),V(v(0,0),v(40,4),v(46,-6),v(46,-1))),T(P(p(0,24),p(12,20),p(16,23),p(32,23),p(32,28),p(71,33),p(72,28),p(76,18),p(78,21),p(78,23)),V(v(0,0)))),V(v(0,0),v(84,0),v(228,-2),v(384,-2),v(876,0),v(1020,-2)))
T(P(T(P(p(0,24),p(6,23)),V(v(0,0),v(2,-2),v(10,-3))),T(P(p(-2,23),p(18,21)),V(v(0,0)))),V(v(0,0),v(24,2),v(84,0),v(108,2),v(252,0),v(264,14),v(276,12),v(408,0),v(420,14),v(432,12),v(876,0),v(900,2),v(1044,0),v(1056,14),v(1068,12)))
T(P(T(P(p(-2,23),p(0,24)),V(v(0,0),v(36,0),v(42,-1),v(78,4))),T(P(p(10,19),p(10,26)),V(v(0,0),v(4,0),v(68,2))),T(P(p(44,30),p(56,30)),V(v(0,0),v(20,-1),v(22,-9))),T(P(p(72,18),p(72,23)),V(v(0,0),v(0,5),v(4,6),v(6,5))),T(P(p(46,32),p(54,32),p(76,18)),V(v(0,0)))),V(v(0,0),v(84,0),v(216,5),v(372,5),v(876,0),v(1008,5)))
T(P(T(P(p(502,28),p(504,28)),V(v(0,0),v(60,0),v(210,0),v(348,0)))),V(v(-22,0),v(-17,0),v(-16,1),v(-11,1),v(-10,2),v(-8,2),v(-4,0),v(0,0),v(2,-14),v(7,-14),v(8,-13),v(13,-13),v(14,-12)))
T(P(T(P(p(4,19),p(6,23)),V(v(0,0),v(6,2))),T(P(p(-2,23),p(2,22),p(10,19),p(12,20),p(16,20),p(18,23)),V(v(0,0)))),V(v(0,0),v(24,2),v(84,0),v(108,2),v(276,3),v(432,3),v(876,0),v(900,2),v(1068,3)))
T(P(T(P(p(-2,23),p(0,24),p(6,23)),V(v(0,0),v(0,5),v(12,-4))),T(P(p(-2,28),p(10,21),p(12,20)),V(v(0,0),v(42,1))),T(P(p(0,24),p(2,22),p(26,24)),V(v(0,0),v(6,4))),T(P(p(2,27),p(8,21),p(16,20),p(18,21),p(34,28),p(46,32),p(60,18),p(60,23)),V(v(0,0)))),V(v(0,0),v(84,0),v(252,0),v(408,0),v(876,0),v(1044,0)))
T(P(T(P(p(8,26),p(10,26)),V(v(0,0),v(24,2))),T(P(p(2,27),p(6,28),p(16,23),p(48,32),p(60,23),p(72,23)),V(v(0,0)))),V(v(0,-5),v(0,0),v(84,-5),v(84,0),v(246,-4),v(402,-4),v(876,-5),v(876,0),v(1038,-4)))
T(P(T(P(p(34,28),p(36,27)),V(v(0,0),v(12,0),v(18,4),v(42,1))),T(P(p(24,31),p(30,30)),V(v(0,0),v(2,-2),v(16,-2),v(24,1))),T(P(p(0,29),p(12,25),p(18,23),p(22,30),p(36,25),p(44,30),p(50,32),p(52,29),p(72,23),p(72,28)),V(v(0,0)))),V(v(0,0),v(84,0),v(228,-7),v(384,-7),v(876,0),v(1020,-7)))
T(P(T(P(p(12,23),p(16,23)),V(v(0,0),v(30,2),v(36,-1))),T(P(p(38,21),p(38,23)),V(v(0,0),v(10,1))),T(P(p(28,21),p(38,21)),V(v(0,0),v(22,7))),T(P(p(0,29),p(10,21)),V(v(0,0),v(18,0))),T(P(p(2,27),p(14,23),p(66,21),p(78,23)),V(v(0,0)))),V(v(0,0),v(84,0),v(234,0),v(390,0),v(876,0),v(1026,0)))
T(P(T(P(p(239,26),p(240,25)),V(v(0,0),v(3,1))),T(P(p(198,22),p(210,24),p(222,22),p(233,23),p(241,26),p(252,29),p(256,27),p(256,32),p(294,26),p(318,12)),V(v(0,0)))),V(v(0,0),v(156,0),v(406,2),v(407,3),v(544,2),v(545,3),v(792,0)))
T(P(T(P(p(10,19),p(14,19),p(16,20)),V(v(0,0),v(0,7))),T(P(p(-2,23),p(8,26)),V(v(0,0),v(40,-2))),T(P(p(6,28),p(10,26)),V(v(0,0),v(40,-3),v(44,-5))),T(P(p(28,21),p(50,21),p(76,24)),V(v(0,0)))),V(v(0,0),v(84,0),v(228,1),v(384,1),v(876,0),v(1020,1)))
T(P(T(P(p(34,21),p(36,22)),V(v(0,0),v(18,-1))),T(P(p(10,21),p(14,19)),V(v(0,0),v(26,1))),T(P(p(34,21),p(38,25)),V(v(0,0),v(26,2))),T(P(p(6,28),p(14,26),p(36,27),p(52,22),p(58,33)),V(v(0,0)))),V(v(0,0),v(84,0),v(222,1),v(378,1),v(876,0),v(1014,1)))
T(P(T(P(p(504,28),p(564,28),p(714,28),p(852,28)),V(v(0,0),v(2,2))),T(P(p(512,31),p(572,31)),V(v(0,0)))),V(v(-21,-2),v(-20,-1),v(-12,-10),v(0,0),v(3,-16),v(4,-15),v(9,-15),v(10,-14)))
T(P(T(P(p(0,24),p(2,22)),V(v(0,0),v(6,-1))),T(P(p(16,18),p(16,20),p(18,19),p(34,21),p(50,21),p(58,17),p(64,18),p(78,23)),V(v(0,0)))),V(v(0,0),v(84,0),v(180,10),v(336,10),v(876,0),v(972,10)))
T(P(T(P(p(268,36),p(274,35)),V(v(0,0),v(12,-2))),T(P(p(170,31),p(182,32),p(272,35),p(276,36),p(306,19)),V(v(0,0)))),V(v(0,0),v(6,-10),v(6,-1),v(156,0),v(162,-10),v(162,-1),v(792,0),v(798,-10),v(798,-1)))
T(P(T(P(p(10,19),p(10,26)),V(v(0,0),v(4,0))),T(P(p(-2,23),p(6,28),p(8,21)),V(v(0,0)))),V(v(0,0),v(24,2),v(84,0),v(108,2),v(229,0),v(385,0),v(876,0),v(900,2),v(1021,0)))
T(P(T(P(T(P(p(654,32),p(655,31)),V(v(0,0),v(1,-1)))),V(v(0,0),v(138,0)))),V(v(-13,-3),v(-12,-2),v(-7,-2),v(-6,-1),v(-1,-1),v(0,0),v(5,0),v(6,-1),v(6,1),v(6,4),v(7,0),v(9,0),v(9,3),v(10,-3),v(10,2),v(12,-3),v(13,-4),v(13,-2),v(13,1),v(14,-5),v(14,0),v(16,-5),v(51,-1),v(53,-3),v(74,-16),v(76,-18)))
T(P(p(118,23),p(120,22),p(126,23),p(134,21),p(172,22)),V(v(0,0),v(0,2),v(48,9),v(204,9),v(393,-9),v(394,-8),v(531,7),v(532,8),v(533,9),v(669,7),v(670,8),v(671,9),v(792,0),v(792,2),v(840,9)))
T(P(T(P(p(228,29),p(229,30)),V(v(0,0),v(12,-4),v(16,-8))),T(P(p(215,30),p(221,30),p(232,29),p(236,27),p(244,28)),V(v(0,0)))),V(v(0,0),v(1,-6),v(156,0),v(157,-6),v(792,0),v(793,-6)))
T(P(p(168,33),p(186,33),p(188,24),p(188,31),p(190,24),p(192,29),p(229,23),p(241,26)),V(v(0,0),v(47,-3),v(156,0),v(203,-3),v(792,0),v(839,-3)))
T(P(T(P(p(166,30),p(221,30)),V(v(0,0),v(156,0),v(792,0)))),V(v(0,0),v(8,0),v(10,-7),v(10,0),v(12,-7),v(16,-9),v(37,3),v(67,-7),v(73,-4)))
T(P(T(P(p(30,25),p(84,29)),V(v(0,0),v(12,-4),v(36,-4))),T(P(p(116,23),p(118,23)),V(v(0,0),v(2,2))),T(P(p(30,25),p(38,28)),V(v(0,0),v(60,-2))),T(P(p(22,25),p(38,21)),V(v(0,0),v(80,4))),T(P(p(22,30),p(50,21),p(54,21),p(54,32),p(86,27),p(132,24),p(138,31),p(140,30)),V(v(0,0)))),V(v(0,0),v(154,-2),v(310,-2),v(946,-2)))
T(P(T(P(p(229,23),p(231,23)),V(v(0,0),v(2,0))),T(P(p(178,25),p(182,23),p(227,30)),V(v(0,0)))),V(v(0,0),v(55,5),v(156,0),v(211,5),v(792,0),v(847,5)))
T(P(p(523,14),p(526,16),p(527,12),p(534,9)),V(v(0,0),v(60,0),v(136,18),v(137,19),v(138,18),v(274,18),v(275,19),v(276,18)))
T(P(T(P(p(514,33),p(518,33),p(520,32)),V(v(0,0),v(60,0)))),V(v(-480,-12),v(0,0),v(5,-19)))
T(P(p(112,14),p(468,9),p(468,16),p(600,16),p(904,14)),V(v(0,0),v(0,7),v(168,20)))
T(P(p(480,19),p(483,26)),V(v(0,0),v(2,2),v(60,0),v(62,2),v(120,-3),v(139,7),v(140,9),v(141,11),v(210,0),v(212,2),v(258,-3),v(277,7),v(278,9),v(279,11),v(348,0),v(350,2)))
T(P(T(P(p(484,23),p(544,23),p(694,23),p(832,23)),V(v(0,0),v(2,1),v(4,-3),v(6,-4),v(12,0),v(14,-4),v(17,6),v(18,0),v(19,3),v(24,10),v(38,3))),T(P(p(170,20),p(170,22),p(170,29),p(180,32),p(184,25),p(186,31),p(188,29),p(190,26),p(202,34),p(214,19),p(234,22),p(266,20),p(312,20)),V(v(0,0),v(156,0),v(792,0))),T(P(p(612,22),p(624,30),p(672,30),p(678,24),p(678,26)),V(v(0,0),v(6,-1),v(138,0),v(144,-1))),T(P(T(P(p(720,31),p(722,27)),V(v(0,0),v(10,-1))),T(P(p(624,30),p(630,29),p(724,26)),V(v(0,0)))),V(v(0,0),v(114,-7),v(138,0))),T(P(T(P(p(484,23),p(486,24)),V(v(0,0),v(60,0)))),V(v(0,0),v(46,2),v(47,0),v(48,-1))),T(P(p(478,23),p(534,23),p(538,23)),V(v(0,0),v(23,6),v(46,-8),v(52,2),v(60,0))),T(P(p(126,31),p(186,31),p(188,29)),V(v(0,0),v(369,0),v(371,-2),v(792,0))),T(P(p(312,20),p(326,22),p(328,24)),V(v(0,0),v(400,3),v(538,3))),T(P(p(266,20),p(312,16)),V(v(0,0),v(244,7),v(250,7),v(258,11),v(792,0))),T(P(p(326,29),p(534,23)),V(v(0,0),v(2,-7),v(200,-4),v(326,4))),T(P(p(42,31),p(58,22)),V(v(0,0),v(84,0),v(876,0))),T(P(T(P(p(526,30),p(529,27),p(532,6)),V(v(0,0),v(60,0))),T(P(p(684,29),p(710,21)),V(v(0,0),v(138,0))),T(P(p(28,14),p(499,27),p(576,27),p(584,31),p(588,13),p(596,16),p(606,22),p(630,36),p(736,23),p(774,29),p(774,36),p(790,33),p(872,19)),V(v(0,0)))),V(v(0,0)))),V(v(0,0)))

numberOfNotes 1538
tatumsPerBar null
barOneStartsAt null
compressionRatio 2.1420612813370474
runningTime 59466
encodingLength 718
encodingLengthWithoutResidualPointSet 536
numberOfResidualPoints 182
percentageOfResidualPoints 11.833550065019505
compressionRatioWithoutResidualPointSet 2.529850746268657
title sonata01-3.txt
numberOfTECs 32
inputFilePath D:\Source\Repos\omnisia\Points\RecurSIA-RRT-experiment\JKU-PDD\JKUPDD-noAudio-Aug2013\groundTruth\beethovenOp2No1Mvt3\polyphonic\lisp\sonata01-3.txt
outputFilePath D:\Source\Repos\omnisia\Points\RecurSIA-RRT-experiment\JKU-PDD\JKUPDD-noAudio-Aug2013\matlab\pattDiscOut\ReSIARTECCompress-RRT\beet_sonata01-3_ReSIARTECCompress-RRT.out
logFilePath null
outputFileExtension RecurSIA
isDiatonic true
withoutChannel10 false
encoderName com.chromamorph.points022.RecurSIAEncoding
forMirex true
mode Raw
topNPatterns 0
