T(P(T(P(T(P(p(288,33),p(300,34)),V(v(0,0),v(72,0)))),V(v(0,0),v(36,-3),v(60,-1))),T(P(p(264,31),p(282,32),p(312,32),p(384,32)),V(v(0,0)))),V(v(0,-9),v(0,0),v(864,-9),v(864,0),v(2160,-9),v(2160,0),v(3600,-9),v(3600,0),v(10368,-9),v(10368,0),v(11664,-9),v(11664,0)))
T(P(T(P(T(P(p(360,24),p(360,33)),V(v(0,0),v(12,1)))),V(v(0,0),v(36,-3),v(60,-1))),T(P(p(-24,31),p(-6,32)),V(v(0,0),v(792,1))),T(P(T(P(p(336,22),p(336,31)),V(v(0,0),v(48,1))),T(P(p(48,24),p(192,25),p(216,24),p(492,32),p(792,33)),V(v(0,0)))),V(v(0,0)))),V(v(0,0),v(864,0),v(2088,0),v(3528,0),v(10368,0),v(11592,0)))
T(P(T(P(T(P(p(288,24),p(300,25)),V(v(0,0),v(72,0)))),V(v(0,0),v(36,-3),v(60,-1))),T(P(p(24,24),p(48,24)),V(v(0,0),v(144,2),v(144,6))),T(P(p(216,29),p(264,22),p(282,23),p(312,23),p(384,23),p(624,16)),V(v(0,0)))),V(v(0,0),v(864,0),v(2160,9),v(3600,9),v(10368,0),v(11664,9)))
T(P(T(P(T(P(p(264,22),p(264,31)),V(v(0,0),v(60,-1)))),V(v(0,0),v(72,0),v(84,1))),T(P(p(600,21),p(600,23)),V(v(0,0),v(24,-1),v(96,8))),T(P(p(24,29),p(516,30),p(528,29),p(600,26),p(768,29)),V(v(0,0)))),V(v(0,0),v(864,0),v(2184,2),v(3624,2),v(10368,0),v(11688,2)))
T(P(T(P(p(408,22),p(408,31)),V(v(0,0),v(12,1))),T(P(p(24,29),p(72,28)),V(v(0,0),v(120,2))),T(P(p(264,22),p(408,22)),V(v(0,0),v(432,9))),T(P(p(48,29),p(72,26),p(288,33),p(492,32),p(528,29),p(744,26),p(912,29)),V(v(0,0)))),V(v(0,0),v(864,0),v(2040,2),v(3480,2),v(10368,0),v(11544,2)))
T(P(T(P(p(2604,39),p(4044,39),p(12108,39)),V(v(0,0),v(24,-2)))),V(v(-876,-9),v(-876,-7),v(-828,-10),v(-828,-8),v(-804,-10),v(-804,-7),v(-684,-8),v(-660,-10),v(-648,-11),v(-564,-8),v(-540,-8),v(-420,-6),v(0,0),v(12,-1),v(48,-4),v(60,-5),v(96,-7),v(276,-8),v(372,-17),v(420,-21)))
T(P(T(P(p(4920,36),p(4928,35),p(4992,37),p(5064,37)),V(v(0,0),v(8,-1),v(16,-2)))),V(v(0,0),v(24,-3),v(1152,0),v(1176,-3),v(2880,0),v(2904,-3),v(4608,0),v(4632,-3)))
T(P(T(P(T(P(p(-24,31),p(0,30)),V(v(0,0),v(24,-1)))),V(v(0,0),v(312,-7))),T(P(T(P(p(384,32),p(408,31)),V(v(0,0),v(216,-9))),T(P(p(264,31),p(282,32),p(528,29),p(624,20)),V(v(0,0)))),V(v(0,0)))),V(v(0,0),v(864,0),v(2472,2),v(3912,2),v(10368,0),v(11976,2)))
T(P(T(P(p(528,29),p(552,28)),V(v(0,0),v(72,-8),v(96,-9),v(240,0))),T(P(p(72,26),p(216,26)),V(v(0,0),v(696,3))),T(P(p(48,26),p(168,25),p(432,24)),V(v(0,0)))),V(v(0,0),v(864,0),v(1680,4),v(3120,4),v(10368,0),v(11184,4)))
T(P(T(P(p(24,26),p(48,26)),V(v(0,0),v(144,4))),T(P(p(600,21),p(624,20),p(696,29)),V(v(0,0),v(24,-1))),T(P(p(72,28),p(288,19),p(714,28)),V(v(0,0)))),V(v(0,0),v(864,0),v(2160,5),v(3600,5),v(10368,0),v(11664,5)))
T(P(T(P(p(0,30),p(24,29)),V(v(0,0),v(312,-7),v(624,-8))),T(P(p(408,31),p(552,28),p(624,16),p(648,19),p(648,26),p(672,12)),V(v(0,0)))),V(v(0,0),v(864,0),v(2448,3),v(3888,3),v(10368,0),v(11952,3)))
T(P(T(P(p(144,31),p(168,30)),V(v(0,0),v(456,-5))),T(P(p(48,26),p(72,26),p(288,19),p(336,22),p(336,31),p(384,32),p(792,33),p(1344,33)),V(v(0,0)))),V(v(0,0),v(864,0),v(1680,-1),v(3120,-1),v(10368,0),v(11184,-1)))
T(P(T(P(p(0,30),p(24,29)),V(v(0,0),v(48,-1))),T(P(p(72,26),p(192,25),p(216,26),p(264,22),p(288,24),p(360,24),p(816,19)),V(v(0,0)))),V(v(0,0),v(864,0),v(1704,5),v(3144,5),v(10368,0),v(11208,5)))
T(P(T(P(p(5664,24),p(5670,23)),V(v(0,0),v(12,-2))),T(P(p(5616,22),p(5619,23)),V(v(0,0),v(3,1)))),V(v(0,0),v(0,9),v(1152,0),v(1152,9),v(2880,3),v(2880,12),v(4608,3),v(4608,12)))
T(P(p(0,30),p(24,24),p(24,26),p(24,29),p(120,32)),V(v(0,0),v(192,0),v(600,-4),v(864,0),v(1056,0),v(1464,-4),v(2760,-1),v(4200,-1),v(4680,2),v(5832,2),v(7560,2),v(9288,2),v(10368,0),v(10560,0),v(10968,-4),v(12264,-1)))
T(P(T(P(p(120,32),p(144,31)),V(v(0,0),v(24,-1),v(72,-2))),T(P(p(48,26),p(138,33),p(156,30),p(336,31),p(540,29)),V(v(0,0)))),V(v(0,0),v(864,0),v(2016,-8),v(3456,-8),v(10368,0),v(11520,-8)))
T(P(T(P(p(1728,18),p(1752,18),p(1776,17)),V(v(0,0),v(600,5))),T(P(p(1800,13),p(1824,14)),V(v(0,0),v(24,1))),T(P(p(1704,19)),V(v(0,0)))),V(v(0,0),v(0,16),v(1440,0),v(1440,16),v(9504,0),v(9504,16)))
T(P(T(P(T(P(p(444,36),p(456,35)),V(v(0,0),v(24,-2)))),V(v(0,0),v(36,-3))),T(P(p(12,29),p(540,29),p(552,28)),V(v(0,0)))),V(v(0,0),v(864,0),v(2172,2),v(3612,2),v(10368,0),v(11676,2)))
T(P(T(P(p(168,26),p(192,25)),V(v(0,0),v(216,-3))),T(P(p(0,30),p(576,30),p(600,16),p(624,25),p(648,21),p(648,26)),V(v(0,0)))),V(v(0,0),v(864,0),v(2376,6),v(3816,6),v(10368,0),v(11880,6)))
T(P(T(P(p(5616,22),p(7344,15),p(7344,22)),V(v(0,0),v(1728,0)))),V(v(-4536,7),v(0,0),v(54,1),v(60,0),v(66,-1),v(72,0),v(192,10),v(276,7),v(336,12),v(480,-2),v(504,-1),v(632,11)))
T(P(T(P(T(P(p(5892,22),p(7620,22)),V(v(0,0),v(1728,0))),T(P(p(4740,22)),V(v(0,0)))),V(v(0,0),v(0,7)))),V(v(-84,3),v(0,0),v(60,5),v(204,-9),v(228,-8),v(356,4)))
T(P(T(P(p(480,33),p(504,31)),V(v(0,0),v(24,-2))),T(P(p(576,30)),V(v(0,0)))),V(v(0,0),v(864,0),v(2160,3),v(2496,-11),v(3600,3),v(3936,-11),v(4104,-4),v(4128,-4),v(4248,-4),v(4272,-4),v(5256,-4),v(5280,-4),v(5400,-4),v(5424,-4),v(6984,-4),v(7008,-4),v(7128,-4),v(7152,-4),v(8712,-4),v(8736,-4),v(8856,-4),v(8880,-4),v(10368,0),v(11664,3),v(12000,-11)))
T(P(T(P(p(5664,24),p(5670,23)),V(v(0,0),v(12,-2))),T(P(p(1272,22),p(1296,24)),V(v(0,0),v(9504,0))),T(P(p(5184,23),p(5244,26)),V(v(0,0),v(144,0))),T(P(p(4848,26),p(4896,25)),V(v(0,0),v(774,-2))),T(P(p(2496,22),p(4800,25),p(4872,26),p(4968,21),p(5088,25),p(5616,22),p(5619,23),p(6972,22),p(8700,22)),V(v(0,0)))),V(v(0,0),v(0,9),v(1152,0),v(1152,9)))
T(P(p(72,25),p(600,16),p(600,21),p(624,20),p(648,21),p(786,28),p(792,28)),V(v(0,0),v(864,0),v(2160,8),v(3600,8),v(10368,0),v(11664,8)))
T(P(p(48,24),p(192,30),p(432,33),p(696,31),p(714,30),p(720,30),p(786,28)),V(v(0,0),v(864,0),v(2232,1),v(3672,1),v(10368,0),v(11736,1)))
T(P(p(4656,27),p(4704,26),p(5104,27),p(5112,22),p(5112,27),p(5136,26)),V(v(0,0),v(0,5),v(1152,0),v(1152,5),v(2880,0),v(2880,5),v(4608,0),v(4608,5)))
T(P(T(P(p(2208,22),p(2208,31)),V(v(0,0),v(1728,0)))),V(v(0,0),v(936,4),v(960,3),v(3744,3),v(3792,4),v(3816,4),v(3840,3),v(3912,-1),v(4032,3),v(4764,0),v(4824,2),v(4992,1),v(5472,3),v(5520,4),v(5640,-1),v(5760,3),v(5856,-3),v(5916,0),v(6000,-3),v(6060,0),v(6288,3),v(6291,4),v(6294,5),v(6336,5),v(6342,4),v(6348,3),v(6354,2),v(7272,4),v(7296,3)))
T(P(p(72,26),p(1704,26),p(3144,26),p(11208,26)),V(v(0,0),v(72,5),v(120,4),v(144,0),v(144,3),v(312,6),v(336,-4),v(336,5),v(528,-5),v(744,-7),v(816,-2),v(1080,-7),v(1296,5),v(1368,4)))
T(P(T(P(p(8124,22),p(8136,20),p(8160,18)),V(v(0,0),v(1728,0)))),V(v(-2376,7),v(-2232,7),v(-648,7),v(-504,7),v(0,0),v(144,0),v(204,18),v(276,15)))
T(P(p(786,33),p(4890,33),p(4896,34),p(6624,34)),V(v(0,0),v(846,-4),v(864,-5),v(990,-4),v(1230,-3),v(2022,-4),v(2094,-2),v(2502,-18),v(2502,-11),v(2718,-4),v(3222,-2),v(3366,-2),v(4608,0)))
T(P(T(P(p(264,31),p(336,31)),V(v(0,0),v(72,0))),T(P(p(396,30),p(540,29)),V(v(0,0)))),V(v(0,0),v(864,0),v(7836,-9),v(7860,-9),v(9564,-9),v(9588,-9),v(10368,0)))
T(P(T(P(p(5096,26),p(5096,33)),V(v(0,0),v(1152,0)))),V(v(-2000,-4),v(-560,-4),v(-440,-1),v(-356,-4),v(-296,1),v(-152,-13),v(-128,-12),v(0,0),v(76,0),v(220,0),v(592,-4),v(1804,-4),v(3100,-4),v(3532,-4)))
T(P(T(P(p(5104,27),p(5104,32)),V(v(0,0),v(1152,0)))),V(v(-2008,-3),v(-448,0),v(-400,-1),v(0,0),v(8,-5),v(8,0),v(32,-1),v(104,-2),v(248,-2),v(392,-10),v(416,-10),v(560,-8),v(4712,-6)))
T(P(T(P(p(7164,24),p(7176,22)),V(v(0,0),v(1728,0)))),V(v(-1494,-1),v(-1422,6),v(-1416,5),v(-1278,6),v(-1272,5),v(-1188,0),v(-1164,0),v(-1140,0),v(-276,0),v(-132,0),v(-36,0),v(-12,2),v(0,0),v(234,-8),v(234,-1),v(306,6),v(312,5),v(450,6),v(456,5),v(540,0),v(564,0),v(588,0),v(960,-2),v(1104,-2),v(1164,16),v(1170,15),v(1236,13),v(1242,12),v(1380,3),v(1380,12),v(1386,2),v(1386,11),v(1392,10)))
T(P(T(P(p(7392,15),p(7398,16)),V(v(0,0),v(1728,0))),T(P(p(4944,13),p(6096,13)),V(v(0,0)))),V(v(-408,16),v(0,0),v(0,7),v(360,20),v(378,18),v(384,19)))
T(P(T(P(p(-24,31),p(0,30)),V(v(0,0),v(1080,-1))),T(P(p(48,29),p(72,25),p(216,24),p(264,22),p(360,24),p(714,28)),V(v(0,0)))),V(v(0,0),v(1728,-5),v(3168,-5),v(11232,-5)))
T(P(p(2064,18),p(2328,23),p(2472,23),p(2544,23),p(2556,21),p(2760,19)),V(v(0,0),v(1440,0),v(2910,13),v(4062,13),v(9504,0)))
T(P(p(0,30),p(24,29),p(282,23),p(288,24),p(432,24),p(594,31)),V(v(0,0),v(864,0),v(7758,6),v(9486,6),v(10368,0)))
T(P(p(888,24),p(888,26),p(912,26),p(1128,22),p(1584,30),p(1704,29)),V(v(0,0),v(1170,4),v(2610,4),v(9504,0),v(10674,4)))
T(P(p(3768,39),p(3792,39),p(4884,35),p(6612,35),p(8412,35)),V(v(0,0),v(912,-13),v(936,-13),v(1056,-13),v(1080,-13),v(3156,-17)))
T(P(p(624,25),p(648,26),p(876,29)),V(v(0,0),v(1296,-7),v(1728,10),v(2736,-7),v(3168,10),v(4104,1),v(4392,-3),v(4536,-3),v(4968,-7),v(5256,1),v(5544,-3),v(5688,-3),v(6120,-7),v(6312,0),v(6984,1),v(7416,-7),v(8040,0),v(8712,1),v(9144,-7),v(10800,-7),v(11232,10)))
T(P(p(288,33),p(300,34),p(564,27)),V(v(0,0),v(864,0),v(2196,-3),v(2268,-12),v(3636,-3),v(3708,-12),v(6924,0),v(6972,-2),v(7020,1),v(7044,2),v(7836,-2),v(8652,0),v(8700,-2),v(8748,1),v(8772,2),v(9564,-2),v(10368,0),v(11700,-3),v(11772,-12)))
T(P(p(348,32),p(2328,39),p(2352,39)),V(v(0,0),v(2484,-17),v(3036,-13),v(4164,-13),v(5364,-17),v(6120,-6),v(6516,-17),v(6612,-6),v(6996,-17),v(7044,-17),v(7068,-17),v(8952,-10)))
T(P(p(594,31),p(786,28),p(786,33),p(1146,32)),V(v(0,0),v(2478,-1),v(7302,-7),v(9030,-7)))
T(P(p(5568,22),p(5568,30),p(5592,22)),V(v(0,0),v(24,0),v(1152,0),v(1176,0),v(1488,3),v(2880,3),v(2904,3),v(3216,3),v(4608,3),v(4632,3)))
T(P(p(1824,21),p(2040,29),p(2058,28)),V(v(0,0),v(1440,0),v(6306,8),v(8034,8),v(9504,0)))
T(P(p(3768,39),p(3792,39),p(5052,33),p(5250,33),p(6036,35)),V(v(0,0),v(2148,-17),v(3876,-17)))
T(P(p(1752,25),p(2058,30)),V(v(0,0),v(1032,-2),v(1440,0),v(2472,-2),v(2856,2),v(2988,4),v(2994,3),v(3000,0),v(3120,1),v(3624,0),v(4008,2),v(4140,4),v(4146,3),v(4152,0),v(4272,1),v(4776,0),v(5076,6),v(5736,2),v(5868,4),v(5874,3),v(5880,0),v(6144,-3),v(6444,-3),v(7464,2),v(7596,4),v(7602,3),v(7608,0),v(7872,-3),v(8172,-3),v(9504,0),v(10536,-2)))
T(P(p(786,28),p(1188,21)),V(v(0,0),v(3606,8),v(3672,1),v(4104,5),v(4614,8),v(4836,5),v(5256,5),v(6888,1),v(7476,4),v(7488,1),v(7716,8),v(8616,1)))
T(P(T(P(p(4620,22),p(4668,22),p(5772,22),p(7500,22)),V(v(0,0),v(60,6),v(96,0),v(420,-1),v(2448,0))),T(P(p(5160,33),p(5196,26),p(5256,36),p(5280,38)),V(v(0,0),v(1152,0),v(3024,-4),v(4752,-4))),T(P(T(P(p(6984,27),p(7008,27)),V(v(0,0),v(1728,0)))),V(v(0,0),v(84,-5),v(120,8),v(1464,-6))),T(P(p(4368,35),p(4680,28),p(4728,28),p(5472,34)),V(v(0,0),v(1512,-7),v(3240,-7),v(3816,-6))),T(P(p(6888,29),p(8616,29),p(8688,31)),V(v(0,0),v(24,-4),v(156,4),v(174,5),v(1296,0),v(1416,5))),T(P(T(P(p(5460,35),p(5472,34)),V(v(0,0),v(12,-1))),T(P(p(5016,24),p(5232,25),p(5448,37)),V(v(0,0)))),V(v(0,0),v(72,-3),v(1224,-3))),T(P(p(5832,28),p(7560,28),p(7608,28)),V(v(0,0),v(360,-7),v(1188,-6),v(1668,-6),v(1728,0),v(2088,-7),v(2664,-6))),T(P(p(4620,22),p(4644,22),p(4764,22)),V(v(0,0),v(24,0),v(576,4),v(660,0),v(1812,0))),T(P(p(1872,18),p(2316,23),p(2874,31),p(2928,35)),V(v(0,0),v(1440,0),v(9504,0))),T(P(p(4908,34),p(5310,34),p(5376,35)),V(v(0,0),v(1152,0),v(2388,0),v(4116,0))),T(P(p(4644,22),p(4824,24),p(4848,24),p(4884,22)),V(v(0,0),v(372,2),v(1524,2))),T(P(p(4824,24),p(4824,36),p(4872,24),p(5016,24)),V(v(0,0),v(3096,-3),v(4824,-3))),T(P(T(P(p(4902,35),p(4908,34)),V(v(0,0),v(1152,0)))),V(v(0,0),v(618,-1),v(630,-3))),T(P(p(7068,22),p(7104,23),p(7116,35),p(7236,33)),V(v(0,0),v(1044,-1),v(2772,-1))),T(P(p(5946,29),p(5976,36),p(6054,35),p(6678,33)),V(v(0,0),v(1554,-7),v(3282,-7))),T(P(p(5760,25),p(7176,29),p(7488,25)),V(v(0,0),v(72,3),v(378,3),v(1800,3),v(2106,3),v(2784,-3))),T(P(p(4824,36),p(5448,37),p(5496,33),p(6552,36)),V(v(0,0),v(1152,0),v(3096,-15))),T(P(p(5232,25),p(5424,38),p(5448,37)),V(v(0,0),v(1152,0),v(2340,-3))),T(P(p(4608,25),p(4692,22)),V(v(0,0),v(1944,11),v(2880,0),v(3960,0),v(4032,0))),T(P(T(P(p(7920,23),p(7968,21)),V(v(0,0),v(1728,0)))),V(v(0,0),v(456,13))),T(P(p(4650,29),p(4674,32),p(4818,34),p(6030,36)),V(v(0,0),v(3894,-7))),T(P(T(P(p(5040,33),p(5166,34),p(5232,35),p(5400,24),p(5568,18)),V(v(0,0),v(1152,0))),T(P(p(7284,33),p(8058,27),p(8376,25)),V(v(0,0),v(1728,0))),T(P(p(1824,32),p(1848,22)),V(v(0,0),v(9504,0))),T(P(p(4590,30),p(4734,30)),V(v(0,0),v(1812,3))),T(P(p(3144,29),p(3144,31),p(4596,29),p(4602,28),p(4878,36),p(4986,28),p(5826,32),p(5970,34),p(6960,31),p(8640,29),p(8832,23),p(9216,25),p(9252,22),p(9432,36),p(9516,34),p(9582,31),p(9840,31),p(10002,29),p(10296,25),p(10320,18)),V(v(0,0)))),V(v(0,0)))),V(v(0,0)))

numberOfNotes 1744
tatumsPerBar null
barOneStartsAt null
compressionRatio 1.8338590956887486
runningTime 61834
encodingLength 951
encodingLengthWithoutResidualPointSet 712
numberOfResidualPoints 239
percentageOfResidualPoints 13.704128440366972
compressionRatioWithoutResidualPointSet 2.1137640449438204
title sonata04-2.txt
numberOfTECs 50
inputFilePath D:\Source\Repos\omnisia\Points\RecurSIA-RRT-experiment\JKU-PDD\JKUPDD-noAudio-Aug2013\groundTruth\mozartK282Mvt2\polyphonic\lisp\sonata04-2.txt
outputFilePath D:\Source\Repos\omnisia\Points\RecurSIA-RRT-experiment\JKU-PDD\JKUPDD-noAudio-Aug2013\matlab\pattDiscOut\ReSIARTECCompress-RRT\mzrt_sonata04-2_ReSIARTECCompress-RRT.out
logFilePath null
outputFileExtension RecurSIA
isDiatonic true
withoutChannel10 false
encoderName com.chromamorph.points022.RecurSIAEncoding
forMirex true
mode Raw
topNPatterns 0
