T(P(p(264,22),p(282,23),p(288,24),p(300,25),p(312,23),p(324,21),p(336,22),p(348,23),p(360,24),p(372,25),p(384,23),p(396,21),p(408,22),p(420,23),p(432,24)),V(v(0,0),v(0,9),v(864,0),v(864,9),v(2160,0),v(2160,9),v(3600,0),v(3600,9),v(10368,0),v(10368,9),v(11664,0),v(11664,9)))
T(P(p(24,26),p(48,26),p(72,26),p(168,26),p(192,26),p(216,26)),V(v(0,0),v(864,0),v(4584,-1),v(4584,1),v(4596,-4),v(4656,0),v(4668,-4),v(5148,0),v(5196,0),v(5736,-1),v(5736,1),v(5748,-4),v(5808,0),v(5820,-4),v(6300,0),v(6348,0),v(6876,-4),v(6924,-4),v(7464,-1),v(7464,1),v(7476,-4),v(7536,0),v(7548,-4),v(8028,-4),v(8076,-4),v(8604,-4),v(8652,-4),v(9192,-1),v(9192,1),v(9204,-4),v(9264,0),v(9276,-4),v(9756,-4),v(9804,-4),v(10368,0)))
T(P(p(444,36),p(456,35),p(468,34),p(480,33),p(492,32),p(504,31),p(516,30),p(528,29),p(540,29),p(552,28),p(564,27),p(576,30),p(594,31),p(600,16),p(600,21),p(600,23),p(600,26),p(624,16),p(624,20),p(624,22),p(624,25),p(648,19),p(648,21),p(648,26),p(672,12),p(696,29),p(696,31),p(714,28),p(714,30),p(720,28),p(720,30),p(744,26),p(768,29),p(768,32),p(786,28),p(786,33),p(792,28),p(792,33),p(816,19)),V(v(0,0),v(864,0),v(2160,3),v(3600,3),v(10368,0),v(11664,3)))
T(P(p(-24,31),p(-6,32),p(0,30),p(12,29),p(24,29),p(48,29),p(72,28)),V(v(0,0),v(144,1),v(864,0),v(1008,1),v(2160,-7),v(2304,-6),v(3600,-7),v(3744,-6),v(10368,0),v(10512,1),v(11664,-7),v(11808,-6)))
T(P(p(1704,29),p(1728,30),p(1728,32),p(1752,28),p(1776,29),p(1776,31),p(1800,27),p(1824,30),p(1848,29),p(2016,30),p(2040,29),p(2058,28),p(2064,29),p(2082,30),p(2088,29),p(2112,28),p(2184,31),p(2208,31),p(2376,36),p(3096,22)),V(v(0,0),v(0,2),v(1440,0),v(1440,2),v(9504,0),v(9504,2)))
T(P(p(4920,36),p(4928,35),p(4936,34),p(4944,33),p(4992,37),p(5000,36),p(5008,35),p(5064,37),p(5072,36),p(5080,35)),V(v(0,0),v(24,-3),v(1152,0),v(1176,-3),v(2880,0),v(2904,-3),v(4608,0),v(4632,-3)))
T(P(p(4680,32),p(4704,31),p(5832,32),p(5856,31),p(7560,32),p(7584,31),p(9288,32),p(9312,31)),V(v(0,0),v(144,4),v(192,3),v(198,4),v(204,3),v(210,1),v(336,-10),v(336,-8),v(432,-5),v(432,0)))
T(P(p(5448,37),p(5454,36),p(5520,34),p(5526,33),p(5664,24),p(5664,33),p(5670,23),p(5670,32),p(5676,31)),V(v(0,0),v(12,-2),v(1152,0),v(1164,-2),v(2880,3),v(2892,1),v(4608,3),v(4620,1)))
T(P(p(5160,33),p(5166,34),p(5232,35),p(5304,33),p(5310,34),p(5376,35)),V(v(0,0),v(18,-2),v(1152,0),v(1170,-2),v(2880,-4),v(2898,-6),v(4608,-4),v(4626,-6)))
T(P(p(1704,19),p(1728,18),p(1752,18),p(1776,17),p(1800,13),p(1824,14),p(1848,15)),V(v(0,0),v(0,7),v(1440,0),v(1440,7),v(9504,0),v(9504,7)))
T(P(p(5736,29),p(5742,30),p(5748,29),p(5754,28),p(5760,29),p(7464,29),p(7470,30),p(7476,29),p(7482,28),p(7488,29)),V(v(0,0),v(144,0),v(1656,-14),v(1656,-7),v(1728,0),v(1872,0)))
T(P(p(5832,28),p(5856,28),p(7560,28),p(7584,28)),V(v(0,0),v(24,0),v(144,-4),v(168,-4),v(1056,1),v(1080,-3),v(1128,3),v(1152,-1),v(1200,5),v(1224,-3),v(1272,7),v(1380,5),v(1416,4),v(1728,0),v(1752,0),v(1872,-4),v(1896,-4),v(2256,-7),v(2328,-10),v(2400,-7),v(2544,-8),v(2544,-3),v(2616,-7),v(2616,-3),v(2616,5),v(2640,-3)))
T(P(p(1920,18),p(1992,17),p(3360,18),p(3432,17),p(11424,18),p(11496,17)),V(v(0,0),v(1080,2),v(1080,13),v(1098,11),v(1128,-2)))
T(P(p(5316,33),p(5388,35),p(7044,33),p(7116,35)),V(v(0,0),v(822,-5),v(1572,-9),v(1584,-4),v(1602,-3),v(1728,0),v(1746,1),v(1872,-4),v(2550,-5),v(2736,-4),v(2880,-4),v(2988,1)))
T(P(p(5208,25),p(5232,25),p(6360,25),p(6384,25)),V(v(0,0),v(72,-3),v(144,0),v(288,-8),v(288,-3),v(360,-7),v(360,-3),v(360,5),v(384,-3)))
T(P(p(6096,13),p(6120,14),p(7824,13),p(7848,14)),V(v(0,0),v(0,7),v(144,8),v(1008,10),v(1080,9),v(1188,20),v(1200,21),v(1212,21),v(1224,22),v(1728,0),v(1728,7),v(1872,8),v(1944,5)))
T(P(p(5208,30),p(5238,36),p(5256,24),p(5256,36),p(5280,38)),V(v(0,0),v(144,0),v(1152,0),v(1296,0),v(2880,-4),v(4608,-4)))
T(P(p(1896,30),p(1956,28),p(1968,27)),V(v(0,0),v(1440,0),v(3588,3),v(4740,3),v(6468,6),v(8196,6),v(9504,0)))
T(P(p(24,24),p(48,24),p(72,25),p(168,25),p(192,25),p(216,24),p(288,19)),V(v(0,0),v(864,0),v(10368,0)))
T(P(p(1704,35),p(3144,35),p(11208,35)),V(v(0,0),v(48,-1),v(96,-3),v(120,-8),v(144,-9),v(168,-17),v(216,-4),v(240,-16),v(240,-6),v(264,-17),v(276,-9),v(288,-6),v(312,-14),v(336,-13),v(360,-17),v(384,-16),v(528,-3),v(528,-2),v(624,0),v(624,4),v(648,0),v(648,4),v(744,-16),v(1320,-17),v(1320,-8),v(1320,-3),v(1368,-10),v(1392,-6)))
T(P(p(4650,29),p(4656,32),p(4674,32),p(4794,29),p(4800,34),p(4818,34),p(4896,25),p(4974,31),p(4980,30),p(5040,33),p(5046,34),p(5052,33),p(5088,25),p(5096,26),p(5104,27)),V(v(0,0),v(1152,0),v(2880,0),v(4608,0)))
T(P(p(5472,34),p(5616,19),p(5616,31),p(5619,23),p(5619,32),p(5622,24),p(5622,33),p(5664,19),p(5688,22),p(5712,15)),V(v(0,0),v(1152,0),v(2880,3),v(4608,3)))
T(P(p(5292,26),p(5328,23),p(5424,22)),V(v(0,0),v(1152,0),v(2880,-4),v(4608,-4)))
T(P(p(7020,22),p(8748,22)),V(v(0,0),v(12,2),v(132,4),v(144,2),v(156,7),v(180,-6),v(180,10),v(204,12),v(324,-7),v(324,0),v(1212,4),v(1242,10),v(1260,-2),v(1260,10)))
T(P(p(4704,28),p(4728,29)),V(v(0,0),v(24,0),v(240,-15),v(240,-8),v(384,-7),v(456,-6),v(1608,-6)))
T(P(p(4590,30),p(4734,30)),V(v(0,0),v(6,-1),v(12,-2),v(1734,3),v(1806,5)))
T(P(p(4986,28),p(5058,30)),V(v(0,0),v(186,5)))
T(P(p(4584,29),p(4608,29)),V(v(0,0),v(240,-5),v(264,-5)))
T(P(p(4680,28),p(5496,33),p(6648,33)),V(v(0,0)))

numberOfNotes 1744
tatumsPerBar null
barOneStartsAt null
compressionRatio 3.7995642701525054
runningTime 114933
encodingLength 459
encodingLengthWithoutResidualPointSet 456
numberOfResidualPoints 3
percentageOfResidualPoints 0.1720183486238532
compressionRatioWithoutResidualPointSet 3.817982456140351
title sonata04-2.txt
numberOfTECs 29
inputFilePath D:\Source\Repos\omnisia\Points\RecurSIA-RRT-experiment\JKU-PDD\JKUPDD-noAudio-Aug2013\groundTruth\mozartK282Mvt2\polyphonic\lisp\sonata04-2.txt
outputFilePath D:\Source\Repos\omnisia\Points\RecurSIA-RRT-experiment\JKU-PDD\JKUPDD-noAudio-Aug2013\matlab\pattDiscOut\COSIARTEC-RRT\mzrt_sonata04-2_COSIARTEC-RRT.out
logFilePath null
outputFileExtension cos
isDiatonic true
withoutChannel10 false
encoderName com.chromamorph.points022.COSIATECEncoding
forMirex true
mode Raw
topNPatterns 0
