T(P(p(96,19),p(97,20),p(98,21),p(101,20),p(102,19),p(103,18),p(104,17)),V(v(0,0),v(8,-2),v(96,3),v(104,1),v(208,12),v(216,10),v(320,7),v(328,5),v(390,14),v(448,-4),v(456,-6),v(576,-1),v(584,-3),v(608,-2),v(616,-4),v(693,14)))
T(P(p(118,16),p(119,17),p(120,17),p(126,16),p(127,17),p(128,18)),V(v(0,0),v(96,3),v(208,12),v(224,2),v(240,6),v(256,10),v(320,7),v(448,-4),v(464,-1),v(480,2),v(496,5),v(512,8),v(528,11),v(608,-2),v(720,10)))
T(P(p(16,23),p(24,26),p(32,20),p(52,24),p(56,22),p(60,25),p(64,23)),V(v(0,0),v(64,4),v(160,7),v(272,-5),v(384,11),v(512,0),v(640,10),v(784,-7)))
T(P(p(133,18),p(134,19),p(135,20),p(136,21),p(141,20),p(142,19),p(143,18),p(144,17)),V(v(0,0),v(16,-1),v(96,3),v(112,2),v(320,-7),v(336,13),v(608,5),v(624,-3)))
T(P(p(80,18),p(84,25),p(85,24),p(86,23),p(87,22),p(88,21)),V(v(0,0),v(96,3),v(184,3),v(200,2),v(416,2),v(424,3),v(448,-4),v(695,2)))
T(P(p(196,19),p(200,15),p(204,17),p(208,13),p(212,15)),V(v(0,0),v(112,9),v(224,4),v(612,9),v(613,8),v(614,7),v(615,6)))
T(P(p(273,30),p(277,32),p(278,31),p(279,30),p(280,29)),V(v(0,0),v(23,3),v(135,-2),v(240,-9),v(391,-10)))
T(P(p(68,21),p(72,19),p(76,24)),V(v(0,0),v(64,4),v(80,3),v(160,7),v(176,6),v(280,3),v(320,-7),v(384,11),v(400,3),v(416,0),v(672,9),v(688,3),v(688,8)))
T(P(p(386,29),p(387,30),p(388,31),p(392,35)),V(v(0,0),v(256,0),v(384,-14),v(400,1)))
T(P(p(265,25),p(266,26),p(267,27)),V(v(0,0),v(9,6),v(16,-1),v(124,7),v(240,0),v(249,-3),v(393,-3),v(400,-6),v(588,-3),v(597,-3)))
T(P(p(496,29),p(596,28),p(600,24)),V(v(0,0),v(88,-1),v(96,4),v(112,0),v(120,-2),v(128,3),v(192,-6),v(272,1)))
T(P(p(160,25),p(189,25),p(190,24),p(191,23)),V(v(0,0),v(421,6),v(437,2),v(472,-2)))
T(P(p(92,23),p(93,22),p(94,21),p(95,20),p(168,18)),V(v(0,0),v(708,9),v(712,5)))
T(P(p(292,37),p(293,36),p(294,35),p(295,34)),V(v(0,0),v(112,-5),v(228,-15),v(229,-16),v(230,-17),v(231,-18),v(232,-19),v(248,-18),v(536,-17)))
T(P(p(164,28),p(332,24),p(340,23)),V(v(0,0),v(532,-12),v(538,-13),v(539,-12)))
T(P(p(166,17),p(174,18)),V(v(0,0),v(118,2),v(162,9),v(194,8),v(206,0),v(210,-2),v(558,16),v(562,14),v(626,3)))
T(P(p(258,26),p(262,26),p(264,30)),V(v(0,0),v(324,4),v(340,0)))
T(P(p(172,27),p(512,29),p(580,32)),V(v(0,0),v(128,-1),v(276,-9)))
T(P(p(583,29),p(599,25)),V(v(0,0),v(4,3),v(31,1),v(32,2),v(37,4),v(185,-1)))
T(P(p(216,18),p(224,14)),V(v(0,0),v(292,12),v(314,7),v(316,10),v(652,8)))
T(P(p(398,33),p(402,29)),V(v(0,0),v(150,0),v(158,-2),v(278,-4)))
T(P(p(170,19),p(171,18)),V(v(0,0),v(1,-1),v(319,17),v(327,11),v(328,10),v(607,10),v(628,11),v(695,-8)))
T(P(p(176,19),p(260,20),p(360,21)),V(v(0,0),v(392,10)))
T(P(p(694,15),p(695,16)),V(v(0,0),v(79,3)))
T(P(p(480,25),p(485,32)),V(v(0,0),v(352,-7)))
T(P(p(236,19),p(252,18)),V(v(0,0),v(4,10)))
T(P(p(276,17),p(296,23)),V(v(0,0),v(576,-3)))
T(P(p(144,26),p(168,32)),V(v(0,0),v(356,-8)))
T(P(p(356,18),p(396,29)),V(v(0,0),v(44,-7)))
T(P(p(8,25),p(72,28),p(188,26),p(260,29),p(268,20),p(272,19),p(344,21),p(364,28),p(394,30),p(464,33),p(495,30),p(656,31),p(785,29),p(790,19),p(790,21),p(793,35),p(796,17),p(856,11),p(860,13),p(880,7),p(880,14),p(880,25),p(880,28)),V(v(0,0)))

numberOfNotes 731
tatumsPerBar null
barOneStartsAt null
compressionRatio 2.6875
runningTime 13699
encodingLength 272
encodingLengthWithoutResidualPointSet 249
numberOfResidualPoints 23
percentageOfResidualPoints 3.146374829001368
compressionRatioWithoutResidualPointSet 2.8433734939759034
title wtc2f20.txt
numberOfTECs 30
inputFilePath D:\Source\Repos\omnisia\Points\RecurSIA-RRT-experiment\JKU-PDD\JKUPDD-noAudio-Aug2013\groundTruth\bachBWV889Fg\polyphonic\lisp\wtc2f20.txt
outputFilePath D:\Source\Repos\omnisia\Points\RecurSIA-RRT-experiment\JKU-PDD\JKUPDD-noAudio-Aug2013\matlab\pattDiscOut\COSIATEC\bach_wtc2f20_COSIATEC.out
logFilePath null
outputFileExtension cos
isDiatonic true
withoutChannel10 false
encoderName com.chromamorph.points022.COSIATECEncoding
forMirex true
mode Raw
topNPatterns 0
