T(P(p(480,28),p(481,27),p(482,28),p(483,26),p(484,27),p(485,28),p(486,29),p(487,28)),V(v(0,0),v(6,1),v(24,-14),v(30,-13),v(60,0),v(66,1),v(84,-14),v(90,-13),v(120,-3),v(126,-2),v(144,-3),v(150,-2),v(156,-1),v(162,0),v(162,2),v(168,1),v(168,3),v(174,2),v(174,4),v(174,7),v(210,0),v(216,1),v(234,-14),v(240,-13),v(258,-3),v(264,-2),v(282,-3),v(288,-2),v(294,-1),v(300,0),v(300,2),v(306,1),v(306,3),v(312,2),v(312,4),v(312,7),v(348,0),v(354,1),v(372,-14),v(378,-13)))
T(P(p(8,21),p(8,26),p(12,22),p(12,25),p(14,19),p(14,21),p(14,26)),V(v(0,0),v(24,2),v(52,2),v(64,2),v(84,0),v(108,2),v(136,2),v(148,2),v(184,3),v(196,3),v(202,3),v(208,3),v(280,7),v(292,0),v(340,3),v(352,3),v(358,3),v(364,3),v(436,7),v(448,0),v(876,0),v(900,2),v(928,2),v(940,2),v(976,3),v(988,3),v(994,3),v(1000,3),v(1072,7),v(1084,0)))
T(P(p(0,24),p(12,20),p(16,23),p(22,25),p(22,30),p(24,26),p(24,31),p(26,24),p(26,29),p(30,25),p(30,30),p(34,21),p(34,23),p(36,22),p(40,22),p(42,21),p(42,23),p(46,23),p(46,25),p(46,28),p(48,22),p(48,24),p(48,27),p(56,30),p(70,34),p(71,33),p(72,18),p(76,18),p(76,29)),V(v(0,0),v(84,0),v(228,-2),v(384,-2),v(876,0),v(1020,-2)))
T(P(p(230,24),p(232,22),p(234,22),p(386,24),p(388,22),p(390,22),p(1022,24),p(1024,22),p(1026,22)),V(v(0,0),v(0,7),v(3,-1),v(3,6),v(4,-2),v(4,5),v(7,-3),v(7,4),v(34,14),v(40,13),v(46,12),v(48,0),v(52,11)))
T(P(p(2,27),p(6,23),p(6,28),p(10,21),p(10,23),p(10,26)),V(v(0,0),v(84,0),v(660,4),v(661,5),v(662,4),v(798,4),v(799,5),v(800,4),v(876,0)))
T(P(p(170,22),p(176,21),p(176,23),p(182,23),p(188,22),p(188,24),p(192,19),p(226,24),p(227,23),p(229,23),p(231,23),p(242,20),p(243,19),p(245,15),p(246,16),p(312,9),p(312,16),p(318,12)),V(v(0,0),v(0,7),v(156,0),v(156,7),v(792,0),v(792,7)))
T(P(p(482,21),p(488,20),p(492,18),p(494,30),p(497,29),p(498,28),p(500,21),p(502,28)),V(v(0,0),v(36,-5),v(60,0),v(96,-5),v(210,0),v(348,0)))
T(P(p(34,28),p(38,25),p(40,29),p(52,29),p(52,32),p(54,31),p(54,32)),V(v(0,0),v(84,0),v(226,-7),v(382,-7),v(876,0),v(1018,-7)))
T(P(p(480,19),p(540,19),p(690,19),p(828,19)),V(v(0,0),v(4,4),v(6,5),v(10,0),v(14,1),v(15,12),v(16,4),v(16,11),v(18,0),v(19,8),v(20,9),v(21,10),v(22,4),v(23,7),v(24,9),v(26,11),v(28,14),v(42,7)))
T(P(p(166,30),p(168,31),p(172,22),p(174,30),p(178,23),p(180,32),p(184,23),p(186,31),p(190,24),p(272,21),p(282,24),p(286,22),p(312,18)),V(v(0,0),v(0,2),v(156,0),v(156,2),v(792,0),v(792,2)))
T(P(p(4,19),p(12,23),p(16,18),p(18,23),p(18,29),p(20,28)),V(v(0,0),v(24,2),v(84,0),v(108,2),v(876,0),v(900,2)))
T(P(p(170,20),p(182,21),p(196,19),p(208,19),p(292,23)),V(v(0,0),v(0,11),v(156,0),v(156,11),v(792,0),v(792,11)))
T(P(p(-2,28),p(0,29),p(82,28),p(84,29),p(874,28),p(876,29)),V(v(0,0),v(18,-8),v(52,-7),v(54,-8),v(60,-11)))
T(P(p(100,27),p(256,27),p(892,27)),V(v(0,0),v(102,7),v(103,6),v(104,-8),v(114,-8),v(114,4),v(115,3),v(120,-8),v(120,4),v(121,3),v(128,2),v(140,-2),v(144,1),v(148,-4),v(156,-5),v(156,0),v(156,5),v(158,6),v(160,-1),v(160,8),v(162,10),v(166,-7),v(168,-5),v(186,1),v(188,-4)))
T(P(p(-2,23),p(2,22),p(10,19),p(14,23),p(18,19),p(28,14),p(34,25),p(40,25),p(46,32),p(48,32),p(50,23),p(50,28),p(50,32),p(58,22),p(58,33),p(64,18),p(64,29)),V(v(0,0),v(84,0),v(876,0)))
T(P(p(606,22),p(612,22),p(744,22),p(750,22)),V(v(0,0),v(24,7),v(24,14),v(56,7),v(72,7),v(116,5)))
T(P(p(615,25),p(616,26),p(617,27),p(753,25),p(754,26),p(755,27)),V(v(0,0),v(1,1),v(24,2),v(36,7),v(50,3)))
T(P(p(520,15),p(521,16),p(523,14),p(527,12)),V(v(0,0),v(60,0),v(142,19),v(280,19)))
T(P(p(619,26),p(620,28),p(621,30)),V(v(0,0),v(3,7),v(138,0),v(141,7)))
T(P(p(669,26),p(678,24),p(684,23)),V(v(0,0),v(0,2),v(138,0),v(138,2)))
T(P(p(510,27),p(570,27)),V(v(0,0),v(2,4),v(4,6),v(6,0),v(8,6),v(9,-13),v(10,5),v(12,-10),v(14,4),v(15,-14),v(16,-11),v(16,-2),v(16,3),v(19,0),v(21,-4),v(22,-21),v(22,-5),v(22,-1),v(24,-18)))
T(P(p(600,16),p(738,16)),V(v(0,0),v(0,7),v(14,11),v(18,5),v(24,14),v(63,14),v(64,13),v(64,18),v(65,14),v(120,15),v(124,10),v(126,9),v(128,0),v(129,-1),v(130,-2),v(130,14),v(131,-3),v(132,-4),v(134,3)))
T(P(p(16,27),p(478,23),p(736,23)),V(v(0,0)))

numberOfNotes 1538
tatumsPerBar null
barOneStartsAt null
compressionRatio 3.8740554156171285
runningTime 81283
encodingLength 397
encodingLengthWithoutResidualPointSet 394
numberOfResidualPoints 3
percentageOfResidualPoints 0.19505851755526657
compressionRatioWithoutResidualPointSet 3.8959390862944163
title sonata01-3.txt
numberOfTECs 23
inputFilePath D:\Source\Repos\omnisia\Points\RecurSIA-RRT-experiment\JKU-PDD\JKUPDD-noAudio-Aug2013\groundTruth\beethovenOp2No1Mvt3\polyphonic\lisp\sonata01-3.txt
outputFilePath D:\Source\Repos\omnisia\Points\RecurSIA-RRT-experiment\JKU-PDD\JKUPDD-noAudio-Aug2013\matlab\pattDiscOut\COSIATEC\beet_sonata01-3_COSIATEC.out
logFilePath null
outputFileExtension cos
isDiatonic true
withoutChannel10 false
encoderName com.chromamorph.points022.COSIATECEncoding
forMirex true
mode Raw
topNPatterns 0
