T(P(T(P(p(84,25),p(85,24)),V(v(0,0),v(96,3),v(208,12),v(320,7),v(448,-4),v(576,-1)))),V(v(0,0),v(1,-1),v(3,-3),v(8,-2),v(10,-4),v(11,-5),v(17,-5),v(19,-7),v(25,-7),v(27,-9)))
T(P(T(P(p(118,16),p(119,17)),V(v(0,0),v(8,0),v(9,1))),T(P(p(120,17)),V(v(0,0)))),V(v(0,0),v(96,3),v(208,12),v(224,2),v(240,6),v(256,10),v(320,7),v(448,-4),v(464,-1),v(480,2),v(496,5),v(512,8),v(528,11),v(576,-1),v(608,-2),v(720,10)))
T(P(T(P(p(461,13),p(462,12)),V(v(0,0),v(2,-2))),T(P(p(454,12),p(455,13)),V(v(0,0),v(1,1)))),V(v(-320,7),v(-304,6),v(-224,10),v(-208,9),v(0,0),v(16,20),v(31,20),v(59,9),v(288,12),v(304,4),v(334,20)))
T(P(T(P(T(P(p(268,28),p(269,27)),V(v(0,0),v(1,-1)))),V(v(0,0),v(2,-2)))),V(v(0,0),v(8,5),v(16,-1),v(229,2),v(232,-1),v(240,0),v(248,-4),v(256,-10),v(312,4),v(328,0),v(509,1),v(511,-1),v(532,4),v(535,1),v(540,0),v(543,-3),v(548,-2),v(551,-5),v(556,-4),v(559,-7)))
T(P(T(P(p(52,24),p(56,22)),V(v(0,0),v(8,1),v(16,-3))),T(P(p(76,24)),V(v(0,0)))),V(v(0,0),v(64,4),v(160,7),v(320,-7),v(384,11),v(672,9)))
T(P(T(P(p(305,32),p(306,33)),V(v(0,0),v(8,-2)))),V(v(-208,-12),v(-112,-9),v(0,0),v(112,-5),v(240,-16),v(353,-10),v(368,-13),v(400,-14)))
T(P(T(P(p(196,19),p(200,15)),V(v(0,0),v(8,-2)))),V(v(0,0),v(112,9),v(224,4),v(352,14),v(480,10),v(512,9),v(672,10)))
T(P(T(P(p(356,27),p(360,25)),V(v(0,0),v(8,1)))),V(v(-32,-8),v(-16,-4),v(0,0),v(208,-3),v(336,7),v(480,-10)))
T(P(p(16,23),p(24,26),p(32,20)),V(v(0,0),v(64,4),v(160,7),v(272,-5),v(384,11),v(452,1),v(456,-1),v(468,-2),v(512,0),v(640,10),v(760,-2),v(784,-7)))
T(P(T(P(p(265,25),p(266,26)),V(v(0,0),v(1,1)))),V(v(0,0),v(8,5),v(16,-1),v(121,4),v(124,7),v(125,8),v(240,0),v(377,4),v(505,-10),v(508,-7),v(520,4),v(588,-3),v(597,-3)))
T(P(T(P(p(144,26),p(148,24),p(156,27)),V(v(0,0),v(4,-2))),T(P(p(133,18)),V(v(0,0)))),V(v(0,0),v(96,3),v(608,5)))
T(P(T(P(p(170,19),p(171,18)),V(v(0,0),v(1,-1)))),V(v(0,0),v(319,17),v(440,12),v(456,8),v(539,-1),v(540,-2),v(547,-3),v(548,-4),v(622,17),v(694,-7)))
T(P(p(588,34),p(614,30),p(615,31),p(616,27)),V(v(0,0),v(16,-4),v(264,-20)))
T(P(p(166,17),p(174,18)),V(v(0,0),v(2,1),v(106,2),v(118,2),v(162,9),v(330,3),v(626,3)))
T(P(p(216,18),p(224,14)),V(v(0,0),v(224,4),v(292,12),v(314,7),v(316,10),v(432,17),v(652,8)))
T(P(p(586,30),p(602,26)),V(v(0,0),v(1,2),v(6,3),v(34,3),v(38,2)))
T(P(p(260,20),p(260,29)),V(v(0,0),v(4,1),v(612,-9)))
T(P(p(394,30),p(396,29)),V(v(0,0),v(394,-10),v(394,-8)))
T(P(p(398,33),p(402,29)),V(v(0,0),v(294,-1),v(326,-2)))
T(P(p(296,23),p(300,26)),V(v(0,0),v(60,-5)))
T(P(p(488,35),p(791,35)),V(v(0,0),v(8,-6)))
T(P(p(80,18),p(149,17)),V(v(0,0),v(96,3)))
T(P(p(168,32),p(332,24)),V(v(0,0),v(68,-13)))
T(P(p(8,25),p(72,28),p(164,28),p(172,27),p(212,15),p(252,18),p(258,26),p(262,26),p(268,20),p(276,17),p(324,24),p(436,19),p(453,11),p(464,33),p(469,31),p(512,29),p(524,24),p(568,29),p(652,30),p(665,19),p(708,31),p(756,24),p(757,15),p(760,22),p(764,27),p(768,28),p(796,17),p(832,18),p(837,25),p(856,11),p(856,23),p(860,13),p(870,11),p(871,12),p(880,14),p(880,25),p(880,28)),V(v(0,0)))

numberOfNotes 731
tatumsPerBar null
barOneStartsAt null
compressionRatio 2.9357429718875503
runningTime 9534
encodingLength 249
encodingLengthWithoutResidualPointSet 212
numberOfResidualPoints 37
percentageOfResidualPoints 5.06155950752394
compressionRatioWithoutResidualPointSet 3.2735849056603774
title wtc2f20.txt
numberOfTECs 24
inputFilePath D:\Source\Repos\omnisia\Points\RecurSIA-RRT-experiment\JKU-PDD\JKUPDD-noAudio-Aug2013\groundTruth\bachBWV889Fg\polyphonic\lisp\wtc2f20.txt
outputFilePath D:\Source\Repos\omnisia\Points\RecurSIA-RRT-experiment\JKU-PDD\JKUPDD-noAudio-Aug2013\matlab\pattDiscOut\ReCOSIARTEC-RRT\bach_wtc2f20_ReCOSIARTEC-RRT.out
logFilePath null
outputFileExtension RecurSIA
isDiatonic true
withoutChannel10 false
encoderName com.chromamorph.points022.RecurSIAEncoding
forMirex true
mode Raw
topNPatterns 0
