T(P(p(96,19),p(97,20),p(98,21),p(101,20),p(102,19),p(103,18),p(104,17)),V(v(0,0),v(8,-2),v(96,3),v(104,1),v(208,12),v(216,10),v(320,7),v(328,5),v(390,14),v(448,-4),v(456,-6),v(576,-1),v(584,-3),v(608,-2),v(616,-4),v(693,14)))
T(P(p(84,25),p(85,24),p(86,23),p(87,22),p(88,21),p(92,23),p(93,22),p(94,21),p(95,20),p(96,19),p(101,20),p(102,19),p(103,18),p(104,17)),V(v(0,0),v(96,3),v(208,12),v(320,7),v(448,-4),v(576,-1),v(724,3),v(725,2),v(726,1),v(727,0)))
T(P(p(118,16),p(119,17),p(120,17),p(126,16),p(127,17),p(128,18)),V(v(0,0),v(96,3),v(208,12),v(224,2),v(240,6),v(256,10),v(320,7),v(448,-4),v(464,-1),v(480,2),v(496,5),v(512,8),v(528,11),v(576,-1),v(608,-2),v(720,10)))
T(P(p(133,18),p(134,19),p(135,20),p(136,21),p(141,20),p(142,19),p(143,18),p(144,17)),V(v(0,0),v(16,-1),v(96,3),v(112,2),v(320,-7),v(336,13),v(608,5),v(624,-3),v(654,13)))
T(P(p(197,23),p(198,22),p(199,21),p(200,20),p(312,24)),V(v(0,0),v(8,-2),v(72,4),v(79,10),v(96,13),v(264,-10),v(304,3),v(319,1),v(384,8),v(471,-1),v(480,-4)))
T(P(p(124,29),p(132,25),p(136,21),p(141,20),p(142,19),p(143,18),p(144,17)),V(v(0,0),v(16,-1),v(96,3),v(112,2),v(608,5),v(668,7),v(669,6),v(670,5),v(671,4)))
T(P(p(128,27),p(517,23),p(518,22),p(519,21)),V(v(0,0),v(4,-2),v(8,-6),v(24,-5),v(40,-9),v(153,-3),v(160,-4),v(168,-6),v(192,-5),v(261,5),v(288,4),v(311,-3)))
T(P(p(16,23),p(24,26),p(56,22),p(64,23)),V(v(0,0),v(64,-5),v(64,4),v(160,-2),v(160,7),v(272,-5),v(384,11),v(512,-9),v(512,0),v(640,10),v(784,-7)))
T(P(p(8,25),p(16,23),p(24,26),p(32,20),p(52,24),p(56,22),p(60,25),p(64,23),p(68,21)),V(v(0,0),v(160,7),v(640,10),v(784,-7)))
T(P(p(80,18),p(170,19),p(171,18),p(172,17)),V(v(0,0),v(148,10),v(234,13),v(260,5),v(308,13),v(320,16),v(327,11),v(328,10),v(348,3),v(456,8),v(624,15)))
T(P(p(52,24),p(64,23),p(68,21),p(76,24)),V(v(0,0),v(64,4),v(68,2),v(160,7),v(164,5),v(320,-7),v(384,11),v(388,9),v(464,0),v(672,9),v(676,7),v(724,-3)))
T(P(p(116,28),p(124,29),p(128,27),p(148,24),p(156,27)),V(v(0,0),v(4,-2),v(96,3),v(100,1),v(608,5),v(612,3),v(724,-13)))
T(P(p(224,14),p(229,21),p(230,22),p(231,23)),V(v(0,0),v(52,3),v(256,11),v(276,4),v(512,2),v(558,10),v(608,4)))
T(P(p(72,19),p(133,18),p(134,19),p(135,20),p(136,21)),V(v(0,0),v(140,12),v(320,-7),v(624,-3),v(638,-2)))
T(P(p(222,19),p(223,20),p(224,21),p(236,19)),V(v(0,0),v(420,10),v(481,-3),v(520,5),v(563,10),v(565,12),v(640,3)))
T(P(p(478,32),p(479,31),p(480,30),p(485,32)),V(v(0,0),v(22,-5),v(102,0),v(118,-4),v(287,-15),v(386,-20)))
T(P(p(76,24),p(80,18),p(84,25),p(88,21)),V(v(0,0),v(96,3),v(252,2),v(280,3),v(424,3),v(792,2)))
T(P(p(56,22),p(148,24),p(152,20)),V(v(0,0),v(40,2),v(48,-5),v(56,-7),v(204,-2),v(342,11),v(360,4),v(368,2),v(420,5),v(512,0),v(592,6),v(616,8),v(660,4)))
T(P(p(52,24),p(244,27),p(268,28)),V(v(0,0),v(68,2),v(312,4),v(316,0),v(372,0),v(386,-1),v(387,0),v(440,0),v(444,-4),v(546,-6),v(572,-1)))
T(P(p(272,19),p(324,19),p(372,17)),V(v(0,0),v(4,-2),v(8,1),v(164,0),v(376,16),v(384,12),v(388,5)))
T(P(p(72,28),p(266,26),p(267,27),p(268,28)),V(v(0,0),v(221,8),v(324,-11),v(400,-6)))
T(P(p(264,30),p(309,32),p(416,26),p(417,27)),V(v(0,0),v(243,-3),v(367,-3),v(462,-16)))
T(P(p(252,30),p(256,28),p(258,26),p(308,28),p(386,29)),V(v(0,0),v(28,-1),v(462,-13)))
T(P(p(118,16),p(208,13),p(216,18)),V(v(0,0),v(272,17),v(376,15),v(394,13),v(480,10)))
T(P(p(588,34),p(614,30),p(615,31),p(616,27)),V(v(0,0),v(16,-4),v(264,-20)))
T(P(p(24,26),p(152,22),p(164,28)),V(v(0,0),v(508,2),v(704,1)))
T(P(p(88,21),p(174,18),p(304,15),p(344,21),p(576,14)),V(v(0,0),v(304,14)))
T(P(p(265,25),p(269,27),p(287,24)),V(v(0,0),v(591,-14)))
T(P(p(166,17),p(176,19),p(212,15),p(252,18),p(260,29),p(262,26),p(264,21),p(268,20),p(284,19),p(285,26),p(292,20),p(296,23),p(300,26),p(316,26),p(324,24),p(332,24),p(348,24),p(360,25),p(368,26),p(387,30),p(394,30),p(396,29),p(400,11),p(402,29),p(420,23),p(424,19),p(432,17),p(440,22),p(444,36),p(448,18),p(468,24),p(484,21),p(495,30),p(496,29),p(508,30),p(509,27),p(510,26),p(511,25),p(513,21),p(514,22),p(515,23),p(524,18),p(524,24),p(530,25),p(538,21),p(544,20),p(548,33),p(564,24),p(586,30),p(599,25),p(600,24),p(611,30),p(612,29),p(620,33),p(624,32),p(636,29),p(652,30),p(658,22),p(665,19),p(680,25),p(692,32),p(720,22),p(724,31),p(764,27),p(775,20),p(777,29),p(781,25),p(788,22),p(790,19),p(796,17),p(824,24),p(853,22),p(854,23),p(855,24),p(870,11),p(872,25),p(880,25)),V(v(0,0)))

numberOfNotes 731
tatumsPerBar null
barOneStartsAt null
compressionRatio 1.813895781637717
runningTime 7353
encodingLength 403
encodingLengthWithoutResidualPointSet 326
numberOfResidualPoints 77
percentageOfResidualPoints 10.533515731874145
compressionRatioWithoutResidualPointSet 2.0061349693251533
title wtc2f20.txt
numberOfTECs 29
inputFilePath D:\Source\Repos\omnisia\Points\RecurSIA-RRT-experiment\JKU-PDD\JKUPDD-noAudio-Aug2013\groundTruth\bachBWV889Fg\polyphonic\lisp\wtc2f20.txt
outputFilePath D:\Source\Repos\omnisia\Points\RecurSIA-RRT-experiment\JKU-PDD\JKUPDD-noAudio-Aug2013\matlab\pattDiscOut\SIATECCompressBB\bach_wtc2f20_SIATECCompressBB.out
logFilePath null
outputFileExtension SIATECCompress
isDiatonic true
withoutChannel10 false
encoderName com.chromamorph.points022.SIATECCompressEncoding
forMirex true
mode BB
topNPatterns 0
