T(P(p(480,28),p(481,27),p(482,28),p(483,26),p(484,27),p(485,28),p(486,29),p(487,28)),V(v(0,0),v(6,1),v(24,-14),v(30,-13),v(60,0),v(66,1),v(84,-14),v(90,-13),v(120,-3),v(126,-2),v(144,-3),v(150,-2),v(156,-1),v(162,0),v(162,2),v(168,1),v(168,3),v(174,2),v(174,4),v(174,7),v(210,0),v(216,1),v(234,-14),v(240,-13),v(258,-3),v(264,-2),v(282,-3),v(288,-2),v(294,-1),v(300,0),v(300,2),v(306,1),v(306,3),v(312,2),v(312,4),v(312,7),v(348,0),v(354,1),v(372,-14),v(378,-13)))
T(P(p(8,21),p(8,26),p(12,22),p(12,25),p(14,19),p(14,21),p(14,26)),V(v(0,0),v(24,2),v(52,2),v(64,2),v(84,0),v(108,2),v(136,2),v(148,2),v(184,3),v(196,3),v(202,3),v(208,3),v(280,7),v(292,0),v(340,3),v(352,3),v(358,3),v(364,3),v(436,7),v(448,0),v(876,0),v(900,2),v(928,2),v(940,2),v(976,3),v(988,3),v(994,3),v(1000,3),v(1072,7),v(1084,0)))
T(P(p(2,22),p(8,21),p(10,21),p(10,23),p(10,26),p(12,20),p(12,22),p(12,25),p(20,28),p(40,22),p(40,25),p(42,21)),V(v(0,0),v(24,2),v(84,0),v(108,2),v(264,0),v(420,0),v(876,0),v(900,2),v(1056,0)))
T(P(p(0,24),p(12,20),p(16,23),p(22,25),p(22,30),p(24,26),p(24,31),p(26,24),p(26,29),p(30,25),p(30,30),p(32,23),p(32,28),p(34,21),p(34,23),p(36,22),p(40,22),p(42,21),p(42,23),p(46,23),p(46,25),p(46,28),p(48,22),p(48,24),p(48,27),p(56,30),p(66,28),p(70,34),p(71,33),p(72,18),p(72,23),p(72,28),p(76,18),p(76,24),p(76,27),p(76,29),p(78,21),p(78,23),p(78,28)),V(v(0,0),v(84,0),v(228,-2),v(384,-2),v(876,0),v(1020,-2)))
T(P(p(-2,23),p(0,24),p(2,22),p(6,23),p(8,21),p(10,21),p(16,20),p(18,21)),V(v(0,0),v(24,2),v(84,0),v(108,2),v(252,0),v(264,14),v(276,12),v(408,0),v(420,14),v(432,12),v(876,0),v(900,2),v(1044,0),v(1056,14),v(1068,12)))
T(P(p(-2,23),p(0,24),p(10,19),p(10,26),p(14,19),p(14,26),p(34,23),p(36,24),p(40,22),p(42,23),p(44,30),p(46,32),p(54,32),p(56,30),p(64,29),p(66,21),p(72,18),p(72,23),p(72,28),p(76,18),p(76,24),p(76,27),p(76,29),p(78,21),p(78,23),p(78,28)),V(v(0,0),v(84,0),v(216,5),v(372,5),v(876,0),v(1008,5)))
T(P(p(-2,23),p(2,22),p(4,19),p(6,23),p(10,19),p(10,21),p(12,20),p(12,25),p(16,20),p(18,23)),V(v(0,0),v(24,2),v(84,0),v(108,2),v(276,3),v(432,3),v(876,0),v(900,2),v(1068,3)))
T(P(p(-2,23),p(-2,28),p(0,24),p(0,29),p(2,22),p(2,27),p(6,23),p(6,28),p(8,21),p(8,26),p(10,19),p(10,21),p(12,20),p(16,20),p(18,19),p(18,21),p(26,24),p(32,28),p(34,28),p(40,29),p(46,32),p(52,22),p(54,21),p(60,18),p(60,23)),V(v(0,0),v(84,0),v(252,0),v(408,0),v(876,0),v(1044,0)))
T(P(p(2,22),p(6,23),p(8,21),p(10,21),p(16,18),p(32,23),p(34,23),p(48,27),p(60,18),p(72,18)),V(v(0,0),v(0,5),v(84,0),v(84,5),v(246,1),v(402,1),v(876,0),v(876,5),v(1038,1)))
T(P(p(0,29),p(12,25),p(18,23),p(22,30),p(24,31),p(26,29),p(30,30),p(32,28),p(34,28),p(36,25),p(36,27),p(40,29),p(44,30),p(46,28),p(48,27),p(48,32),p(50,32),p(52,29),p(52,32),p(54,31),p(72,23),p(72,28),p(76,29),p(78,28)),V(v(0,0),v(84,0),v(228,-7),v(384,-7),v(876,0),v(1020,-7)))
T(P(p(166,30),p(166,32),p(186,31),p(192,26),p(198,29),p(204,29),p(210,29),p(214,31),p(215,30),p(216,29),p(221,30),p(222,29),p(250,28),p(254,27),p(256,27),p(258,28),p(272,35),p(274,35),p(282,35),p(288,23),p(288,28),p(288,33),p(292,23),p(292,29),p(292,32),p(292,34),p(294,26),p(294,28),p(294,33),p(300,16),p(306,19),p(306,26)),V(v(0,0),v(12,-7),v(156,0),v(168,-7),v(792,0),v(804,-7)))
T(P(p(480,28),p(482,28),p(540,28),p(542,28),p(690,28),p(692,28),p(828,28),p(830,28)),V(v(0,0),v(5,0),v(6,1),v(11,1),v(12,2),v(14,2),v(18,0),v(20,0),v(22,0),v(24,-14),v(29,-14),v(30,-13),v(35,-13),v(36,-12)))
T(P(p(0,29),p(2,27),p(10,21),p(12,23),p(14,23),p(16,23),p(18,29),p(28,21),p(38,21),p(38,23),p(42,25),p(46,25),p(48,22),p(48,24),p(50,28),p(52,22),p(60,28),p(66,21),p(78,23)),V(v(0,0),v(84,0),v(234,0),v(390,0),v(876,0),v(1026,0)))
T(P(p(94,23),p(102,23),p(250,23),p(258,23),p(886,23),p(894,23)),V(v(0,0),v(72,7),v(72,9),v(80,7),v(80,9),v(82,0),v(96,1),v(102,-4),v(127,7),v(128,1),v(156,0),v(156,5),v(168,-4),v(168,-2),v(168,14),v(174,-3),v(174,-1),v(174,13),v(180,3),v(180,12),v(184,-1),v(184,1),v(192,5),v(192,10),v(210,-7)))
T(P(p(198,22),p(210,24),p(222,22),p(233,23),p(239,26),p(240,25),p(241,26),p(242,27),p(243,26),p(252,29),p(256,27),p(256,32),p(294,26),p(318,12)),V(v(0,0),v(156,0),v(406,2),v(407,3),v(544,2),v(545,3),v(792,0)))
T(P(p(170,29),p(176,28),p(176,30),p(178,23),p(182,23),p(182,32),p(196,28),p(208,28),p(222,24),p(227,23),p(227,30),p(229,23),p(229,30),p(236,27),p(248,23),p(252,24),p(264,38),p(270,37),p(292,23),p(304,16)),V(v(0,0),v(14,-4),v(156,0),v(170,-4),v(792,0),v(806,-4)))
T(P(p(30,25),p(36,25),p(42,25),p(46,25),p(50,23),p(54,21)),V(v(0,0),v(84,0),v(184,6),v(185,5),v(186,-3),v(186,4),v(340,6),v(341,5),v(342,-3),v(342,4),v(876,0),v(976,6),v(977,5),v(978,-3),v(978,4)))
T(P(p(483,26),p(485,28),p(491,29),p(543,26),p(545,28),p(551,29),p(693,26),p(695,28),p(831,26),p(833,28)),V(v(0,0),v(1,1),v(9,-8),v(21,2),v(24,-14),v(25,-13),v(30,-13),v(31,-12)))
T(P(p(6,23),p(10,23),p(12,23),p(14,21),p(18,19)),V(v(0,0),v(24,2),v(42,9),v(84,0),v(108,2),v(126,9),v(221,0),v(221,7),v(222,-1),v(222,6),v(377,0),v(377,7),v(378,-1),v(378,6),v(651,7),v(652,6),v(652,8),v(652,11),v(653,7),v(789,7),v(790,6),v(790,8),v(790,11),v(791,7),v(876,0),v(900,2),v(918,9),v(1013,0),v(1013,7),v(1014,-1),v(1014,6)))
T(P(p(0,24),p(2,22),p(6,23),p(8,21),p(16,18),p(16,20),p(18,19),p(34,21),p(50,21),p(58,17),p(64,18),p(78,23)),V(v(0,0),v(84,0),v(180,10),v(336,10),v(876,0),v(972,10)))
T(P(p(480,19),p(490,19),p(540,19),p(550,19),p(690,19),p(828,19)),V(v(0,0),v(0,9),v(9,8),v(10,9),v(11,10),v(16,11),v(24,-5),v(28,14),v(29,-5),v(30,-4),v(36,-3),v(42,7)))
T(P(p(156,23),p(166,32),p(170,20),p(172,22),p(176,21),p(178,23),p(196,28),p(203,33),p(204,29),p(208,25),p(208,30),p(214,25),p(214,28),p(239,26),p(240,25),p(241,26),p(245,15),p(252,24)),V(v(0,0),v(156,0),v(457,3),v(595,3),v(792,0)))
T(P(p(176,30),p(186,31),p(188,29),p(324,31),p(326,29)),V(v(0,0),v(418,-7),v(476,0),v(477,-1),v(477,1),v(477,4),v(478,0),v(479,-1),v(482,1),v(520,-1),v(521,-2),v(543,-16)))
T(P(p(196,28),p(198,24),p(202,34),p(203,33),p(204,24),p(220,19)),V(v(0,0),v(156,0),v(290,-4),v(350,-4),v(500,-4),v(638,-4),v(792,0)))
T(P(p(42,23),p(44,30),p(46,23),p(50,21),p(50,28),p(58,22),p(71,33)),V(v(0,0),v(84,0),v(187,0),v(343,0),v(876,0),v(979,0)))
T(P(p(34,23),p(38,21),p(94,23),p(98,21)),V(v(0,0),v(2,-1),v(4,0),v(84,0),v(84,2),v(444,0),v(454,-3),v(460,7),v(462,0),v(462,7),v(474,10),v(489,-9),v(490,-8),v(496,2),v(876,0),v(876,2)))
T(P(p(126,31),p(128,30),p(134,32),p(142,33),p(168,31),p(168,33),p(180,32),p(180,34),p(188,29),p(202,34),p(266,36),p(272,35),p(278,34),p(284,33)),V(v(0,0),v(8,-10),v(792,0),v(800,-10)))
T(P(p(482,21),p(498,19),p(542,21),p(558,19),p(692,21),p(830,21)),V(v(0,0),v(2,2),v(5,7),v(26,12),v(29,-7),v(30,-6)))
T(P(p(18,21),p(78,21),p(210,29),p(348,29)),V(v(0,0),v(24,0),v(426,7),v(462,-2),v(502,-6),v(508,4),v(514,-15)))
T(P(p(30,30),p(154,34),p(168,33),p(292,34)),V(v(0,0),v(348,-6),v(408,-6),v(444,-11),v(499,-3),v(564,-21)))
T(P(p(24,31),p(46,32),p(48,32),p(52,32),p(122,21),p(122,28)),V(v(0,0),v(190,-12),v(346,-12),v(982,-12)))
T(P(p(507,12),p(515,15),p(534,9)),V(v(0,0),v(26,12),v(60,0),v(115,21),v(138,16),v(144,15),v(144,17),v(144,20),v(195,6),v(253,21),v(276,16),v(282,15),v(282,17),v(282,20),v(333,6)))
T(P(p(412,32),p(621,30),p(759,30),p(795,30)),V(v(0,0),v(109,-16)))
T(P(p(16,27),p(28,14),p(38,25),p(42,31),p(52,20),p(58,33),p(100,27),p(112,14),p(122,25),p(124,20),p(170,22),p(170,31),p(172,24),p(208,19),p(312,20),p(324,33),p(326,22),p(326,31),p(328,24),p(336,32),p(338,21),p(344,22),p(344,24),p(344,29),p(364,19),p(468,20),p(495,31),p(497,29),p(502,23),p(510,27),p(514,33),p(520,32),p(525,13),p(526,30),p(531,23),p(532,22),p(536,16),p(555,31),p(557,29),p(562,23),p(570,27),p(574,33),p(580,32),p(585,13),p(586,30),p(589,27),p(591,23),p(592,22),p(593,24),p(596,16),p(600,16),p(600,23),p(614,27),p(615,25),p(618,21),p(618,28),p(619,26),p(620,28),p(624,30),p(624,37),p(630,29),p(636,29),p(639,27),p(641,29),p(652,33),p(667,33),p(668,27),p(668,29),p(669,28),p(669,31),p(672,30),p(684,23),p(684,25),p(684,29),p(700,19),p(705,31),p(706,23),p(708,19),p(711,29),p(713,26),p(720,31),p(722,27),p(724,26),p(726,25),p(728,27),p(730,30),p(734,19),p(738,16),p(738,23),p(750,22),p(752,27),p(753,25),p(756,21),p(756,28),p(757,26),p(758,28),p(762,30),p(762,37),p(768,29),p(774,29),p(777,27),p(778,28),p(779,29),p(790,33),p(791,34),p(805,30),p(805,33),p(806,27),p(806,29),p(807,28),p(807,31),p(810,30),p(822,23),p(822,25),p(822,29),p(838,19),p(843,31),p(844,23),p(846,19),p(849,29),p(851,26),p(858,31),p(860,27),p(862,26),p(864,25),p(866,27),p(868,30),p(870,12),p(872,19),p(892,27),p(914,25),p(916,20),p(962,22),p(962,31),p(964,24),p(1000,19),p(1104,20)),V(v(0,0)))

numberOfNotes 1538
tatumsPerBar null
barOneStartsAt null
compressionRatio 1.800936768149883
runningTime 52009
encodingLength 854
encodingLengthWithoutResidualPointSet 717
numberOfResidualPoints 137
percentageOfResidualPoints 8.907672301690507
compressionRatioWithoutResidualPointSet 1.9539748953974896
title sonata01-3.txt
numberOfTECs 34
inputFilePath D:\Source\Repos\omnisia\Points\RecurSIA-RRT-experiment\JKU-PDD\JKUPDD-noAudio-Aug2013\groundTruth\beethovenOp2No1Mvt3\polyphonic\lisp\sonata01-3.txt
outputFilePath D:\Source\Repos\omnisia\Points\RecurSIA-RRT-experiment\JKU-PDD\JKUPDD-noAudio-Aug2013\matlab\pattDiscOut\SIATECCompressBB\beet_sonata01-3_SIATECCompressBB.out
logFilePath null
outputFileExtension SIATECCompress
isDiatonic true
withoutChannel10 false
encoderName com.chromamorph.points022.SIATECCompressEncoding
forMirex true
mode BB
topNPatterns 0
