T(P(p(264,22),p(282,23),p(288,24),p(300,25),p(312,23),p(324,21),p(336,22),p(348,23),p(360,24),p(372,25),p(384,23),p(396,21),p(408,22),p(420,23),p(432,24)),V(v(0,0),v(0,9),v(864,0),v(864,9),v(2160,0),v(2160,9),v(3600,0),v(3600,9),v(10368,0),v(10368,9),v(11664,0),v(11664,9)))
T(P(p(4608,29),p(5088,25),p(5160,22),p(5160,33),p(5166,34),p(5172,26),p(5172,33),p(5178,31),p(5184,23),p(5184,32),p(5196,26),p(5208,25),p(5208,30),p(5220,26),p(5232,25),p(5232,35),p(5238,36),p(5244,26),p(5244,35),p(5250,33),p(5256,24),p(5256,36),p(5268,26),p(5280,22),p(5280,38)),V(v(0,0),v(144,0),v(1152,0),v(1296,0),v(2880,-4),v(3024,-4),v(4608,-4),v(4752,-4)))
T(P(p(4584,29),p(4590,30),p(4596,29),p(4602,28),p(4608,25),p(4608,27),p(4608,29),p(4620,22),p(4632,25),p(4632,27),p(4644,22),p(4650,29),p(4656,25),p(4656,27),p(4668,22),p(4680,26),p(4692,22),p(4704,26),p(4716,22),p(4728,26),p(4740,22),p(4752,25),p(4872,24)),V(v(0,0),v(144,0),v(1152,0),v(1296,0),v(2880,0),v(3024,0),v(4608,0),v(4752,0)))
T(P(p(4608,25),p(4608,27),p(4632,25),p(4632,27),p(4656,25),p(4656,27),p(4680,26),p(4680,28),p(4704,26),p(4728,26),p(4752,25),p(4776,25),p(4800,25),p(4800,34),p(4824,24),p(4848,35),p(4920,36),p(4928,35),p(4936,34),p(4944,33),p(4952,32),p(4960,31),p(5016,24),p(5040,21)),V(v(0,0),v(72,1),v(1152,0),v(1224,1),v(2880,0),v(2952,1),v(4608,0),v(4680,1)))
T(P(p(444,36),p(456,35),p(468,34),p(480,33),p(492,32),p(504,31),p(516,30),p(528,29),p(540,29),p(552,28),p(564,27),p(576,30),p(594,31),p(600,16),p(600,21),p(600,23),p(600,26),p(624,16),p(624,20),p(624,22),p(624,25),p(648,19),p(648,21),p(648,26),p(672,12),p(696,29),p(696,31),p(714,28),p(714,30),p(720,28),p(720,30),p(744,26),p(768,29),p(768,32),p(786,28),p(786,33),p(792,28),p(792,33),p(816,19)),V(v(0,0),v(864,0),v(2160,3),v(3600,3),v(10368,0),v(11664,3)))
T(P(p(4584,29),p(4608,27),p(4608,29),p(4632,27),p(4680,26),p(4680,28),p(4704,26),p(4704,28),p(4848,24),p(4848,26),p(4872,35),p(4878,36),p(4884,35),p(4920,36),p(4928,35),p(4936,34)),V(v(0,0),v(168,-2),v(1152,0),v(1320,-2),v(2880,0),v(3048,-2),v(4608,0),v(4776,-2)))
T(P(p(-24,31),p(-6,32),p(48,24),p(192,25),p(216,24),p(336,22),p(336,31),p(360,24),p(360,33),p(372,25),p(372,34),p(384,23),p(384,32),p(396,21),p(396,30),p(408,22),p(408,31),p(420,23),p(420,32),p(432,24),p(432,33),p(492,32),p(768,32),p(786,33),p(792,33)),V(v(0,0),v(864,0),v(2088,0),v(3528,0),v(10368,0),v(11592,0)))
T(P(p(24,24),p(48,24),p(168,26),p(168,30),p(192,26),p(192,30),p(216,29),p(264,22),p(282,23),p(288,24),p(300,25),p(312,23),p(324,21),p(336,22),p(348,23),p(360,24),p(372,25),p(384,23),p(396,21),p(408,22),p(420,23),p(432,24),p(624,16)),V(v(0,0),v(864,0),v(2160,9),v(3600,9),v(10368,0),v(11664,9)))
T(P(p(4644,22),p(4656,25),p(4668,22),p(4692,22),p(4704,26),p(4704,31),p(4716,22),p(4740,22),p(4752,27),p(4764,22),p(4788,22),p(4800,25),p(4812,22),p(4836,22),p(4848,35),p(4860,22),p(4872,24),p(4872,35),p(4878,36),p(4884,22)),V(v(0,0),v(1152,0),v(2256,0),v(2880,0),v(3984,0),v(4608,0)))
T(P(p(1560,31),p(3000,31),p(4704,31),p(5856,31),p(7584,31),p(9312,31),p(11064,31)),V(v(0,0),v(144,-5),v(144,4),v(192,-6),v(192,3),v(240,-18),v(240,-11),v(264,-17),v(264,-10),v(264,-1),v(408,-4),v(1224,-6)))
T(P(p(24,29),p(48,29),p(72,26),p(72,28),p(144,31),p(192,30),p(264,22),p(288,33),p(408,22),p(408,31),p(420,23),p(420,32),p(492,32),p(528,29),p(696,31),p(744,26),p(840,31),p(912,29)),V(v(0,0),v(864,0),v(2040,2),v(3480,2),v(10368,0),v(11544,2)))
T(P(p(1704,29),p(1728,30),p(3144,29),p(3168,30),p(11208,29),p(11232,30)),V(v(0,0),v(0,2),v(48,-1),v(48,1),v(72,2),v(96,-16),v(96,-9),v(96,0),v(120,-15),v(120,-8),v(120,1),v(192,1),v(216,-11),v(288,0),v(312,-8),v(312,1),v(360,-11),v(384,0),v(504,2),v(648,6),v(1056,-5),v(1080,-6),v(1080,-1),v(1152,3),v(1224,6),v(1296,2)))
T(P(p(4620,22),p(4644,22),p(4656,32),p(4692,22),p(4716,22),p(4740,22),p(4812,22)),V(v(0,0),v(24,0),v(600,4),v(876,0),v(1152,0),v(1176,0),v(1752,4),v(2028,0),v(2880,0),v(2904,0),v(3480,0),v(3756,3),v(4608,0),v(4632,0),v(5208,0),v(5484,3)))
T(P(p(1704,26),p(1752,28),p(1776,24),p(1824,21),p(1824,30),p(1848,22),p(1980,26),p(1992,29),p(2040,29),p(2064,29),p(2088,31),p(2304,24),p(2352,23),p(2424,22),p(2448,24),p(2544,23),p(2544,32),p(2568,22),p(2568,31),p(2592,33),p(2664,34),p(2724,30),p(2784,19),p(2832,15),p(2952,31),p(3024,18)),V(v(0,0),v(1440,0),v(5208,3),v(6936,3),v(9504,0)))
T(P(p(4872,24),p(4872,35),p(4902,35),p(4908,34),p(4944,20),p(5040,21),p(5046,34),p(5052,33)),V(v(0,0),v(624,-2),v(1152,0),v(1776,-2),v(2880,0),v(3504,1),v(4608,0),v(5232,1)))
T(P(p(4608,25),p(4632,25),p(4848,26),p(4944,33),p(4952,32),p(4960,31),p(4968,21),p(4968,30),p(5016,22)),V(v(0,0),v(120,4),v(1152,0),v(1272,4),v(2880,0),v(3000,4),v(4608,0),v(4728,4)))
T(P(p(0,30),p(24,29),p(312,23),p(336,22),p(408,31),p(552,28),p(624,16),p(624,22),p(648,19),p(648,21),p(648,26),p(672,12)),V(v(0,0),v(864,0),v(2448,3),v(3888,3),v(10368,0),v(11952,3)))
T(P(p(1248,32),p(2688,32),p(6984,31),p(8712,31),p(10752,32)),V(v(0,0),v(480,-2),v(504,-4),v(504,-2),v(576,-5),v(600,-3),v(648,-2),v(720,-5),v(912,-9),v(936,-10),v(1068,-9),v(1128,-10),v(1200,-13),v(1248,-10),v(1260,-9),v(1356,7),v(1368,6),v(1380,5),v(1512,-6)))
T(P(p(5616,22),p(5619,23),p(5622,24),p(5664,24),p(5670,23),p(5676,22),p(5682,21)),V(v(0,0),v(0,9),v(1152,0),v(1152,9),v(2880,3),v(2880,12),v(4608,3),v(4608,12)))
T(P(p(48,26),p(120,32),p(138,33),p(144,31),p(156,30),p(168,30),p(192,30),p(216,29),p(336,31),p(540,29)),V(v(0,0),v(864,0),v(2016,-8),v(3456,-8),v(10368,0),v(11520,-8)))
T(P(p(1704,19),p(1728,18),p(1752,18),p(1776,17),p(1800,13),p(1824,14),p(1848,15),p(2328,23),p(2352,23),p(2376,22)),V(v(0,0),v(0,16),v(1440,0),v(1440,16),v(9504,0),v(9504,16)))
T(P(p(1248,32),p(1296,33),p(1824,27),p(1824,30),p(1848,26),p(1848,29),p(2016,32),p(2082,30),p(2088,19),p(2160,23)),V(v(0,0),v(936,-1),v(1440,0),v(2376,-1),v(9504,0),v(10440,-1)))
T(P(p(2112,28),p(3552,28),p(4704,28),p(5856,28),p(7584,31),p(9312,31),p(11616,28)),V(v(0,0),v(834,3),v(840,3),v(864,-6),v(960,-9),v(984,-6),v(984,1),v(1008,-13)))
T(P(p(3288,31),p(4440,31),p(6168,34),p(7896,34)),V(v(0,0),v(24,-13),v(96,-2),v(1224,-12),v(1416,-3),v(1440,-5),v(1884,-5),v(2028,-5),v(2160,6),v(2166,5),v(2172,4),v(2178,3),v(2184,3),v(2196,2),v(2208,-14),v(2208,-9),v(2208,2),v(2232,-14),v(2232,-9),v(2232,3),v(2238,2),v(2244,1),v(2250,0),v(2256,0),v(2268,-1),v(2280,-13),v(2280,-9),v(2280,-1),v(2304,-13),v(2304,-9),v(2304,-1),v(2328,-12),v(2328,-9),v(2328,0),v(2331,-8),v(2331,1),v(2334,-7),v(2334,2),v(2376,-12),v(2376,-7),v(2376,2),v(2382,-8),v(2382,1),v(2388,-9),v(2388,0),v(2394,-10),v(2394,-1),v(2400,-9),v(2400,-2),v(2424,-16)))
T(P(p(1080,29),p(2808,22),p(2808,29),p(4536,22),p(4536,29)),V(v(0,0),v(4536,-7),v(4590,-6),v(4596,-7),v(4602,-8),v(4608,-7),v(4728,3),v(4812,0),v(4872,5),v(5016,-9),v(5040,-8),v(5168,4)))
T(P(p(1920,18),p(1968,18),p(1968,27),p(2040,29),p(2058,30),p(2064,18),p(2460,25),p(2484,21),p(2508,23),p(2700,32)),V(v(0,0),v(1440,0),v(5004,4),v(6732,4),v(9504,0)))
T(P(p(0,30),p(12,29),p(48,26),p(72,25),p(216,26),p(432,24)),V(v(0,0),v(864,0),v(2640,6),v(4080,6),v(10368,0),v(12144,6)))
T(P(p(5820,22),p(7104,23),p(7548,22),p(8832,23)),V(v(0,0),v(96,0),v(228,12),v(300,-8),v(300,-1),v(420,-1),v(1344,2),v(1392,11)))
T(P(p(1728,18),p(1848,15),p(1944,19),p(1968,18)),V(v(0,0),v(1440,0),v(2946,14),v(4098,14),v(5826,14),v(7554,14),v(9504,0)))
T(P(p(2208,33),p(2298,26),p(2376,38),p(2544,32)),V(v(0,0),v(1440,0),v(2442,-4),v(3594,-4),v(5322,-4),v(7050,-4),v(9504,0)))
T(P(p(24,26),p(840,31),p(912,29),p(1056,26)),V(v(0,0),v(888,3),v(2034,2),v(3474,2),v(10392,3),v(11538,2)))
T(P(p(4960,31),p(5104,27),p(5748,29),p(5820,22)),V(v(0,0),v(1152,0),v(2156,4),v(2880,0),v(3884,4)))
T(P(p(168,25),p(288,19),p(888,26),p(1032,25),p(1152,19),p(1728,25),p(1800,27),p(1824,32),p(1872,18),p(1956,28),p(1992,17),p(2232,33),p(3000,20),p(3024,27),p(3048,16),p(3168,25),p(3240,27),p(3264,32),p(3396,28),p(3432,17),p(3672,33),p(4440,20),p(4464,27),p(4488,16),p(4824,36),p(4974,31),p(4980,30),p(5040,23),p(5058,30),p(5088,21),p(5096,26),p(5112,32),p(5136,31),p(5976,36),p(6126,31),p(6132,30),p(6192,23),p(6210,30),p(6248,26),p(6288,31),p(6888,24),p(6888,29),p(6918,30),p(6936,25),p(6990,32),p(7056,33),p(7152,26),p(7176,22),p(7176,29),p(7200,16),p(7224,34),p(7236,33),p(7284,33),p(7308,34),p(7320,35),p(7344,36),p(7392,15),p(7854,31),p(7860,30),p(7920,23),p(7938,30),p(8016,31),p(8616,24),p(8616,29),p(8646,30),p(8664,25),p(8718,32),p(8784,33),p(8880,26),p(8904,22),p(8904,29),p(8928,16),p(8952,34),p(8964,33),p(9012,33),p(9036,34),p(9048,35),p(9072,36),p(9120,15),p(9582,31),p(9588,30),p(9648,23),p(9666,30),p(9712,27),p(9720,32),p(9744,31),p(10392,26),p(10656,19),p(11232,25),p(11304,27),p(11328,32),p(11376,18),p(11460,28),p(11496,17),p(11736,33),p(12504,20),p(12528,27),p(12552,16)),V(v(0,0)))

numberOfNotes 1744
tatumsPerBar null
barOneStartsAt null
compressionRatio 2.2445302445302446
runningTime 101601
encodingLength 777
encodingLengthWithoutResidualPointSet 679
numberOfResidualPoints 98
percentageOfResidualPoints 5.6192660550458715
compressionRatioWithoutResidualPointSet 2.4241531664212075
title sonata04-2.txt
numberOfTECs 33
inputFilePath D:\Source\Repos\omnisia\Points\RecurSIA-RRT-experiment\JKU-PDD\JKUPDD-noAudio-Aug2013\groundTruth\mozartK282Mvt2\polyphonic\lisp\sonata04-2.txt
outputFilePath D:\Source\Repos\omnisia\Points\RecurSIA-RRT-experiment\JKU-PDD\JKUPDD-noAudio-Aug2013\matlab\pattDiscOut\SIATECCompressBB\mzrt_sonata04-2_SIATECCompressBB.out
logFilePath null
outputFileExtension SIATECCompress
isDiatonic true
withoutChannel10 false
encoderName com.chromamorph.points022.SIATECCompressEncoding
forMirex true
mode BB
topNPatterns 0
