T(P(p(900,27),p(900,28),p(912,19),p(912,26),p(912,31),p(924,25),p(924,28),p(936,15),p(936,25),p(936,28),p(954,24),p(954,29),p(960,19),p(960,22),p(960,24),p(960,29),p(984,24),p(984,29)),V(v(0,0),v(144,2),v(288,4),v(1728,0),v(1872,2),v(2016,4),v(2304,0),v(2448,2),v(2592,4),v(4032,0),v(4176,2),v(4320,4),v(4608,0),v(4752,2),v(4896,4),v(9072,0),v(9216,2),v(9360,4),v(9648,0),v(9792,2),v(9936,4)))
T(P(T(P(p(3360,33),p(3372,27),p(3372,30),p(3384,17),p(3384,27),p(3384,30),p(3402,26),p(3402,31),p(3408,21),p(3408,24),p(3408,26),p(3408,31),p(3432,26),p(3432,31),p(3480,23)),V(v(0,0),v(144,2))),T(P(p(3432,20),p(3432,29),p(3456,16),p(3456,30),p(3456,35),p(3480,29),p(3492,31),p(3492,32),p(3504,23),p(3504,29),p(3504,30)),V(v(0,0)))),V(v(-2448,-2),v(-2304,0),v(-720,-2),v(-576,0),v(-144,-2),v(0,0),v(1584,-2),v(1728,0),v(2160,-2),v(2304,0),v(6624,-2),v(6768,0),v(7200,-2),v(7344,0)))
T(P(T(P(p(432,33),p(456,21),p(456,27),p(468,30),p(480,21),p(480,27),p(480,33),p(492,30),p(504,17),p(504,30),p(522,31),p(528,21),p(528,26),p(528,31),p(552,26),p(552,31),p(600,23),p(624,23)),V(v(0,0),v(144,2))),T(P(p(552,20),p(576,16)),V(v(0,0)))),V(v(-144,-2),v(0,0),v(432,-2),v(576,0),v(2304,0),v(2736,-2),v(2880,0),v(4608,0),v(5040,-2),v(5184,0),v(9648,0),v(10080,-2),v(10224,0)))
T(P(T(P(p(900,28),p(912,19),p(912,26),p(912,31),p(924,25),p(924,28),p(936,15),p(936,25),p(936,28),p(954,24),p(954,29),p(960,19),p(960,22),p(960,24),p(960,29),p(984,24),p(984,29),p(1032,21),p(1056,21)),V(v(0,0),v(144,2),v(288,4))),T(P(p(984,18),p(984,27),p(1008,14),p(1008,28),p(1008,33),p(1032,27),p(1044,29),p(1056,27),p(1128,20),p(1128,29),p(1152,16),p(1152,30),p(1152,35),p(1176,29),p(1188,31),p(1200,29),p(1272,23),p(1272,40),p(1296,12),p(1314,34),p(1314,41),p(1320,23),p(1320,28),p(1320,34),p(1320,41),p(1344,28),p(1368,15),p(1392,19),p(1392,24),p(1416,24),p(1476,27),p(1476,28),p(1536,19),p(1536,24),p(1560,24),p(1584,14),p(1608,21),p(1608,23),p(1632,21),p(1632,23),p(1656,17),p(1680,21),p(1680,26)),V(v(0,0)))),V(v(0,0),v(1728,0),v(2304,0),v(4032,0),v(9072,0)))
T(P(p(384,24),p(384,29),p(408,24),p(408,29)),V(v(0,0),v(144,2),v(288,-1),v(288,4),v(432,-5),v(576,0),v(720,2),v(864,-1),v(864,4),v(936,-1),v(1080,-6),v(1152,-5),v(1224,-6),v(1440,-5),v(1512,-6),v(1656,-6),v(1728,-5),v(1800,-6),v(2016,-5),v(2304,0),v(2448,2),v(2592,-1),v(2592,4),v(2736,-5),v(2880,0),v(2952,-1),v(3024,2),v(3168,-1),v(3168,4),v(3240,-1),v(3384,-6),v(3456,-5),v(3528,-6),v(3744,-5),v(3816,-6),v(3960,-6),v(4032,-5),v(4104,-6),v(4320,-5),v(4608,0),v(4752,2),v(4896,-1),v(4896,4),v(5040,-5),v(5184,0),v(5256,-1),v(5328,2),v(5472,-1),v(5472,4),v(5544,-1),v(5976,-8),v(5976,-3),v(5976,-1),v(6048,-8),v(6048,-3),v(6048,-1),v(6120,-8),v(6120,-3),v(6120,-1),v(6144,-1),v(6552,-8),v(6552,-3),v(6552,-1),v(6624,-8),v(6624,-3),v(6624,-1),v(6696,-8),v(6696,-3),v(6696,-1),v(6720,-1),v(6984,-6),v(7272,-6),v(7560,-5),v(7848,-6),v(7920,-6),v(7992,-6),v(8064,-6),v(8136,-6),v(8424,-6),v(8712,-5),v(9648,0),v(9792,2),v(9936,-1),v(9936,4),v(10080,-5),v(10224,0),v(10296,-1),v(10368,2),v(10512,-1),v(10512,4),v(10584,-1),v(10656,-5),v(10728,-4),v(10728,1),v(10800,-4),v(10872,-4),v(11016,-4),v(11088,-5),v(11304,-4),v(11304,1),v(11376,-4),v(11448,-4),v(11592,-4),v(11664,-5),v(11808,-5),v(12024,-4),v(12096,-5),v(12456,-5),v(12504,-5),v(12528,-5),v(12672,-5),v(12744,-7),v(12816,-7)))
T(P(p(7224,18),p(7224,22),p(7224,25),p(7236,26),p(7248,18),p(7248,22),p(7248,27),p(7260,28),p(7272,13),p(7272,30),p(7296,18),p(7320,18),p(7344,14),p(7344,21),p(7362,27),p(7368,18),p(7368,23),p(7368,27),p(7376,28),p(7384,27),p(7392,26),p(7404,25)),V(v(0,0),v(288,0),v(576,1),v(864,0),v(1440,0),v(1728,1),v(2016,0)))
T(P(p(7488,13),p(7488,26),p(7496,27),p(7504,26),p(7512,18),p(7512,22),p(7512,25),p(7524,26),p(7536,18),p(7536,22),p(7536,27),p(7548,28),p(7560,13),p(7560,30),p(7584,18),p(7584,24),p(7608,18),p(7608,24),p(7632,14),p(7632,21),p(7650,27),p(7656,18),p(7656,23),p(7656,27),p(7664,28),p(7672,27),p(7680,18),p(7680,23),p(7680,26),p(7692,25)),V(v(0,0),v(288,1),v(576,0),v(1152,0),v(1440,1)))
T(P(T(P(p(1458,27),p(1458,28),p(1464,18),p(1464,21),p(1464,23),p(1476,27),p(1476,28),p(1488,18),p(1488,21),p(1488,23)),V(v(0,0),v(144,0))),T(P(p(1488,32),p(1512,10),p(1512,29),p(1530,26),p(1530,28),p(1536,19),p(1536,21),p(1536,24),p(1548,26),p(1548,28),p(1560,19),p(1560,21),p(1560,24),p(1560,33),p(1584,14),p(1584,29),p(1632,34),p(1656,17),p(1656,36),p(1680,21),p(1680,23),p(1680,26),p(1698,35),p(1704,17),p(1704,30),p(1722,35),p(1728,18),p(1728,29),p(1749,35),p(1752,20),p(1752,22),p(1752,25),p(1752,29),p(1773,35),p(1776,13),p(1776,29),p(1797,34),p(1800,14),p(1800,29),p(1821,34),p(1824,19),p(1824,24),p(1824,28),p(1845,34),p(1848,19),p(1848,24),p(1848,28),p(1869,33),p(1872,14),p(1872,27),p(1896,18),p(1896,23),p(1896,27),p(1944,26),p(1992,25),p(2040,23),p(2052,27),p(2052,28),p(2064,23),p(2112,19),p(2112,24),p(2136,24),p(2160,14)),V(v(0,0)))),V(v(0,0),v(576,0),v(2304,0),v(2880,0)))
T(P(p(1320,23),p(1320,25),p(1344,23),p(1344,25)),V(v(0,0),v(144,-2),v(216,-4),v(288,-2),v(576,-2),v(720,-2),v(792,-4),v(864,-2),v(1872,0),v(2016,-2),v(2160,4),v(2304,0),v(2448,-2),v(2520,-4),v(2592,-2),v(2880,-2),v(3024,-2),v(3096,-4),v(3168,-2),v(4176,0),v(4320,-2),v(4464,4),v(4608,0),v(5040,-4),v(5040,-2),v(5040,3),v(5112,-4),v(5112,-2),v(5112,3),v(5184,-4),v(5184,-2),v(5184,3),v(5616,-4),v(5616,-2),v(5616,3),v(5688,-4),v(5688,-2),v(5688,3),v(5760,-4),v(5760,-2),v(5760,3),v(6120,-4),v(6336,-5),v(6408,-4),v(6480,0),v(6552,0),v(6624,-4),v(6696,-3),v(6984,-5),v(7056,-5),v(7128,-5),v(7200,-5),v(7272,-4),v(7488,-5),v(7560,-4),v(7632,0),v(7704,0),v(7776,-4),v(7848,-3),v(9360,-2),v(9504,4),v(9648,0),v(9792,-3),v(9864,-3),v(9936,0),v(10008,1),v(10080,0),v(10224,-3),v(10368,-3),v(10440,-3),v(10512,0),v(10584,1),v(10800,-4),v(10800,-2),v(10872,-1),v(10944,-4),v(10992,-4),v(11016,-4),v(11088,-3),v(11160,-1),v(11232,-4),v(11304,-4),v(11376,1),v(11424,1),v(11664,-4),v(11664,-2),v(11736,-4),v(11808,-1),v(11880,-1)))
T(P(p(3152,28),p(3160,27),p(3168,26),p(3168,31),p(3180,27),p(3192,19),p(3192,25),p(3192,26),p(3204,27),p(3204,28),p(3216,19),p(3216,25),p(3216,26),p(3216,31),p(3228,25),p(3228,28),p(3240,15),p(3240,25),p(3240,28),p(3258,24),p(3258,29),p(3264,19),p(3264,22),p(3264,24),p(3264,29),p(3288,24),p(3288,29),p(3336,21),p(3360,21)),V(v(0,0),v(144,2),v(288,4),v(2304,0),v(2448,2),v(2592,4),v(7344,0),v(7488,2),v(7632,4)))
T(P(T(P(p(6336,16),p(6336,20),p(6336,23),p(6336,25)),V(v(0,0),v(24,3),v(48,3),v(72,0))),T(P(p(6336,22),p(6360,16),p(6360,21),p(6384,16),p(6384,21),p(6432,19),p(6432,21),p(6432,23),p(6432,26)),V(v(0,0)))),V(v(0,0),v(144,0),v(576,0),v(720,0)))
T(P(p(6072,27),p(6072,34),p(6108,24),p(6108,31),p(6120,25),p(6120,32),p(6132,23),p(6132,30),p(6144,22),p(6144,29)),V(v(0,0),v(144,0),v(576,0),v(720,0)))
T(P(p(7632,21),p(7650,27),p(7656,18),p(7656,20),p(7656,23),p(7656,27),p(7664,28),p(7672,27),p(7680,18),p(7680,20),p(7680,23),p(7680,26),p(7692,25),p(7704,10),p(7704,26),p(7728,19),p(7728,21),p(7728,24),p(7752,19),p(7752,21)),V(v(0,0),v(288,1),v(864,0),v(1152,0),v(1440,1)))
T(P(p(1776,29),p(1797,34),p(1800,29),p(1821,34),p(1824,28)),V(v(0,0),v(576,0),v(672,-2),v(720,-3),v(2304,0),v(2880,0),v(2976,-2),v(3024,-3),v(7944,0),v(8016,-2),v(8064,-3)))
T(P(p(1824,24),p(1824,28),p(1848,24),p(1848,28)),V(v(0,0),v(72,-1),v(576,0),v(792,-5),v(1368,-5),v(1512,-1),v(1656,-1),v(2304,0),v(2376,-1),v(2880,0),v(3096,-5),v(3672,-5),v(3816,-1),v(3960,-1),v(4536,-5),v(4608,-5),v(4680,-5),v(5112,-5),v(5184,-5),v(5256,-5),v(5400,-6),v(5472,-6),v(5688,-6),v(5976,-5),v(6048,-5),v(6264,-6),v(6840,-6),v(7128,-5),v(7200,-5),v(7416,-6),v(8136,-5),v(8856,-1),v(9000,-1),v(9504,-4),v(10080,-4),v(10296,-5),v(10440,-3),v(10488,-3),v(10512,-3),v(10728,-3),v(10800,-3),v(10872,-4),v(10920,-4),v(11160,-5)))
T(P(p(7632,14),p(7632,21),p(7650,27),p(7656,18),p(7656,20),p(7656,23),p(7656,27)),V(v(0,0),v(288,1),v(864,0),v(1152,0),v(1440,1),v(1728,0),v(1800,0),v(1872,0)))
T(P(p(696,33),p(696,40),p(744,34),p(744,41)),V(v(0,0),v(576,0),v(2304,0),v(2880,0),v(4608,0),v(5184,0),v(5328,-7),v(5496,-7),v(5736,-12),v(6072,-7),v(6312,-12),v(9648,0),v(10224,0)))
T(P(p(1749,35),p(1752,29),p(1773,35),p(1776,29)),V(v(0,0),v(72,-1),v(120,-2),v(144,-2),v(192,-3),v(576,0),v(648,-1),v(792,-4),v(816,-4),v(2304,0),v(2376,-1),v(2424,-2),v(2448,-2),v(2496,-3),v(2880,0),v(2952,-1),v(3096,-4),v(3120,-4),v(8136,-4),v(8160,-4)))
T(P(p(816,19),p(816,24),p(840,19),p(864,15)),V(v(0,0),v(2304,0),v(4608,0),v(5568,4),v(5640,4),v(5712,4),v(6144,4),v(6216,4),v(6288,4),v(7416,-1),v(7560,-1),v(7632,-1),v(9648,0),v(10224,0),v(10656,0),v(10800,0),v(11232,0),v(11376,0),v(11664,0),v(11880,5)))
T(P(p(768,25),p(768,28),p(768,30),p(792,30),p(816,24),p(828,29)),V(v(0,0),v(2304,0),v(4608,0),v(5736,-2),v(6312,-2),v(9648,0)))
T(P(p(312,25),p(336,19),p(336,25),p(360,15)),V(v(0,0),v(72,-1),v(144,2),v(216,1),v(288,4),v(576,0),v(648,-1),v(720,2),v(792,1),v(864,4),v(1008,0),v(1080,-1),v(1584,2),v(2376,-1),v(2448,2),v(2520,1),v(2592,4),v(2880,0),v(2952,-1),v(3024,2),v(3096,1),v(3168,4),v(3312,0),v(3384,-1),v(3888,2),v(4680,-1),v(4752,2),v(4824,1),v(4896,4),v(5184,0),v(5256,-1),v(5328,2),v(5400,1),v(5472,4),v(5616,0),v(7272,-1),v(7560,0),v(7848,-1),v(8424,-1),v(8712,0),v(9000,-1),v(9720,-1),v(9792,2),v(9864,1),v(9936,4),v(10224,0),v(10296,-1),v(10368,2),v(10440,1),v(10512,4),v(10656,0),v(12024,0),v(12312,0)))
T(P(p(1968,31),p(1976,32),p(1984,31),p(1992,30)),V(v(0,0),v(1320,-2),v(1464,0),v(2304,0),v(3624,-2),v(3768,0),v(5400,-4),v(5520,-5),v(5688,-4),v(5808,-4),v(5976,-3),v(6096,-5),v(6264,-4),v(6384,-5),v(6552,-4),v(6672,-5),v(6840,-4),v(6960,-4),v(7128,-3),v(7416,-4),v(7488,-2),v(7560,1),v(7632,3),v(8664,-2),v(8808,0)))
T(P(p(11376,15),p(11376,30),p(11388,29),p(11400,20),p(11400,29),p(11424,20)),V(v(0,0),v(144,0),v(576,0),v(1008,0),v(1296,0)))
T(P(T(P(p(2592,12),p(3144,29),p(3576,19),p(3600,35),p(3600,42),p(3624,30),p(3672,29)),V(v(0,0),v(2304,0),v(7344,0))),T(P(p(1296,35),p(1296,42),p(1320,30),p(1368,29),p(1416,20),p(1968,21),p(1968,24),p(1992,13),p(2013,29),p(2016,14),p(2016,23),p(2016,29),p(2592,12),p(3144,29),p(3576,19),p(3600,35),p(3600,42),p(3624,30),p(3672,29)),V(v(0,0),v(2304,0))),T(P(p(11160,15),p(11160,30),p(11172,31),p(11184,31),p(11232,15),p(11250,30),p(11256,30),p(11292,29),p(11304,15),p(11304,29),p(11316,27),p(11328,27),p(11436,27),p(11448,15),p(11448,27),p(11460,26),p(11472,26),p(11592,15)),V(v(0,0),v(576,0))),T(P(p(12168,15),p(12252,30),p(12264,31),p(12300,30),p(12312,33),p(12324,30),p(12336,31),p(12372,30),p(12444,27)),V(v(0,0),v(288,0))),T(P(p(-24,26),p(0,33),p(36,26),p(48,33),p(60,26),p(72,32),p(108,26),p(120,32),p(132,26),p(144,32),p(180,27),p(192,32),p(204,27),p(216,31),p(252,27),p(264,31),p(276,27),p(288,12),p(408,20),p(552,22),p(600,26),p(624,27),p(720,12),p(720,35),p(738,34),p(738,41),p(744,23),p(744,28),p(792,15),p(792,37),p(828,36),p(840,28),p(852,27),p(864,26),p(1272,19),p(5904,12),p(5922,34),p(5922,41),p(6000,19),p(6000,24),p(6168,22),p(6168,29),p(6204,28),p(6204,35),p(6408,30),p(6420,22),p(6420,29),p(6624,26),p(6624,33),p(6744,22),p(6744,29),p(6780,28),p(6780,35),p(6984,30),p(6996,22),p(6996,29),p(7176,26),p(7200,13),p(7208,27),p(7216,26),p(7296,29),p(7416,10),p(7416,26),p(7440,24),p(7584,29),p(7872,30),p(8184,29),p(8280,29),p(8328,28),p(8352,7),p(8388,26),p(8400,27),p(8412,28),p(8424,30),p(8448,29),p(8736,29),p(9024,30),p(9216,13),p(9216,26),p(9336,29),p(9432,7),p(9450,29),p(9480,26),p(9492,25),p(9492,27),p(9504,7),p(9522,32),p(9528,14),p(9552,26),p(9564,25),p(9564,30),p(9576,7),p(9576,14),p(9576,21),p(9594,29),p(9594,34),p(9600,18),p(9600,23),p(9600,27),p(9600,29),p(9624,28),p(9636,27),p(9636,32),p(9648,7),p(9648,14),p(9669,34),p(9672,18),p(9672,23),p(9672,27),p(9672,29),p(9693,34),p(9696,29),p(9717,34),p(9789,33),p(10944,12),p(10962,34),p(10962,41),p(11106,30),p(11544,23),p(11568,23),p(11580,25),p(11592,25),p(11604,24),p(11616,22),p(11640,22),p(11664,29),p(11682,30),p(12456,27),p(12468,26),p(12480,26),p(12600,19),p(12600,21),p(12600,25),p(12792,20),p(12792,23),p(12792,25),p(12816,15),p(12816,27),p(12828,26),p(12840,26),p(12960,12),p(13032,10),p(13032,26),p(13104,8),p(13176,17),p(13176,22),p(13176,24),p(13248,30),p(13260,29),p(13272,29),p(13308,27),p(13320,27),p(13332,26),p(13344,26)),V(v(0,0)))),V(v(0,0)))

numberOfNotes 2075
tatumsPerBar null
barOneStartsAt null
compressionRatio 1.9320297951582868
runningTime 18749
encodingLength 1074
encodingLengthWithoutResidualPointSet 826
numberOfResidualPoints 248
percentageOfResidualPoints 11.951807228915662
compressionRatioWithoutResidualPointSet 2.211864406779661
title mazurka24-4.txt
numberOfTECs 24
inputFilePath D:\Source\Repos\omnisia\Points\RecurSIA-RRT-experiment\JKU-PDD\JKUPDD-noAudio-Aug2013\groundTruth\chopinOp24No4\polyphonic\lisp\mazurka24-4.txt
outputFilePath D:\Source\Repos\omnisia\Points\RecurSIA-RRT-experiment\JKU-PDD\JKUPDD-noAudio-Aug2013\matlab\pattDiscOut\ReForthRCT-RRT\chop_mazurka24-4_ReForthRCT-RRT.out
logFilePath null
outputFileExtension RecurSIA
isDiatonic true
withoutChannel10 false
encoderName com.chromamorph.points022.RecurSIAEncoding
forMirex true
mode Raw
topNPatterns 0
