T(P(T(P(T(P(p(101,20),p(102,19)),V(v(0,0),v(1,-1)))),V(v(0,0),v(1,-1))),T(P(p(96,19),p(97,20)),V(v(0,0),v(1,1)))),V(v(0,0),v(8,-2),v(96,3),v(104,1),v(208,12),v(216,10),v(320,7),v(328,5),v(390,14),v(448,-4),v(456,-6),v(576,-1),v(584,-3),v(608,-2),v(616,-4),v(693,14)))
T(P(T(P(p(118,16),p(119,17)),V(v(0,0),v(8,0),v(9,1))),T(P(p(120,17)),V(v(0,0)))),V(v(0,0),v(96,3),v(208,12),v(224,2),v(240,6),v(256,10),v(320,7),v(448,-4),v(464,-1),v(480,2),v(496,5),v(512,8),v(528,11),v(608,-2),v(720,10)))
T(P(T(P(p(324,19),p(328,17)),V(v(0,0),v(8,1))),T(P(p(288,18),p(296,21),p(304,15)),V(v(0,0)))),V(v(-272,5),v(-208,9),v(-112,12),v(0,0),v(112,16),v(240,5),v(368,15),v(512,-2)))
T(P(T(P(T(P(p(477,33),p(478,32)),V(v(0,0),v(1,-1)))),V(v(0,0),v(1,-1))),T(P(T(P(p(469,31),p(470,32)),V(v(0,0),v(1,1)))),V(v(0,0),v(1,1)))),V(v(-336,-13),v(-320,-14),v(-240,-10),v(-224,-11),v(-16,-20),v(0,0),v(272,-8),v(288,-16)))
T(P(T(P(T(P(T(P(p(84,25),p(85,24)),V(v(0,0),v(1,-1)))),V(v(0,0),v(1,-1)))),V(v(0,0),v(1,-1))),T(P(p(80,18)),V(v(0,0)))),V(v(0,0),v(96,3),v(184,3),v(200,2),v(416,2),v(424,3),v(448,-4),v(695,2)))
T(P(T(P(T(P(p(92,23),p(93,22)),V(v(0,0),v(1,-1)))),V(v(0,0),v(1,-1))),T(P(p(136,23)),V(v(0,0)))),V(v(0,0),v(96,3),v(320,7),v(488,9),v(504,5),v(727,0),v(736,-3)))
T(P(T(P(T(P(T(P(p(516,24),p(517,23)),V(v(0,0),v(1,-1)))),V(v(0,0),v(1,-1)))),V(v(0,0),v(1,-1))),T(P(p(514,22)),V(v(0,0)))),V(v(-240,9),v(0,0),v(144,0),v(284,8),v(285,7),v(292,4),v(293,3)))
T(P(T(P(p(196,19),p(200,15)),V(v(0,0),v(8,-2)))),V(v(0,0),v(112,9),v(224,4),v(352,14),v(480,10),v(512,9),v(672,10)))
T(P(p(68,21),p(72,19),p(76,24)),V(v(0,0),v(80,3),v(176,6),v(280,3),v(320,-7),v(400,3),v(416,0),v(672,9),v(688,3),v(688,8)))
T(P(T(P(p(642,29),p(643,30)),V(v(0,0),v(1,1))),T(P(p(648,35)),V(v(0,0)))),V(v(-256,0),v(0,0),v(128,-14),v(144,1)))
T(P(T(P(T(P(p(404,32),p(405,31)),V(v(0,0),v(1,-1)))),V(v(0,0),v(1,-1))),T(P(p(656,31)),V(v(0,0)))),V(v(0,0),v(118,-12),v(136,-13)))
T(P(T(P(T(P(p(292,37),p(293,36)),V(v(0,0),v(1,-1)))),V(v(0,0),v(1,-1)))),V(v(0,0),v(1,-1),v(8,-2),v(376,-15),v(532,-13)))
T(P(T(P(p(170,19),p(171,18)),V(v(0,0),v(1,-1)))),V(v(0,0),v(327,11),v(440,12),v(456,8),v(646,7),v(694,-7)))
T(P(T(P(p(265,25),p(266,26)),V(v(0,0),v(1,1)))),V(v(0,0),v(16,-1),v(124,7),v(240,0),v(400,-6),v(588,-3)))
T(P(p(132,25),p(140,28),p(144,26),p(160,25)),V(v(0,0),v(96,3),v(592,6)))
T(P(p(588,34),p(614,30),p(615,31),p(616,27)),V(v(0,0),v(16,-4),v(264,-20)))
T(P(p(166,17),p(174,18)),V(v(0,0),v(2,1),v(118,2),v(162,9),v(194,8),v(206,0),v(210,-2),v(626,3),v(690,6)))
T(P(p(489,36),p(490,35)),V(v(0,0),v(6,-6),v(31,-14),v(37,-20),v(288,-7),v(325,-14),v(382,-24)))
T(P(p(360,21),p(396,29),p(408,28)),V(v(0,0),v(40,-10),v(472,-3)))
T(P(p(584,28),p(600,24)),V(v(0,0),v(2,2),v(3,4),v(8,5),v(36,5),v(184,0)))
T(P(p(272,19),p(276,17)),V(v(0,0),v(68,4),v(188,16),v(452,14)))
T(P(p(260,20),p(268,20)),V(v(0,0),v(64,4),v(434,-5),v(435,-4)))
T(P(p(216,18),p(224,14)),V(v(0,0),v(292,12),v(314,7),v(316,10)))
T(P(p(212,15),p(252,18)),V(v(0,0),v(228,7),v(516,12)))
T(P(p(788,20),p(788,22)),V(v(0,0),v(2,-1)))
T(P(p(296,23),p(300,26)),V(v(0,0),v(98,7)))
T(P(p(856,11),p(870,11)),V(v(0,0),v(6,11)))
T(P(p(273,30),p(275,32)),V(v(0,0),v(240,-9)))
T(P(p(500,18),p(512,29)),V(v(0,0),v(273,0)))
T(P(p(8,25),p(72,28),p(164,28),p(168,32),p(172,27),p(236,19),p(258,26),p(260,29),p(262,26),p(264,30),p(356,18),p(364,28),p(402,29),p(452,32),p(485,32),p(524,24),p(568,29),p(652,30),p(659,23),p(692,32),p(696,16),p(696,28),p(708,31),p(793,35),p(796,17),p(823,19),p(837,25),p(860,13),p(880,14),p(880,28)),V(v(0,0)))

numberOfNotes 731
tatumsPerBar null
barOneStartsAt null
compressionRatio 2.7074074074074073
runningTime 11828
encodingLength 270
encodingLengthWithoutResidualPointSet 240
numberOfResidualPoints 30
percentageOfResidualPoints 4.1039671682626535
compressionRatioWithoutResidualPointSet 2.9208333333333334
title wtc2f20.txt
numberOfTECs 30
inputFilePath D:\Source\Repos\omnisia\Points\RecurSIA-RRT-experiment\JKU-PDD\JKUPDD-noAudio-Aug2013\groundTruth\bachBWV889Fg\polyphonic\lisp\wtc2f20.txt
outputFilePath D:\Source\Repos\omnisia\Points\RecurSIA-RRT-experiment\JKU-PDD\JKUPDD-noAudio-Aug2013\matlab\pattDiscOut\ReCOSIARTECSegment\bach_wtc2f20_ReCOSIARTECSegment.out
logFilePath null
outputFileExtension RecurSIA
isDiatonic true
withoutChannel10 false
encoderName com.chromamorph.points022.RecurSIAEncoding
forMirex true
mode Segment
topNPatterns 0
