T(P(T(P(p(336,31),p(378,29),p(384,24),p(384,29),p(408,29)),V(v(0,0),v(144,2),v(288,4))),T(P(p(432,33),p(576,35),p(696,28),p(744,28),p(816,24)),V(v(0,0)))),V(v(0,0),v(576,-5),v(576,0),v(2304,-5),v(2304,0),v(2880,-5),v(2880,0),v(4608,-5),v(4608,0),v(5184,-5),v(5184,0),v(9648,-5),v(9648,0),v(10224,-5),v(10224,0)))
T(P(T(P(T(P(p(312,19),p(336,19)),V(v(0,0),v(576,0))),T(P(p(408,18)),V(v(0,0)))),V(v(0,0),v(2304,0))),T(P(p(8304,18)),V(v(0,0)))),V(v(0,0),v(144,2),v(432,6),v(1224,0),v(1224,5),v(1437,16),v(1485,15),v(1512,9),v(1560,8)))
T(P(T(P(p(2469,32),p(2493,32)),V(v(0,0),v(2304,0),v(7344,0)))),V(v(-1293,-9),v(-1005,-14),v(-1005,-9),v(-933,-11),v(-573,-14),v(-141,-3),v(-117,-3),v(0,0),v(48,-1),v(72,-1),v(75,-7),v(96,-1),v(99,-7),v(147,-9),v(159,-4),v(291,-5),v(303,-2),v(315,-5),v(435,-9),v(435,-3),v(447,0),v(459,-3),v(603,-2),v(699,-6),v(711,-5),v(723,-7),v(735,-4),v(747,-7),v(855,-3),v(867,-9),v(867,-5),v(879,-2),v(891,-5),v(999,-1),v(1011,-9),v(1011,-5),v(1011,-3),v(1023,0),v(1035,-3),v(1659,-13),v(1731,-9),v(2235,-13),v(3027,-13),v(3171,-11)))
T(P(T(P(p(1458,28),p(1530,26),p(1530,28)),V(v(0,0),v(576,0)))),V(v(0,0),v(18,0),v(150,-5),v(2304,0),v(2322,0),v(2454,-5),v(4806,-3),v(4878,-3),v(4902,-5),v(4902,0),v(4926,-5),v(4926,0),v(4950,-3),v(4974,-7),v(4974,0),v(4998,-7),v(4998,0),v(5022,-6),v(5022,-3),v(5046,-7),v(9654,-6),v(9678,-6),v(9726,-3),v(9750,-3)))
T(P(T(P(p(8112,18),p(8184,18)),V(v(0,0),v(72,0))),T(P(p(7248,18),p(7536,18),p(8256,23),p(8328,20)),V(v(0,0)))),V(v(-24,0),v(0,0),v(72,0),v(144,0),v(1200,0),v(1266,9),v(1272,9),v(1296,8),v(1308,7)))
T(P(T(P(p(180,27),p(204,27)),V(v(0,0),v(72,0),v(288,3)))),V(v(0,0),v(1932,-6),v(4236,-6),v(8700,-8),v(8772,-8),v(11652,-7),v(11940,-8),v(12012,-8),v(12372,-6),v(12516,-7),v(12732,-8)))
T(P(T(P(p(738,34),p(738,41)),V(v(0,0),v(576,0)))),V(v(0,0),v(6,0),v(2304,0),v(2310,0),v(4608,0),v(4614,0),v(5334,-7),v(5370,-10),v(5382,-9),v(5394,-11),v(5406,-12),v(5430,-12),v(5454,-8),v(5466,-6),v(5478,-7),v(5502,-7),v(5514,-10),v(5538,-11),v(5550,-12),v(5622,-15),v(5646,-15),v(5682,-12),v(5982,-12),v(6894,-20),v(7470,-20),v(8046,-20),v(9648,0),v(9654,0)))
T(P(T(P(p(324,28),p(900,28)),V(v(0,0),v(24,0),v(4776,-1)))),V(v(0,0),v(276,1),v(6036,-7),v(6060,-12),v(6132,-12),v(6204,-12)))
T(P(T(P(p(312,25),p(336,25)),V(v(0,0),v(576,0)))),V(v(0,0),v(144,2),v(300,7),v(1152,-4),v(1386,10),v(1512,-6),v(3456,-4),v(3690,10),v(5040,0),v(6024,-9),v(6768,-2),v(7200,-3),v(7272,-1),v(7560,-2),v(7776,-3),v(8136,-2),v(9648,-6),v(9792,-4),v(10080,0),v(10800,0),v(10800,5),v(10824,5),v(11016,-1),v(11016,1),v(11088,-5),v(11088,0),v(11160,-1),v(11304,-3),v(11376,0),v(11592,-1),v(11664,0),v(12168,-6),v(12168,-1)))
T(P(T(P(p(360,15),p(864,15)),V(v(0,0),v(504,0))),T(P(p(288,12),p(576,16),p(936,15),p(984,18)),V(v(0,0)))),V(v(0,0),v(2304,0),v(4608,0),v(9648,0),v(11832,9)))
T(P(T(P(p(36,26),p(60,26)),V(v(0,0),v(72,0)))),V(v(0,0),v(564,-3),v(7764,-1),v(7836,-7),v(8916,-1),v(11220,-6),v(12228,-5),v(12516,-7),v(13092,-9)))
T(P(T(P(p(7784,28),p(7792,27)),V(v(0,0),v(8,-1))),T(P(p(7944,28)),V(v(0,0)))),V(v(-4640,1),v(-2336,1),v(-576,-1),v(-288,-1),v(-120,0),v(0,0),v(288,-1),v(1152,0),v(2704,1)))
T(P(p(432,14),p(840,19),p(1008,14),p(1272,19),p(1296,12),p(1344,19)),V(v(0,0),v(2304,0),v(4608,0),v(9648,0),v(11880,5)))
T(P(p(924,25),p(936,25),p(1044,29),p(1080,30),p(1104,24)),V(v(0,0),v(144,2),v(1728,0),v(4032,0),v(9072,0),v(11544,1)))
T(P(T(P(p(1752,29),p(1776,29)),V(v(0,0),v(2304,0)))),V(v(-144,-8),v(-24,0),v(0,0),v(24,0),v(72,-5),v(144,-8),v(189,3),v(264,-6),v(288,-11),v(288,-6),v(432,-11),v(744,-3),v(1440,-6),v(3744,-6)))
T(P(T(P(p(1476,27),p(1620,27),p(1620,28)),V(v(0,0),v(576,0)))),V(v(-18,0),v(0,0),v(2286,0),v(2304,0)))
T(P(T(P(p(1080,17),p(1224,19)),V(v(0,0),v(528,1))),T(P(p(1656,17)),V(v(0,0)))),V(v(0,0),v(1632,10),v(2304,0),v(3936,10),v(8976,10)))
T(P(p(1416,18),p(3720,18),p(11064,19)),V(v(0,0),v(24,-4),v(264,8),v(336,4),v(384,-4),v(456,-4),v(600,-4),v(840,8),v(888,11),v(960,-4),v(1032,-4),v(1536,14),v(2016,2)))
T(P(p(1512,29),p(1584,29),p(2016,29),p(2160,29)),V(v(0,0),v(2304,0),v(4896,-9),v(6264,-15),v(7416,-15),v(10656,-14)))
T(P(p(120,32),p(144,32),p(216,31)),V(v(0,0),v(4800,-13),v(4944,-11),v(7536,-12),v(7848,-5),v(8400,-12),v(8472,-13),v(8976,-11),v(9000,-5),v(11424,-12),v(12180,-2),v(12576,-6)))
T(P(p(1560,33),p(1632,34),p(1656,36)),V(v(0,0),v(576,0),v(672,-16),v(2304,0),v(2880,0),v(2976,-16),v(5808,-15),v(6096,-15),v(7032,-9)))
T(P(p(6408,30),p(7524,26),p(7548,28)),V(v(0,0),v(576,0),v(864,0),v(1152,0),v(1440,1),v(1728,0),v(5628,-4)))
T(P(p(1488,32),p(1992,30),p(2064,32),p(2940,29),p(3132,29),p(3228,25),p(3432,29)),V(v(0,0),v(2304,0),v(9900,-3)))
T(P(p(360,28),p(792,30),p(792,37),p(936,28)),V(v(0,0),v(7128,-15),v(8280,-15),v(10752,-8)))
T(P(p(1584,14),p(2160,14),p(2208,23),p(2280,17)),V(v(0,0),v(1392,12),v(2304,0),v(3696,12),v(8736,12)))
T(P(p(1704,30),p(1752,25),p(2328,25),p(3408,24)),V(v(0,0),v(2304,0),v(6624,-2),v(6960,-12)))
T(P(p(2796,27),p(3336,28),p(3372,27)),V(v(0,0),v(7344,0),v(7488,2),v(8496,2),v(8676,-1),v(9972,-1)))
T(P(p(768,28),p(1320,30),p(1344,28)),V(v(0,0),v(2304,0),v(5808,-2),v(9648,0),v(10992,3)))
T(P(p(264,31),p(288,31),p(1296,35),p(5640,28),p(5832,32)),V(v(0,0),v(6960,-9),v(7104,-8)))
T(P(p(504,17),p(1344,23),p(1416,24),p(1944,17),p(1944,26)),V(v(0,0),v(2304,0),v(7512,3)))
T(P(p(48,33),p(72,32),p(648,32)),V(v(0,0),v(11328,-3),v(12612,-3),v(12624,-3)))
T(P(p(1917,33),p(2421,34),p(2445,33)),V(v(0,0),v(2304,0),v(7347,-6),v(9963,-4)))
T(P(p(7416,26),p(7704,26),p(8648,27)),V(v(0,0),v(824,2),v(832,1),v(952,0)))
T(P(p(696,40),p(1212,29),p(1272,40)),V(v(0,0),v(2304,0),v(4608,0),v(5868,-13)))
T(P(p(7728,21),p(8592,21),p(8640,26)),V(v(0,0),v(648,4),v(744,-3),v(3024,3)))
T(P(p(600,26),p(1968,24),p(4272,24)),V(v(0,0),v(24,1),v(120,-14),v(6792,0)))
T(P(p(3816,10),p(5760,16),p(5832,19)),V(v(0,0),v(192,7),v(5040,0),v(5688,11)))
T(P(p(-24,26),p(552,26)),V(v(0,0),v(1800,-13),v(1920,-3),v(2712,-4),v(4104,-13),v(5016,-4),v(5136,-9),v(6288,6),v(6360,-4),v(6456,-10),v(6504,3),v(6600,-3),v(7560,1),v(7584,-13),v(7674,1),v(7716,-1),v(8832,-6),v(8840,2),v(8848,1),v(10176,-9),v(10224,-6),v(10320,6),v(10368,14),v(11130,4),v(11196,5),v(11274,4),v(11400,-11),v(11976,-11)))
T(P(p(2628,27),p(4932,27),p(9972,27)),V(v(0,0),v(36,1),v(288,4),v(324,-8),v(468,-12),v(540,4),v(668,3),v(812,5),v(820,4),v(972,15)))
T(P(p(7944,24),p(7968,24),p(8016,25)),V(v(0,0),v(1152,-5),v(1152,0),v(4392,-5)))
T(P(p(7248,27),p(7362,27),p(7376,28),p(7404,25)),V(v(0,0),v(1728,1),v(2088,2)))
T(P(p(1152,16),p(3456,16)),V(v(0,0),v(264,4),v(576,2),v(717,17),v(816,5),v(816,15),v(824,16),v(832,15),v(840,-3),v(861,13),v(936,13),v(1128,14),v(1176,6),v(1320,2),v(1872,-4),v(2328,14),v(6144,2),v(6192,-2)))
T(P(p(7416,10),p(7704,10)),V(v(0,0),v(24,14),v(1008,20),v(1032,19),v(4836,20),v(4848,21),v(4896,11),v(4896,15),v(4920,15),v(5028,17)))
T(P(p(7344,21),p(8496,21)),V(v(0,0),v(528,9),v(616,7),v(648,-10),v(1008,-14),v(1176,-3),v(1992,3)))
T(P(p(7200,13),p(7272,13)),V(v(0,0),v(2376,-6),v(2400,10),v(2493,21),v(5160,12),v(5184,2)))
T(P(p(7320,22),p(7464,19)),V(v(0,0),v(120,-1),v(516,7),v(1296,-1),v(5592,2)))
T(P(p(960,22),p(8016,22)),V(v(0,0),v(168,7),v(264,7),v(552,-12),v(960,1)))
T(P(p(408,24),p(552,22)),V(v(0,0),v(11028,3),v(11052,2),v(12336,2)))
T(P(p(768,30),p(840,28)),V(v(0,0),v(60,-1),v(5784,-2),v(12192,-18),v(12264,-20)))
T(P(p(9536,33),p(9608,35)),V(v(0,0),v(8,-1),v(136,-6)))
T(P(p(8376,20),p(8496,14)),V(v(0,0),v(2928,9),v(3648,7)))
T(P(p(192,32),p(504,30),p(1128,20)),V(v(0,0),v(8376,-6)))
T(P(p(6504,16),p(8832,20)),V(v(0,0),v(480,4),v(4488,7)))
T(P(p(852,27),p(864,26)),V(v(0,0),v(8772,6)))
T(P(p(792,15),p(816,19)),V(v(0,0),v(10800,0)))
T(P(p(5928,30),p(6024,33)),V(v(0,0),v(1560,-4)))
T(P(p(7176,26),p(7260,28)),V(v(0,0),v(5568,-2)))
T(P(p(528,21),p(744,23)),V(v(0,0),v(10788,6)))
T(P(p(408,20),p(984,27)),V(v(0,0),v(312,15)))
T(P(p(0,33),p(384,19),p(648,19),p(828,36),p(864,31),p(1044,30),p(1068,30),p(1368,29),p(1704,17),p(3528,32),p(4776,23),p(5448,24),p(6336,20),p(6624,33),p(7236,26),p(7384,27),p(7776,27),p(7812,27),p(7938,28),p(7952,29),p(8040,20),p(8040,22),p(8304,23),p(8352,26),p(8360,27),p(8376,18),p(8544,18),p(9000,31),p(9432,7),p(9432,21),p(9528,14),p(9576,21),p(9594,34),p(9600,34),p(9669,34),p(9717,34),p(9840,26),p(10056,18),p(10476,29),p(10572,25),p(10608,22),p(10776,29),p(11184,31),p(11256,30),p(11568,22),p(11592,25),p(12216,24),p(12372,30),p(12432,20),p(12456,27),p(12612,30),p(13128,24),p(13176,22),p(13248,30)),V(v(0,0)))

numberOfNotes 2075
tatumsPerBar null
barOneStartsAt null
compressionRatio 3.0923994038748135
runningTime 200431
encodingLength 671
encodingLengthWithoutResidualPointSet 617
numberOfResidualPoints 54
percentageOfResidualPoints 2.602409638554217
compressionRatioWithoutResidualPointSet 3.2755267423014587
title mazurka24-4.txt
numberOfTECs 60
inputFilePath D:\Source\Repos\omnisia\Points\RecurSIA-RRT-experiment\JKU-PDD\JKUPDD-noAudio-Aug2013\groundTruth\chopinOp24No4\polyphonic\lisp\mazurka24-4.txt
outputFilePath D:\Source\Repos\omnisia\Points\RecurSIA-RRT-experiment\JKU-PDD\JKUPDD-noAudio-Aug2013\matlab\pattDiscOut\ReCOSIARTECSegment\chop_mazurka24-4_ReCOSIARTECSegment.out
logFilePath null
outputFileExtension RecurSIA
isDiatonic true
withoutChannel10 false
encoderName com.chromamorph.points022.RecurSIAEncoding
forMirex true
mode Segment
topNPatterns 0
