T(P(T(P(p(504,14),p(505,13)),V(v(0,0),v(6,1))),T(P(T(P(p(507,12),p(508,13)),V(v(0,0),v(1,1))),T(P(p(506,14)),V(v(0,0)))),V(v(0,0)))),V(v(-24,14),v(-18,15),v(0,0),v(6,1),v(36,14),v(42,15),v(60,0),v(66,1),v(96,11),v(102,12),v(120,11),v(126,12),v(132,13),v(138,14),v(138,16),v(144,15),v(144,17),v(150,16),v(150,18),v(150,21),v(186,14),v(192,15),v(210,0),v(216,1),v(234,11),v(240,12),v(258,11),v(264,12),v(270,13),v(276,14),v(276,16),v(282,15),v(282,17),v(288,16),v(288,18),v(288,21),v(324,14),v(330,15),v(348,0),v(354,1)))
T(P(T(P(p(8,21),p(8,26)),V(v(0,0),v(6,0))),T(P(p(12,22),p(12,25),p(14,19)),V(v(0,0)))),V(v(0,0),v(24,2),v(52,2),v(64,2),v(84,0),v(108,2),v(136,2),v(148,2),v(184,3),v(196,3),v(202,3),v(208,3),v(280,7),v(292,0),v(340,3),v(352,3),v(358,3),v(364,3),v(436,7),v(448,0),v(876,0),v(900,2),v(928,2),v(940,2),v(976,3),v(988,3),v(994,3),v(1000,3),v(1072,7),v(1084,0)))
T(P(T(P(p(10,21),p(12,20)),V(v(0,0),v(0,2),v(0,5),v(30,1))),T(P(p(2,22),p(8,21),p(20,28),p(40,25)),V(v(0,0)))),V(v(0,0),v(24,2),v(84,0),v(108,2),v(264,0),v(420,0),v(876,0),v(900,2),v(1056,0)))
T(P(T(P(p(22,25),p(24,26),p(30,25)),V(v(0,0),v(0,5),v(12,-4),v(18,-3))),T(P(p(34,21),p(34,23),p(36,22)),V(v(0,0),v(12,2),v(42,6))),T(P(p(26,24),p(46,23),p(48,22)),V(v(0,0),v(0,5),v(30,6))),T(P(p(26,24),p(30,30)),V(v(0,0),v(40,4),v(46,-6),v(46,-1))),T(P(p(0,24),p(12,20),p(16,23),p(32,23),p(32,28),p(71,33),p(72,28),p(76,18),p(78,21),p(78,23)),V(v(0,0)))),V(v(0,0),v(84,0),v(228,-2),v(384,-2),v(876,0),v(1020,-2)))
T(P(T(P(p(0,24),p(6,23)),V(v(0,0),v(2,-2),v(10,-3))),T(P(p(-2,23),p(18,21)),V(v(0,0)))),V(v(0,0),v(24,2),v(84,0),v(108,2),v(252,0),v(264,14),v(276,12),v(408,0),v(420,14),v(432,12),v(876,0),v(900,2),v(1044,0),v(1056,14),v(1068,12)))
T(P(T(P(p(-2,23),p(0,24)),V(v(0,0),v(36,0),v(42,-1),v(78,4))),T(P(p(10,19),p(10,26)),V(v(0,0),v(4,0),v(68,2))),T(P(p(44,30),p(56,30)),V(v(0,0),v(20,-1),v(22,-9))),T(P(p(72,18),p(72,23)),V(v(0,0),v(0,5),v(4,6),v(6,5))),T(P(p(46,32),p(54,32),p(76,18)),V(v(0,0)))),V(v(0,0),v(84,0),v(216,5),v(372,5),v(876,0),v(1008,5)))
T(P(T(P(p(4,19),p(6,23)),V(v(0,0),v(6,2))),T(P(p(-2,23),p(2,22),p(10,19),p(12,20),p(16,20),p(18,23)),V(v(0,0)))),V(v(0,0),v(24,2),v(84,0),v(108,2),v(276,3),v(432,3),v(876,0),v(900,2),v(1068,3)))
T(P(T(P(p(-2,23),p(0,24),p(6,23)),V(v(0,0),v(0,5),v(12,-4))),T(P(p(-2,28),p(10,21),p(12,20)),V(v(0,0),v(42,1))),T(P(p(0,24),p(2,22),p(26,24)),V(v(0,0),v(6,4))),T(P(p(2,27),p(8,21),p(16,20),p(18,21),p(34,28),p(46,32),p(60,18),p(60,23)),V(v(0,0)))),V(v(0,0),v(84,0),v(252,0),v(408,0),v(876,0),v(1044,0)))
T(P(T(P(p(8,26),p(10,26)),V(v(0,0),v(24,2))),T(P(p(2,27),p(6,28),p(16,23),p(48,32),p(60,23),p(72,23)),V(v(0,0)))),V(v(0,-5),v(0,0),v(84,-5),v(84,0),v(246,-4),v(402,-4),v(876,-5),v(876,0),v(1038,-4)))
T(P(T(P(p(34,28),p(36,27)),V(v(0,0),v(12,0),v(18,4),v(42,1))),T(P(p(24,31),p(30,30)),V(v(0,0),v(2,-2),v(16,-2),v(24,1))),T(P(p(0,29),p(12,25),p(18,23),p(22,30),p(36,25),p(44,30),p(50,32),p(52,29),p(72,23),p(72,28)),V(v(0,0)))),V(v(0,0),v(84,0),v(228,-7),v(384,-7),v(876,0),v(1020,-7)))
T(P(T(P(p(502,28),p(504,28)),V(v(0,0),v(60,0),v(210,0),v(348,0)))),V(v(-22,0),v(-17,0),v(-16,1),v(-11,1),v(-10,2),v(-8,2),v(-4,0),v(-2,0),v(0,0),v(2,-14),v(7,-14),v(8,-13),v(13,-13),v(14,-12)))
T(P(T(P(p(12,23),p(16,23)),V(v(0,0),v(30,2),v(36,-1))),T(P(p(38,21),p(38,23)),V(v(0,0),v(10,1))),T(P(p(28,21),p(38,21)),V(v(0,0),v(22,7))),T(P(p(0,29),p(10,21)),V(v(0,0),v(18,0))),T(P(p(2,27),p(14,23),p(66,21),p(78,23)),V(v(0,0)))),V(v(0,0),v(84,0),v(234,0),v(390,0),v(876,0),v(1026,0)))
T(P(T(P(p(239,26),p(240,25)),V(v(0,0),v(3,1))),T(P(p(198,22),p(210,24),p(222,22),p(233,23),p(241,26),p(252,29),p(256,27),p(256,32),p(294,26),p(318,12)),V(v(0,0)))),V(v(0,0),v(156,0),v(406,2),v(407,3),v(544,2),v(545,3),v(792,0)))
T(P(T(P(p(10,19),p(14,19),p(16,20)),V(v(0,0),v(0,7))),T(P(p(-2,23),p(8,26)),V(v(0,0),v(40,-2))),T(P(p(6,28),p(10,26)),V(v(0,0),v(40,-3),v(44,-5))),T(P(p(28,21),p(50,21),p(76,24)),V(v(0,0)))),V(v(0,0),v(84,0),v(228,1),v(384,1),v(876,0),v(1020,1)))
T(P(T(P(p(34,21),p(36,22)),V(v(0,0),v(18,-1))),T(P(p(10,21),p(14,19)),V(v(0,0),v(26,1))),T(P(p(34,21),p(38,25)),V(v(0,0),v(26,2))),T(P(p(6,28),p(14,26),p(36,27),p(52,22),p(58,33)),V(v(0,0)))),V(v(0,0),v(84,0),v(222,1),v(378,1),v(876,0),v(1014,1)))
T(P(T(P(p(504,28),p(564,28),p(714,28),p(852,28)),V(v(0,0),v(2,2))),T(P(p(512,31),p(572,31)),V(v(0,0)))),V(v(-21,-2),v(-20,-1),v(-12,-10),v(0,0),v(3,-16),v(4,-15),v(9,-15),v(10,-14)))
T(P(T(P(p(0,24),p(2,22)),V(v(0,0),v(6,-1))),T(P(p(16,18),p(16,20),p(18,19),p(34,21),p(50,21),p(58,17),p(64,18),p(78,23)),V(v(0,0)))),V(v(0,0),v(84,0),v(180,10),v(336,10),v(876,0),v(972,10)))
T(P(T(P(T(P(p(268,36),p(274,35)),V(v(0,0),v(6,-1)))),V(v(0,0),v(6,-1))),T(P(p(170,31),p(182,32),p(272,35),p(276,36),p(306,19)),V(v(0,0)))),V(v(0,0),v(6,-10),v(6,-1),v(156,0),v(162,-10),v(162,-1),v(792,0),v(798,-10),v(798,-1)))
T(P(T(P(p(10,19),p(10,26)),V(v(0,0),v(4,0))),T(P(p(-2,23),p(6,28),p(8,21)),V(v(0,0)))),V(v(0,0),v(24,2),v(84,0),v(108,2),v(229,0),v(385,0),v(876,0),v(900,2),v(1021,0)))
T(P(T(P(p(10,21),p(12,22)),V(v(0,0),v(4,-2))),T(P(p(4,19),p(8,21),p(10,19),p(52,20)),V(v(0,0)))),V(v(0,0),v(84,0),v(653,11),v(654,10),v(791,11),v(792,10),v(876,0)))
T(P(T(P(p(166,32),p(174,32)),V(v(0,0),v(8,0))),T(P(p(168,31),p(180,34)),V(v(0,0)))),V(v(0,0),v(156,0),v(316,-4),v(376,-4),v(483,-4),v(483,-2),v(484,-3),v(526,-4),v(549,-19),v(621,-4),v(621,-2),v(622,-3),v(664,-4),v(687,-19),v(792,0)))
T(P(T(P(p(228,29),p(229,30)),V(v(0,0),v(12,-4),v(16,-8))),T(P(p(215,30),p(221,30),p(232,29),p(236,27),p(244,28)),V(v(0,0)))),V(v(0,0),v(1,-6),v(156,0),v(157,-6),v(792,0),v(793,-6)))
T(P(p(0,24),p(6,23),p(12,23),p(12,25),p(38,21)),V(v(0,0),v(84,0),v(170,-2),v(170,7),v(274,-1),v(326,-2),v(326,7),v(430,-1),v(876,0),v(962,-2),v(962,7),v(1066,-1)))
T(P(p(168,33),p(186,33),p(188,24),p(188,31),p(190,24),p(192,29),p(229,23),p(241,26)),V(v(0,0),v(47,-3),v(156,0),v(203,-3),v(792,0),v(839,-3)))
T(P(T(P(p(166,30),p(221,30)),V(v(0,0),v(156,0),v(792,0)))),V(v(0,0),v(8,0),v(10,-7),v(10,0),v(12,-7),v(16,-9),v(37,3),v(67,-7),v(73,-4)))
T(P(p(58,22),p(182,23),p(184,25),p(190,26),p(192,26)),V(v(0,0),v(76,10),v(428,2),v(458,5),v(464,4),v(554,0),v(607,6),v(608,5),v(609,6),v(674,-10),v(868,10)))
T(P(T(P(p(507,12),p(509,14)),V(v(0,0),v(60,0)))),V(v(-473,11),v(-391,11),v(-385,11),v(-241,8),v(-235,9),v(-27,7),v(-25,9),v(-24,14),v(-23,15),v(-18,15),v(-17,16),v(-15,6),v(-14,17),v(-9,7),v(-8,15),v(-7,9),v(-3,16),v(0,0),v(1,1),v(5,19),v(6,1),v(7,2),v(12,2),v(13,3),v(103,13),v(132,15),v(133,16),v(241,13),v(270,15),v(271,16),v(323,9),v(325,15),v(401,11),v(407,11)))
T(P(T(P(p(667,33),p(668,32)),V(v(0,0),v(138,0))),T(P(p(487,28),p(547,28)),V(v(0,0)))),V(v(-7,0),v(-6,-1),v(-2,0),v(-1,-4),v(0,0),v(39,-3),v(47,-19)))
T(P(p(28,14),p(36,22),p(42,21),p(42,23)),V(v(0,0),v(84,0),v(134,7),v(144,10),v(250,11),v(300,10),v(406,11),v(876,0),v(926,7),v(936,10),v(1042,11)))
T(P(T(P(p(583,14),p(584,15)),V(v(0,0),v(4,-2))),T(P(p(594,9)),V(v(0,0)))),V(v(-60,0),v(0,0),v(72,20),v(75,17),v(76,18),v(77,17),v(78,16),v(210,20),v(213,17),v(214,18),v(215,17),v(216,16)))
T(P(p(130,32),p(136,32),p(216,29),p(228,22),p(228,29)),V(v(0,0),v(84,-13),v(162,0),v(240,-13),v(792,0),v(876,-13)))
T(P(T(P(p(532,6),p(534,9)),V(v(0,0),v(60,0))),T(P(p(523,14),p(524,15),p(528,13)),V(v(0,0)))),V(v(0,0),v(136,21),v(274,21)))
T(P(T(P(T(P(p(624,37),p(630,36)),V(v(0,0),v(138,0)))),V(v(-24,-14),v(0,-7),v(0,0),v(48,-7),v(54,-13),v(54,-11))),T(P(p(488,20),p(548,20),p(698,20),p(836,20)),V(v(0,0),v(2,-1),v(8,3),v(15,6),v(20,13))),T(P(p(618,21),p(744,22),p(756,21)),V(v(0,0),v(18,8),v(18,15),v(60,5),v(66,8),v(78,3))),T(P(p(672,30),p(678,24),p(684,29),p(696,24),p(720,31)),V(v(0,0),v(12,-5),v(138,0),v(150,-5))),T(P(p(526,16),p(591,23),p(592,26),p(594,23),p(606,22)),V(v(0,0),v(30,7),v(168,7))),T(P(p(563,26),p(570,27),p(576,27),p(591,23)),V(v(0,0),v(60,9),v(198,9))),T(P(p(525,13),p(526,16),p(531,23)),V(v(0,0),v(60,0),v(187,10),v(325,10))),T(P(p(340,25),p(346,26),p(348,19)),V(v(0,0),v(252,-3),v(386,0),v(524,0))),T(P(p(518,33),p(520,32),p(530,25)),V(v(0,0),v(60,0),v(204,-6),v(342,-6))),T(P(T(P(p(651,32),p(653,34)),V(v(0,0),v(138,0)))),V(v(0,0),v(57,-13),v(58,-5),v(59,-11))),T(P(T(P(p(172,22),p(184,23)),V(v(0,0),v(36,8))),T(P(p(126,31),p(142,22),p(170,20),p(188,29),p(192,19),p(196,19),p(202,34),p(204,19),p(227,30),p(234,22),p(237,28)),V(v(0,0)))),V(v(0,0),v(792,0))),T(P(p(529,27),p(614,27),p(752,27)),V(v(0,0),v(1,-2),v(64,-3))),T(P(p(332,28),p(334,25),p(364,30)),V(v(0,0),v(12,1),v(648,1))),T(P(p(532,26),p(533,24),p(589,27)),V(v(0,0),v(82,1),v(220,1))),T(P(p(510,27),p(536,16),p(538,23)),V(v(0,0),v(60,0),v(334,-4))),T(P(p(532,26),p(619,26)),V(v(0,0),v(52,5),v(137,2),v(139,2),v(140,4))),T(P(T(P(p(340,23),p(478,23)),V(v(0,0),v(312,10),v(390,-9))),T(P(p(497,29),p(526,30)),V(v(0,0),v(60,0))),T(P(p(42,31),p(326,29),p(348,26),p(352,19),p(358,34),p(360,19),p(383,30),p(393,28),p(422,20),p(524,31),p(532,22),p(534,23),p(582,26),p(692,21),p(738,16),p(750,22),p(757,26),p(807,28),p(809,31),p(984,26),p(1058,20)),V(v(0,0)))),V(v(0,0)))),V(v(0,0)))

numberOfNotes 1538
tatumsPerBar null
barOneStartsAt null
compressionRatio 2.0317040951122856
runningTime 49826
encodingLength 757
encodingLengthWithoutResidualPointSet 556
numberOfResidualPoints 201
percentageOfResidualPoints 13.068920676202861
compressionRatioWithoutResidualPointSet 2.4046762589928057
title sonata01-3.txt
numberOfTECs 33
inputFilePath D:\Source\Repos\omnisia\Points\RecurSIA-RRT-experiment\JKU-PDD\JKUPDD-noAudio-Aug2013\groundTruth\beethovenOp2No1Mvt3\polyphonic\lisp\sonata01-3.txt
outputFilePath D:\Source\Repos\omnisia\Points\RecurSIA-RRT-experiment\JKU-PDD\JKUPDD-noAudio-Aug2013\matlab\pattDiscOut\ReSIARTECCompressBB\beet_sonata01-3_ReSIARTECCompressBB.out
logFilePath null
outputFileExtension RecurSIA
isDiatonic true
withoutChannel10 false
encoderName com.chromamorph.points022.RecurSIAEncoding
forMirex true
mode BB
topNPatterns 0
