T(P(p(264,22),p(282,23),p(288,24),p(300,25),p(312,23),p(324,21),p(336,22),p(348,23),p(360,24),p(372,25),p(384,23),p(396,21),p(408,22),p(420,23),p(432,24)),V(v(0,0),v(0,9),v(864,0),v(864,9),v(2160,0),v(2160,9),v(3600,0),v(3600,9),v(10368,0),v(10368,9),v(11664,0),v(11664,9)))
T(P(p(-24,31),p(-6,32),p(48,24),p(192,25),p(216,24),p(336,22),p(336,31),p(360,24),p(360,33),p(372,25),p(372,34),p(384,23),p(384,32),p(396,21),p(396,30),p(408,22),p(408,31),p(420,23),p(420,32),p(432,24),p(432,33),p(492,32),p(768,32),p(786,33),p(792,33)),V(v(0,0),v(864,0),v(2088,0),v(3528,0),v(10368,0),v(11592,0)))
T(P(p(24,24),p(48,24),p(168,26),p(168,30),p(192,26),p(192,30),p(216,29),p(264,22),p(282,23),p(288,24),p(300,25),p(312,23),p(324,21),p(336,22),p(348,23),p(360,24),p(372,25),p(384,23),p(396,21),p(408,22),p(420,23),p(432,24),p(624,16)),V(v(0,0),v(864,0),v(2160,9),v(3600,9),v(10368,0),v(11664,9)))
T(P(p(24,29),p(264,22),p(264,31),p(324,21),p(324,30),p(336,22),p(336,31),p(348,23),p(348,32),p(396,21),p(396,30),p(408,22),p(408,31),p(516,30),p(528,29),p(600,21),p(600,23),p(600,26),p(624,20),p(624,22),p(696,29),p(696,31),p(768,29)),V(v(0,0),v(864,0),v(2184,2),v(3624,2),v(10368,0),v(11688,2)))
T(P(p(24,29),p(48,29),p(72,26),p(72,28),p(144,31),p(192,30),p(264,22),p(288,33),p(408,22),p(408,31),p(420,23),p(420,32),p(492,32),p(528,29),p(696,31),p(744,26),p(840,31),p(912,29)),V(v(0,0),v(864,0),v(2040,2),v(3480,2),v(10368,0),v(11544,2)))
T(P(p(-24,31),p(0,30),p(24,29),p(264,31),p(282,32),p(288,24),p(312,23),p(336,22),p(384,32),p(408,31),p(528,29),p(600,23),p(624,20),p(624,22)),V(v(0,0),v(864,0),v(2472,2),v(3912,2),v(10368,0),v(11976,2)))
T(P(p(48,26),p(72,26),p(168,25),p(216,26),p(432,24),p(528,29),p(552,28),p(600,21),p(624,20),p(648,19),p(768,29),p(792,28),p(912,29)),V(v(0,0),v(864,0),v(1680,4),v(3120,4),v(10368,0),v(11184,4)))
T(P(p(24,26),p(48,26),p(72,28),p(168,30),p(192,30),p(288,19),p(600,21),p(624,20),p(648,19),p(696,29),p(714,28),p(720,28)),V(v(0,0),v(864,0),v(2160,5),v(3600,5),v(10368,0),v(11664,5)))
T(P(p(0,30),p(24,29),p(312,23),p(336,22),p(408,31),p(552,28),p(624,16),p(624,22),p(648,19),p(648,21),p(648,26),p(672,12)),V(v(0,0),v(864,0),v(2448,3),v(3888,3),v(10368,0),v(11952,3)))
T(P(p(48,26),p(72,26),p(144,31),p(168,30),p(288,19),p(336,22),p(336,31),p(384,32),p(600,26),p(624,25),p(792,33),p(1344,33)),V(v(0,0),v(864,0),v(1680,-1),v(3120,-1),v(10368,0),v(11184,-1)))
T(P(p(312,23),p(312,32),p(348,23),p(348,32),p(384,23),p(384,32),p(444,36),p(456,35),p(468,34),p(480,33),p(492,32)),V(v(0,0),v(864,0),v(2196,0),v(3636,0),v(10368,0),v(11700,0)))
T(P(p(0,30),p(24,29),p(48,29),p(72,26),p(72,28),p(192,25),p(216,26),p(264,22),p(288,24),p(360,24),p(816,19)),V(v(0,0),v(864,0),v(1704,5),v(3144,5),v(10368,0),v(11208,5)))
T(P(p(1728,30),p(1728,32),p(1776,29),p(1776,31),p(1800,29),p(1800,32),p(1920,31),p(1944,29),p(1956,28),p(2040,31),p(2064,31),p(2184,33),p(2604,39),p(2616,38),p(2628,37),p(2640,36),p(2652,35),p(2664,34),p(2700,32),p(2880,31),p(2976,22),p(3000,20),p(3024,18)),V(v(0,0),v(24,-2),v(1440,0),v(1464,-2),v(9504,0),v(9528,-2)))
T(P(p(5616,22),p(5619,23),p(5622,24),p(5664,24),p(5670,23),p(5676,22),p(5682,21)),V(v(0,0),v(0,9),v(1152,0),v(1152,9),v(2880,3),v(2880,12),v(4608,3),v(4608,12)))
T(P(p(0,30),p(24,24),p(24,26),p(24,29),p(120,32)),V(v(0,0),v(192,0),v(600,-4),v(864,0),v(1056,0),v(1464,-4),v(2760,-1),v(4200,-1),v(4680,2),v(5832,2),v(7560,2),v(9288,2),v(10368,0),v(10560,0),v(10968,-4),v(12264,-1)))
T(P(p(48,26),p(120,32),p(138,33),p(144,31),p(156,30),p(168,30),p(192,30),p(216,29),p(336,31),p(540,29)),V(v(0,0),v(864,0),v(2016,-8),v(3456,-8),v(10368,0),v(11520,-8)))
T(P(p(1704,19),p(1728,18),p(1752,18),p(1776,17),p(1800,13),p(1824,14),p(1848,15),p(2328,23),p(2352,23),p(2376,22)),V(v(0,0),v(0,16),v(1440,0),v(1440,16),v(9504,0),v(9504,16)))
T(P(p(0,30),p(168,26),p(192,25),p(384,23),p(408,22),p(576,30),p(600,16),p(624,25),p(648,21),p(648,26)),V(v(0,0),v(864,0),v(2376,6),v(3816,6),v(10368,0),v(11880,6)))
T(P(p(0,30),p(12,29),p(192,30),p(216,29),p(264,31),p(282,32)),V(v(0,0),v(504,1),v(864,0),v(1368,1),v(2664,4),v(4104,4),v(10368,0),v(10872,1),v(12168,4)))
T(P(p(1080,29),p(2808,22),p(2808,29),p(4536,22),p(4536,29)),V(v(0,0),v(4536,-7),v(4590,-6),v(4596,-7),v(4602,-8),v(4608,-7),v(4728,3),v(4812,0),v(4872,5),v(5016,-9),v(5040,-8),v(5168,4)))
T(P(p(4936,34),p(4944,33),p(4952,32),p(4960,31),p(4968,30),p(5040,23)),V(v(0,0),v(56,3),v(1152,0),v(1208,3),v(2880,0),v(2936,3),v(4608,0),v(4664,3)))
T(P(p(4656,25),p(4656,32),p(5808,25),p(5808,32),p(7536,25),p(7536,32),p(9264,25),p(9264,32)),V(v(0,0),v(84,-3),v(144,2),v(288,-12),v(312,-11),v(440,1)))
T(P(p(4920,36),p(4928,35),p(4936,34),p(4944,33),p(4952,32),p(4960,31)),V(v(0,0),v(8,-1),v(72,1),v(144,1),v(1152,0),v(1160,-1),v(1224,1),v(1296,1),v(2880,0),v(2888,-1),v(2952,1),v(3024,1),v(4608,0),v(4616,-1),v(4680,1),v(4752,1)))
T(P(p(480,33),p(504,31),p(528,29),p(576,30)),V(v(0,0),v(864,0),v(2160,3),v(2496,-11),v(3600,3),v(3936,-11),v(4104,-4),v(4128,-4),v(4248,-4),v(4272,-4),v(5256,-4),v(5280,-4),v(5400,-4),v(5424,-4),v(6984,-4),v(7008,-4),v(7128,-4),v(7152,-4),v(8712,-4),v(8736,-4),v(8856,-4),v(8880,-4),v(10368,0),v(11664,3),v(12000,-11)))
T(P(p(1272,22),p(1296,24),p(2496,22),p(4800,25),p(4848,26),p(4872,26),p(4896,25),p(4968,21),p(5088,25),p(5184,23),p(5244,26),p(5328,23),p(5388,26),p(5616,22),p(5619,23),p(5622,24),p(5664,24),p(5670,23),p(5676,22),p(5682,21),p(6972,22),p(8700,22),p(10776,22),p(10800,24)),V(v(0,0),v(0,9),v(1152,0),v(1152,9)))
T(P(p(48,24),p(192,30),p(432,33),p(696,31),p(714,30),p(720,30),p(786,28)),V(v(0,0),v(864,0),v(2232,1),v(3672,1),v(10368,0),v(11736,1)))
T(P(p(4656,27),p(4704,26),p(5104,27),p(5112,22),p(5112,27),p(5136,26)),V(v(0,0),v(0,5),v(1152,0),v(1152,5),v(2880,0),v(2880,5),v(4608,0),v(4608,5)))
T(P(p(792,33),p(912,24),p(936,25),p(1272,31),p(1416,28),p(1440,30),p(1584,30),p(1752,25),p(1752,30),p(1776,29),p(1776,31),p(1824,21),p(2040,22),p(2064,31)),V(v(0,0),v(1008,-6),v(2448,-6),v(10512,-6)))
T(P(p(72,26),p(1704,26),p(3144,26),p(11208,26)),V(v(0,0),v(72,5),v(120,4),v(144,0),v(144,3),v(312,6),v(336,-4),v(336,5),v(528,-5),v(744,-7),v(816,-2),v(1080,-7),v(1296,5),v(1368,4)))
T(P(p(5748,29),p(5760,27),p(5784,25),p(7476,29),p(7488,27),p(7512,25)),V(v(0,0),v(144,0),v(1728,0),v(1872,0),v(2376,-7),v(2520,-7),v(2580,11),v(2652,8)))
T(P(p(786,33),p(4890,33),p(4896,34),p(6624,34)),V(v(0,0),v(846,-4),v(864,-5),v(990,-4),v(1230,-3),v(2022,-4),v(2094,-2),v(2502,-18),v(2502,-11),v(2718,-4),v(3222,-2),v(3366,-2),v(4608,0)))
T(P(p(264,31),p(336,31),p(396,30),p(408,31),p(540,29)),V(v(0,0),v(864,0),v(7836,-9),v(7860,-9),v(9564,-9),v(9588,-9),v(10368,0)))
T(P(p(3096,22),p(3096,29),p(4248,22),p(4248,29)),V(v(0,0),v(1440,0),v(1560,3),v(1644,0),v(1704,5),v(1848,-9),v(1872,-8),v(2000,4),v(2076,4),v(2220,4),v(2592,0),v(3804,0),v(5100,0),v(5532,0)))
T(P(p(3096,24),p(3096,29),p(4248,24),p(4248,29)),V(v(0,0),v(1560,3),v(1608,2),v(2008,3),v(2016,-2),v(2016,3),v(2040,2),v(2112,1),v(2256,1),v(2400,-7),v(2424,-7),v(2568,-5),v(6720,-3)))
T(P(p(5670,23),p(5682,21),p(7398,23),p(7410,21)),V(v(0,0),v(72,7),v(78,6),v(216,7),v(222,6),v(306,1),v(330,1),v(354,1),v(1218,1),v(1362,1),v(1458,1),v(1482,3),v(1494,1),v(1728,-7),v(1728,0),v(1800,7),v(1806,6),v(1944,7),v(1950,6),v(2034,1),v(2058,1),v(2082,1),v(2454,-1),v(2598,-1),v(2658,17),v(2664,16),v(2730,14),v(2736,13),v(2874,4),v(2874,13),v(2880,3),v(2880,12),v(2886,11)))
T(P(p(4536,29),p(5688,29),p(6984,31),p(6990,32),p(8712,31),p(8718,32)),V(v(0,0),v(408,-16),v(408,-9),v(768,4),v(786,2),v(792,3)))
T(P(p(-24,31),p(0,30),p(48,29),p(72,25),p(216,24),p(264,22),p(360,24),p(714,28),p(1056,30),p(1080,29)),V(v(0,0),v(1728,-5),v(3168,-5),v(11232,-5)))
T(P(p(5682,21),p(5688,22),p(7410,21),p(7416,22)),V(v(0,0),v(54,8),v(72,7),v(198,8),v(216,7),v(342,14),v(360,12),v(366,13),v(438,9),v(510,12),v(1230,8),v(1302,10),v(1374,12),v(1446,14),v(1710,-6),v(1710,1),v(1728,-7),v(1728,0),v(1782,8),v(1800,7),v(1926,8),v(1944,7),v(2070,14),v(2088,12),v(2094,13),v(2166,9),v(2238,12),v(2358,8),v(2376,6),v(2430,10),v(2502,8),v(2520,6),v(2574,10),v(2880,3)))
T(P(p(888,24),p(888,26),p(912,26),p(1128,22),p(1584,30),p(1704,29)),V(v(0,0),v(1170,4),v(2610,4),v(9504,0),v(10674,4)))
T(P(p(1800,32),p(1824,32),p(4704,28),p(4728,29)),V(v(0,0),v(528,7),v(3480,-10),v(4056,-4),v(4128,-5),v(4200,-6),v(4848,-15),v(7584,-5)))
T(P(p(3768,39),p(3792,39),p(4884,35),p(6612,35),p(8412,35)),V(v(0,0),v(912,-13),v(936,-13),v(1056,-13),v(1080,-13),v(3156,-17)))
T(P(p(48,26),p(72,25),p(216,24),p(408,22),p(420,23)),V(v(0,0),v(864,0),v(7716,9),v(9444,9),v(10368,0)))
T(P(p(624,25),p(648,26),p(876,29)),V(v(0,0),v(1296,-7),v(1728,10),v(2736,-7),v(3168,10),v(4104,1),v(4392,-3),v(4536,-3),v(4968,-7),v(5256,1),v(5544,-3),v(5688,-3),v(6120,-7),v(6312,0),v(6984,1),v(7416,-7),v(8040,0),v(8712,1),v(9144,-7),v(10800,-7),v(11232,10)))
T(P(p(288,33),p(300,34),p(564,27)),V(v(0,0),v(864,0),v(2196,-3),v(2268,-12),v(3636,-3),v(3708,-12),v(6924,0),v(6972,-2),v(7020,1),v(7044,2),v(7836,-2),v(8652,0),v(8700,-2),v(8748,1),v(8772,2),v(9564,-2),v(10368,0),v(11700,-3),v(11772,-12)))
T(P(p(5256,36),p(5454,36),p(5460,35),p(5466,34)),V(v(0,0),v(1152,0),v(1944,-20),v(1944,-13),v(3672,-20),v(3672,-13)))
T(P(p(1284,23),p(1458,31),p(1680,19),p(1704,19)),V(v(0,0),v(6468,3),v(6480,-1),v(8196,3),v(8208,-1),v(9504,0)))
T(P(p(348,32),p(2328,39),p(2352,39)),V(v(0,0),v(2484,-17),v(3036,-13),v(4164,-13),v(5364,-17),v(6120,-6),v(6516,-17),v(6612,-6),v(6996,-17),v(7044,-17),v(7068,-17),v(8952,-10)))
T(P(p(594,31),p(786,28),p(786,33),p(1146,32)),V(v(0,0),v(2478,-1),v(7302,-7),v(9030,-7)))
T(P(p(288,19),p(372,25),p(2160,23),p(2172,22)),V(v(0,0),v(4332,3),v(4356,3),v(7980,12)))
T(P(p(5568,22),p(5568,30),p(5592,22)),V(v(0,0),v(24,0),v(1152,0),v(1176,0),v(1488,3),v(2880,3),v(2904,3),v(3216,3),v(4608,3),v(4632,3)))
T(P(p(1824,21),p(2040,29),p(2058,28)),V(v(0,0),v(1440,0),v(6306,8),v(8034,8),v(9504,0)))
T(P(p(2652,35),p(2874,31),p(2874,33),p(3090,28),p(4794,29),p(5178,31),p(5238,36),p(5826,32),p(5898,28),p(5946,29),p(6138,28),p(7554,32),p(7626,28),p(7674,29),p(7866,28),p(8058,27),p(8274,29),p(8718,32),p(9282,32),p(9402,29),p(9510,35),p(10062,39)),V(v(0,0),v(1950,-7)))
T(P(p(5238,36),p(5904,25)),V(v(0,0),v(12,-3),v(144,0),v(1152,0),v(1164,-3),v(1440,-3),v(3234,-11),v(3324,-3)))
T(P(p(1848,22),p(1872,18),p(2316,23),p(3144,29),p(3144,31),p(3312,18),p(3756,23),p(4314,31),p(4530,28),p(4590,30),p(4596,29),p(4608,25),p(4650,29),p(4668,22),p(4674,32),p(4680,28),p(4692,22),p(4716,22),p(4734,30),p(4746,28),p(4752,25),p(4764,22),p(4788,22),p(4818,34),p(4824,36),p(4848,24),p(4860,22),p(4872,24),p(4878,36),p(4884,22),p(4902,35),p(4908,34),p(4914,32),p(4974,31),p(4986,28),p(5016,24),p(5040,33),p(5046,34),p(5052,33),p(5058,30),p(5088,21),p(5160,33),p(5166,34),p(5196,26),p(5220,26),p(5232,25),p(5256,24),p(5280,38),p(5292,26),p(5310,34),p(5340,26),p(5376,25),p(5376,35),p(5400,24),p(5400,36),p(5424,22),p(5424,38),p(5448,37),p(5472,34),p(5484,33),p(5496,33),p(5520,34),p(5526,33),p(5532,32),p(5538,31),p(5544,31),p(5556,30),p(5568,18),p(5760,25),p(5772,22),p(5802,29),p(5832,28),p(5868,22),p(5970,34),p(5976,36),p(6036,35),p(6060,34),p(6066,32),p(6168,24),p(6192,21),p(6204,33),p(6210,30),p(6240,21),p(6312,33),p(6318,34),p(6330,31),p(6348,26),p(6372,26),p(6384,25),p(6384,35),p(6408,24),p(6432,22),p(6432,38),p(6444,26),p(6456,22),p(6462,34),p(6528,35),p(6534,36),p(6546,33),p(6552,24),p(6552,36),p(6576,22),p(6576,38),p(6600,37),p(6636,33),p(6648,33),p(6672,34),p(6684,32),p(6690,31),p(6696,31),p(6708,30),p(6720,18),p(6888,29),p(6912,25),p(6960,31),p(6984,27),p(7008,27),p(7020,22),p(7032,33),p(7044,33),p(7092,22),p(7104,23),p(7104,35),p(7116,22),p(7116,35),p(7176,29),p(7200,32),p(7236,33),p(7248,32),p(7284,33),p(7296,34),p(7488,25),p(7500,22),p(7530,29),p(7560,28),p(7572,22),p(7596,22),p(7608,28),p(7632,25),p(7644,22),p(7698,34),p(7704,36),p(7728,35),p(7794,32),p(7920,21),p(7968,21),p(7968,25),p(8076,22),p(8112,21),p(8160,34),p(8220,22),p(8232,26),p(8280,32),p(8304,34),p(8376,25),p(8376,36),p(8424,34),p(8448,21),p(8472,21),p(8496,22),p(8544,22),p(8592,18),p(8616,29),p(8640,25),p(8652,22),p(8676,22),p(8688,31),p(8712,27),p(8724,22),p(8736,27),p(8748,22),p(8760,33),p(8772,33),p(8796,22),p(8820,22),p(8832,35),p(8844,35),p(8904,29),p(8928,32),p(8976,32),p(9012,33),p(9024,34),p(9216,25),p(9252,22),p(9258,29),p(9276,22),p(9288,28),p(9336,28),p(9360,25),p(9426,34),p(9432,36),p(9456,35),p(9522,32),p(9594,28),p(9648,21),p(9696,21),p(9696,25),p(9804,22),p(9840,21),p(9888,34),p(9924,29),p(9936,19),p(9948,22),p(9960,26),p(9996,31),p(10002,29),p(10008,32),p(10032,34),p(10080,37),p(10104,25),p(10104,36),p(10176,21),p(10200,21),p(10272,22),p(10320,18),p(11328,32),p(11376,18),p(11820,23),p(12312,29),p(12378,31),p(12594,28)),V(v(0,0)))

numberOfNotes 1744
tatumsPerBar null
barOneStartsAt null
compressionRatio 1.5502222222222222
runningTime 59064
encodingLength 1125
encodingLengthWithoutResidualPointSet 904
numberOfResidualPoints 221
percentageOfResidualPoints 12.672018348623853
compressionRatioWithoutResidualPointSet 1.6847345132743363
title sonata04-2.txt
numberOfTECs 54
inputFilePath D:\Source\Repos\omnisia\Points\RecurSIA-RRT-experiment\JKU-PDD\JKUPDD-noAudio-Aug2013\groundTruth\mozartK282Mvt2\polyphonic\lisp\sonata04-2.txt
outputFilePath D:\Source\Repos\omnisia\Points\RecurSIA-RRT-experiment\JKU-PDD\JKUPDD-noAudio-Aug2013\matlab\pattDiscOut\SIARTECCompress\mzrt_sonata04-2_SIARTECCompress.out
logFilePath null
outputFileExtension SIATECCompress
isDiatonic true
withoutChannel10 false
encoderName com.chromamorph.points022.SIATECCompressEncoding
forMirex true
mode Raw
topNPatterns 0
