T(P(T(P(T(P(p(653,34),p(654,35)),V(v(0,0),v(6,1)))),V(v(0,0),v(138,0)))),V(v(-52,-10),v(-50,-11),v(-48,-9),v(-46,-9),v(-44,-10),v(-42,-8),v(-28,-10),v(-26,-11),v(-24,-9),v(-16,-8),v(-14,-7),v(-12,-5),v(-10,-5),v(-2,-7),v(-2,-5),v(0,-3),v(0,0),v(2,-5),v(7,-3),v(11,-5),v(38,-7),v(40,-8),v(42,-6),v(44,-6),v(62,-21),v(64,-22),v(66,-20),v(68,-20)))
T(P(T(P(p(8,21),p(8,26)),V(v(0,0),v(6,0))),T(P(p(12,22),p(12,25),p(14,19)),V(v(0,0)))),V(v(0,0),v(24,2),v(52,2),v(64,2),v(84,0),v(108,2),v(136,2),v(148,2),v(184,3),v(196,3),v(202,3),v(208,3),v(280,7),v(292,0),v(340,3),v(352,3),v(358,3),v(364,3),v(436,7),v(448,0),v(876,0),v(900,2),v(928,2),v(940,2),v(976,3),v(988,3),v(994,3),v(1000,3),v(1072,7),v(1084,0)))
T(P(T(P(p(22,25),p(24,26),p(30,25)),V(v(0,0),v(0,5),v(12,-4),v(18,-3))),T(P(p(12,20),p(26,24)),V(v(0,0),v(22,3),v(44,10))),T(P(p(0,24),p(16,23),p(26,29),p(46,23),p(46,25),p(46,28),p(48,24),p(71,33),p(72,18),p(76,18),p(76,29)),V(v(0,0)))),V(v(0,0),v(84,0),v(228,-2),v(384,-2),v(876,0),v(1020,-2)))
T(P(T(P(T(P(p(226,24),p(226,31)),V(v(0,0),v(1,-1)))),V(v(0,0),v(156,0),v(792,0)))),V(v(0,0),v(4,0),v(5,-1),v(7,-1),v(9,-3),v(11,-3),v(12,-4),v(16,-4)))
T(P(T(P(p(487,28),p(489,27),p(491,29)),V(v(0,0),v(60,0)))),V(v(-6,-1),v(-5,0),v(0,0),v(1,1),v(3,-9),v(18,-15),v(19,-14),v(24,-14),v(25,-13),v(30,-13),v(31,-12)))
T(P(T(P(p(168,31),p(324,31),p(960,31)),V(v(0,0),v(0,2))),T(P(p(336,34)),V(v(0,0)))),V(v(0,0),v(2,-11),v(2,-2),v(4,-9),v(6,-1),v(8,-10),v(8,-3),v(10,-8),v(144,-15)))
T(P(T(P(p(34,25),p(36,25)),V(v(0,0),v(2,0))),T(P(p(34,28),p(42,25),p(42,31)),V(v(0,0)))),V(v(-24,-2),v(0,0),v(60,-2),v(84,0),v(244,-3),v(400,-3),v(852,-2),v(876,0),v(1036,-3)))
T(P(p(44,30),p(52,20),p(52,29),p(54,21),p(60,18),p(64,18),p(64,29)),V(v(0,0),v(84,0),v(228,5),v(384,5),v(876,0),v(1020,5)))
T(P(T(P(p(182,21),p(184,23),p(266,20)),V(v(0,0),v(6,1))),T(P(p(180,32),p(182,30)),V(v(0,0),v(6,-1))),T(P(p(166,30)),V(v(0,0)))),V(v(0,0),v(0,2),v(156,0),v(792,0),v(792,2)))
T(P(T(P(T(P(p(663,35),p(664,34)),V(v(0,0),v(1,-1)))),V(v(0,0),v(138,0)))),V(v(0,0),v(3,-6),v(4,-5),v(5,-8),v(7,-8),v(42,-4),v(44,-6),v(66,-20),v(67,-21)))
T(P(p(-2,23),p(2,22),p(6,23),p(40,20),p(50,23),p(58,17)),V(v(0,0),v(0,5),v(84,0),v(84,5),v(876,0),v(876,5)))
T(P(p(202,34),p(203,33),p(264,38),p(266,36),p(268,36)),V(v(0,0),v(18,-3),v(156,0),v(174,-3),v(792,0),v(810,-3)))
T(P(T(P(p(654,30),p(655,31)),V(v(0,0),v(138,0)))),V(v(-15,-5),v(-13,-3),v(-9,-4),v(-7,-2),v(-5,-2),v(-3,2),v(-1,-1),v(0,0),v(1,4),v(2,2),v(3,3),v(8,-1),v(9,0),v(56,-2)))
T(P(p(192,19),p(229,23),p(241,19),p(245,15),p(246,16),p(318,12)),V(v(0,0),v(0,7),v(156,0),v(156,7),v(792,0),v(792,7)))
T(P(T(P(p(278,24),p(280,24)),V(v(0,0),v(2,0))),T(P(p(214,19),p(220,19)),V(v(0,0)))),V(v(0,0),v(156,0),v(282,4),v(646,8),v(792,0)))
T(P(T(P(p(16,18),p(18,19),p(20,28)),V(v(0,0),v(34,3))),T(P(p(16,20),p(16,27)),V(v(0,0),v(12,-6))),T(P(p(10,21),p(18,21)),V(v(0,0),v(36,11))),T(P(p(0,29),p(4,19),p(10,19),p(40,29),p(58,33)),V(v(0,0)))),V(v(0,0),v(84,0),v(876,0)))
T(P(T(P(p(624,37),p(630,36)),V(v(0,0),v(138,0)))),V(v(-24,-14),v(-12,-15),v(0,-7),v(0,0),v(39,-5),v(48,-10),v(48,-7),v(54,-13),v(54,-11),v(60,-8),v(68,-16)))
T(P(p(196,19),p(352,19),p(988,19)),V(v(0,0),v(0,11),v(8,0),v(12,0),v(12,11),v(18,12),v(19,11),v(32,10),v(44,6),v(48,9),v(52,4),v(60,3),v(60,8),v(60,13),v(62,14),v(64,2),v(64,7),v(64,16),v(66,18),v(68,-1),v(72,3),v(74,18),v(78,16),v(80,17),v(82,15),v(90,5),v(116,-10),v(116,1),v(116,4)))
T(P(p(516,27),p(666,27),p(804,27)),V(v(0,0),v(24,-8),v(28,-4),v(30,-3),v(40,-4),v(42,-8),v(44,-6),v(46,-4),v(47,-1),v(48,-13),v(50,3),v(52,6),v(66,-1)))
T(P(p(488,20),p(524,15),p(525,13),p(526,16),p(528,13)),V(v(0,0),v(6,10),v(60,0),v(66,10)))
T(P(T(P(p(493,29),p(499,27)),V(v(0,0),v(60,0)))),V(v(0,0),v(2,2),v(25,4),v(27,3)))
T(P(p(480,28),p(510,27),p(512,31)),V(v(0,0),v(60,0),v(109,-1),v(224,-8)))
T(P(p(486,24),p(498,28),p(576,27),p(586,25)),V(v(0,0),v(138,1),v(276,1)))
T(P(p(600,16),p(738,16)),V(v(0,0),v(0,9),v(20,12),v(22,17),v(23,19),v(36,20),v(59,14),v(61,19),v(62,18),v(65,12),v(68,16),v(71,12),v(100,3),v(102,2),v(112,12),v(120,15),v(126,9),v(130,14)))
T(P(p(478,23),p(482,21),p(538,23)),V(v(0,0),v(18,7),v(45,-9),v(60,0)))
T(P(p(497,29),p(557,29)),V(v(0,0),v(17,4),v(35,-23),v(35,-7),v(36,-5),v(37,-20),v(39,-13)))
T(P(T(P(p(48,32),p(50,32)),V(v(0,0),v(2,0)))),V(v(0,0),v(84,0)))
T(P(p(498,19),p(500,21)),V(v(0,0),v(6,9)))
T(P(p(322,32),p(422,22),p(428,23),p(484,23),p(502,28),p(503,26),p(504,14),p(508,33),p(522,26),p(526,25),p(529,27),p(558,28),p(587,12),p(722,27),p(728,27),p(757,26),p(759,30),p(842,20),p(872,19)),V(v(0,0)))

numberOfNotes 1538
tatumsPerBar null
barOneStartsAt null
compressionRatio 3.854636591478697
runningTime 88879
encodingLength 399
encodingLengthWithoutResidualPointSet 380
numberOfResidualPoints 19
percentageOfResidualPoints 1.2353706111833551
compressionRatioWithoutResidualPointSet 3.9973684210526317
title sonata01-3.txt
numberOfTECs 29
inputFilePath D:\Source\Repos\omnisia\Points\RecurSIA-RRT-experiment\JKU-PDD\JKUPDD-noAudio-Aug2013\groundTruth\beethovenOp2No1Mvt3\polyphonic\lisp\sonata01-3.txt
outputFilePath D:\Source\Repos\omnisia\Points\RecurSIA-RRT-experiment\JKU-PDD\JKUPDD-noAudio-Aug2013\matlab\pattDiscOut\ReCOSIARTECBB-RRT\beet_sonata01-3_ReCOSIARTECBB-RRT.out
logFilePath null
outputFileExtension RecurSIA
isDiatonic true
withoutChannel10 false
encoderName com.chromamorph.points022.RecurSIAEncoding
forMirex true
mode BB
topNPatterns 0
