T(P(p(84,25),p(92,23),p(180,28),p(188,26),p(292,37),p(300,35),p(404,32),p(412,30),p(532,21),p(540,19),p(660,24),p(668,22)),V(v(0,0),v(1,-1),v(2,-2),v(3,-3),v(4,-4),v(13,-5),v(14,-4),v(17,-5),v(18,-6),v(19,-7),v(20,-8)))
T(P(T(P(T(P(p(101,20),p(102,19)),V(v(0,0),v(2,-2))),T(P(p(98,21)),V(v(0,0)))),V(v(0,0),v(8,-2))),T(P(p(104,17),p(105,18),p(106,19)),V(v(0,0),v(22,-1))),T(P(p(118,16),p(119,17),p(120,17)),V(v(0,0)))),V(v(0,0),v(96,3),v(208,12),v(320,7),v(448,-4),v(576,-1),v(608,-2)))
T(P(T(P(T(P(p(84,25),p(85,24)),V(v(0,0),v(2,-2)))),V(v(0,0),v(1,-1),v(8,-2),v(9,-3),v(17,-5)))),V(v(0,0),v(96,3),v(208,12),v(320,7),v(448,-4),v(576,-1),v(724,3),v(727,0)))
T(P(p(96,19),p(97,20),p(98,21),p(101,20),p(102,19),p(103,18)),V(v(0,0),v(8,-2),v(96,3),v(104,1),v(169,6),v(177,11),v(185,5),v(208,12),v(216,10),v(320,7),v(328,5),v(390,14),v(409,6),v(417,2),v(448,-4),v(456,-6),v(569,0),v(576,-1),v(584,-3),v(608,-2),v(616,-4),v(693,14)))
T(P(T(P(p(141,20),p(142,19)),V(v(0,0),v(2,-2))),T(P(p(133,18),p(134,19)),V(v(0,0),v(2,2)))),V(v(0,0),v(16,-1),v(96,3),v(112,2),v(320,-7),v(336,13),v(608,5),v(624,-3),v(654,13)))
T(P(T(P(p(268,28),p(269,27),p(270,26)),V(v(0,0),v(2,-2))),T(P(p(266,26),p(267,27)),V(v(0,0)))),V(v(0,0),v(8,5),v(16,-1),v(221,8),v(240,0),v(248,-4),v(392,-4),v(400,-6),v(524,8)))
T(P(T(P(T(P(p(489,36),p(490,35)),V(v(0,0),v(2,-2)))),V(v(0,0),v(4,-4)))),V(v(0,0),v(8,-6),v(31,-14),v(32,-15),v(303,0),v(311,-4),v(319,-8),v(327,-10),v(335,-12)))
T(P(p(16,23),p(24,26),p(32,20),p(52,24),p(60,25),p(64,23)),V(v(0,0),v(64,4),v(160,7),v(272,-5),v(384,11),v(468,-2),v(512,0),v(640,10),v(784,-7)))
T(P(T(P(p(253,22),p(254,21)),V(v(0,0),v(2,-2))),T(P(p(245,20),p(246,21)),V(v(0,0),v(2,2))),T(P(p(244,27),p(248,25),p(252,30),p(256,28)),V(v(0,0)))),V(v(-112,-2),v(-96,-3),v(-16,1),v(0,0),v(496,3)))
T(P(p(52,24),p(56,22),p(60,25),p(64,23),p(68,21),p(72,19),p(76,24)),V(v(0,0),v(64,4),v(160,7),v(320,-7),v(384,11),v(672,9)))
T(P(T(P(p(197,23),p(198,22)),V(v(0,0),v(2,-2))),T(P(p(200,15),p(204,17)),V(v(0,0)))),V(v(0,0),v(8,-2),v(88,3),v(112,9),v(120,7),v(224,4),v(232,2)))
T(P(p(134,19),p(135,20),p(136,21),p(136,23)),V(v(0,0),v(16,-1),v(96,3),v(112,2),v(216,-1),v(232,3),v(372,7),v(380,3),v(504,5),v(520,8),v(608,5)))
T(P(p(214,19),p(215,20),p(216,18),p(216,20),p(222,19),p(223,20),p(224,21)),V(v(0,0),v(144,3),v(224,4),v(416,5)))
T(P(T(P(p(580,32),p(581,31)),V(v(0,0),v(2,-2))),T(P(p(576,23)),V(v(0,0)))),V(v(-400,-4),v(-304,1),v(0,0),v(198,-4),v(240,-10)))
T(P(p(52,24),p(56,22),p(60,25)),V(v(0,0),v(64,4),v(104,3),v(160,7),v(220,-5),v(272,-5),v(276,2),v(288,-1),v(300,-4),v(304,3),v(320,-7),v(384,11),v(444,-4),v(512,0),v(640,10),v(672,9),v(784,-7)))
T(P(p(118,16),p(119,17),p(120,17)),V(v(0,0),v(96,3),v(208,12),v(224,2),v(240,6),v(256,10),v(320,7),v(448,-4),v(464,-1),v(480,2),v(496,5),v(512,8),v(528,11),v(576,-1),v(608,-2),v(720,10)))
T(P(T(P(p(386,29),p(387,30),p(388,31)),V(v(0,0),v(2,2)))),V(v(0,0),v(2,2),v(99,3),v(316,-14),v(384,-14),v(386,-12),v(399,0),v(402,3)))
T(P(p(328,29),p(332,20),p(334,28),p(335,29),p(336,18),p(336,30)),V(v(0,0),v(48,-2),v(136,4),v(512,-2)))
T(P(p(501,26),p(502,25),p(503,24),p(505,25),p(506,26)),V(v(0,0),v(109,5),v(125,1),v(265,-10)))
T(P(p(116,28),p(118,16),p(119,17)),V(v(0,0),v(96,3),v(320,7),v(448,-4),v(488,2),v(504,5),v(760,-6)))
T(P(p(536,26),p(540,19),p(540,24)),V(v(0,0),v(76,3),v(216,5),v(220,3)))
T(P(p(584,28),p(586,30),p(588,34)),V(v(0,0),v(16,-4),v(38,-7)))
T(P(T(P(p(596,28),p(597,27)),V(v(0,0),v(2,-2))),T(P(p(590,15),p(591,16),p(592,17)),V(v(0,0)))),V(v(0,0),v(181,1)))
T(P(p(836,17),p(837,25),p(838,26),p(839,27)),V(v(0,0),v(16,-3)))
T(P(p(767,15),p(768,14),p(768,28)),V(v(0,0),v(104,-3)))
T(P(p(854,23),p(863,23)),V(v(0,0),v(1,1),v(2,-12)))
T(P(T(P(p(548,33),p(552,29),p(556,31),p(560,27)),V(v(0,0),v(128,-4),v(160,-5))),T(P(p(784,24),p(788,20),p(788,22)),V(v(0,0),v(4,-2),v(92,3))),T(P(p(8,25),p(72,28),p(80,18),p(166,17),p(168,18),p(168,32),p(170,19),p(171,18),p(172,17),p(172,27),p(174,18),p(176,21),p(196,19),p(224,14),p(236,19),p(252,18),p(258,26),p(260,20),p(260,29),p(262,26),p(264,21),p(264,30),p(268,20),p(284,19),p(296,23),p(300,26),p(308,28),p(394,30),p(396,29),p(398,33),p(400,11),p(402,29),p(420,23),p(448,18),p(476,27),p(480,25),p(488,19),p(512,29),p(524,24),p(530,25),p(532,28),p(538,21),p(568,29),p(587,32),p(592,33),p(603,28),p(608,20),p(608,29),p(624,32),p(636,29),p(642,29),p(643,30),p(644,31),p(648,35),p(652,30),p(692,32),p(696,28),p(708,31),p(724,31),p(728,27),p(764,27),p(764,32),p(768,30),p(782,24),p(783,23),p(790,19),p(790,21),p(796,17),p(800,21),p(832,18),p(856,23),p(860,13),p(862,22),p(864,12),p(866,10),p(868,26),p(868,29),p(870,11),p(872,20),p(880,7),p(880,14),p(880,28)),V(v(0,0)))),V(v(0,0)))

numberOfNotes 731
tatumsPerBar null
barOneStartsAt null
compressionRatio 1.818407960199005
runningTime 481
encodingLength 402
encodingLengthWithoutResidualPointSet 300
numberOfResidualPoints 102
percentageOfResidualPoints 13.953488372093023
compressionRatioWithoutResidualPointSet 2.0966666666666667
title wtc2f20.txt
numberOfTECs 27
inputFilePath D:\Source\Repos\omnisia\Points\RecurSIA-RRT-experiment\JKU-PDD\JKUPDD-noAudio-Aug2013\groundTruth\bachBWV889Fg\polyphonic\lisp\wtc2f20.txt
outputFilePath D:\Source\Repos\omnisia\Points\RecurSIA-RRT-experiment\JKU-PDD\JKUPDD-noAudio-Aug2013\matlab\pattDiscOut\ReSIACTTECCompress-RRT\bach_wtc2f20_ReSIACTTECCompress-RRT.out
logFilePath null
outputFileExtension RecurSIA
isDiatonic true
withoutChannel10 false
encoderName com.chromamorph.points022.RecurSIAEncoding
forMirex true
mode Raw
topNPatterns 0
