T(P(T(P(p(1152,30),p(1152,35),p(1176,29)),V(v(0,0),v(48,0))),T(P(p(1176,23),p(1200,23)),V(v(0,0),v(0,6),v(12,9))),T(P(p(1188,31),p(1212,29),p(1224,19),p(1224,32),p(1242,28),p(1242,33),p(1248,23),p(1248,26),p(1248,28),p(1248,33),p(1272,28),p(1272,33),p(1320,25)),V(v(0,0)))),V(v(-288,-4),v(-144,-2),v(0,0),v(1584,-2),v(1728,0),v(2016,-4),v(2160,-2),v(2304,0),v(3888,-2),v(4032,0),v(4320,-4),v(4464,-2),v(4608,0),v(8928,-2),v(9072,0),v(9360,-4),v(9504,-2),v(9648,0)))
T(P(p(900,27),p(900,28),p(912,19),p(912,26),p(912,31),p(924,25),p(924,28),p(936,15),p(936,25),p(936,28),p(954,24),p(954,29),p(960,19),p(960,22),p(960,24),p(960,29),p(984,24),p(984,29)),V(v(0,0),v(144,2),v(288,4),v(1728,0),v(1872,2),v(2016,4),v(2304,0),v(2448,2),v(2592,4),v(4032,0),v(4176,2),v(4320,4),v(4608,0),v(4752,2),v(4896,4),v(9072,0),v(9216,2),v(9360,4),v(9648,0),v(9792,2),v(9936,4)))
T(P(T(P(p(312,19),p(312,25),p(324,28)),V(v(0,0),v(24,0))),T(P(p(384,19),p(384,24),p(408,24)),V(v(0,0),v(0,5))),T(P(p(288,12),p(288,31),p(336,31),p(360,15),p(360,28),p(378,29),p(456,21),p(480,21)),V(v(0,0)))),V(v(0,0),v(144,2),v(288,4),v(720,2),v(864,4),v(2448,2),v(2592,4),v(3024,2),v(3168,4),v(4752,2),v(4896,4),v(5328,2),v(5472,4),v(9792,2),v(9936,4),v(10368,2),v(10512,4)))
T(P(p(288,31),p(312,19),p(312,25),p(336,19),p(336,25),p(360,15),p(384,19),p(384,24)),V(v(0,0),v(144,2),v(288,4),v(576,0),v(720,2),v(864,4),v(2448,2),v(2592,4),v(2880,0),v(3024,2),v(3168,4),v(4752,2),v(4896,4),v(5184,0),v(5328,2),v(5472,4),v(7272,-1),v(7560,0),v(7848,-1),v(8424,-1),v(8712,0),v(9000,-1),v(9792,2),v(9936,4),v(10224,0),v(10368,2),v(10512,4)))
T(P(p(960,24),p(960,29),p(984,24),p(984,27),p(984,29),p(1008,28),p(1008,33),p(1032,27)),V(v(0,0),v(144,2),v(1728,0),v(1872,2),v(2304,0),v(2448,2),v(4032,0),v(4176,2),v(4608,0),v(4752,2),v(5400,-8),v(5472,-8),v(5544,-8),v(5976,-8),v(6048,-8),v(6120,-8),v(9072,0),v(9216,2),v(9648,0),v(9792,2)))
T(P(p(960,22),p(960,24),p(960,29),p(984,18),p(984,24),p(984,27),p(1008,14),p(1008,28)),V(v(0,0),v(144,2),v(360,1),v(1728,0),v(1872,2),v(2304,0),v(2448,2),v(2664,1),v(4032,0),v(4176,2),v(4608,0),v(4752,2),v(4968,1),v(9072,0),v(9216,2),v(9648,0),v(9792,2),v(10008,1)))
T(P(p(7224,18),p(7224,22),p(7224,25),p(7236,26),p(7248,18),p(7248,22),p(7248,27),p(7260,28),p(7272,13),p(7272,30),p(7296,18),p(7320,18),p(7344,14),p(7344,21),p(7362,27),p(7368,18),p(7368,23),p(7368,27),p(7376,28),p(7384,27),p(7392,26),p(7404,25)),V(v(0,0),v(288,0),v(576,1),v(864,0),v(1440,0),v(1728,1),v(2016,0)))
T(P(T(P(p(8304,18),p(8304,20),p(8304,23)),V(v(0,0),v(24,0)))),V(v(-6984,5),v(-6768,1),v(-6192,1),v(-4680,5),v(-4464,1),v(-3888,1),v(-2376,5),v(-1944,3),v(-1872,3),v(-1800,3),v(-1368,3),v(-1296,3),v(-1224,3),v(-648,0),v(-360,1),v(0,0),v(72,0),v(144,0),v(216,0),v(504,0),v(792,1),v(2664,5),v(2808,2),v(2880,2),v(3384,2),v(3456,2),v(4104,2),v(4752,1)))
T(P(p(7488,26),p(7776,27),p(8064,26),p(8352,26),p(8640,26),p(8928,27)),V(v(0,0),v(8,1),v(16,0),v(24,-8),v(24,-1),v(36,0),v(48,-8),v(48,1),v(60,2),v(72,4),v(96,-8),v(120,-8),v(144,-12),v(144,-5),v(162,1),v(168,-8),v(168,-3),v(168,1),v(176,2),v(184,1),v(192,-8),v(192,-3),v(192,0),v(204,-1)))
T(P(T(P(p(1464,18),p(1464,21),p(1464,23)),V(v(0,0),v(24,0))),T(P(p(1440,14),p(1458,27),p(1458,28),p(1476,27),p(1476,28)),V(v(0,0)))),V(v(0,0),v(144,0),v(576,0),v(720,0),v(2304,0),v(2448,0),v(2880,0),v(3024,0)))
T(P(p(960,24),p(960,29),p(984,24),p(984,27),p(984,29)),V(v(0,0),v(144,2),v(504,-6),v(648,-6),v(936,-6),v(1080,-6),v(1224,-6),v(1728,0),v(1872,2),v(2304,0),v(2448,2),v(2808,-6),v(2952,-6),v(3240,-6),v(3384,-6),v(3528,-6),v(4032,0),v(4176,2),v(4608,0),v(4752,2),v(5400,-8),v(5400,-1),v(5472,-8),v(5472,-1),v(5544,-8),v(5544,-1),v(5976,-8),v(5976,-1),v(6048,-8),v(6048,-1),v(6120,-8),v(6120,-1),v(9072,0),v(9216,2),v(9648,0),v(9792,2),v(10296,-4),v(10440,-4),v(10872,-4),v(11232,-5),v(11520,-5)))
T(P(T(P(p(9960,19),p(9960,23),p(9972,28)),V(v(0,0),v(24,0))),T(P(p(9984,31)),V(v(0,0)))),V(v(-7344,0),v(-6768,0),v(-6480,4),v(-5040,0),v(-4464,0),v(-4176,4),v(0,0),v(864,4),v(2328,2),v(2616,2)))
T(P(p(792,15),p(792,30),p(816,19),p(816,24),p(828,29),p(840,19),p(840,24)),V(v(0,0),v(792,-1),v(1224,-1),v(1368,-1),v(2304,0),v(3096,-1),v(3528,-1),v(3672,-1),v(4608,0),v(9648,0)))
T(P(p(1749,35),p(1752,20),p(1752,25),p(1752,29),p(1773,35),p(1776,29),p(1797,34)),V(v(0,0),v(72,-1),v(144,-2),v(576,0),v(648,-1),v(2304,0),v(2376,-1),v(2448,-2),v(2880,0),v(2952,-1)))
T(P(p(6360,21),p(6360,23),p(6360,26),p(6384,21),p(6384,23),p(6408,16),p(6432,21)),V(v(0,0),v(72,0),v(144,0),v(576,0),v(648,0),v(720,0),v(1368,-2),v(2520,-2),v(4752,-1),v(4824,-1),v(5328,-1),v(5400,-1)))
T(P(p(3288,29),p(3296,30),p(3304,29),p(3312,28),p(3324,29),p(3336,21)),V(v(0,0),v(144,2),v(2304,0),v(2448,2),v(4200,-3),v(4488,-2),v(4776,-3),v(5064,-3),v(5352,-3),v(5640,-2),v(7344,0),v(7488,2)))
T(P(p(1416,18),p(1416,20),p(1416,24),p(1440,14),p(1464,18),p(1464,21),p(1464,23)),V(v(0,0),v(504,3),v(1944,3),v(2304,0),v(2808,3),v(4248,3),v(5064,5),v(5640,5),v(9288,3)))
T(P(p(7632,21),p(7920,22),p(8496,21),p(8784,21),p(9072,22)),V(v(0,0),v(18,6),v(24,-3),v(24,-1),v(24,2),v(24,6),v(32,7),v(40,6),v(48,-3),v(48,-1),v(48,2),v(48,5),v(60,4),v(72,-11),v(72,5),v(96,-2),v(96,0),v(96,3),v(120,-2),v(120,0)))
T(P(p(744,23),p(744,25),p(744,28),p(744,34),p(768,25),p(768,28)),V(v(0,0),v(576,0),v(2304,0),v(2880,0),v(4608,0),v(5184,0),v(7704,-5),v(9648,0),v(10224,0),v(10440,-3),v(11016,-3)))
T(P(p(624,27),p(648,19),p(672,23),p(672,28),p(696,23),p(696,28)),V(v(0,0),v(2880,0),v(5184,0),v(6696,-5),v(7272,-4),v(8424,-4),v(10224,0),v(10368,-4),v(10800,-4),v(11520,-4),v(12168,-4)))
T(P(T(P(p(7872,19),p(7872,23),p(7872,25)),V(v(0,0),v(24,0)))),V(v(-4680,0),v(-4392,4),v(-2376,0),v(-2088,4),v(-72,0),v(0,0),v(1080,0),v(1152,0),v(2952,4),v(3456,1),v(4032,1),v(4824,1),v(4848,1),v(4872,1)))
T(P(p(1512,29),p(1536,19),p(1536,24),p(1560,19),p(1560,24)),V(v(0,0),v(288,0),v(576,0),v(864,0),v(1800,4),v(2304,0),v(2592,0),v(2880,0),v(3168,0),v(4104,4),v(9144,4),v(9504,0),v(9648,1),v(9864,1),v(10224,1),v(10440,1),v(10872,1)))
T(P(p(1608,21),p(1608,23),p(1632,21),p(1632,23),p(1656,17)),V(v(0,0),v(288,0),v(576,0),v(1728,0),v(2304,0),v(2592,0),v(2880,0),v(4032,0),v(4824,5),v(4896,5),v(5400,5),v(5472,5),v(6768,-3),v(6840,-3),v(9072,0),v(10512,-2),v(10728,-2),v(11016,-2),v(11088,3),v(11112,3),v(11136,3)))
T(P(T(P(p(2493,32),p(2496,26),p(2520,26)),V(v(0,0),v(48,-1))),T(P(p(2517,31),p(2565,31)),V(v(0,0)))),V(v(-720,3),v(-144,3),v(0,0),v(1584,3),v(2160,3),v(2304,0),v(7344,0)))
T(P(p(7632,14),p(7632,21),p(7650,27),p(7656,18),p(7656,20),p(7656,23),p(7656,27)),V(v(0,0),v(288,1),v(864,0),v(1152,0),v(1440,1),v(1728,0),v(1800,0),v(1872,0)))
T(P(p(1344,19),p(1344,23),p(1344,25),p(1344,28),p(1368,29),p(1392,19),p(1392,24)),V(v(0,0),v(2304,0),v(4608,0),v(4992,-3),v(5136,-3),v(5568,-3),v(5712,-3),v(9648,0)))
T(P(p(3180,27),p(3192,19),p(3192,26),p(3216,19),p(3216,26)),V(v(0,0),v(144,2),v(288,4),v(2304,0),v(2448,2),v(2592,4),v(2952,3),v(3024,8),v(3240,2),v(3528,3),v(3600,8),v(3816,2),v(7344,0),v(7488,2),v(7632,4)))
T(P(p(816,19),p(816,24),p(840,19),p(840,24),p(864,15)),V(v(0,0),v(2304,0),v(4608,0),v(5712,4),v(6288,4),v(7416,-1),v(7560,-1),v(7632,-1),v(9648,0),v(10224,0),v(10656,0),v(11232,0),v(11376,0),v(11664,0)))
T(P(T(P(p(9720,29),p(9741,34),p(9768,28)),V(v(0,0),v(48,-1))),T(P(p(9696,29),p(9717,34),p(9792,27)),V(v(0,0)))),V(v(-7920,0),v(-7344,0),v(-7248,-2),v(-5616,0),v(-5040,0),v(-4944,-2),v(0,0),v(96,-2)))
T(P(p(720,12),p(738,34),p(744,23),p(744,25),p(744,28),p(744,34)),V(v(0,0),v(576,0),v(2304,0),v(2880,0),v(4608,0),v(5184,0),v(8712,-5),v(9648,0),v(10224,0)))
T(P(p(1464,21),p(1464,23),p(1488,21),p(1488,23),p(1512,10),p(1536,19),p(1536,24),p(1560,19),p(1560,24)),V(v(0,0),v(576,0),v(2304,0),v(2880,0),v(11520,0),v(11592,-2)))
T(P(p(1440,14),p(2016,14),p(3744,14),p(4320,14)),V(v(0,0),v(18,13),v(18,14),v(24,4),v(24,7),v(24,9),v(36,13),v(36,14),v(48,4),v(48,7),v(48,9),v(48,18),v(72,-4),v(72,15),v(90,12),v(90,14),v(96,5),v(96,7),v(96,10),v(108,12),v(108,14),v(120,5),v(120,7),v(120,10),v(120,19),v(144,0),v(144,15),v(162,13),v(162,14),v(168,4),v(168,7),v(168,9),v(180,13),v(180,14),v(192,4),v(192,7),v(192,9),v(192,20),v(216,3),v(216,22),v(240,7),v(240,9),v(240,12),v(258,21),v(264,3),v(264,16),v(282,21),v(288,4),v(288,15),v(309,21),v(312,6),v(312,8),v(312,11),v(312,15),v(333,21),v(336,-1),v(336,15),v(357,20),v(360,0),v(360,15),v(381,20),v(384,5),v(384,10),v(384,14),v(405,20),v(408,5),v(408,10),v(408,14),v(429,19),v(432,0),v(432,13),v(456,4),v(456,9),v(456,13),v(504,12),v(552,11),v(600,9),v(612,13),v(612,14),v(624,9),v(672,5),v(672,10),v(696,10),v(720,0)))
T(P(p(6336,23),p(6360,16),p(6360,21),p(6384,16),p(6384,21)),V(v(0,0),v(72,0),v(72,7),v(144,0),v(576,0),v(648,0),v(648,7),v(720,0),v(6504,3),v(6696,3),v(6792,1),v(6816,1),v(6840,1)))
T(P(p(1968,26),p(1968,31),p(1976,32),p(1984,31),p(1992,30)),V(v(0,0),v(1320,-2),v(1464,0),v(2304,0),v(3624,-2),v(3768,0),v(7560,1),v(7632,3),v(8664,-2),v(8808,0)))
T(P(p(696,33),p(696,40),p(744,34),p(744,41)),V(v(0,0),v(576,0),v(2304,0),v(2880,0),v(4608,0),v(5184,0),v(5328,-7),v(5496,-7),v(5736,-12),v(6072,-7),v(6312,-12),v(9648,0),v(10224,0)))
T(P(p(6072,27),p(6072,34),p(6108,24),p(6108,31),p(6120,25),p(6120,32),p(6132,23),p(6132,30),p(6144,22),p(6144,29)),V(v(0,0),v(144,0),v(576,0),v(720,0)))
T(P(T(P(p(12264,19),p(12264,21),p(12264,25)),V(v(0,0),v(24,0))),T(P(p(12252,30),p(12264,31),p(12300,30)),V(v(0,0)))),V(v(0,0),v(72,0),v(288,0),v(360,0)))
T(P(p(11376,15),p(11376,30),p(11388,29),p(11400,20),p(11400,29),p(11424,20)),V(v(0,0),v(144,0),v(576,0),v(1008,0),v(1296,0)))
T(P(T(P(p(11112,20),p(11112,25),p(11136,20)),V(v(0,0),v(0,5))),T(P(p(11088,15),p(11106,30),p(11160,15)),V(v(0,0)))),V(v(0,0),v(144,0),v(576,0),v(720,0)))
T(P(p(11316,27),p(11328,20),p(11328,27),p(11352,20)),V(v(0,0),v(144,-1),v(216,2),v(576,0),v(720,-1),v(1080,2),v(1152,-1),v(1512,-1)))
T(P(p(11424,25),p(11436,27),p(11448,27),p(11460,26),p(11472,24),p(11472,26),p(11496,24)),V(v(0,0),v(144,-2),v(576,0),v(1008,0)))
T(P(p(738,41),p(744,25),p(744,34)),V(v(0,0),v(576,0),v(2304,0),v(2880,0),v(4608,0),v(5184,0),v(8856,-7),v(9648,0),v(10224,0)))
T(P(p(1869,33),p(1872,14),p(1872,27)),V(v(0,0),v(576,0),v(720,-2),v(2304,0),v(2880,0),v(3024,-2),v(8064,-2)))
T(P(p(6408,23),p(6408,25),p(6420,22)),V(v(0,0),v(576,0),v(3072,3)))
T(P(T(P(p(3000,23),p(3072,30),p(3144,29),p(3152,28),p(3160,27),p(3576,19),p(3600,35),p(3600,42)),V(v(0,0),v(2304,0),v(7344,0))),T(P(p(11136,30),p(11172,31),p(11256,23),p(11292,29),p(11304,29),p(11544,23)),V(v(0,0),v(576,0))),T(P(p(7488,13),p(8640,13)),V(v(0,0),v(96,16),v(384,17),v(576,0),v(696,16),v(864,-6))),T(P(p(6204,28),p(6360,19),p(6564,27),p(6576,23),p(6576,26)),V(v(0,0),v(576,0))),T(P(p(13248,30),p(13260,29),p(13272,29)),V(v(0,0),v(72,-3))),T(P(p(6576,26),p(6624,26),p(6624,33)),V(v(0,0),v(2952,-12))),T(P(T(P(p(1965,32),p(1992,13),p(2013,29),p(2016,23)),V(v(0,0),v(2304,0))),T(P(p(-24,26),p(0,33),p(36,26),p(48,33),p(60,26),p(72,32),p(108,26),p(120,32),p(132,26),p(144,32),p(180,27),p(192,32),p(204,27),p(216,31),p(252,27),p(264,31),p(276,27),p(408,18),p(408,20),p(552,20),p(552,22),p(600,26),p(720,35),p(768,30),p(792,37),p(828,36),p(840,28),p(852,27),p(1272,19),p(1272,23),p(1296,35),p(1296,42),p(7176,26),p(7200,13),p(7208,27),p(7216,26),p(7296,22),p(7296,29),p(7416,10),p(7416,26),p(7440,19),p(7440,21),p(7440,24),p(7464,19),p(7464,21),p(8280,29),p(8328,28),p(9216,26),p(9464,30),p(9472,29),p(9492,27),p(9522,32),p(9552,26),p(9564,25),p(9564,30),p(9576,7),p(9594,29),p(9600,23),p(9624,28),p(9636,27),p(9636,32),p(9648,7),p(9648,14),p(9669,34),p(9672,18),p(9672,23),p(9672,27),p(9672,29),p(9693,34),p(9744,29),p(9765,34),p(11400,23),p(11592,15),p(11616,19),p(11640,19),p(11664,29),p(12024,15),p(12192,22),p(12312,19),p(12456,15),p(12480,22),p(12600,19),p(12732,27),p(12792,25),p(12816,27),p(12912,19),p(12912,24),p(12936,19),p(12936,24),p(12960,12),p(12984,19),p(13008,19),p(13200,24),p(13224,24),p(13308,27)),V(v(0,0)))),V(v(0,0)))),V(v(0,0)))

numberOfNotes 2075
tatumsPerBar null
barOneStartsAt null
compressionRatio 1.9990366088631986
runningTime 5232
encodingLength 1038
encodingLengthWithoutResidualPointSet 866
numberOfResidualPoints 172
percentageOfResidualPoints 8.289156626506024
compressionRatioWithoutResidualPointSet 2.197459584295612
title mazurka24-4.txt
numberOfTECs 45
inputFilePath D:\Source\Repos\omnisia\Points\RecurSIA-RRT-experiment\JKU-PDD\JKUPDD-noAudio-Aug2013\groundTruth\chopinOp24No4\polyphonic\lisp\mazurka24-4.txt
outputFilePath D:\Source\Repos\omnisia\Points\RecurSIA-RRT-experiment\JKU-PDD\JKUPDD-noAudio-Aug2013\matlab\pattDiscOut\ReSIACTTECCompressBB\chop_mazurka24-4_ReSIACTTECCompressBB.out
logFilePath null
outputFileExtension RecurSIA
isDiatonic true
withoutChannel10 false
encoderName com.chromamorph.points022.RecurSIAEncoding
forMirex true
mode BB
topNPatterns 0
