T(P(T(P(T(P(p(653,34),p(654,35)),V(v(0,0),v(6,1)))),V(v(0,0),v(138,0)))),V(v(-52,-10),v(-50,-11),v(-48,-9),v(-46,-9),v(-44,-10),v(-42,-8),v(-28,-10),v(-26,-11),v(-24,-9),v(-16,-8),v(-14,-7),v(-12,-5),v(-10,-5),v(-2,-7),v(-2,-5),v(0,-3),v(0,0),v(2,-5),v(7,-3),v(11,-5),v(38,-7),v(40,-8),v(42,-6),v(44,-6),v(62,-21),v(64,-22),v(66,-20),v(68,-20)))
T(P(T(P(p(505,13),p(506,14)),V(v(0,0),v(2,-1),v(4,1))),T(P(p(504,14),p(511,14)),V(v(0,0)))),V(v(-24,14),v(-18,15),v(0,0),v(6,1),v(36,14),v(42,15),v(60,0),v(66,1),v(96,11),v(102,12),v(120,11),v(126,12),v(132,13),v(138,14),v(138,16),v(144,15),v(144,17),v(150,16),v(150,18),v(150,21),v(186,14),v(192,15),v(210,0),v(216,1),v(234,11),v(240,12),v(258,11),v(264,12),v(270,13),v(276,14),v(276,16),v(282,15),v(282,17),v(288,16),v(288,18),v(288,21),v(324,14),v(330,15),v(348,0),v(354,1)))
T(P(T(P(p(8,21),p(8,26)),V(v(0,0),v(6,0))),T(P(p(12,22),p(12,25),p(14,19)),V(v(0,0)))),V(v(0,0),v(24,2),v(52,2),v(64,2),v(84,0),v(108,2),v(136,2),v(148,2),v(184,3),v(196,3),v(202,3),v(208,3),v(280,7),v(292,0),v(340,3),v(352,3),v(358,3),v(364,3),v(436,7),v(448,0),v(876,0),v(900,2),v(928,2),v(940,2),v(976,3),v(988,3),v(994,3),v(1000,3),v(1072,7),v(1084,0)))
T(P(T(P(p(10,21),p(12,20)),V(v(0,0),v(0,2),v(0,5),v(30,1))),T(P(p(2,22),p(8,21),p(20,28),p(40,25)),V(v(0,0)))),V(v(0,0),v(24,2),v(84,0),v(108,2),v(264,0),v(420,0),v(876,0),v(900,2),v(1056,0)))
T(P(T(P(p(22,25),p(24,26),p(30,25)),V(v(0,0),v(0,5),v(12,-4),v(18,-3))),T(P(p(34,21),p(34,23),p(36,22)),V(v(0,0),v(12,2),v(42,6))),T(P(p(26,24),p(46,23),p(48,22)),V(v(0,0),v(0,5),v(30,6))),T(P(p(26,24),p(30,30)),V(v(0,0),v(40,4),v(46,-6),v(46,-1))),T(P(p(0,24),p(12,20),p(16,23),p(32,23),p(32,28),p(71,33),p(72,28),p(76,18),p(78,21),p(78,23)),V(v(0,0)))),V(v(0,0),v(84,0),v(228,-2),v(384,-2),v(876,0),v(1020,-2)))
T(P(T(P(p(0,24),p(6,23)),V(v(0,0),v(2,-2),v(10,-3))),T(P(p(-2,23),p(18,21)),V(v(0,0)))),V(v(0,0),v(24,2),v(84,0),v(108,2),v(252,0),v(264,14),v(276,12),v(408,0),v(420,14),v(432,12),v(876,0),v(900,2),v(1044,0),v(1056,14),v(1068,12)))
T(P(T(P(p(264,38),p(420,38),p(1056,38)),V(v(0,0),v(6,-1)))),V(v(-146,-15),v(-96,-7),v(-96,-5),v(-94,-16),v(-94,-9),v(-94,-7),v(-92,-14),v(-84,-6),v(-84,-4),v(-82,-15),v(-82,-8),v(-82,-6),v(-80,-13),v(-74,-12),v(-44,-13),v(-16,-15),v(-14,-15),v(-14,-10),v(-12,-14),v(-12,-9),v(-10,-11),v(-4,-17),v(-2,-17),v(-2,-1),v(0,-18),v(0,0),v(2,-16),v(2,-2),v(4,-16),v(4,-2),v(6,-17),v(8,-15),v(10,-15),v(10,-12),v(12,-13),v(12,-2),v(14,-4),v(16,-4),v(18,-14),v(22,-14),v(22,-5),v(42,-19),v(42,-17),v(48,-18)))
T(P(T(P(p(502,28),p(504,28)),V(v(0,0),v(60,0),v(210,0),v(348,0)))),V(v(-22,0),v(-17,0),v(-16,1),v(-11,1),v(-10,2),v(-8,2),v(-4,0),v(0,0),v(2,-14),v(7,-14),v(8,-13),v(13,-13),v(14,-12)))
T(P(T(P(p(4,19),p(6,23)),V(v(0,0),v(6,2))),T(P(p(-2,23),p(2,22),p(10,19),p(12,20),p(16,20),p(18,23)),V(v(0,0)))),V(v(0,0),v(24,2),v(84,0),v(108,2),v(276,3),v(432,3),v(876,0),v(900,2),v(1068,3)))
T(P(T(P(p(-2,23),p(0,24),p(6,23)),V(v(0,0),v(0,5),v(12,-4))),T(P(p(-2,28),p(10,21),p(12,20)),V(v(0,0),v(42,1))),T(P(p(0,24),p(2,22),p(26,24)),V(v(0,0),v(6,4))),T(P(p(2,27),p(8,21),p(16,20),p(18,21),p(34,28),p(46,32),p(60,18),p(60,23)),V(v(0,0)))),V(v(0,0),v(84,0),v(252,0),v(408,0),v(876,0),v(1044,0)))
T(P(T(P(p(282,35),p(288,23),p(294,26),p(294,33)),V(v(0,0),v(12,-7))),T(P(p(198,29),p(204,29)),V(v(0,0),v(12,0),v(17,1),v(18,0),v(90,-1),v(90,4))),T(P(p(166,30),p(166,32)),V(v(0,0),v(126,2),v(128,-4))),T(P(p(254,27),p(256,27)),V(v(0,0),v(18,8))),T(P(p(186,31),p(192,26),p(214,31),p(250,28),p(258,28),p(292,23),p(292,29)),V(v(0,0)))),V(v(0,0),v(12,-7),v(156,0),v(168,-7),v(792,0),v(804,-7)))
T(P(T(P(p(20,28),p(24,26)),V(v(0,0),v(22,-3),v(26,-5),v(30,-5))),T(P(p(10,19),p(12,20)),V(v(0,0),v(36,4))),T(P(p(-2,23),p(4,19)),V(v(0,0),v(56,9))),T(P(p(10,26),p(24,31),p(34,21),p(40,20),p(40,22),p(52,32)),V(v(0,0)))),V(v(0,0),v(84,0),v(232,1),v(388,1),v(876,0),v(1024,1)))
T(P(T(P(p(34,25),p(34,28),p(36,25)),V(v(0,0),v(4,0))),T(P(p(12,25),p(34,25),p(36,27)),V(v(0,0),v(6,4))),T(P(p(34,23),p(34,28)),V(v(0,0),v(30,1))),T(P(p(-2,28),p(8,26)),V(v(0,0),v(44,3))),T(P(p(4,19),p(50,32)),V(v(0,0)))),V(v(0,0),v(84,0),v(242,-3),v(398,-3),v(876,0),v(1034,-3)))
T(P(T(P(p(16,18),p(16,20)),V(v(0,0),v(82,3))),T(P(p(46,25),p(50,28)),V(v(0,0),v(4,3))),T(P(p(8,21),p(14,21),p(22,25),p(32,23),p(34,21),p(50,23),p(52,29),p(60,18),p(72,18),p(76,18)),V(v(0,0)))),V(v(0,0),v(84,0),v(206,4),v(362,4),v(876,0),v(998,4)))
T(P(T(P(p(227,23),p(227,30)),V(v(0,0),v(2,0))),T(P(p(170,29),p(176,28)),V(v(0,0),v(94,9))),T(P(p(182,32),p(196,28)),V(v(0,0),v(26,-4))),T(P(p(196,28),p(236,27)),V(v(0,0),v(56,-4))),T(P(p(176,30),p(178,23),p(182,23),p(248,23),p(304,16)),V(v(0,0)))),V(v(0,0),v(14,-4),v(156,0),v(170,-4),v(792,0),v(806,-4)))
T(P(p(30,25),p(36,25),p(42,25),p(46,25),p(50,23),p(54,21)),V(v(0,0),v(84,0),v(184,6),v(185,5),v(186,-3),v(186,4),v(340,6),v(341,5),v(342,-3),v(342,4),v(876,0),v(976,6),v(977,5),v(978,-3),v(978,4)))
T(P(T(P(p(504,28),p(564,28),p(714,28),p(852,28)),V(v(0,0),v(2,2))),T(P(p(512,31),p(572,31)),V(v(0,0)))),V(v(-21,-2),v(-20,-1),v(-12,-10),v(0,0),v(3,-16),v(4,-15),v(9,-15),v(10,-14)))
T(P(p(6,23),p(10,23),p(12,23),p(14,21),p(18,19)),V(v(0,0),v(24,2),v(42,9),v(84,0),v(108,2),v(126,9),v(221,0),v(221,7),v(222,-1),v(222,6),v(377,0),v(377,7),v(378,-1),v(378,6),v(651,7),v(652,6),v(652,8),v(652,11),v(653,7),v(789,7),v(790,6),v(790,8),v(790,11),v(791,7),v(876,0),v(900,2),v(918,9),v(1013,0),v(1013,7),v(1014,-1),v(1014,6)))
T(P(T(P(p(654,32),p(655,31),p(656,30)),V(v(0,0),v(138,0)))),V(v(-13,-3),v(-12,-2),v(-7,-2),v(-6,-1),v(-1,-1),v(0,0),v(5,0),v(6,-1),v(6,1),v(6,4),v(7,0),v(9,0),v(9,3),v(10,-3),v(10,2),v(12,-3),v(13,-4),v(13,-2),v(13,1),v(14,-5),v(14,0),v(16,-5),v(51,-1),v(53,-3),v(74,-16),v(76,-18)))
T(P(T(P(p(496,30),p(506,30)),V(v(0,0),v(60,0))),T(P(p(706,30),p(844,30)),V(v(0,0)))),V(v(-16,-11),v(-16,-2),v(-7,-3),v(-6,-2),v(-5,-1),v(0,0),v(8,-16),v(12,3),v(13,-16),v(14,-15),v(20,-14),v(26,-4)))
T(P(p(16,27),p(30,30),p(46,28),p(50,28),p(52,29),p(54,31),p(72,28),p(120,24)),V(v(0,0),v(84,0),v(192,-8),v(348,-8),v(876,0),v(984,-8)))
T(P(p(196,28),p(198,24),p(202,34),p(203,33),p(204,24),p(220,19)),V(v(0,0),v(156,0),v(290,-4),v(350,-4),v(500,-4),v(638,-4),v(792,0)))
T(P(p(42,23),p(44,30),p(46,23),p(50,21),p(50,28),p(58,22),p(71,33)),V(v(0,0),v(84,0),v(187,0),v(343,0),v(876,0),v(979,0)))
T(P(T(P(p(496,30),p(504,28)),V(v(0,0),v(60,0)))),V(v(-462,-7),v(-14,-9),v(-5,-1),v(-4,0),v(-2,0),v(0,0),v(21,-15),v(23,-16),v(24,-15),v(30,-5),v(34,-5),v(148,0),v(286,0),v(326,-7)))
T(P(T(P(p(508,33),p(524,31)),V(v(0,0),v(60,0))),T(P(p(718,33),p(856,33)),V(v(0,0)))),V(v(-26,-12),v(-24,-10),v(-21,-5),v(0,0),v(3,-19),v(4,-18)))
T(P(p(507,12),p(515,15),p(534,9)),V(v(0,0),v(26,12),v(60,0),v(115,21),v(138,16),v(144,15),v(144,17),v(144,20),v(195,6),v(253,21),v(276,16),v(282,15),v(282,17),v(282,20),v(333,6)))
T(P(p(14,23),p(28,14),p(50,23),p(52,20)),V(v(0,0),v(84,0),v(609,12),v(747,12),v(876,0)))
T(P(p(514,33),p(517,15),p(518,16)),V(v(0,0),v(6,-1),v(60,0),v(66,-1),v(206,-2),v(344,-2)))
T(P(p(496,23),p(507,12)),V(v(0,0),v(14,4),v(60,0),v(74,4),v(93,4),v(128,14),v(210,0),v(266,14),v(348,0)))
T(P(T(P(T(P(p(328,22),p(332,23)),V(v(0,0),v(12,1))),T(P(p(326,20),p(352,30),p(364,30),p(370,19),p(400,28),p(401,15),p(420,18),p(436,24)),V(v(0,0)))),V(v(-156,0),v(0,0),v(636,0))),T(P(p(600,23),p(606,22),p(612,22),p(700,19)),V(v(0,0),v(24,7),v(138,0),v(162,7))),T(P(p(340,23),p(478,23)),V(v(0,0),v(260,0),v(266,-1),v(272,-1),v(278,-2),v(279,3),v(280,5),v(281,7),v(284,7),v(290,6),v(296,6),v(296,13),v(312,10),v(331,5),v(332,4),v(332,7),v(344,2),v(344,6),v(360,-4),v(368,-4),v(371,6),v(372,0),v(373,3),v(382,4),v(384,3),v(386,2),v(388,4),v(390,7),v(394,-4))),T(P(p(495,31),p(555,31)),V(v(0,0),v(2,-2),v(7,-8),v(21,-4),v(31,-1),v(36,-8),v(37,-25),v(37,-9),v(41,-15))),T(P(p(58,17),p(58,33),p(64,18)),V(v(0,0),v(84,0),v(876,0))),T(P(p(338,21),p(529,27),p(593,24),p(684,23),p(736,23),p(738,16)),V(v(0,0)))),V(v(0,0)))

numberOfNotes 1538
tatumsPerBar null
barOneStartsAt null
compressionRatio 2.200286123032904
runningTime 54178
encodingLength 699
encodingLengthWithoutResidualPointSet 573
numberOfResidualPoints 126
percentageOfResidualPoints 8.192457737321197
compressionRatioWithoutResidualPointSet 2.4642233856893543
title sonata01-3.txt
numberOfTECs 30
inputFilePath D:\Source\Repos\omnisia\Points\RecurSIA-RRT-experiment\JKU-PDD\JKUPDD-noAudio-Aug2013\groundTruth\beethovenOp2No1Mvt3\polyphonic\lisp\sonata01-3.txt
outputFilePath D:\Source\Repos\omnisia\Points\RecurSIA-RRT-experiment\JKU-PDD\JKUPDD-noAudio-Aug2013\matlab\pattDiscOut\ReSIATECCompressBB-RRT\beet_sonata01-3_ReSIATECCompressBB-RRT.out
logFilePath null
outputFileExtension RecurSIA
isDiatonic true
withoutChannel10 false
encoderName com.chromamorph.points022.RecurSIAEncoding
forMirex true
mode BB
topNPatterns 0
