T(P(T(P(p(888,19),p(912,19)),V(v(0,0),v(0,6),v(12,9),v(24,6),v(72,5),v(72,10),v(144,2))),T(P(p(864,26),p(912,26)),V(v(0,0),v(0,5),v(24,-1),v(48,-7))),T(P(p(900,27),p(924,25),p(936,15),p(936,28),p(954,24),p(954,29),p(960,22)),V(v(0,0)))),V(v(0,0),v(144,2),v(288,4),v(1872,2),v(2016,4),v(2304,0),v(2448,2),v(2592,4),v(4176,2),v(4320,4),v(4608,0),v(4752,2),v(4896,4),v(9216,2),v(9360,4),v(9648,0),v(9792,2),v(9936,4)))
T(P(T(P(p(888,19),p(912,19)),V(v(0,0),v(12,9),v(72,5),v(72,10),v(144,2))),T(P(p(924,25),p(924,28)),V(v(0,0),v(12,0),v(36,-6))),T(P(T(P(p(912,26),p(912,31)),V(v(0,0),v(42,-2))),T(P(p(900,27),p(936,15)),V(v(0,0)))),V(v(0,0)))),V(v(0,0),v(144,2),v(288,4),v(1728,0),v(1872,2),v(2016,4),v(2304,0),v(2448,2),v(2592,4),v(4032,0),v(4176,2),v(4320,4),v(4608,0),v(4752,2),v(4896,4),v(9072,0),v(9216,2),v(9360,4),v(9648,0),v(9792,2),v(9936,4)))
T(P(T(P(T(P(p(348,28),p(492,30)),V(v(0,0),v(576,0)))),V(v(0,0),v(2304,0),v(4608,0),v(9648,0)))),V(v(-36,-9),v(-24,0),v(-12,-9),v(-12,3),v(0,0),v(12,-13),v(12,0),v(30,1),v(36,-9),v(36,-4),v(36,1),v(60,-10),v(60,-4),v(60,1),v(84,-14),v(84,5),v(108,-1),v(120,2),v(132,-1),v(132,5),v(144,2),v(156,-11),v(156,2),v(174,3),v(180,-7),v(180,-2),v(180,3),v(204,-2),v(204,3),v(252,-5),v(276,-5)))
T(P(T(P(p(336,31),p(378,29),p(384,24),p(384,29),p(408,29)),V(v(0,0),v(144,2),v(288,4))),T(P(p(432,33),p(480,33)),V(v(0,0),v(144,2),v(264,-5))),T(P(p(816,24)),V(v(0,0)))),V(v(0,0),v(576,-5),v(576,0),v(2304,-5),v(2304,0),v(2880,-5),v(2880,0),v(4608,-5),v(4608,0),v(5184,-5),v(5184,0),v(9648,-5),v(9648,0),v(10224,-5),v(10224,0)))
T(P(T(P(p(312,19),p(888,19)),V(v(0,0),v(2304,0),v(4608,0),v(9648,0)))),V(v(0,0),v(12,9),v(24,0),v(24,12),v(36,9),v(48,-4),v(48,9),v(66,10),v(72,0),v(72,5),v(72,10),v(96,-1),v(96,5),v(96,10),v(120,-5),v(120,14),v(144,2),v(144,8),v(156,11),v(168,2),v(168,8),v(168,14),v(180,11),v(192,-2),v(192,11),v(210,12),v(216,2),v(216,7),v(216,12),v(240,1),v(240,7),v(240,12),v(264,-3),v(264,16),v(288,4),v(288,10),v(300,13),v(312,4),v(312,10),v(312,16),v(324,13),v(336,0),v(336,13),v(354,14),v(360,4),v(360,9),v(360,14),v(384,4),v(384,9),v(384,14),v(384,21),v(408,-7),v(426,15),v(426,22),v(432,4),v(432,6),v(432,9),v(432,15),v(432,22),v(456,6),v(456,9),v(480,-4),v(504,0),v(504,5),v(960,0),v(1032,4),v(1512,0),v(1536,0),v(1584,4)))
T(P(T(P(T(P(p(1512,10),p(1800,14)),V(v(0,0),v(576,0)))),V(v(0,0),v(2304,0))),T(P(p(8856,10)),V(v(0,0)))),V(v(-1128,9),v(-1128,14),v(-72,4),v(-48,8),v(0,0),v(24,14),v(96,13),v(1104,9),v(1116,17),v(1116,18),v(1128,9),v(1128,16),v(1128,21),v(1140,15),v(1140,18),v(1152,5),v(1152,15),v(1152,18),v(1170,14),v(1170,19),v(1176,9),v(1176,12),v(1176,14),v(1176,19),v(1200,14),v(1200,19),v(1248,11),v(1272,11)))
T(P(T(P(p(960,22),p(960,24),p(1032,21)),V(v(0,0),v(144,2))),T(P(p(912,26),p(954,29),p(984,24),p(984,27),p(1044,30),p(1056,21)),V(v(0,0)))),V(v(0,0),v(144,2),v(576,-3),v(1152,-3),v(1728,0),v(1872,2),v(2304,0),v(2448,2),v(2880,-3),v(3456,-3),v(4032,0),v(4176,2),v(4608,0),v(4752,2),v(9072,0),v(9216,2),v(9648,0),v(9792,2)))
T(P(T(P(p(1797,34),p(1821,34)),V(v(0,0),v(576,0),v(2304,0),v(2880,0),v(7920,0)))),V(v(-1197,-11),v(-981,-10),v(-45,-5),v(-21,-5),v(0,0),v(24,0),v(75,-7),v(243,-11),v(315,-10),v(387,-13),v(531,-5),v(555,-5),v(603,-6),v(819,-15),v(831,-6),v(891,-10),v(891,-5),v(963,-13),v(963,-7),v(975,-4),v(987,-7),v(1035,-8),v(1035,-3),v(1107,-11),v(1107,-5),v(1119,-2),v(1131,-5),v(1179,-11),v(1179,-6),v(1179,-1),v(1251,-9),v(1251,-6),v(1827,-11),v(2331,-15)))
T(P(T(P(T(P(p(1530,28),p(1602,27)),V(v(0,0),v(576,0)))),V(v(0,0),v(2304,0))),T(P(p(9522,27)),V(v(0,0)))),V(v(-1194,-9),v(-1050,-7),v(-786,-3),v(-762,-3),v(-138,-4),v(0,0),v(6,-9),v(6,-4),v(174,2),v(219,7),v(243,7),v(246,1),v(267,6),v(294,0),v(342,-1),v(798,1),v(822,1),v(1086,-5),v(1110,-9),v(1134,-13),v(1158,-6),v(1182,1),v(1206,0),v(1230,-1),v(1254,-7),v(1254,-1),v(1278,-11),v(1302,-4),v(1326,3),v(1350,2),v(1374,1),v(1398,1),v(1446,-2),v(1518,-3)))
T(P(T(P(p(2469,32),p(2541,31),p(2565,31)),V(v(0,0),v(2304,0),v(7344,0)))),V(v(-1725,-7),v(-1149,-7),v(-1077,-8),v(-933,-8),v(0,0),v(24,0),v(27,-6),v(219,-10),v(291,-5),v(363,-8),v(435,-3),v(507,-6),v(579,-7),v(663,-3),v(723,-7),v(795,-10),v(795,-8),v(795,-3),v(867,-5),v(939,-8),v(939,-1),v(1011,-3),v(1083,-6)))
T(P(T(P(p(456,21),p(480,21)),V(v(0,0),v(0,6),v(72,5))),T(P(p(288,12),p(432,33),p(504,17),p(528,21)),V(v(0,0)))),V(v(0,0),v(144,2),v(720,2),v(2304,0),v(2448,2),v(3024,2),v(4608,0),v(4752,2),v(5328,2),v(7416,-2),v(8568,-2),v(9648,0),v(9792,2),v(10368,2)))
T(P(T(P(T(P(p(1749,35),p(1773,35)),V(v(0,0),v(72,-1)))),V(v(0,0),v(576,0)))),V(v(-1437,-10),v(-1293,-8),v(-1149,-6),v(-1005,-10),v(-213,-16),v(-213,-11),v(0,0),v(3,-6),v(1011,-8),v(1299,-10),v(1371,-11),v(1515,-11),v(2091,-16),v(2091,-11),v(2304,0),v(3315,-8),v(3459,-6),v(5835,-11),v(6411,-11),v(8355,-8),v(8499,-6),v(8643,-10),v(9507,-10),v(9579,-9),v(9651,-15),v(9795,-12),v(10083,-10)))
T(P(T(P(p(7236,26),p(7524,26),p(7812,27),p(8100,26)),V(v(0,0),v(1152,0)))),V(v(-12,-8),v(-12,-1),v(0,0),v(12,-8),v(12,1),v(24,2),v(36,4),v(60,-8),v(84,-8),v(108,-12),v(108,-5),v(126,1),v(132,-8),v(132,-3),v(132,1),v(140,2),v(148,1),v(156,0),v(168,-1)))
T(P(T(P(p(2616,19),p(2640,31),p(2664,25),p(2688,19)),V(v(0,0),v(576,0))),T(P(p(3152,28),p(3160,27)),V(v(0,0),v(8,-1))),T(P(p(3180,27)),V(v(0,0)))),V(v(0,0),v(144,2),v(288,4),v(2304,0),v(2448,2),v(2592,4),v(4920,-1),v(5496,-1),v(7344,0),v(7488,2),v(7632,4)))
T(P(T(P(p(7362,27),p(7650,27),p(7938,28)),V(v(0,0),v(1152,0))),T(P(p(1458,27),p(2034,27)),V(v(0,0),v(2304,0)))),V(v(-18,-13),v(0,0),v(6,-9),v(6,-4),v(30,-9),v(30,-4),v(54,-17),v(78,-8),v(78,-6),v(78,-3),v(102,-8),v(102,-6)))
T(P(T(P(T(P(p(378,29),p(954,29)),V(v(0,0),v(1224,-1)))),V(v(0,0),v(2304,0)))),V(v(-18,-14),v(0,0),v(6,-10),v(6,-5),v(30,-5),v(78,-2),v(126,1),v(150,-8),v(150,-3),v(222,0),v(246,0),v(294,-1),v(438,-5),v(462,-5),v(798,0),v(1014,-5),v(1086,-6),v(1134,0),v(1224,-2),v(1254,-8),v(1278,-12),v(1278,7),v(1326,1),v(1398,0),v(1446,-5),v(1950,0),v(1974,0),v(2526,0),v(2550,0),v(8430,-9)))
T(P(T(P(p(1488,18),p(2064,18)),V(v(0,0),v(1344,6),v(2304,0),v(3648,6),v(8688,6))),T(P(p(1104,24)),V(v(0,0)))),V(v(-144,5),v(-24,3),v(0,0),v(48,6),v(96,11),v(120,5),v(168,-1),v(210,17),v(216,-1),v(288,-5)))
T(P(T(P(T(P(p(1821,34),p(1845,34)),V(v(0,0),v(576,0)))),V(v(0,0),v(2232,1)))),V(v(-1293,-8),v(-1149,-6),v(-1005,-10),v(-213,-16),v(-213,-11),v(0,0),v(3,-6),v(1011,-8),v(1155,-6),v(1299,-10),v(2091,-13),v(2667,-13),v(4107,-11),v(4323,-12),v(4611,-13),v(4683,-11),v(5979,-11),v(6267,-12),v(6339,-10),v(6411,-16),v(6411,-11),v(8427,-11)))
T(P(T(P(p(1797,34),p(1821,34)),V(v(0,0),v(576,0),v(720,-3)))),V(v(-1413,-5),v(-1269,-8),v(-1269,-3),v(-981,-10),v(-333,-13),v(-48,1),v(-21,-5),v(0,0),v(24,0),v(27,-6),v(891,-5),v(1035,-8),v(1035,-3),v(1323,-10),v(1971,-13),v(2256,1),v(2283,-5),v(2304,0),v(2328,0),v(2331,-6),v(3195,-5),v(3339,-8),v(3339,-3),v(4563,-15),v(4563,-8),v(4707,-13),v(4923,-12),v(5859,-11),v(6003,-11),v(6363,-10),v(6651,-11),v(8235,-5),v(8379,-8),v(8379,-3),v(8595,-9),v(8595,-6),v(8883,-11),v(9027,-11),v(9171,-11),v(9459,-11),v(9819,-12),v(9891,-9),v(9963,-9),v(10107,-10)))
T(P(T(P(p(1749,35),p(1773,35)),V(v(0,0),v(576,0),v(792,-4))),T(P(p(1965,32)),V(v(0,0)))),V(v(-1005,-10),v(0,0),v(3,-6),v(1299,-10),v(2304,0),v(2307,-6),v(4971,-13),v(5763,-13),v(6051,-12),v(6483,-12),v(8715,-11),v(9003,-9),v(9363,-5),v(9795,-12),v(10155,-11)))
T(P(T(P(p(522,31),p(1098,31)),V(v(0,0),v(1176,4),v(1200,4)))),V(v(-162,-16),v(-90,-17),v(0,0),v(174,-8),v(1086,-8),v(1230,-6),v(1278,-2),v(2142,-16),v(2214,-17),v(2304,0),v(2478,-8),v(3390,-8),v(3534,-6),v(3582,-2),v(4446,-6),v(4734,-12),v(4806,-19),v(5886,-11),v(8430,-8),v(9702,-15),v(9918,-16),v(10566,-16),v(10638,-16),v(10782,-16)))
T(P(T(P(p(180,27),p(204,27)),V(v(0,0),v(72,0),v(144,1)))),V(v(-144,-1),v(0,0),v(1068,-4),v(3372,-4),v(7044,-5),v(7116,-9),v(7404,-9),v(7620,-4),v(7692,-8),v(8268,-9),v(8268,-7),v(8556,-9),v(8772,-4),v(8844,-8),v(10716,-4),v(10932,-5),v(11004,-2),v(11508,-5),v(11580,-2),v(12084,-8),v(12084,-6),v(12372,-8),v(12372,-2),v(12804,-6)))
T(P(T(P(p(180,27),p(204,27)),V(v(0,0),v(72,0),v(288,3)))),V(v(0,0),v(1356,-6),v(1932,-6),v(2724,-4),v(3660,-6),v(4236,-6),v(5028,-4),v(6252,-8),v(6252,-1),v(6756,-8),v(6828,-8),v(7548,-8),v(7620,-8),v(8124,-9),v(8700,-8),v(8772,-8),v(10068,-4),v(10932,-7),v(10932,-5),v(11076,-7),v(11364,-5),v(11508,-5),v(11652,-7),v(11940,-8),v(12012,-8),v(12372,-6),v(12516,-7),v(12660,-8),v(12732,-8)))
T(P(T(P(p(1128,26),p(1200,23)),V(v(0,0),v(48,3),v(144,2))),T(P(p(1200,23),p(1272,23)),V(v(0,0),v(72,-4),v(72,0),v(72,5))),T(P(p(936,25),p(984,29)),V(v(0,0),v(288,-6))),T(P(p(900,27),p(1056,28),p(1212,32),p(1224,29),p(1368,29),p(3192,26)),V(v(0,0)))),V(v(0,0),v(2304,0),v(4608,0),v(5208,-3),v(5784,-3),v(9648,0)))
T(P(T(P(p(576,35),p(696,40),p(720,35)),V(v(0,0),v(576,0)))),V(v(0,0),v(816,-11),v(864,-21),v(912,-17),v(3120,-11),v(3168,-21),v(3216,-17),v(5232,-12),v(5760,-19),v(5760,-12),v(5808,-19),v(5808,-14),v(5808,-12),v(5832,-19),v(5832,-12),v(5856,-12),v(6960,-17),v(7536,-17),v(10344,-16),v(10440,-20),v(10512,-20),v(10560,-10),v(10656,-20),v(10680,-10),v(10704,-15),v(10728,-20),v(10920,-16),v(11784,-16)))
T(P(T(P(p(1976,32),p(3296,30),p(3440,32)),V(v(0,0),v(2304,0))),T(P(p(9536,33),p(10640,30),p(10784,32)),V(v(0,0)))),V(v(-56,-5),v(-8,-6),v(-8,-1),v(0,0),v(8,-1),v(16,-2),v(88,0),v(2224,-11)))
T(P(T(P(p(1464,21),p(1488,21)),V(v(0,0),v(72,-2))),T(P(p(666,33),p(672,33),p(1800,14),p(1872,14),p(1896,18),p(2112,19)),V(v(0,0)))),V(v(0,0),v(576,0),v(2304,0),v(2880,0),v(4680,8),v(5256,8),v(9720,1),v(10296,1)))
T(P(p(6336,20),p(6912,20),p(6984,20),p(7056,20),p(7056,25),p(7128,22)),V(v(0,0),v(24,1),v(1176,-2),v(1200,-2),v(1248,-2),v(1272,-2),v(1320,-2),v(1344,-2),v(2328,-2),v(2400,-2),v(2466,7),v(2472,7),v(2496,6),v(2508,5),v(4200,5),v(4776,5),v(5136,-1),v(5160,-1)))
T(P(T(P(p(6132,30),p(6276,30)),V(v(0,0),v(576,0))),T(P(p(6780,35)),V(v(0,0)))),V(v(-5532,-7),v(-3228,-7),v(-924,-7),v(-348,-7),v(-324,-7),v(0,-7),v(0,0),v(12,-8),v(12,-1),v(204,-10),v(204,-5),v(228,-14),v(228,-9),v(228,-7),v(252,-14),v(252,-9),v(252,-7),v(276,-10),v(300,-9),v(300,-7),v(1548,-7),v(4116,-7),v(4980,-10),v(5004,-10),v(5052,-10),v(5076,-10),v(5196,-6),v(5964,-15)))
T(P(p(1976,32),p(1984,31),p(1992,30),p(2016,23),p(2040,18),p(2064,23),p(2112,19)),V(v(0,0),v(2304,0),v(5232,-5),v(5520,-5),v(5808,-4),v(6096,-5),v(6672,-5),v(6960,-4)))
T(P(T(P(p(6708,23),p(6708,30)),V(v(0,0),v(144,0))),T(P(p(6276,30)),V(v(0,0)))),V(v(-348,-7),v(-348,-2),v(-324,-7),v(-324,-2),v(-84,3),v(-60,4),v(-24,1),v(-12,2),v(0,0),v(12,-1),v(204,-7),v(228,-7),v(228,-4),v(228,-2),v(252,-7),v(252,-4),v(252,-2),v(276,-7),v(300,-4),v(2724,-16)))
T(P(T(P(p(1458,27),p(1530,26)),V(v(0,0),v(576,0))),T(P(p(2034,28),p(2178,28)),V(v(0,0)))),V(v(0,0),v(18,0),v(894,2),v(1446,2),v(2304,0),v(2322,0),v(3198,2),v(3750,2),v(8238,2),v(8790,2)))
T(P(T(P(p(1080,17),p(1536,19)),V(v(0,0),v(1152,0))),T(P(p(1656,17),p(1944,17),p(3192,25)),V(v(0,0)))),V(v(-48,4),v(0,0),v(2256,4),v(2304,0),v(6408,9),v(6416,10),v(6424,9),v(6432,8)))
T(P(T(P(p(0,33),p(48,33)),V(v(0,0),v(288,-2))),T(P(p(120,32),p(264,31)),V(v(0,0)))),V(v(0,0),v(1632,-10),v(3936,-10),v(8472,-13),v(12288,-12),v(12312,-12),v(12432,-11),v(12576,-12),v(12600,-12),v(12864,-9),v(12888,-9)))
T(P(T(P(p(900,28),p(1476,28),p(1548,28),p(1620,28)),V(v(0,0),v(576,0))),T(P(p(2796,30)),V(v(0,0)))),V(v(0,0),v(2304,0),v(4332,-5),v(4860,-12),v(9660,-3),v(10332,-13)))
T(P(T(P(p(1797,34),p(1821,34)),V(v(0,0),v(2304,0))),T(P(p(9765,34),p(9933,31)),V(v(0,0)))),V(v(-333,-13),v(-261,-13),v(-69,-5),v(0,0),v(1527,-5),v(1563,-7),v(1683,-7),v(1827,-9)))
T(P(T(P(p(1773,35),p(1797,34)),V(v(0,0),v(144,-2),v(576,0)))),V(v(-69,-5),v(0,0),v(2235,-5),v(2304,0),v(4563,-13),v(9663,-8),v(9675,-8)))
T(P(T(P(p(840,19),p(888,19)),V(v(0,0),v(72,0))),T(P(p(984,18)),V(v(0,0)))),V(v(-768,13),v(0,0),v(2304,0),v(4608,0),v(5496,4),v(5568,4),v(6072,4),v(6144,4),v(9648,0),v(11412,11),v(11700,11)))
T(P(p(984,18),p(1416,18),p(1824,19),p(2112,19),p(2712,18)),V(v(0,0),v(2304,0),v(5544,8),v(9576,1),v(10488,6),v(10512,6),v(10548,11),v(10560,11)))
T(P(p(624,35),p(1056,28),p(1200,35),p(2136,33)),V(v(0,0),v(1032,-18),v(2304,0),v(3336,-18),v(5304,-12),v(5328,-12),v(5856,-6),v(7464,-10),v(10548,-4),v(10560,-4),v(11136,-4)))
T(P(p(552,26),p(792,30),p(1080,30),p(1296,42),p(1848,19)),V(v(0,0),v(2304,0),v(4608,0),v(7728,-12),v(9648,0),v(11256,-11)))
T(P(p(924,25),p(1068,27),p(1458,28),p(2034,28)),V(v(0,0),v(30,4),v(174,6),v(2304,0),v(2334,4),v(2478,6),v(4782,6),v(9792,2)))
T(P(p(1848,24),p(2136,24),p(3288,24),p(4317,29)),V(v(0,0),v(5448,5),v(5520,3),v(5544,2),v(5568,2)))
T(P(p(828,29),p(3600,35),p(5352,34)),V(v(0,0),v(0,7),v(5424,-5),v(7116,-8),v(7272,-3)))
T(P(p(144,32),p(624,27),p(696,33),p(768,30)),V(v(0,0),v(12552,-3)))
T(P(p(3160,27),p(6420,22),p(6564,27)),V(v(0,0),v(3044,8)))
T(P(T(P(p(7656,20),p(7680,20)),V(v(0,0),v(144,5),v(1296,5),v(1440,1),v(1848,-6),v(2013,14),v(3168,7),v(5040,4),v(5088,4),v(5088,6),v(5472,4),v(5496,-3),v(5544,-3))),T(P(p(6456,16),p(7032,16)),V(v(0,0),v(1032,-3),v(2184,-3),v(2472,-2),v(4650,14),v(4704,14),v(4848,13),v(4860,11),v(6276,11),v(6312,10))),T(P(p(1416,20),p(3720,20)),V(v(0,0),v(144,13),v(477,13),v(504,-2),v(576,-7),v(576,5),v(600,9),v(6768,9))),T(P(p(6120,25),p(6408,25)),V(v(0,0),v(1080,-12),v(3336,4),v(6192,8),v(6324,2),v(6360,1),v(6624,1))),T(P(p(6024,26),p(6024,33)),V(v(0,0),v(48,1),v(96,-1),v(3480,-19),v(3624,-19),v(7128,-9))),T(P(p(6996,22),p(7140,27)),V(v(0,0),v(660,-2),v(684,-2),v(1836,-2),v(2454,7),v(2496,5))),T(P(p(8064,13),p(8424,14)),V(v(0,0),v(504,13),v(1224,0),v(4728,10))),T(P(p(552,22),p(1416,20)),V(v(0,0),v(7728,7),v(11316,7),v(11760,-3))),T(P(p(864,15),p(7488,13)),V(v(0,0),v(4656,8),v(5340,13),v(5712,4))),T(P(p(408,20),p(1416,20)),V(v(0,0),v(8040,9),v(10992,9))),T(P(p(2016,29),p(7872,30)),V(v(0,0),v(1704,-9),v(4392,1))),T(P(p(7776,14),p(9216,13)),V(v(0,0),v(0,13),v(4116,13))),T(P(p(-24,26),p(600,26)),V(v(0,0),v(12096,-2))),T(P(p(4320,29),p(6108,31)),V(v(0,0),v(5280,-2))),T(P(p(5904,35),p(10944,35)),V(v(0,0),v(1872,-8))),T(P(p(792,37),p(840,28),p(852,27),p(1320,30),p(2013,29),p(7176,26),p(8352,7),p(9336,29),p(9472,29),p(9672,23),p(9672,27),p(9888,25),p(10512,15),p(11520,30),p(11664,29),p(12792,25),p(12960,12),p(13032,10)),V(v(0,0)))),V(v(0,0)))

numberOfNotes 2075
tatumsPerBar null
barOneStartsAt null
compressionRatio 1.8012152777777777
runningTime 185418
encodingLength 1152
encodingLengthWithoutResidualPointSet 1012
numberOfResidualPoints 140
percentageOfResidualPoints 6.746987951807229
compressionRatioWithoutResidualPointSet 1.9120553359683794
title mazurka24-4.txt
numberOfTECs 47
inputFilePath D:\Source\Repos\omnisia\Points\RecurSIA-RRT-experiment\JKU-PDD\JKUPDD-noAudio-Aug2013\groundTruth\chopinOp24No4\polyphonic\lisp\mazurka24-4.txt
outputFilePath D:\Source\Repos\omnisia\Points\RecurSIA-RRT-experiment\JKU-PDD\JKUPDD-noAudio-Aug2013\matlab\pattDiscOut\ReSIATECCompressBB-RRT\chop_mazurka24-4_ReSIATECCompressBB-RRT.out
logFilePath null
outputFileExtension RecurSIA
isDiatonic true
withoutChannel10 false
encoderName com.chromamorph.points022.RecurSIAEncoding
forMirex true
mode BB
topNPatterns 0
