T(P(T(P(T(P(p(288,33),p(300,34)),V(v(0,0),v(72,0)))),V(v(0,0),v(36,-3),v(60,-1))),T(P(p(264,31),p(282,32),p(312,32),p(384,32)),V(v(0,0)))),V(v(0,-9),v(0,0),v(864,-9),v(864,0),v(2160,-9),v(2160,0),v(3600,-9),v(3600,0),v(10368,-9),v(10368,0),v(11664,-9),v(11664,0)))
T(P(T(P(p(5160,33),p(5166,34),p(5172,33),p(5178,31)),V(v(0,0),v(72,2))),T(P(p(5160,33),p(5184,32),p(5208,30)),V(v(0,0),v(72,-8))),T(P(p(5160,22),p(5184,23),p(5208,25)),V(v(0,0),v(72,13))),T(P(p(5172,26),p(5196,26)),V(v(0,0),v(36,-1),v(48,0),v(72,0))),T(P(p(4608,29),p(5088,25)),V(v(0,0)))),V(v(0,0),v(144,0),v(1152,0),v(1296,0),v(2880,-4),v(3024,-4),v(4608,-4),v(4752,-4)))
T(P(T(P(p(4608,25),p(4632,25),p(4656,25)),V(v(0,0),v(0,2),v(12,-3),v(72,1),v(84,-3))),T(P(p(4590,30),p(4596,29)),V(v(0,0),v(12,-2))),T(P(p(4584,29),p(4608,29),p(4650,29),p(4752,25),p(4872,24)),V(v(0,0)))),V(v(0,0),v(144,0),v(1152,0),v(1296,0),v(2880,0),v(3024,0),v(4608,0),v(4752,0)))
T(P(T(P(p(4608,25),p(4632,25),p(4656,25)),V(v(0,0),v(0,2),v(72,1),v(144,0))),T(P(p(4920,36),p(4944,33)),V(v(0,0),v(8,-1),v(16,-2),v(96,-12))),T(P(p(4680,28),p(4800,34),p(4824,24),p(4848,35)),V(v(0,0)))),V(v(0,0),v(72,1),v(1152,0),v(1224,1),v(2880,0),v(2952,1),v(4608,0),v(4680,1)))
T(P(T(P(p(696,29),p(714,28),p(720,28)),V(v(0,0),v(0,2),v(72,0))),T(P(p(600,21),p(624,20),p(624,25)),V(v(0,0),v(24,1),v(168,8))),T(P(p(444,36),p(468,34)),V(v(0,0),v(12,-1),v(48,-4),v(60,-5),v(96,-7),v(276,-8))),T(P(p(576,30),p(594,31),p(600,26)),V(v(0,0),v(192,2))),T(P(p(576,30),p(600,23)),V(v(0,0),v(24,-7),v(72,-11))),T(P(p(552,28),p(600,16),p(816,19)),V(v(0,0)))),V(v(0,0),v(864,0),v(2160,3),v(3600,3),v(10368,0),v(11664,3)))
T(P(T(P(p(4608,27),p(4608,29)),V(v(0,0),v(72,-1),v(96,-1),v(240,-3))),T(P(p(4632,27),p(4680,28)),V(v(0,0),v(240,8))),T(P(p(4584,29),p(4878,36),p(4884,35),p(4928,35),p(4936,34)),V(v(0,0)))),V(v(0,0),v(168,-2),v(1152,0),v(1320,-2),v(2880,0),v(3048,-2),v(4608,0),v(4776,-2)))
T(P(T(P(T(P(p(360,24),p(360,33)),V(v(0,0),v(12,1)))),V(v(0,0),v(36,-3),v(60,-1))),T(P(p(-24,31),p(-6,32)),V(v(0,0),v(792,1))),T(P(p(216,24),p(336,22)),V(v(0,0),v(156,10))),T(P(p(48,24),p(192,25),p(336,31),p(384,23),p(384,32),p(792,33)),V(v(0,0)))),V(v(0,0),v(864,0),v(2088,0),v(3528,0),v(10368,0),v(11592,0)))
T(P(T(P(T(P(p(288,24),p(300,25)),V(v(0,0),v(72,0)))),V(v(0,0),v(36,-3),v(60,-1))),T(P(p(24,24),p(48,24)),V(v(0,0),v(144,2),v(144,6))),T(P(p(216,29),p(264,22),p(282,23),p(312,23),p(384,23),p(624,16)),V(v(0,0)))),V(v(0,0),v(864,0),v(2160,9),v(3600,9),v(10368,0),v(11664,9)))
T(P(T(P(T(P(p(4644,22),p(4668,22),p(4692,22)),V(v(0,0),v(48,0))),T(P(p(4656,25)),V(v(0,0)))),V(v(0,0),v(144,0))),T(P(p(4704,26),p(4704,31),p(4752,27),p(4764,22),p(4848,35),p(4872,24),p(4872,35),p(4878,36)),V(v(0,0)))),V(v(0,0),v(1152,0),v(2256,0),v(2880,0),v(3984,0),v(4608,0)))
T(P(p(1560,31),p(3000,31),p(4704,31),p(5856,31),p(7584,31),p(9312,31),p(11064,31)),V(v(0,0),v(144,-5),v(144,4),v(192,-6),v(192,3),v(240,-18),v(240,-11),v(264,-17),v(264,-10),v(264,-1),v(408,-4),v(1224,-6)))
T(P(T(P(p(408,22),p(408,31)),V(v(0,0),v(12,1))),T(P(p(24,29),p(72,28)),V(v(0,0),v(120,2))),T(P(p(264,22),p(408,22)),V(v(0,0),v(432,9))),T(P(p(48,29),p(72,26),p(288,33),p(492,32),p(528,29),p(744,26),p(912,29)),V(v(0,0)))),V(v(0,0),v(864,0),v(2040,2),v(3480,2),v(10368,0),v(11544,2)))
T(P(T(P(p(2604,39),p(4044,39),p(12108,39)),V(v(0,0),v(24,-2)))),V(v(-876,-9),v(-876,-7),v(-828,-10),v(-828,-8),v(-804,-10),v(-804,-7),v(-684,-8),v(-660,-10),v(-648,-11),v(-564,-8),v(-540,-8),v(-420,-6),v(0,0),v(12,-1),v(48,-4),v(60,-5),v(96,-7),v(276,-8),v(372,-17),v(420,-21)))
T(P(T(P(p(1776,31),p(3216,31),p(11280,31)),V(v(0,0),v(24,1)))),V(v(-72,-2),v(-72,0),v(-24,-3),v(-24,-1),v(0,0),v(24,-18),v(24,-11),v(24,-2),v(48,-17),v(48,-10),v(48,-1),v(120,-1),v(144,-13),v(216,-2),v(240,-10),v(240,-1),v(288,-13),v(312,-2),v(432,0),v(576,4),v(984,-7),v(1008,-8),v(1008,-3),v(1080,1),v(1152,4),v(1224,0)))
T(P(T(P(p(4620,22),p(4692,22)),V(v(0,0),v(24,0),v(120,0))),T(P(p(4656,32)),V(v(0,0)))),V(v(0,0),v(24,0),v(600,4),v(876,0),v(1152,0),v(1176,0),v(1752,4),v(2028,0),v(2880,0),v(2904,0),v(3480,0),v(3756,3),v(4608,0),v(4632,0),v(5208,0),v(5484,3)))
T(P(T(P(p(4902,35),p(4908,34)),V(v(0,0),v(144,-1))),T(P(p(4872,24),p(4872,35),p(4944,20),p(5040,21)),V(v(0,0)))),V(v(0,0),v(624,-2),v(1152,0),v(1776,-2),v(2880,0),v(3504,1),v(4608,0),v(5232,1)))
T(P(T(P(p(4944,33),p(4952,32)),V(v(0,0),v(16,-2))),T(P(p(4608,25),p(4632,25),p(4848,26),p(4968,21),p(5016,22)),V(v(0,0)))),V(v(0,0),v(120,4),v(1152,0),v(1272,4),v(2880,0),v(3000,4),v(4608,0),v(4728,4)))
T(P(T(P(p(0,30),p(24,29)),V(v(0,0),v(312,-7),v(624,-8))),T(P(p(408,31),p(552,28),p(624,16),p(648,19),p(648,26),p(672,12)),V(v(0,0)))),V(v(0,0),v(864,0),v(2448,3),v(3888,3),v(10368,0),v(11952,3)))
T(P(p(1248,32),p(2688,32),p(6984,31),p(8712,31),p(10752,32)),V(v(0,0),v(480,-2),v(504,-4),v(504,-2),v(576,-5),v(600,-3),v(648,-2),v(720,-5),v(912,-9),v(936,-10),v(1068,-9),v(1128,-10),v(1200,-13),v(1248,-10),v(1260,-9),v(1356,7),v(1368,6),v(1380,5),v(1512,-6)))
T(P(T(P(p(5664,24),p(5670,23)),V(v(0,0),v(12,-2))),T(P(p(5616,22),p(5619,23)),V(v(0,0),v(3,1)))),V(v(0,0),v(0,9),v(1152,0),v(1152,9),v(2880,3),v(2880,12),v(4608,3),v(4608,12)))
T(P(T(P(p(120,32),p(144,31)),V(v(0,0),v(24,-1),v(72,-2))),T(P(p(48,26),p(138,33),p(156,30),p(336,31),p(540,29)),V(v(0,0)))),V(v(0,0),v(864,0),v(2016,-8),v(3456,-8),v(10368,0),v(11520,-8)))
T(P(T(P(p(1728,18),p(1752,18),p(1776,17)),V(v(0,0),v(600,5))),T(P(p(1800,13),p(1824,14)),V(v(0,0),v(24,1))),T(P(p(1704,19)),V(v(0,0)))),V(v(0,0),v(0,16),v(1440,0),v(1440,16),v(9504,0),v(9504,16)))
T(P(T(P(p(1824,27),p(1824,30)),V(v(0,0),v(24,-1))),T(P(p(1248,32),p(1296,33),p(2016,32),p(2082,30),p(2088,19),p(2160,23)),V(v(0,0)))),V(v(0,0),v(936,-1),v(1440,0),v(2376,-1),v(9504,0),v(10440,-1)))
T(P(p(2112,28),p(3552,28),p(4704,28),p(5856,28),p(7584,31),p(9312,31),p(11616,28)),V(v(0,0),v(834,3),v(840,3),v(864,-6),v(960,-9),v(984,-6),v(984,1),v(1008,-13)))
T(P(p(3288,31),p(4440,31),p(6168,34),p(7896,34)),V(v(0,0),v(24,-13),v(96,-2),v(1224,-12),v(1416,-3),v(1440,-5),v(1884,-5),v(2028,-5),v(2160,6),v(2166,5),v(2172,4),v(2178,3),v(2184,3),v(2196,2),v(2208,-14),v(2208,-9),v(2208,2),v(2232,-14),v(2232,-9),v(2232,3),v(2238,2),v(2244,1),v(2250,0),v(2256,0),v(2268,-1),v(2280,-13),v(2280,-9),v(2280,-1),v(2304,-13),v(2304,-9),v(2304,-1),v(2328,-12),v(2328,-9),v(2328,0),v(2331,-8),v(2331,1),v(2334,-7),v(2334,2),v(2376,-12),v(2376,-7),v(2376,2),v(2382,-8),v(2382,1),v(2388,-9),v(2388,0),v(2394,-10),v(2394,-1),v(2400,-9),v(2400,-2),v(2424,-16)))
T(P(T(P(p(5616,22),p(7344,15),p(7344,22)),V(v(0,0),v(1728,0)))),V(v(-4536,7),v(0,0),v(54,1),v(60,0),v(66,-1),v(72,0),v(192,10),v(276,7),v(336,12),v(480,-2),v(504,-1),v(632,11)))
T(P(p(1920,18),p(1968,18),p(1968,27),p(2040,29),p(2058,30),p(2064,18),p(2460,25),p(2484,21),p(2508,23),p(2700,32)),V(v(0,0),v(1440,0),v(5004,4),v(6732,4),v(9504,0)))
T(P(T(P(p(5946,29),p(7248,32),p(7674,29)),V(v(0,0),v(1728,0))),T(P(p(4794,29)),V(v(0,0)))),V(v(-204,1),v(-120,3),v(0,0),v(96,4),v(150,-16),v(150,-9)))
T(P(p(0,30),p(12,29),p(48,26),p(72,25),p(216,26),p(432,24)),V(v(0,0),v(864,0),v(2640,6),v(4080,6),v(10368,0),v(12144,6)))
T(P(T(P(p(6120,14),p(7404,15)),V(v(0,0),v(1728,0)))),V(v(-300,8),v(-204,8),v(-72,20),v(0,0),v(0,7),v(120,7),v(1044,10),v(1092,19)))
T(P(p(2208,33),p(2298,26),p(2376,38),p(2544,32)),V(v(0,0),v(1440,0),v(2442,-4),v(3594,-4),v(5322,-4),v(7050,-4),v(9504,0)))
T(P(p(4960,31),p(5104,27),p(5748,29),p(5820,22)),V(v(0,0),v(1152,0),v(2156,4),v(2880,0),v(3884,4)))
T(P(p(138,33),p(492,32),p(1458,31)),V(v(0,0),v(1566,-4),v(3006,-4),v(4740,3),v(5046,-1),v(5718,-2),v(7446,-2),v(11070,-4)))
T(P(T(P(p(6256,27),p(6912,29)),V(v(0,0),v(1728,0)))),V(v(0,0),v(968,7),v(1040,7)))
T(P(p(4914,32),p(4974,31),p(4980,30),p(5496,17)),V(v(0,0),v(1152,0),v(5154,6)))
T(P(T(P(p(1728,25),p(1776,24),p(1824,32),p(1992,17),p(2232,33),p(3090,28)),V(v(0,0),v(1440,0),v(9504,0))),T(P(p(6192,23),p(7920,23)),V(v(0,0),v(96,8),v(696,1),v(696,6),v(726,7),v(744,2),v(792,4),v(798,9),v(840,1),v(840,10),v(864,10),v(960,3),v(984,-1),v(996,6),v(1008,-7),v(1008,9),v(1044,10),v(1080,9),v(1092,10),v(1116,11),v(1128,12),v(1200,-8),v(1602,9),v(1662,8),v(1668,7),v(1728,0),v(1824,8))),T(P(p(4824,36),p(5040,23),p(5096,26),p(5136,31)),V(v(0,0),v(1152,0))),T(P(p(24,26),p(168,25),p(288,19)),V(v(0,0),v(864,0))),T(P(p(5088,21),p(5096,26)),V(v(0,0),v(4624,6))),T(P(p(1872,18),p(5058,30),p(5112,32),p(9666,30),p(10392,26),p(10656,19),p(11376,18)),V(v(0,0)))),V(v(0,0)))

numberOfNotes 1744
tatumsPerBar null
barOneStartsAt null
compressionRatio 2.650455927051672
runningTime 102655
encodingLength 658
encodingLengthWithoutResidualPointSet 566
numberOfResidualPoints 92
percentageOfResidualPoints 5.275229357798165
compressionRatioWithoutResidualPointSet 2.918727915194346
title sonata04-2.txt
numberOfTECs 35
inputFilePath D:\Source\Repos\omnisia\Points\RecurSIA-RRT-experiment\JKU-PDD\JKUPDD-noAudio-Aug2013\groundTruth\mozartK282Mvt2\polyphonic\lisp\sonata04-2.txt
outputFilePath D:\Source\Repos\omnisia\Points\RecurSIA-RRT-experiment\JKU-PDD\JKUPDD-noAudio-Aug2013\matlab\pattDiscOut\ReSIATECCompress-RRT\mzrt_sonata04-2_ReSIATECCompress-RRT.out
logFilePath null
outputFileExtension RecurSIA
isDiatonic true
withoutChannel10 false
encoderName com.chromamorph.points022.RecurSIAEncoding
forMirex true
mode Raw
topNPatterns 0
