T(P(p(264,22),p(282,23),p(288,24),p(300,25),p(312,23),p(324,21),p(336,22),p(348,23),p(360,24),p(372,25),p(384,23),p(396,21),p(408,22),p(420,23),p(432,24)),V(v(0,0),v(0,9),v(864,0),v(864,9),v(2160,0),v(2160,9),v(3600,0),v(3600,9),v(10368,0),v(10368,9),v(11664,0),v(11664,9)))
T(P(p(552,28),p(624,16),p(624,22),p(648,19),p(648,21),p(648,26),p(672,12)),V(v(0,0),v(864,0),v(2160,3),v(2448,3),v(3600,3),v(3888,3),v(10368,0),v(11664,3),v(11952,3)))
T(P(p(444,36),p(456,35),p(468,34),p(480,33),p(492,32),p(504,31),p(516,30),p(528,29),p(540,29),p(564,27),p(576,30),p(594,31),p(600,16),p(600,21),p(600,23),p(600,26),p(624,20),p(624,25),p(696,29),p(696,31),p(714,28),p(714,30),p(720,28),p(720,30),p(744,26),p(768,29),p(768,32),p(786,28),p(786,33),p(792,28),p(792,33),p(816,19)),V(v(0,0),v(864,0),v(2160,3),v(3600,3),v(10368,0),v(11664,3)))
T(P(p(24,26),p(48,26),p(72,26),p(156,30),p(168,26),p(192,26),p(216,26)),V(v(0,0),v(864,0),v(4584,-1),v(4668,-4),v(5196,0),v(5736,-1),v(5820,-4),v(6348,0),v(7464,-1),v(7548,-4),v(8076,-4),v(9192,-1),v(9276,-4),v(9804,-4),v(10368,0)))
T(P(p(1704,29),p(1704,31),p(1728,18),p(1728,25),p(1728,30),p(1752,25),p(1752,28),p(1752,30),p(1776,24),p(1776,29),p(1848,29),p(1944,19),p(1968,27),p(1992,29)),V(v(0,0),v(72,2),v(1440,0),v(1512,2),v(9504,0),v(9576,2)))
T(P(p(-24,31),p(-6,32),p(0,30),p(12,29),p(24,29),p(48,29),p(72,28),p(120,32),p(138,33),p(144,31),p(168,30),p(192,30),p(216,29)),V(v(0,0),v(864,0),v(2160,-7),v(3600,-7),v(10368,0),v(11664,-7)))
T(P(p(5616,22),p(5619,23),p(5622,24),p(5664,24),p(5670,23),p(5676,22),p(5682,21)),V(v(0,0),v(0,9),v(1152,0),v(1152,9),v(2880,3),v(2880,12),v(4608,3),v(4608,12)))
T(P(p(4584,29),p(4608,29),p(4680,28),p(4704,28),p(4704,31),p(4728,29),p(4752,29),p(4848,26),p(5088,34)),V(v(0,0),v(24,-2),v(1152,0),v(1176,-2),v(2880,0),v(2904,-2),v(4608,0),v(4632,-2)))
T(P(p(1728,32),p(2016,30),p(2058,28),p(2082,30),p(2088,29),p(2112,28),p(2184,31),p(2208,31),p(2376,36)),V(v(0,0),v(0,2),v(1440,0),v(1440,2),v(9504,0),v(9504,2)))
T(P(p(4920,36),p(4928,35),p(4936,34),p(4992,37),p(5000,36),p(5064,37),p(5072,36)),V(v(0,0),v(8,-1),v(32,-4),v(1152,0),v(1160,-1),v(1184,-4),v(2880,0),v(2888,-1),v(2912,-4),v(4608,0),v(4616,-1),v(4640,-4)))
T(P(p(4656,27),p(4680,26),p(5808,27),p(5832,26),p(7536,27),p(7560,26),p(9264,27),p(9288,26)),V(v(0,0),v(168,9),v(216,-1),v(216,8),v(222,9),v(228,8),v(234,6),v(360,-5),v(360,-3),v(360,7),v(456,0)))
T(P(p(5166,34),p(5172,26),p(5238,36),p(5310,34),p(5316,26),p(5382,36)),V(v(0,0),v(12,-3),v(1152,0),v(1164,-3),v(2880,-4),v(2892,-7),v(4608,-4),v(4620,-7)))
T(P(p(5952,27),p(5952,34),p(7680,27),p(7680,34)),V(v(0,0),v(144,-14),v(168,-13),v(948,-5),v(1224,-5),v(1248,-11),v(1392,-12),v(1440,-12),v(1446,-11),v(1452,-12),v(1458,-13),v(1464,-12),v(1728,0),v(1872,-14),v(1896,-13),v(2616,-2)))
T(P(p(4620,22),p(4644,22),p(4656,32),p(4764,22),p(4788,22)),V(v(0,0),v(24,0),v(588,3),v(1152,0),v(1176,0),v(1740,3),v(2880,0),v(2904,0),v(3468,-1),v(4608,0),v(4632,0),v(5196,-1)))
T(P(p(6888,29),p(6948,22),p(6960,31),p(7032,33),p(7044,22)),V(v(0,0),v(24,0),v(84,2),v(1728,0),v(1752,0),v(1812,2)))
T(P(p(5496,17),p(5496,22),p(5568,18),p(5568,22),p(5568,30)),V(v(0,0),v(24,0),v(1152,0),v(1176,0),v(2880,3),v(2904,3),v(4608,3),v(4632,3)))
T(P(p(5172,33),p(5184,32),p(5232,35),p(5256,36)),V(v(0,0),v(144,0),v(1152,0),v(1296,0),v(2076,-1),v(2880,-4),v(3024,-4),v(3804,-1),v(4608,-4),v(4752,-4)))
T(P(p(5976,24),p(6000,24),p(7704,24),p(7728,24)),V(v(0,0),v(936,1),v(1008,3),v(1020,-2),v(1080,1),v(1116,-2),v(1128,11),v(1140,-2),v(1236,9),v(1728,0),v(2184,-6)))
T(P(p(5742,30),p(5754,28),p(7470,30),p(7482,28)),V(v(0,0),v(144,0),v(1410,-4),v(1728,0),v(1872,0),v(2586,10),v(2592,9),v(2658,7),v(2664,6)))
T(P(p(1704,19),p(1752,18),p(1872,18),p(2040,22)),V(v(0,0),v(192,11),v(1440,0),v(1632,11),v(9504,0),v(9696,11)))
T(P(p(5160,22),p(5160,33),p(5196,26),p(5256,24),p(5280,38)),V(v(0,0),v(144,0),v(1152,0),v(1296,0),v(2880,-4),v(4608,-4)))
T(P(p(4596,29),p(4650,29),p(4674,32),p(4728,28),p(4794,29),p(4818,34),p(4974,31),p(4980,30),p(4986,28),p(5046,34),p(5052,33),p(5058,30),p(5088,21),p(5088,25),p(5096,26),p(5104,27),p(5112,22),p(5136,31)),V(v(0,0),v(1152,0),v(2880,0),v(4608,0)))
T(P(p(5472,34),p(5484,33),p(5496,33),p(5544,31),p(5556,30),p(5616,19),p(5664,19),p(5712,15)),V(v(0,0),v(1152,0),v(2880,3),v(4608,3)))
T(P(p(24,24),p(48,24),p(72,25),p(168,25),p(192,25),p(216,24),p(288,19)),V(v(0,0),v(864,0),v(10368,0)))
T(P(p(1704,26),p(3144,26),p(11208,26)),V(v(0,0),v(0,9),v(48,8),v(72,-9),v(96,-13),v(96,3),v(120,-12),v(120,-5),v(144,-11),v(144,-4),v(216,-8),v(252,2),v(264,-8),v(276,0),v(288,-9),v(336,5),v(360,-8),v(384,-7),v(528,6),v(612,-3),v(624,9),v(624,13),v(648,9),v(648,13),v(744,-7),v(1296,-6),v(1314,3),v(1320,-8),v(1320,1),v(1320,6),v(1344,-10),v(1368,4),v(1386,2)))
T(P(p(5448,37),p(5454,36),p(5460,35),p(5466,34)),V(v(0,0),v(72,-3),v(1152,0),v(1224,-3)))
T(P(p(5208,30),p(5292,26),p(5388,35),p(5424,22)),V(v(0,0),v(1152,0),v(2880,-4),v(4608,-4)))
T(P(p(6918,30),p(6990,32),p(7200,32)),V(v(0,0),v(144,4),v(1728,0),v(1872,4)))
T(P(p(6888,24),p(8616,24)),V(v(0,0),v(36,-2),v(72,2),v(216,-1),v(300,5),v(336,10),v(384,8),v(396,9),v(408,10),v(432,11),v(1296,5),v(1332,-2),v(1392,-4),v(1416,10)))
T(P(p(4800,27),p(4800,34)),V(v(0,0),v(144,-14),v(168,-13),v(888,-5),v(2040,-5)))
T(P(p(4590,30),p(4734,30)),V(v(0,0),v(12,-2)))
T(P(p(4824,24),p(4848,24),p(5280,22),p(6432,22)),V(v(0,0)))

numberOfNotes 1744
tatumsPerBar null
barOneStartsAt null
compressionRatio 3.7264957264957266
runningTime 175450
encodingLength 468
encodingLengthWithoutResidualPointSet 464
numberOfResidualPoints 4
percentageOfResidualPoints 0.22935779816513763
compressionRatioWithoutResidualPointSet 3.75
title sonata04-2.txt
numberOfTECs 32
inputFilePath D:\Source\Repos\omnisia\Points\RecurSIA-RRT-experiment\JKU-PDD\JKUPDD-noAudio-Aug2013\groundTruth\mozartK282Mvt2\polyphonic\lisp\sonata04-2.txt
outputFilePath D:\Source\Repos\omnisia\Points\RecurSIA-RRT-experiment\JKU-PDD\JKUPDD-noAudio-Aug2013\matlab\pattDiscOut\COSIARTECSegment\mzrt_sonata04-2_COSIARTECSegment.out
logFilePath null
outputFileExtension cos
isDiatonic true
withoutChannel10 false
encoderName com.chromamorph.points022.COSIATECEncoding
forMirex true
mode Segment
topNPatterns 0
