T(P(p(601,24),p(602,25),p(607,25),p(608,26),p(739,24),p(740,25),p(745,25),p(746,26)),V(v(0,0),v(2,-1),v(4,1),v(6,1),v(8,0),v(10,2),v(24,0),v(26,-1),v(28,1),v(36,2),v(38,3),v(40,5),v(42,5),v(50,3),v(50,5),v(52,7),v(52,10),v(54,5),v(59,7),v(63,5),v(90,3),v(92,2),v(94,4),v(96,4),v(114,-11),v(116,-12),v(118,-10),v(120,-10)))
T(P(p(480,28),p(481,27),p(482,28),p(483,26),p(484,27),p(485,28),p(486,29),p(487,28)),V(v(0,0),v(6,1),v(24,-14),v(30,-13),v(60,0),v(66,1),v(84,-14),v(90,-13),v(120,-3),v(126,-2),v(144,-3),v(150,-2),v(156,-1),v(162,0),v(162,2),v(168,1),v(168,3),v(174,2),v(174,4),v(174,7),v(210,0),v(216,1),v(234,-14),v(240,-13),v(258,-3),v(264,-2),v(282,-3),v(288,-2),v(294,-1),v(300,0),v(300,2),v(306,1),v(306,3),v(312,2),v(312,4),v(312,7),v(348,0),v(354,1),v(372,-14),v(378,-13)))
T(P(p(8,21),p(8,26),p(12,22),p(12,25),p(14,19),p(14,21),p(14,26)),V(v(0,0),v(24,2),v(52,2),v(64,2),v(84,0),v(108,2),v(136,2),v(148,2),v(184,3),v(196,3),v(202,3),v(208,3),v(280,7),v(292,0),v(340,3),v(352,3),v(358,3),v(364,3),v(436,7),v(448,0),v(876,0),v(900,2),v(928,2),v(940,2),v(976,3),v(988,3),v(994,3),v(1000,3),v(1072,7),v(1084,0)))
T(P(p(2,22),p(8,21),p(10,21),p(10,23),p(10,26),p(12,20),p(12,22),p(12,25),p(20,28),p(40,22),p(40,25),p(42,21)),V(v(0,0),v(24,2),v(84,0),v(108,2),v(264,0),v(420,0),v(876,0),v(900,2),v(1056,0)))
T(P(p(0,24),p(12,20),p(16,23),p(22,25),p(22,30),p(24,26),p(24,31),p(26,24),p(26,29),p(30,25),p(30,30),p(32,23),p(32,28),p(34,21),p(34,23),p(36,22),p(40,22),p(42,21),p(42,23),p(46,23),p(46,25),p(46,28),p(48,22),p(48,24),p(48,27),p(56,30),p(66,28),p(70,34),p(71,33),p(72,18),p(72,23),p(72,28),p(76,18),p(76,24),p(76,27),p(76,29),p(78,21),p(78,23),p(78,28)),V(v(0,0),v(84,0),v(228,-2),v(384,-2),v(876,0),v(1020,-2)))
T(P(p(-2,23),p(0,24),p(2,22),p(6,23),p(8,21),p(10,21),p(16,20),p(18,21)),V(v(0,0),v(24,2),v(84,0),v(108,2),v(252,0),v(264,14),v(276,12),v(408,0),v(420,14),v(432,12),v(876,0),v(900,2),v(1044,0),v(1056,14),v(1068,12)))
T(P(p(118,23),p(124,22),p(274,23),p(280,22),p(910,23),p(916,22)),V(v(0,0),v(50,8),v(50,10),v(52,-1),v(52,6),v(52,8),v(54,1),v(62,9),v(62,11),v(64,0),v(64,7),v(64,9),v(66,2),v(72,3),v(102,2),v(130,0),v(132,0),v(132,5),v(134,1),v(134,6),v(136,4),v(142,-2),v(144,-2),v(144,14),v(146,-3),v(146,15),v(148,-1),v(148,13),v(150,-1),v(150,13),v(152,-2),v(154,0),v(156,0),v(156,3),v(158,2),v(158,13),v(160,11),v(162,11),v(164,1),v(168,1),v(168,10),v(188,-4),v(188,-2),v(194,-3)))
T(P(p(480,28),p(482,28),p(540,28),p(542,28),p(690,28),p(692,28),p(828,28),p(830,28)),V(v(0,0),v(5,0),v(6,1),v(11,1),v(12,2),v(14,2),v(18,0),v(22,0),v(24,-14),v(29,-14),v(30,-13),v(35,-13),v(36,-12)))
T(P(p(-2,23),p(2,22),p(4,19),p(6,23),p(10,19),p(10,21),p(12,20),p(12,25),p(16,20),p(18,23)),V(v(0,0),v(24,2),v(84,0),v(108,2),v(276,3),v(432,3),v(876,0),v(900,2),v(1068,3)))
T(P(p(-2,23),p(-2,28),p(0,24),p(0,29),p(2,22),p(2,27),p(6,23),p(6,28),p(8,21),p(8,26),p(10,19),p(10,21),p(12,20),p(16,20),p(18,19),p(18,21),p(26,24),p(32,28),p(34,28),p(40,29),p(46,32),p(52,22),p(54,21),p(60,18),p(60,23)),V(v(0,0),v(84,0),v(252,0),v(408,0),v(876,0),v(1044,0)))
T(P(p(166,30),p(166,32),p(186,31),p(192,26),p(198,29),p(204,29),p(210,29),p(214,31),p(215,30),p(216,29),p(221,30),p(222,29),p(250,28),p(254,27),p(256,27),p(258,28),p(272,35),p(274,35),p(282,35),p(288,23),p(288,28),p(288,33),p(292,23),p(292,29),p(292,32),p(292,34),p(294,26),p(294,28),p(294,33),p(300,16),p(306,19),p(306,26)),V(v(0,0),v(12,-7),v(156,0),v(168,-7),v(792,0),v(804,-7)))
T(P(p(-2,23),p(4,19),p(10,19),p(10,26),p(12,20),p(20,28),p(24,26),p(24,31),p(34,21),p(40,20),p(40,22),p(42,25),p(46,23),p(48,24),p(50,21),p(50,23),p(52,32),p(54,21),p(54,32),p(60,28)),V(v(0,0),v(84,0),v(232,1),v(388,1),v(876,0),v(1024,1)))
T(P(p(-2,28),p(4,19),p(8,26),p(12,25),p(18,29),p(34,23),p(34,25),p(34,28),p(36,25),p(36,27),p(38,25),p(38,28),p(40,25),p(40,29),p(42,31),p(50,32),p(52,29),p(64,24),p(64,29)),V(v(0,0),v(84,0),v(242,-3),v(398,-3),v(876,0),v(1034,-3)))
T(P(p(8,21),p(14,21),p(16,18),p(16,20),p(22,25),p(32,23),p(34,21),p(46,25),p(50,23),p(50,28),p(52,29),p(54,31),p(60,18),p(72,18),p(76,18),p(98,21),p(98,23)),V(v(0,0),v(84,0),v(206,4),v(362,4),v(876,0),v(998,4)))
T(P(p(170,29),p(176,28),p(176,30),p(178,23),p(182,23),p(182,32),p(196,28),p(208,28),p(222,24),p(227,23),p(227,30),p(229,23),p(229,30),p(236,27),p(248,23),p(252,24),p(264,38),p(270,37),p(292,23),p(304,16)),V(v(0,0),v(14,-4),v(156,0),v(170,-4),v(792,0),v(806,-4)))
T(P(p(30,25),p(36,25),p(42,25),p(46,25),p(50,23),p(54,21)),V(v(0,0),v(84,0),v(184,6),v(185,5),v(186,-3),v(186,4),v(340,6),v(341,5),v(342,-3),v(342,4),v(876,0),v(976,6),v(977,5),v(978,-3),v(978,4)))
T(P(p(483,26),p(485,28),p(491,29),p(543,26),p(545,28),p(551,29),p(693,26),p(695,28),p(831,26),p(833,28)),V(v(0,0),v(1,1),v(9,-8),v(21,2),v(24,-14),v(25,-13),v(30,-13),v(31,-12)))
T(P(p(6,23),p(10,23),p(12,23),p(14,21),p(18,19)),V(v(0,0),v(24,2),v(42,9),v(84,0),v(108,2),v(126,9),v(221,0),v(221,7),v(222,-1),v(222,6),v(377,0),v(377,7),v(378,-1),v(378,6),v(651,7),v(652,6),v(652,8),v(652,11),v(653,7),v(789,7),v(790,6),v(790,8),v(790,11),v(791,7),v(876,0),v(900,2),v(918,9),v(1013,0),v(1013,7),v(1014,-1),v(1014,6)))
T(P(p(641,29),p(642,28),p(643,27),p(779,29),p(780,28),p(781,27)),V(v(0,0),v(1,1),v(6,1),v(7,2),v(12,2),v(13,3),v(18,3),v(19,2),v(19,4),v(19,7),v(20,3),v(22,3),v(22,6),v(23,0),v(23,5),v(25,0),v(26,-1),v(26,1),v(26,4),v(27,-2),v(27,3),v(29,-2),v(64,2),v(66,0),v(87,-13),v(89,-15)))
T(P(p(480,19),p(490,19),p(540,19),p(550,19),p(690,19),p(828,19)),V(v(0,0),v(0,9),v(9,8),v(10,9),v(11,10),v(16,11),v(24,-5),v(28,14),v(29,-5),v(30,-4),v(36,-3),v(42,7)))
T(P(p(16,27),p(30,30),p(46,28),p(50,28),p(52,29),p(54,31),p(72,28),p(120,24)),V(v(0,0),v(84,0),v(192,-8),v(348,-8),v(876,0),v(984,-8)))
T(P(p(196,28),p(198,24),p(202,34),p(203,33),p(204,24),p(220,19)),V(v(0,0),v(156,0),v(290,-4),v(350,-4),v(500,-4),v(638,-4),v(792,0)))
T(P(p(42,23),p(44,30),p(46,23),p(50,21),p(50,28),p(58,22),p(71,33)),V(v(0,0),v(84,0),v(187,0),v(343,0),v(876,0),v(979,0)))
T(P(p(34,23),p(42,21),p(94,23),p(102,21)),V(v(0,0),v(448,-2),v(457,6),v(458,7),v(460,7),v(462,7),v(483,-8),v(485,-9),v(486,-8),v(492,2),v(496,2),v(610,7),v(748,7),v(788,0)))
T(P(p(482,21),p(498,19),p(542,21),p(558,19),p(692,21),p(830,21)),V(v(0,0),v(2,2),v(5,7),v(26,12),v(29,-7),v(30,-6)))
T(P(p(507,12),p(515,15),p(534,9)),V(v(0,0),v(26,12),v(60,0),v(115,21),v(138,16),v(144,15),v(144,17),v(144,20),v(195,6),v(253,21),v(276,16),v(282,15),v(282,17),v(282,20),v(333,6)))
T(P(p(14,23),p(28,14),p(50,23),p(52,20)),V(v(0,0),v(84,0),v(609,12),v(747,12),v(876,0)))
T(P(p(514,33),p(517,15),p(518,16)),V(v(0,0),v(6,-1),v(60,0),v(66,-1),v(206,-2),v(344,-2)))
T(P(p(496,23),p(507,12)),V(v(0,0),v(14,4),v(60,0),v(74,4),v(93,4),v(128,14),v(210,0),v(266,14),v(348,0)))
T(P(p(58,17),p(58,33),p(64,18),p(142,17),p(142,33),p(148,18),p(170,20),p(172,22),p(176,23),p(184,23),p(188,24),p(196,30),p(208,30),p(214,19),p(244,28),p(245,15),p(264,18),p(280,24),p(326,20),p(328,22),p(332,23),p(338,21),p(340,23),p(344,24),p(352,30),p(364,30),p(370,19),p(400,28),p(401,15),p(420,18),p(436,24),p(478,23),p(495,31),p(497,29),p(502,23),p(516,27),p(526,30),p(529,27),p(531,23),p(532,6),p(532,22),p(536,16),p(555,31),p(557,29),p(562,23),p(576,27),p(586,30),p(591,23),p(592,6),p(592,22),p(593,24),p(596,16),p(600,23),p(606,22),p(612,22),p(618,21),p(619,26),p(620,28),p(621,30),p(624,30),p(630,29),p(636,29),p(636,36),p(652,33),p(671,28),p(672,27),p(672,30),p(684,23),p(684,25),p(684,29),p(700,19),p(708,19),p(711,29),p(712,23),p(713,26),p(722,27),p(724,26),p(726,25),p(728,27),p(730,30),p(734,19),p(736,23),p(738,16),p(738,23),p(744,22),p(750,22),p(756,21),p(757,26),p(758,28),p(759,30),p(762,30),p(768,29),p(774,29),p(774,36),p(790,33),p(809,28),p(810,27),p(810,30),p(822,25),p(822,29),p(838,19),p(846,19),p(849,29),p(850,23),p(851,26),p(860,27),p(862,26),p(864,25),p(866,27),p(868,30),p(872,19),p(934,17),p(934,33),p(940,18),p(962,20),p(964,22),p(968,23),p(976,23),p(980,24),p(988,30),p(1000,30),p(1006,19),p(1036,28),p(1037,15),p(1056,18),p(1072,24)),V(v(0,0)))

numberOfNotes 1538
tatumsPerBar null
barOneStartsAt null
compressionRatio 1.9034653465346534
runningTime 53748
encodingLength 808
encodingLengthWithoutResidualPointSet 682
numberOfResidualPoints 126
percentageOfResidualPoints 8.192457737321197
compressionRatioWithoutResidualPointSet 2.070381231671554
title sonata01-3.txt
numberOfTECs 30
inputFilePath D:\Source\Repos\omnisia\Points\RecurSIA-RRT-experiment\JKU-PDD\JKUPDD-noAudio-Aug2013\groundTruth\beethovenOp2No1Mvt3\polyphonic\lisp\sonata01-3.txt
outputFilePath D:\Source\Repos\omnisia\Points\RecurSIA-RRT-experiment\JKU-PDD\JKUPDD-noAudio-Aug2013\matlab\pattDiscOut\SIATECCompress-RRT\beet_sonata01-3_SIATECCompress-RRT.out
logFilePath null
outputFileExtension SIATECCompress
isDiatonic true
withoutChannel10 false
encoderName com.chromamorph.points022.SIATECCompressEncoding
forMirex true
mode Raw
topNPatterns 0
