T(P(T(P(p(888,19),p(912,19)),V(v(0,0),v(0,6),v(12,9),v(24,6),v(72,5),v(72,10),v(144,2))),T(P(p(864,26),p(912,26),p(954,24)),V(v(0,0),v(0,5))),T(P(p(900,27),p(924,25),p(936,15),p(936,28),p(960,19),p(960,22)),V(v(0,0)))),V(v(0,0),v(144,2),v(288,4),v(1872,2),v(2016,4),v(2304,0),v(2448,2),v(2592,4),v(4176,2),v(4320,4),v(4608,0),v(4752,2),v(4896,4),v(9216,2),v(9360,4),v(9648,0),v(9792,2),v(9936,4)))
T(P(T(P(p(7224,25),p(7512,25),p(7800,26),p(8088,25)),V(v(0,0),v(1152,0)))),V(v(0,-7),v(0,0),v(12,1),v(24,-7),v(24,2),v(36,3),v(48,5),v(72,-7),v(96,-7),v(120,-11),v(120,-4),v(138,2),v(144,-7),v(144,-2),v(144,2),v(152,3),v(160,2),v(168,1),v(180,0)))
T(P(T(P(p(408,18),p(984,18)),V(v(0,0),v(2304,0),v(4608,0),v(9648,0)))),V(v(0,0),v(24,-4),v(144,2),v(168,-2),v(288,5),v(288,22),v(312,-6),v(330,16),v(330,23),v(336,5),v(336,10),v(336,16),v(336,23),v(360,10),v(384,-3),v(408,1),v(408,6),v(864,1),v(912,5),v(936,5),v(1416,1),v(1440,1),v(1488,5)))
T(P(T(P(p(1536,19),p(1560,19)),V(v(0,0),v(0,5),v(213,16),v(216,10))),T(P(p(1458,27),p(1476,27)),V(v(0,0),v(72,1))),T(P(p(1632,18),p(1680,21),p(1680,23),p(1680,26),p(1704,30),p(1752,25),p(1797,34),p(1824,28),p(1872,27)),V(v(0,0)))),V(v(0,0),v(72,-1),v(576,0),v(648,-1),v(2304,0),v(2376,-1),v(2880,0),v(2952,-1)))
T(P(T(P(p(6132,30),p(6204,35),p(6276,30)),V(v(0,0),v(576,0)))),V(v(0,-7),v(0,0),v(12,-8),v(12,-1),v(204,-10),v(204,-5),v(228,-14),v(228,-9),v(252,-14),v(252,-9),v(276,-10),v(300,-9),v(300,-7),v(4980,-10),v(5004,-10),v(5052,-10),v(5076,-10),v(5196,-6)))
T(P(T(P(p(312,19),p(336,19)),V(v(0,0),v(12,9),v(72,5),v(72,10))),T(P(p(336,31),p(360,15),p(360,28),p(378,29),p(384,19)),V(v(0,0)))),V(v(0,0),v(144,2),v(288,4),v(2304,0),v(4608,0),v(9648,0)))
T(P(T(P(p(7208,27),p(7496,27),p(7784,28)),V(v(0,0),v(1152,0)))),V(v(0,0),v(8,-1),v(88,2),v(184,-9),v(184,-4),v(208,-17),v(208,-1),v(232,-8),v(232,-6),v(232,-3),v(256,-8),v(256,-6)))
T(P(T(P(T(P(p(1464,18),p(1488,18)),V(v(0,0),v(576,0)))),V(v(0,0),v(2304,0)))),V(v(0,0),v(0,3),v(0,5),v(72,3),v(144,3),v(234,17),v(576,5),v(1152,5),v(6912,5)))
T(P(p(9669,34),p(9693,34),p(9717,34),p(9741,34),p(9765,34)),V(v(0,0),v(2595,-15),v(2595,-13),v(2595,-9),v(2883,-15),v(2883,-13),v(2883,-9),v(3027,-14),v(3171,-15),v(3171,-10),v(3459,-17),v(3459,-12),v(3459,-10)))
T(P(T(P(p(840,24),p(1416,24)),V(v(0,0),v(2304,0)))),V(v(0,0),v(600,-10),v(618,4),v(636,4),v(648,8),v(672,-14),v(672,5),v(720,9),v(744,-10),v(744,5),v(762,4),v(780,4),v(792,10),v(816,-7),v(816,12),v(888,-6),v(888,5),v(936,-11),v(960,-10),v(960,5),v(1008,0),v(1032,-10),v(1056,-6),v(1152,1),v(1872,3),v(2016,5),v(3096,10),v(7344,0)))
T(P(T(P(p(6108,24),p(6252,24)),V(v(0,0),v(12,1),v(228,-8),v(276,-5),v(300,-8))),T(P(p(6360,19),p(6456,16)),V(v(0,0),v(120,3))),T(P(p(6072,27),p(6168,22),p(6192,26),p(6420,22)),V(v(0,0)))),V(v(0,0),v(0,7),v(576,0),v(576,7)))
T(P(p(288,12),p(2592,12),p(4896,12),p(9936,12)),V(v(0,0),v(480,18),v(504,18),v(540,17),v(552,7),v(576,3),v(1008,23),v(1008,30),v(1032,18),v(1056,7),v(1080,17)))
T(P(T(P(p(36,26),p(60,26)),V(v(0,0),v(72,0)))),V(v(0,0),v(144,1),v(6324,2),v(6900,2),v(7188,-4),v(7764,-3),v(7764,-1),v(8268,-6),v(8340,-6),v(8412,-6),v(8916,-1),v(11076,-4),v(11508,-4),v(11580,-4),v(11652,-4),v(12084,-7),v(12372,-4),v(12948,-7),v(12948,-5)))
T(P(T(P(p(2469,32),p(2493,32)),V(v(0,0),v(72,-1)))),V(v(0,0),v(2304,0),v(7344,0),v(7371,-6),v(8859,-6),v(9075,-12),v(9435,-6),v(9939,-12),v(9939,-7)))
T(P(p(3152,28),p(3160,27),p(3180,27),p(3192,26)),V(v(0,0),v(144,2),v(288,4),v(2304,0),v(2448,2),v(2592,4),v(7344,0),v(7488,2),v(7632,4)))
T(P(p(7488,13),p(8064,13),p(8640,13),p(9216,13)),V(v(0,0),v(0,13),v(24,9),v(48,9),v(72,0),v(96,11),v(360,1),v(3600,2)))
T(P(p(120,32),p(144,32),p(192,32),p(216,31)),V(v(0,0),v(9552,-3),v(12180,-2),v(12468,-2),v(12576,-8),v(12576,-6)))
T(P(p(2517,31),p(2544,25),p(2589,31),p(2628,27),p(2640,26),p(2652,25),p(2664,25),p(2682,24),p(2688,22),p(3144,29),p(3480,27),p(3504,27)),V(v(0,0),v(2304,0),v(7344,0)))
T(P(p(9450,27),p(9450,29),p(9522,27),p(9522,32)),V(v(0,0),v(6,-9),v(6,0),v(30,-1),v(42,-2),v(78,-9)))
T(P(p(11160,15),p(11592,15),p(11952,15),p(12456,15)),V(v(0,0),v(216,0),v(864,12),v(876,11),v(888,11)))
T(P(p(6360,23),p(6936,23),p(6960,23)),V(v(0,0),v(168,5),v(2088,0),v(2568,-9),v(4752,2),v(4752,7),v(4776,7),v(5040,-3),v(5256,1)))
T(P(p(1893,33),p(1917,33),p(1920,27),p(1968,24)),V(v(0,0),v(48,-1),v(2304,0),v(2352,-1)))
T(P(p(0,33),p(264,31),p(288,31)),V(v(0,0),v(480,-6),v(11136,-8),v(11856,-10),v(11928,-9)))
T(P(p(6336,22),p(6504,19),p(6912,22)),V(v(0,0),v(4956,7),v(4968,7),v(4992,5),v(5100,5)))
T(P(p(1968,31),p(1976,32),p(1984,31),p(1992,30)),V(v(0,0),v(2304,0),v(7632,3)))
T(P(p(8256,23),p(8328,23),p(8472,23)),V(v(0,0),v(1176,-16),v(1344,4),v(2976,-8)))
T(P(p(1920,21),p(1944,17),p(1968,21),p(2016,29)),V(v(0,0),v(2304,0),v(6336,-3)))
T(P(p(6240,27),p(6816,27)),V(v(0,0),v(192,-11),v(312,-5),v(312,-2),v(324,0),v(2568,-7),v(3816,0),v(3960,2),v(4866,3),v(4932,4),v(4944,4),v(5010,3),v(5016,3),v(5076,0),v(5136,3),v(5148,2),v(5280,-12),v(5520,4),v(6432,3),v(6456,2),v(6492,0)))
T(P(p(312,25),p(336,25)),V(v(0,0),v(288,4),v(3024,-2),v(5328,-2),v(7344,-5),v(7632,-4),v(8784,-4),v(9648,-2),v(12672,-2),v(12744,-1)))
T(P(p(1416,18),p(3720,18)),V(v(0,0),v(0,2),v(480,3),v(504,0),v(576,-5),v(597,11),v(1080,8),v(1176,7)))
T(P(p(11736,15),p(12024,15)),V(v(0,0),v(516,15),v(528,16),v(576,18),v(1008,11)))
T(P(p(9336,24),p(9336,29)),V(v(0,0),v(258,5),v(300,3),v(336,-6)))
T(P(p(48,33),p(72,32)),V(v(0,0),v(9552,-4),v(11472,-3),v(12336,-3)))
T(P(p(6024,26),p(6024,33)),V(v(0,0),v(600,0),v(3408,-12)))
T(P(p(8072,27),p(8080,26)),V(v(0,0),v(1392,3),v(1464,6)))
T(P(p(408,20),p(552,22)),V(v(0,0),v(24,13),v(576,7)))
T(P(p(7200,13),p(7272,13),p(9576,7)),V(v(0,0),v(2304,8)))
T(P(p(456,27),p(600,26)),V(v(0,0),v(7728,2)))
T(P(p(11352,24),p(11592,25)),V(v(0,0),v(480,-1)))
T(P(p(7776,14),p(8352,7)),V(v(0,0),v(4752,1)))
T(P(p(9720,29),p(9792,27)),V(v(0,0),v(3240,-17)))
T(P(p(7176,26),p(7776,27)),V(v(0,0),v(4968,-3)))
T(P(p(-24,26),p(840,28)),V(v(0,0),v(11604,-1)))
T(P(p(8328,18),p(11064,19)),V(v(0,0),v(1320,-4)))
T(P(p(624,27),p(720,35),p(792,37),p(828,36),p(852,27),p(5448,24),p(6384,23),p(6552,28),p(7080,19),p(7104,23),p(7608,24),p(8280,29),p(8304,23),p(8832,20),p(8928,27),p(9456,23),p(9789,33),p(11160,30),p(11424,20),p(11448,27),p(11532,29),p(11664,29),p(12624,31),p(13260,29)),V(v(0,0)))

numberOfNotes 2075
tatumsPerBar null
barOneStartsAt null
compressionRatio 4.044834307992203
runningTime 320891
encodingLength 513
encodingLengthWithoutResidualPointSet 489
numberOfResidualPoints 24
percentageOfResidualPoints 1.1566265060240963
compressionRatioWithoutResidualPointSet 4.194274028629857
title mazurka24-4.txt
numberOfTECs 45
inputFilePath D:\Source\Repos\omnisia\Points\RecurSIA-RRT-experiment\JKU-PDD\JKUPDD-noAudio-Aug2013\groundTruth\chopinOp24No4\polyphonic\lisp\mazurka24-4.txt
outputFilePath D:\Source\Repos\omnisia\Points\RecurSIA-RRT-experiment\JKU-PDD\JKUPDD-noAudio-Aug2013\matlab\pattDiscOut\ReCOSIATECSegment\chop_mazurka24-4_ReCOSIATECSegment.out
logFilePath null
outputFileExtension RecurSIA
isDiatonic true
withoutChannel10 false
encoderName com.chromamorph.points022.RecurSIAEncoding
forMirex true
mode Segment
topNPatterns 0
