T(P(T(P(p(288,33),p(300,25),p(300,34)),V(v(0,0),v(36,-3),v(48,-2),v(60,-1))),T(P(p(312,23),p(312,32),p(324,21)),V(v(0,0)))),V(v(0,0),v(72,0),v(864,0),v(936,0),v(2160,0),v(2232,0),v(3600,0),v(3672,0),v(10368,0),v(10440,0),v(11664,0),v(11736,0)))
T(P(T(P(p(5160,33),p(5166,34),p(5172,33),p(5178,31)),V(v(0,0),v(72,2))),T(P(p(5160,22),p(5172,26),p(5184,23),p(5184,32),p(5196,26),p(5208,25),p(5208,30),p(5220,26),p(5232,25),p(5244,26),p(5256,24),p(5256,36),p(5268,26),p(5280,22),p(5280,38)),V(v(0,0)))),V(v(0,0),v(144,0),v(1152,0),v(1296,0),v(2880,-4),v(3024,-4),v(4608,-4),v(4752,-4)))
T(P(T(P(p(4608,25),p(4608,27),p(4620,22)),V(v(0,0),v(24,0),v(48,0))),T(P(p(4668,22),p(4680,26),p(4692,22)),V(v(0,0),v(24,0),v(48,0))),T(P(p(4584,29),p(4590,30),p(4596,29),p(4602,28),p(4608,29),p(4650,29)),V(v(0,0)))),V(v(0,0),v(144,0),v(1152,0),v(1296,0),v(2880,0),v(3024,0),v(4608,0),v(4752,0)))
T(P(T(P(p(1488,22),p(1632,29)),V(v(0,0),v(0,3),v(24,-1),v(24,4),v(48,-10))),T(P(p(1308,36),p(1320,35),p(1332,34)),V(v(0,0),v(12,-1),v(24,-2),v(36,-3),v(48,-4),v(60,-5),v(96,-7))),T(P(p(1440,30),p(1458,31),p(1464,16),p(1464,21),p(1464,23),p(1464,26),p(1488,16),p(1488,20),p(1512,19),p(1560,29),p(1560,31),p(1578,28),p(1578,30),p(1584,28),p(1584,30),p(1608,26),p(1650,28),p(1650,33)),V(v(0,0)))),V(v(-864,0),v(0,0),v(1296,3),v(2736,3),v(9504,0),v(10800,3)))
T(P(T(P(p(288,24),p(288,33),p(300,25),p(300,34)),V(v(0,0),v(36,-3),v(48,-2),v(60,-1),v(72,0),v(108,-3),v(120,-2),v(132,-1))),T(P(p(264,22),p(264,31),p(282,23),p(282,32),p(288,19),p(312,23),p(312,32),p(384,23),p(384,32)),V(v(0,0)))),V(v(0,0),v(864,0),v(2160,0),v(3600,0),v(10368,0),v(11664,0)))
T(P(p(4872,24),p(4872,35),p(4878,36),p(4884,35),p(4890,33),p(4896,25),p(4896,34)),V(v(0,0),v(288,-2),v(432,-2),v(1152,0),v(1440,-2),v(1584,-2),v(2880,0),v(3168,-6),v(3312,-6),v(4608,0),v(4896,-6),v(5040,-6)))
T(P(p(24,24),p(24,26),p(48,24),p(48,26),p(72,25)),V(v(0,0),v(864,0),v(2040,5),v(2160,7),v(3480,5),v(3600,7),v(4608,1),v(4680,2),v(4752,1),v(4824,0),v(5760,1),v(5832,2),v(5904,1),v(5976,0),v(7488,1),v(7560,2),v(7632,1),v(7704,0),v(9216,1),v(9288,2),v(9360,1),v(9432,0),v(10368,0),v(11544,5),v(11664,7)))
T(P(T(P(T(P(T(P(p(4920,36),p(4928,35),p(4936,34)),V(v(0,0),v(8,-1)))),V(v(0,0),v(8,-1)))),V(v(0,0),v(8,-1))),T(P(p(4944,20),p(4968,21)),V(v(0,0)))),V(v(0,0),v(144,1),v(1152,0),v(1296,1),v(2880,0),v(3024,1),v(4608,0),v(4752,1)))
T(P(T(P(p(7200,32),p(7212,33),p(7224,34)),V(v(0,0),v(60,-1),v(72,0))),T(P(p(7200,23)),V(v(0,0)))),V(v(-6864,-1),v(-6000,-1),v(-4704,-1),v(-3264,-1),v(0,0),v(1728,0),v(3504,-1),v(4800,-1)))
T(P(p(-24,31),p(-6,32),p(0,30),p(12,29),p(24,29),p(48,29)),V(v(0,0),v(144,1),v(864,0),v(1008,1),v(2160,-7),v(2304,-6),v(3600,-7),v(3744,-6),v(10368,0),v(10512,1),v(11664,-7),v(11808,-6)))
T(P(T(P(p(300,25),p(300,34),p(312,32)),V(v(0,0),v(12,-2)))),V(v(0,0),v(72,0),v(864,0),v(936,0),v(2160,0),v(2232,0),v(3600,0),v(3672,0),v(5364,-1),v(6516,-1),v(8244,2),v(9972,2),v(10368,0),v(10440,0),v(11664,0),v(11736,0)))
T(P(T(P(p(5448,37),p(5454,36),p(5460,35)),V(v(0,0),v(6,-1))),T(P(p(5472,34),p(5484,33),p(5496,33)),V(v(0,0)))),V(v(0,0),v(72,-3),v(1152,0),v(1224,-3),v(2880,3),v(2952,0),v(4608,3),v(4680,0)))
T(P(p(-24,31),p(-6,32),p(0,30),p(12,29),p(24,24),p(24,29),p(48,24),p(48,29),p(72,25),p(72,28)),V(v(0,0),v(144,1),v(864,0),v(1008,1),v(10368,0),v(10512,1)))
T(P(T(P(T(P(p(4608,25),p(4632,25),p(4656,25)),V(v(0,0),v(144,0)))),V(v(0,0),v(0,2),v(12,-3))),T(P(p(4584,29),p(4590,30),p(4596,29)),V(v(0,0),v(144,0),v(288,6),v(312,5),v(384,1),v(456,4))),T(P(p(4680,26),p(4680,28),p(4692,22)),V(v(0,0),v(24,0),v(48,0))),T(P(p(4952,32),p(4960,31),p(4968,21)),V(v(0,0),v(120,4),v(144,1))),T(P(p(4992,37),p(5000,36),p(5008,35),p(5016,24)),V(v(0,0),v(24,-3))),T(P(T(P(p(4824,24),p(4824,26),p(4836,22)),V(v(0,0),v(24,0))),T(P(p(4848,35)),V(v(0,0)))),V(v(0,0),v(24,0))),T(P(T(P(p(4602,28),p(4608,29),p(4650,29)),V(v(0,0),v(144,0))),T(P(p(4920,36),p(4928,35),p(4936,34)),V(v(0,0),v(8,-1))),T(P(p(4656,32),p(4674,32),p(4680,32),p(4704,31),p(4800,34),p(4818,34),p(4824,36),p(4890,33),p(4896,25),p(4914,32),p(4944,13),p(4944,20),p(4968,14),p(4986,28),p(5016,22),p(5040,23),p(5058,30),p(5064,37),p(5088,21),p(5088,34),p(5096,26),p(5104,27),p(5112,27),p(5112,32),p(5136,26),p(5136,31)),V(v(0,0)))),V(v(0,0)))),V(v(0,0),v(1152,0),v(2880,0),v(4608,0)))
T(P(T(P(p(2328,23),p(2328,35),p(2328,39)),V(v(0,0),v(24,0))),T(P(p(2376,22),p(2376,36),p(2376,38)),V(v(0,0)))),V(v(-600,-5),v(0,0),v(840,-5),v(1440,0),v(8904,-5),v(9504,0)))
T(P(T(P(p(6888,29),p(6912,29)),V(v(0,0),v(12,-7),v(24,-4))),T(P(p(6900,29),p(6948,22),p(6972,22)),V(v(0,0)))),V(v(-2160,0),v(-1008,0),v(0,0),v(720,0),v(1728,0),v(2448,0)))
T(P(T(P(p(1704,19),p(1728,18)),V(v(0,0),v(0,7),v(0,12),v(0,16))),T(P(p(1704,29),p(1728,32),p(1752,28),p(1752,30),p(1776,31),p(1776,33)),V(v(0,0)))),V(v(0,0),v(48,-1),v(1440,0),v(1488,-1),v(9504,0),v(9552,-1)))
T(P(p(4584,29),p(4590,30),p(4596,29),p(4602,28),p(4608,29)),V(v(0,0),v(144,0),v(1152,0),v(1296,0),v(2808,-14),v(2808,-7),v(2880,0),v(3024,0),v(4536,-14),v(4536,-7),v(4608,0),v(4752,0)))
T(P(T(P(T(P(p(6672,34),p(6678,33),p(6684,32)),V(v(0,0),v(6,-1)))),V(v(0,0),v(144,-10),v(144,-1),v(150,-2))),T(P(p(6612,35),p(6618,34),p(6636,33)),V(v(0,0),v(72,-3),v(204,-11))),T(P(p(6720,22),p(6720,30),p(6744,22)),V(v(0,0),v(24,0))),T(P(p(6768,22),p(6768,31),p(6771,23),p(6771,32)),V(v(0,0),v(3,1))),T(P(p(6606,36),p(6624,34),p(6648,17),p(6648,22),p(6648,33),p(6672,17),p(6672,22),p(6696,31),p(6720,18),p(6744,18),p(6768,19),p(6816,19),p(6864,15)),V(v(0,0)))),V(v(-1152,0),v(0,0),v(1728,3),v(3456,3)))
T(P(p(24,24),p(24,26),p(24,29),p(48,24),p(48,29),p(72,26),p(72,28)),V(v(0,0),v(864,0),v(1776,3),v(3216,3),v(10368,0),v(11280,3)))
T(P(p(1824,21),p(1824,30),p(1824,32),p(1848,22),p(1848,29),p(1848,31),p(1872,18)),V(v(0,0),v(192,0),v(1440,0),v(1632,0),v(9504,0),v(9696,0)))
T(P(p(1704,26),p(1704,29),p(1704,31),p(1728,18),p(1752,30),p(1776,31),p(1800,29)),V(v(0,0),v(144,0),v(1440,0),v(1584,0),v(9504,0),v(9648,0)))
T(P(p(4848,35),p(4860,22),p(4872,24),p(4872,35),p(4878,36),p(4884,22)),V(v(0,0),v(1152,0),v(2256,0),v(2880,0),v(3984,0),v(4608,0)))
T(P(p(1968,18),p(1968,27),p(1992,17),p(1992,29)),V(v(0,0),v(240,4),v(1440,0),v(1680,4),v(2832,7),v(3984,7),v(5712,7),v(7440,7),v(9504,0),v(9744,4)))
T(P(p(648,19),p(648,21),p(648,26),p(672,12)),V(v(0,0),v(864,0),v(2160,3),v(2448,3),v(3600,3),v(3888,3),v(10368,0),v(11664,3),v(11952,3)))
T(P(p(4788,22),p(4800,27),p(4812,22),p(4824,24),p(4836,22)),V(v(0,0),v(1152,0),v(2208,0),v(2880,0),v(3936,0),v(4608,0)))
T(P(p(6888,24),p(6888,29),p(6900,29),p(6912,25),p(6912,29),p(6918,30),p(6936,25)),V(v(0,0),v(72,2),v(1728,0),v(1800,2)))
T(P(p(1944,29),p(1956,28),p(1968,27),p(1992,29),p(2016,30)),V(v(0,0),v(1440,0),v(5292,4),v(7020,4),v(9504,0)))
T(P(p(1800,20),p(1800,27),p(1824,14),p(1824,21),p(1824,30)),V(v(0,0),v(1440,0),v(5376,2),v(7104,2),v(9504,0)))
T(P(p(1824,21),p(1824,27),p(1824,32)),V(v(0,0),v(1248,-2),v(1440,0),v(2688,-2),v(9504,0),v(10752,-2)))
T(P(p(2058,28),p(2058,30),p(2064,29)),V(v(0,0),v(24,2),v(1440,0),v(1464,2),v(9504,0),v(9528,2)))
T(P(p(7116,35),p(7128,35),p(7140,22)),V(v(0,0),v(60,-6),v(204,0),v(1728,0),v(1788,-6),v(1932,0)))
T(P(p(1776,24),p(1776,29),p(1800,13)),V(v(0,0),v(1248,3),v(1440,0),v(2688,3),v(9504,0),v(10752,3)))
T(P(p(7032,33),p(7044,22),p(7056,25)),V(v(0,0),v(24,0),v(1728,0),v(1752,0)))
T(P(T(P(p(1848,15),p(1920,18),p(1944,19),p(1980,26),p(2088,19),p(2112,28),p(3000,20),p(3000,31),p(3018,29),p(3024,18),p(3090,28)),V(v(0,0),v(1440,0),v(9504,0))),T(P(p(7044,33),p(7062,34),p(7092,22),p(7104,23),p(7152,26),p(7164,24),p(7344,15),p(7344,36),p(8172,22)),V(v(0,0),v(1728,0))),T(P(p(168,26),p(192,26),p(216,24)),V(v(0,0),v(864,0),v(10368,0))),T(P(p(5292,26),p(6444,26)),V(v(0,0)))),V(v(0,0)))

numberOfNotes 1744
tatumsPerBar null
barOneStartsAt null
compressionRatio 2.831168831168831
runningTime 15933
encodingLength 616
encodingLengthWithoutResidualPointSet 554
numberOfResidualPoints 62
percentageOfResidualPoints 3.555045871559633
compressionRatioWithoutResidualPointSet 3.036101083032491
title sonata04-2.txt
numberOfTECs 35
inputFilePath D:\Source\Repos\omnisia\Points\RecurSIA-RRT-experiment\JKU-PDD\JKUPDD-noAudio-Aug2013\groundTruth\mozartK282Mvt2\polyphonic\lisp\sonata04-2.txt
outputFilePath D:\Source\Repos\omnisia\Points\RecurSIA-RRT-experiment\JKU-PDD\JKUPDD-noAudio-Aug2013\matlab\pattDiscOut\ReSIARCTTECCompressSegment\mzrt_sonata04-2_ReSIARCTTECCompressSegment.out
logFilePath null
outputFileExtension RecurSIA
isDiatonic true
withoutChannel10 false
encoderName com.chromamorph.points022.RecurSIAEncoding
forMirex true
mode Segment
topNPatterns 0
