T(P(T(P(T(P(p(288,33),p(300,34)),V(v(0,0),v(72,0)))),V(v(0,0),v(36,-3),v(60,-1))),T(P(p(264,31),p(282,32),p(312,32),p(384,32)),V(v(0,0)))),V(v(0,-9),v(0,0),v(864,-9),v(864,0),v(2160,-9),v(2160,0),v(3600,-9),v(3600,0),v(10368,-9),v(10368,0),v(11664,-9),v(11664,0)))
T(P(T(P(T(P(p(24,26),p(48,26)),V(v(0,0),v(24,0)))),V(v(0,0),v(144,0)))),V(v(0,0),v(864,0),v(4584,-1),v(4584,1),v(4596,-4),v(4656,0),v(4668,-4),v(5148,0),v(5196,0),v(5736,-1),v(5736,1),v(5748,-4),v(5808,0),v(5820,-4),v(6300,0),v(6348,0),v(6876,-4),v(6924,-4),v(7464,-1),v(7464,1),v(7476,-4),v(7536,0),v(7548,-4),v(8028,-4),v(8076,-4),v(8604,-4),v(8652,-4),v(9192,-1),v(9192,1),v(9204,-4),v(9264,0),v(9276,-4),v(9756,-4),v(9804,-4),v(10368,0)))
T(P(T(P(p(696,29),p(714,28),p(720,28)),V(v(0,0),v(0,2),v(72,0))),T(P(p(444,36),p(492,32)),V(v(0,0),v(12,-1),v(24,-2),v(36,-3),v(156,-13),v(180,-20))),T(P(p(600,21),p(624,22)),V(v(0,0),v(24,-1),v(24,4),v(168,11))),T(P(p(540,29),p(552,28)),V(v(0,0),v(12,-1))),T(P(p(576,30),p(594,31),p(600,16),p(600,26),p(744,26),p(786,33),p(816,19)),V(v(0,0)))),V(v(0,0),v(864,0),v(2160,3),v(3600,3),v(10368,0),v(11664,3)))
T(P(T(P(p(-24,31),p(0,30)),V(v(0,0),v(24,-1),v(72,-2))),T(P(p(-6,32),p(12,29)),V(v(0,0)))),V(v(0,0),v(144,1),v(864,0),v(1008,1),v(2160,-7),v(2304,-6),v(3600,-7),v(3744,-6),v(10368,0),v(10512,1),v(11664,-7),v(11808,-6)))
T(P(T(P(T(P(p(1704,29),p(1752,28)),V(v(0,0),v(48,-1)))),V(v(0,0),v(24,3),v(312,1))),T(P(p(1728,30),p(1776,29),p(1848,29),p(2040,29),p(2058,28),p(2082,30),p(2088,29),p(2184,31),p(2208,31),p(2376,36),p(3096,22)),V(v(0,0)))),V(v(0,0),v(0,2),v(1440,0),v(1440,2),v(9504,0),v(9504,2)))
T(P(T(P(p(4920,36),p(4928,35),p(4992,37),p(5064,37)),V(v(0,0),v(8,-1),v(16,-2)))),V(v(0,0),v(24,-3),v(1152,0),v(1176,-3),v(2880,0),v(2904,-3),v(4608,0),v(4632,-3)))
T(P(T(P(T(P(p(6168,22),p(7896,22)),V(v(0,0),v(1728,0))),T(P(p(5016,22)),V(v(0,0)))),V(v(0,0),v(24,-1)))),V(v(-336,10),v(-192,14),v(-144,13),v(-138,14),v(-132,13),v(-126,11),v(0,0),v(0,2),v(96,5),v(96,10)))
T(P(T(P(p(5460,35),p(5466,34)),V(v(0,0),v(72,-3),v(216,-13),v(216,-4),v(222,-5)))),V(v(-12,2),v(0,0),v(1140,2),v(1152,0),v(2868,5),v(2880,3),v(4596,5),v(4608,3)))
T(P(T(P(p(5160,33),p(5166,34),p(5232,35)),V(v(0,0),v(144,0)))),V(v(0,0),v(18,-2),v(1152,0),v(1170,-2),v(2880,-4),v(2898,-6),v(4608,-4),v(4626,-6)))
T(P(T(P(p(1704,19),p(1728,18)),V(v(0,0),v(48,-1))),T(P(p(1800,13),p(1824,14)),V(v(0,0),v(24,1)))),V(v(0,0),v(0,7),v(1440,0),v(1440,7),v(9504,0),v(9504,7)))
T(P(T(P(T(P(p(7392,15),p(7398,16)),V(v(0,0),v(18,-1))),T(P(p(7404,15)),V(v(0,0)))),V(v(0,0),v(1728,0)))),V(v(-1656,14),v(-1512,14),v(0,0),v(0,7),v(72,14),v(216,14)))
T(P(T(P(p(7212,33),p(7236,33)),V(v(0,0),v(1728,0)))),V(v(-1380,-5),v(-1356,-5),v(-1236,-9),v(-1212,-9),v(-324,-4),v(-300,-8),v(-252,-2),v(-228,-6),v(-180,0),v(-156,-8),v(-108,2),v(0,0),v(36,-1),v(348,-5),v(372,-5),v(492,-9),v(516,-9),v(876,-12),v(948,-15),v(1020,-12),v(1164,-13),v(1164,-8),v(1236,-12),v(1236,-8),v(1236,0),v(1260,-8)))
T(P(T(P(p(1920,18),p(3360,18),p(11424,18)),V(v(0,0),v(72,-1)))),V(v(0,0),v(1080,2),v(1080,13),v(1098,11),v(1128,-2)))
T(P(T(P(p(7044,33),p(7116,35)),V(v(0,0),v(1728,0)))),V(v(-1728,0),v(-906,-5),v(-156,-9),v(-144,-4),v(-126,-3),v(0,0),v(18,1),v(144,-4),v(822,-5),v(1008,-4),v(1152,-4),v(1260,1)))
T(P(T(P(p(5568,22),p(5592,22)),V(v(0,0),v(1152,0)))),V(v(-360,3),v(-288,0),v(-216,3),v(-72,-5),v(-72,0),v(0,-4),v(0,0),v(0,8),v(24,0)))
T(P(T(P(p(6096,13),p(6120,14)),V(v(0,0),v(1728,0)))),V(v(0,0),v(0,7),v(144,8),v(1008,10),v(1080,9),v(1188,20),v(1200,21),v(1212,21),v(1224,22),v(1728,0),v(1728,7),v(1872,8),v(1944,5)))
T(P(p(5208,30),p(5238,36),p(5256,24),p(5256,36),p(5280,38)),V(v(0,0),v(144,0),v(1152,0),v(1296,0),v(2880,-4),v(4608,-4)))
T(P(p(1896,30),p(1956,28),p(1968,27)),V(v(0,0),v(1440,0),v(3588,3),v(4740,3),v(6468,6),v(8196,6),v(9504,0)))
T(P(T(P(p(24,24),p(48,24)),V(v(0,0),v(144,1))),T(P(p(72,25),p(216,24),p(288,19)),V(v(0,0)))),V(v(0,0),v(864,0),v(10368,0)))
T(P(p(1704,35),p(3144,35),p(11208,35)),V(v(0,0),v(48,-1),v(96,-3),v(120,-8),v(144,-9),v(168,-17),v(216,-4),v(240,-16),v(240,-6),v(264,-17),v(276,-9),v(288,-6),v(312,-14),v(336,-13),v(360,-17),v(384,-16),v(528,-3),v(528,-2),v(624,0),v(624,4),v(648,0),v(648,4),v(744,-16),v(1320,-17),v(1320,-8),v(1320,-3),v(1368,-10),v(1392,-6)))
T(P(T(P(p(4974,31),p(4980,30)),V(v(0,0),v(72,3))),T(P(p(4656,32),p(4674,32)),V(v(0,0),v(144,2))),T(P(p(5088,25),p(5096,26)),V(v(0,0),v(8,1))),T(P(p(4650,29),p(4794,29),p(4896,25),p(5040,33)),V(v(0,0)))),V(v(0,0),v(1152,0),v(2880,0),v(4608,0)))
T(P(T(P(p(5616,31),p(5619,23),p(5619,32)),V(v(0,0),v(3,1))),T(P(p(5472,34),p(5616,19),p(5664,19),p(5688,22),p(5712,15)),V(v(0,0)))),V(v(0,0),v(1152,0),v(2880,3),v(4608,3)))
T(P(p(5292,26),p(5328,23),p(5424,22)),V(v(0,0),v(1152,0),v(2880,-4),v(4608,-4)))
T(P(p(7020,22),p(8748,22)),V(v(0,0),v(12,2),v(132,4),v(144,2),v(156,7),v(180,-6),v(180,10),v(204,12),v(324,-7),v(324,0),v(1212,4),v(1242,10),v(1260,-2),v(1260,10)))
T(P(p(4704,28),p(4728,29)),V(v(0,0),v(24,0),v(240,-15),v(240,-8),v(384,-7),v(456,-6),v(1608,-6)))
T(P(p(4590,30),p(4734,30)),V(v(0,0),v(6,-1),v(12,-2),v(1734,3),v(1806,5)))
T(P(p(4986,28),p(5058,30)),V(v(0,0),v(186,5)))
T(P(p(4584,29),p(4608,29)),V(v(0,0),v(240,-5),v(264,-5)))
T(P(p(4680,28),p(5496,33),p(6648,33)),V(v(0,0)))

numberOfNotes 1744
tatumsPerBar null
barOneStartsAt null
compressionRatio 4.295566502463054
runningTime 131212
encodingLength 406
encodingLengthWithoutResidualPointSet 403
numberOfResidualPoints 3
percentageOfResidualPoints 0.1720183486238532
compressionRatioWithoutResidualPointSet 4.320099255583126
title sonata04-2.txt
numberOfTECs 29
inputFilePath D:\Source\Repos\omnisia\Points\RecurSIA-RRT-experiment\JKU-PDD\JKUPDD-noAudio-Aug2013\groundTruth\mozartK282Mvt2\polyphonic\lisp\sonata04-2.txt
outputFilePath D:\Source\Repos\omnisia\Points\RecurSIA-RRT-experiment\JKU-PDD\JKUPDD-noAudio-Aug2013\matlab\pattDiscOut\ReCOSIARTECBB-RRT\mzrt_sonata04-2_ReCOSIARTECBB-RRT.out
logFilePath null
outputFileExtension RecurSIA
isDiatonic true
withoutChannel10 false
encoderName com.chromamorph.points022.RecurSIAEncoding
forMirex true
mode BB
topNPatterns 0
