T(P(p(480,28),p(481,27),p(482,28),p(483,26),p(484,27),p(485,28),p(486,29),p(487,28),p(488,29),p(489,27),p(490,28),p(491,29),p(492,30),p(493,29),p(494,30)),V(v(0,0),v(24,-14),v(60,0),v(84,-14),v(120,-3),v(144,-3),v(156,-1),v(162,2),v(168,1),v(210,0),v(234,-14),v(258,-3),v(282,-3),v(300,2),v(306,1),v(348,0),v(372,-14)))
T(P(p(505,13),p(506,14),p(507,12),p(508,13),p(509,14),p(510,15),p(511,14),p(512,15),p(513,13),p(514,14),p(515,15),p(516,16),p(517,15),p(518,16),p(519,14),p(520,15),p(521,16),p(522,17)),V(v(0,0),v(60,0),v(96,11),v(120,11),v(138,14),v(138,16),v(234,11),v(258,11),v(276,14),v(276,16)))
T(P(p(60,18),p(60,23),p(60,28),p(64,18),p(64,24),p(64,27),p(64,29),p(66,21),p(66,23),p(66,28)),V(v(0,0),v(12,0),v(84,0),v(96,0),v(132,1),v(144,1),v(228,5),v(240,-2),v(288,1),v(300,1),v(384,5),v(396,-2),v(876,0),v(888,0),v(924,1),v(936,1),v(1020,5),v(1032,-2)))
T(P(p(10,21),p(10,23),p(10,26),p(12,20),p(12,22),p(12,25),p(14,19),p(14,21),p(14,26),p(16,18),p(16,20),p(16,27),p(18,19),p(18,29),p(20,28)),V(v(0,0),v(24,2),v(36,2),v(84,0),v(108,2),v(120,2),v(876,0),v(900,2),v(912,2)))
T(P(p(60,23),p(60,28),p(64,18),p(64,24),p(64,27),p(66,21),p(66,23),p(66,28)),V(v(0,0),v(12,0),v(84,0),v(96,0),v(132,1),v(144,1),v(150,1),v(156,1),v(228,5),v(240,-2),v(288,1),v(300,1),v(306,1),v(312,1),v(384,5),v(396,-2),v(876,0),v(888,0),v(924,1),v(936,1),v(942,1),v(948,1),v(1020,5),v(1032,-2)))
T(P(p(-2,23),p(-2,28),p(0,24),p(0,29),p(2,22),p(2,27),p(6,23),p(6,28),p(8,21),p(8,26),p(10,19),p(10,21),p(12,20)),V(v(0,0),v(24,2),v(84,0),v(108,2),v(252,0),v(408,0),v(876,0),v(900,2),v(1044,0)))
T(P(p(264,18),p(264,20),p(266,20),p(266,22),p(268,20),p(268,22),p(270,19),p(270,21),p(272,21),p(272,23),p(274,21),p(274,23)),V(v(0,0),v(6,1),v(156,0),v(162,1),v(375,7),v(376,8),v(382,9),v(387,9),v(513,7),v(514,8),v(520,9),v(525,9),v(792,0),v(798,1)))
T(P(p(-2,23),p(-2,28),p(0,24),p(0,29),p(2,22),p(2,27),p(4,19),p(6,23),p(6,28),p(8,21),p(8,26),p(10,19),p(10,21),p(10,23),p(10,26),p(12,20),p(12,22),p(12,23),p(12,25),p(14,19),p(14,21),p(14,23),p(14,26),p(16,18),p(16,20),p(16,23),p(16,27),p(18,19),p(18,21),p(18,23),p(18,29),p(20,28),p(22,30)),V(v(0,0),v(24,2),v(84,0),v(108,2),v(876,0),v(900,2)))
T(P(p(226,24),p(226,31),p(227,23),p(227,30),p(228,22),p(228,29),p(229,23),p(229,30)),V(v(0,0),v(4,0),v(8,-2),v(12,-4),v(156,0),v(160,0),v(164,-2),v(168,-4),v(792,0),v(796,0),v(800,-2),v(804,-4)))
T(P(p(653,29),p(653,31),p(653,34),p(654,30),p(654,32),p(654,35),p(655,29),p(655,31),p(655,34)),V(v(0,0),v(6,1),v(9,0),v(13,-2),v(17,-4),v(138,0),v(144,1),v(147,0),v(151,-2),v(155,-4)))
T(P(p(237,21),p(238,20),p(239,19),p(240,18),p(241,19),p(242,20),p(243,19)),V(v(0,0),v(0,7),v(156,0),v(156,7),v(259,9),v(319,9),v(422,11),v(425,10),v(426,9),v(429,8),v(469,9),v(560,11),v(563,10),v(564,9),v(567,8),v(607,9),v(792,0),v(792,7)))
T(P(p(168,31),p(168,33),p(170,20),p(170,22),p(170,29),p(170,31),p(172,22),p(172,24),p(174,30),p(174,32),p(176,21),p(176,23),p(176,28),p(176,30),p(178,23),p(178,25)),V(v(0,0),v(12,1),v(156,0),v(168,1),v(792,0),v(804,1)))
T(P(p(262,21),p(268,20),p(418,21),p(424,20),p(1054,21),p(1060,20)),V(v(0,0),v(0,16),v(2,-1),v(2,17),v(4,1),v(4,15),v(6,1),v(8,0),v(8,16),v(10,2),v(10,14),v(12,2),v(12,5),v(12,14)))
T(P(p(239,26),p(240,25),p(241,26),p(242,27),p(243,19),p(243,26),p(245,15),p(246,23)),V(v(0,0),v(156,0),v(253,4),v(313,4),v(463,4),v(601,4),v(792,0)))
T(P(p(480,19),p(480,28),p(481,27),p(482,21),p(482,28),p(484,23)),V(v(0,0),v(18,0),v(60,0),v(78,0),v(210,0),v(228,0),v(348,0),v(366,0)))
T(P(p(48,27),p(48,32),p(50,23),p(50,32),p(52,22)),V(v(0,0),v(84,0),v(236,1),v(392,1),v(438,-3),v(498,-3),v(648,-3),v(786,-3),v(876,0),v(1028,1)))
T(P(p(615,25),p(616,26),p(617,27),p(618,28),p(619,26),p(620,28)),V(v(0,0),v(35,6),v(41,7),v(138,0),v(173,6),v(179,7)))
T(P(p(248,23),p(250,23),p(250,28),p(252,24),p(252,29),p(254,22)),V(v(0,0),v(6,-1),v(6,4),v(156,0),v(162,-1),v(162,4),v(792,0),v(798,-1),v(798,4)))
T(P(p(260,21),p(260,35),p(262,21),p(262,37),p(264,20)),V(v(0,0),v(156,0),v(244,-7),v(304,-7),v(454,-7),v(592,-7),v(792,0)))
T(P(p(306,19),p(306,21),p(312,18),p(312,20),p(312,23),p(318,19)),V(v(0,0),v(156,0),v(366,6),v(504,6),v(792,0)))
T(P(p(244,21),p(245,22),p(246,16),p(246,23),p(248,23),p(250,28)),V(v(0,0),v(156,0),v(372,5),v(510,5),v(792,0)))
T(P(p(233,23),p(234,22),p(235,21),p(236,20),p(238,27)),V(v(0,0),v(156,0),v(496,-8),v(634,-8),v(792,0)))
T(P(p(243,26),p(244,21),p(244,28),p(245,15),p(246,16)),V(v(0,0),v(156,0),v(380,9),v(518,9),v(792,0)))
T(P(p(52,29),p(52,32),p(54,31),p(54,32)),V(v(0,0),v(84,0),v(224,-7),v(226,-7),v(380,-7),v(382,-7),v(876,0),v(1016,-7),v(1018,-7)))
T(P(p(529,27),p(530,25),p(531,23),p(532,22)),V(v(0,0),v(60,0),v(126,7),v(127,8),v(264,7),v(265,8)))
T(P(p(214,19),p(214,31),p(215,30)),V(v(0,0),v(6,0),v(156,0),v(162,0),v(278,-1),v(338,-1),v(488,-1),v(626,-1),v(792,0),v(798,0)))
T(P(p(70,34),p(71,33),p(72,23)),V(v(0,0),v(84,0),v(228,-2),v(384,-2),v(426,-4),v(486,-4),v(636,-4),v(774,-4),v(876,0),v(1020,-2)))
T(P(p(58,17),p(58,33),p(60,18)),V(v(0,0),v(84,0),v(210,3),v(366,3),v(466,-2),v(526,-2),v(876,0),v(1002,3)))
T(P(p(202,34),p(203,33),p(204,24)),V(v(0,0),v(156,0),v(290,-4),v(350,-4),v(500,-4),v(638,-4),v(792,0)))
T(P(p(720,15),p(720,31),p(721,14),p(722,27)),V(v(0,0),v(10,-1),v(138,0),v(148,-1)))
T(P(p(516,27),p(517,15),p(518,16),p(519,14)),V(v(0,0),v(6,-1),v(60,0),v(66,-1)))
T(P(p(286,22),p(286,24),p(286,28)),V(v(0,0),v(156,0),v(398,1),v(536,1),v(792,0)))
T(P(p(312,9),p(312,18),p(312,23)),V(v(0,0),v(156,0),v(214,7),v(274,7),v(792,0)))
T(P(p(28,14),p(58,22),p(112,14),p(142,22),p(166,30),p(166,32),p(192,26),p(282,22),p(282,24),p(282,26),p(282,35),p(312,16),p(318,12),p(322,30),p(322,32),p(348,26),p(438,22),p(438,24),p(438,26),p(438,35),p(468,16),p(474,12),p(478,23),p(503,26),p(508,33),p(510,27),p(512,31),p(514,33),p(518,33),p(520,32),p(527,12),p(528,13),p(532,6),p(532,26),p(533,24),p(534,9),p(534,23),p(536,16),p(538,23),p(563,26),p(568,33),p(570,27),p(572,31),p(574,33),p(578,33),p(580,32),p(587,12),p(588,13),p(592,6),p(592,26),p(593,24),p(594,9),p(594,23),p(596,16),p(598,23),p(600,16),p(600,23),p(606,22),p(612,22),p(621,30),p(630,29),p(630,36),p(636,29),p(636,36),p(665,33),p(669,31),p(713,26),p(718,33),p(724,26),p(726,25),p(728,27),p(736,23),p(738,16),p(738,23),p(744,22),p(750,22),p(759,30),p(768,29),p(768,36),p(774,29),p(774,36),p(803,33),p(807,31),p(851,26),p(856,33),p(862,26),p(864,25),p(866,27),p(904,14),p(934,22),p(958,30),p(958,32),p(984,26),p(1074,22),p(1074,24),p(1074,26),p(1074,35),p(1104,16),p(1110,12)),V(v(0,0)))

numberOfNotes 1538
tatumsPerBar null
barOneStartsAt null
compressionRatio 2.4412698412698415
runningTime 2641
encodingLength 630
encodingLengthWithoutResidualPointSet 531
numberOfResidualPoints 99
percentageOfResidualPoints 6.436931079323797
compressionRatioWithoutResidualPointSet 2.7099811676082863
title sonata01-3.txt
numberOfTECs 34
inputFilePath D:\Source\Repos\omnisia\Points\RecurSIA-RRT-experiment\JKU-PDD\JKUPDD-noAudio-Aug2013\groundTruth\beethovenOp2No1Mvt3\polyphonic\lisp\sonata01-3.txt
outputFilePath D:\Source\Repos\omnisia\Points\RecurSIA-RRT-experiment\JKU-PDD\JKUPDD-noAudio-Aug2013\matlab\pattDiscOut\SIACTTECCompress-RRT\beet_sonata01-3_SIACTTECCompress-RRT.out
logFilePath null
outputFileExtension SIATECCompress
isDiatonic true
withoutChannel10 false
encoderName com.chromamorph.points022.SIATECCompressEncoding
forMirex true
mode Raw
topNPatterns 0
