T(P(p(480,28),p(481,27),p(482,28),p(483,26),p(484,27),p(485,28),p(486,29),p(487,28)),V(v(0,0),v(6,1),v(24,-14),v(30,-13),v(60,0),v(66,1),v(84,-14),v(90,-13),v(120,-3),v(126,-2),v(144,-3),v(150,-2),v(156,-1),v(162,0),v(162,2),v(168,1),v(168,3),v(174,2),v(174,4),v(174,7),v(210,0),v(216,1),v(234,-14),v(240,-13),v(258,-3),v(264,-2),v(282,-3),v(288,-2),v(294,-1),v(300,0),v(300,2),v(306,1),v(306,3),v(312,2),v(312,4),v(312,7),v(348,0),v(354,1),v(372,-14),v(378,-13)))
T(P(p(483,26),p(484,27),p(485,28),p(487,28),p(489,27),p(490,28),p(491,29)),V(v(0,0),v(1,1),v(24,-14),v(25,-13),v(30,-13),v(31,-12),v(60,0),v(61,1),v(84,-14),v(85,-13),v(90,-13),v(91,-12),v(120,-3),v(121,-2),v(126,-2),v(127,-1),v(144,-3),v(145,-2),v(150,-2),v(151,-1),v(156,-1),v(156,1),v(157,0),v(157,2),v(162,0),v(162,2),v(163,1),v(163,3),v(168,1),v(168,3),v(168,6),v(169,2),v(169,4),v(169,7),v(210,0),v(211,1),v(234,-14),v(235,-13),v(258,-3),v(259,-2),v(264,-2),v(265,-1),v(282,-3),v(283,-2),v(288,-2),v(289,-1),v(294,-1),v(294,1),v(295,0),v(295,2),v(300,0),v(300,2),v(301,1),v(301,3),v(306,1),v(306,3),v(306,6),v(307,2),v(307,4),v(307,7),v(348,0),v(349,1),v(372,-14),v(373,-13)))
T(P(p(18,29),p(20,28),p(22,30),p(26,29)),V(v(0,0),v(84,0),v(244,-10),v(244,-8),v(250,-9),v(250,-7),v(400,-10),v(400,-8),v(406,-9),v(406,-7),v(463,-2),v(464,-1),v(472,-10),v(487,-16),v(488,-15),v(493,-15),v(494,-14),v(500,-13),v(523,-2),v(524,-1),v(532,-10),v(547,-16),v(548,-15),v(553,-15),v(554,-14),v(560,-13),v(583,-5),v(584,-4),v(589,-4),v(590,-3),v(607,-5),v(608,-4),v(613,-4),v(614,-3),v(619,-3),v(620,-2),v(625,-2),v(625,0),v(626,-1),v(626,1),v(631,-1),v(631,1),v(632,0),v(632,2),v(673,-2),v(674,-1),v(682,-10),v(697,-16),v(698,-15),v(706,-3),v(721,-5),v(722,-4),v(727,-4),v(728,-3),v(745,-5),v(746,-4),v(751,-4),v(752,-3),v(757,-3),v(758,-2),v(763,-2),v(763,0),v(764,-1),v(764,1),v(769,-1),v(769,1),v(770,0),v(770,2),v(811,-2),v(812,-1),v(820,-10),v(835,-16),v(836,-15),v(844,-3),v(876,0),v(1036,-10),v(1036,-8),v(1042,-9),v(1042,-7)))
T(P(p(8,21),p(8,26),p(12,22),p(12,25),p(14,19),p(14,21),p(14,26)),V(v(0,0),v(24,2),v(52,2),v(64,2),v(84,0),v(108,2),v(136,2),v(148,2),v(184,3),v(196,3),v(202,3),v(208,3),v(280,7),v(292,0),v(340,3),v(352,3),v(358,3),v(364,3),v(436,7),v(448,0),v(876,0),v(900,2),v(928,2),v(940,2),v(976,3),v(988,3),v(994,3),v(1000,3),v(1072,7),v(1084,0)))
T(P(T(P(p(10,23),p(12,20),p(12,22)),V(v(0,0),v(0,3),v(2,-1),v(4,-2),v(24,2),v(24,5),v(26,1),v(28,0),v(36,2),v(38,1),v(40,0),v(54,1),v(66,1),v(120,2),v(186,2))),T(P(T(P(p(0,24),p(2,22)),V(v(0,0),v(0,5),v(6,-1),v(6,4),v(8,-3),v(12,-1),v(12,1),v(16,-1),v(30,6))),T(P(p(-2,23),p(-2,28),p(4,19),p(10,21),p(10,23),p(10,26),p(12,20),p(12,22),p(14,19),p(14,26),p(16,18),p(16,20),p(16,27),p(18,19),p(18,23),p(18,29),p(20,28),p(22,30),p(40,22),p(40,25),p(42,21),p(46,32),p(52,22),p(54,21),p(100,23)),V(v(0,0)))),V(v(0,0),v(24,2))),T(P(p(6,23),p(12,22),p(14,21)),V(v(0,0),v(4,-2),v(24,2),v(28,0),v(34,6),v(36,0),v(36,2),v(40,0),v(42,9),v(184,3))),T(P(p(2,22),p(8,21),p(10,23),p(14,21),p(14,23),p(16,23),p(24,26),p(36,24),p(40,25),p(46,25),p(46,28),p(48,22),p(48,24),p(64,29),p(72,18),p(78,23),p(86,22),p(92,21)),V(v(0,0),v(84,0))),T(P(p(28,14),p(50,28),p(50,32),p(52,29),p(52,32),p(58,17),p(58,22),p(58,33),p(60,18),p(60,23),p(60,28),p(64,18),p(66,28),p(71,33),p(72,23),p(72,28),p(76,18),p(76,27),p(76,29),p(78,28),p(172,22),p(220,25)),V(v(0,0)))),V(v(0,0),v(84,0),v(876,0)))
T(P(T(P(p(22,25),p(22,30)),V(v(0,0),v(2,1),v(4,-1),v(8,0),v(10,-2),v(24,-2),v(26,-3),v(50,-7),v(50,-2),v(54,-1),v(56,-2))),T(P(p(0,24),p(12,20),p(16,23),p(34,21),p(34,23),p(36,22),p(40,22),p(42,21),p(42,23),p(46,25),p(48,24),p(56,30),p(66,28),p(70,34),p(71,33),p(76,18),p(76,27),p(78,21)),V(v(0,0)))),V(v(0,0),v(84,0),v(228,-2),v(384,-2),v(876,0),v(1020,-2)))
T(P(p(231,23),p(232,22),p(233,23),p(234,22),p(235,21),p(236,20)),V(v(0,0),v(0,7),v(4,-2),v(4,5),v(156,0),v(156,7),v(160,-2),v(160,5),v(428,9),v(429,8),v(430,7),v(430,9),v(430,12),v(431,8),v(432,7),v(433,6),v(434,5),v(434,7),v(434,10),v(435,6),v(436,5),v(495,-7),v(566,9),v(567,8),v(568,7),v(568,9),v(568,12),v(569,8),v(570,7),v(571,6),v(572,5),v(572,7),v(572,10),v(573,6),v(574,5),v(633,-7),v(792,0),v(792,7),v(796,-2),v(796,5)))
T(P(p(8,26),p(10,19),p(10,26)),V(v(0,0),v(24,2),v(84,0),v(108,2),v(166,4),v(178,5),v(182,0),v(219,4),v(221,4),v(223,4),v(224,3),v(227,2),v(228,1),v(231,0),v(233,0),v(322,4),v(334,5),v(338,0),v(375,4),v(377,4),v(379,4),v(380,3),v(383,2),v(384,1),v(387,0),v(389,0),v(472,2),v(486,4),v(490,2),v(532,2),v(546,4),v(550,2),v(590,-3),v(682,2),v(696,4),v(700,2),v(728,-3),v(820,2),v(834,4),v(838,2),v(876,0),v(900,2),v(958,4),v(970,5),v(974,0),v(1011,4),v(1013,4),v(1015,4),v(1016,3),v(1019,2),v(1020,1),v(1023,0),v(1025,0)))
T(P(p(10,19),p(10,21),p(16,20)),V(v(0,0),v(2,1),v(24,2),v(26,3),v(32,2),v(32,4),v(66,8),v(84,0),v(86,1),v(108,2),v(110,3),v(116,2),v(116,4),v(158,12),v(160,1),v(160,10),v(162,3),v(170,13),v(172,2),v(172,11),v(174,4),v(180,5),v(252,0),v(254,-1),v(256,1),v(258,1),v(260,0),v(262,2),v(264,2),v(272,3),v(276,3),v(296,0),v(302,-1),v(314,12),v(316,1),v(316,10),v(318,3),v(326,13),v(328,2),v(328,11),v(330,4),v(336,5),v(408,0),v(410,-1),v(412,1),v(414,1),v(416,0),v(418,2),v(420,2),v(428,3),v(432,3),v(452,0),v(458,-1),v(626,8),v(629,6),v(630,7),v(631,8),v(632,9),v(633,8),v(634,9),v(635,7),v(636,8),v(637,9),v(638,10),v(639,9),v(640,10),v(641,8),v(642,9),v(643,10),v(644,11),v(645,10),v(646,11),v(650,12),v(653,11),v(654,10),v(662,6),v(668,5),v(764,8),v(767,6),v(768,7),v(769,8),v(770,9),v(771,8),v(772,9),v(773,7),v(774,8),v(775,9),v(776,10),v(777,9),v(778,10),v(779,8),v(780,9),v(781,10),v(782,11),v(783,10),v(784,11),v(788,12),v(791,11),v(792,10),v(800,6),v(806,5),v(876,0),v(878,1),v(900,2),v(902,3),v(908,2),v(908,4),v(950,12),v(952,1),v(952,10),v(954,3),v(962,13),v(964,2),v(964,11),v(966,4),v(972,5),v(1044,0),v(1046,-1),v(1048,1),v(1050,1),v(1052,0),v(1054,2),v(1056,2),v(1064,3),v(1068,3),v(1088,0),v(1094,-1)))
T(P(p(-2,23),p(0,24),p(2,22),p(6,23),p(8,21),p(10,21),p(16,20),p(18,21)),V(v(0,0),v(24,2),v(84,0),v(108,2),v(252,0),v(264,14),v(276,12),v(408,0),v(420,14),v(432,12),v(876,0),v(900,2),v(1044,0),v(1056,14),v(1068,12)))
T(P(p(2,22),p(6,23),p(8,21)),V(v(0,0),v(0,5),v(10,0),v(24,2),v(24,7),v(34,2),v(38,7),v(84,0),v(84,5),v(94,0),v(108,2),v(108,7),v(118,2),v(122,7),v(168,7),v(168,9),v(180,8),v(180,10),v(246,1),v(252,0),v(252,5),v(260,-1),v(264,14),v(266,0),v(270,13),v(272,1),v(276,12),v(324,7),v(324,9),v(336,8),v(336,10),v(402,1),v(408,0),v(408,5),v(416,-1),v(420,14),v(422,0),v(426,13),v(428,1),v(432,12),v(515,-7),v(516,-6),v(575,-7),v(576,-6),v(598,1),v(641,7),v(642,8),v(647,8),v(648,9),v(653,9),v(654,8),v(654,10),v(654,13),v(658,11),v(661,10),v(662,9),v(736,1),v(779,7),v(780,8),v(785,8),v(786,9),v(791,9),v(792,8),v(792,10),v(792,13),v(796,11),v(799,10),v(800,9),v(876,0),v(876,5),v(886,0),v(900,2),v(900,7),v(910,2),v(914,7),v(960,7),v(960,9),v(972,8),v(972,10),v(1038,1),v(1044,0),v(1044,5),v(1052,-1),v(1056,14),v(1058,0),v(1062,13),v(1064,1),v(1068,12)))
T(P(p(-2,23),p(0,24),p(10,19),p(10,26),p(14,19),p(14,26),p(34,23),p(36,24),p(40,22),p(42,23),p(44,30),p(46,32),p(54,32),p(56,30),p(64,29),p(66,21),p(72,18),p(72,23),p(72,28),p(76,18),p(76,24),p(76,27),p(76,29),p(78,21),p(78,23),p(78,28)),V(v(0,0),v(84,0),v(216,5),v(372,5),v(876,0),v(1008,5)))
T(P(p(28,14),p(28,21),p(34,21)),V(v(0,0),v(18,11),v(38,7),v(84,0),v(102,11),v(122,7),v(148,9),v(170,8),v(182,8),v(188,8),v(194,8),v(199,9),v(200,8),v(208,6),v(216,7),v(304,9),v(326,8),v(338,8),v(344,8),v(350,8),v(355,9),v(356,8),v(364,6),v(372,7),v(446,-2),v(602,15),v(740,15),v(876,0),v(894,11),v(914,7),v(940,9),v(962,8),v(974,8),v(980,8),v(986,8),v(991,9),v(992,8),v(1000,6),v(1008,7)))
T(P(p(2,27),p(6,23),p(6,28)),V(v(0,0),v(10,-5),v(16,2),v(24,2),v(34,-3),v(52,-6),v(58,1),v(70,1),v(84,0),v(94,-5),v(100,2),v(108,2),v(118,-3),v(136,-6),v(142,1),v(154,1),v(190,2),v(202,2),v(252,0),v(286,6),v(298,-1),v(346,2),v(358,2),v(408,0),v(442,6),v(454,-1),v(480,1),v(540,1),v(606,-1),v(653,7),v(654,8),v(658,6),v(659,5),v(660,4),v(661,5),v(662,4),v(663,3),v(664,2),v(665,3),v(666,2),v(690,1),v(744,-1),v(791,7),v(792,8),v(796,6),v(797,5),v(798,4),v(799,5),v(800,4),v(801,3),v(802,2),v(803,3),v(804,2),v(828,1),v(876,0),v(886,-5),v(892,2),v(900,2),v(910,-3),v(928,-6),v(934,1),v(946,1),v(982,2),v(994,2),v(1044,0),v(1078,6),v(1090,-1)))
T(P(p(170,31),p(176,21),p(176,30)),V(v(0,0),v(12,1),v(98,5),v(102,4),v(104,4),v(106,5),v(110,3),v(116,2),v(136,-12),v(156,0),v(168,1),v(254,5),v(258,4),v(260,4),v(262,5),v(266,3),v(272,2),v(292,-12),v(346,-4),v(406,-4),v(514,-2),v(562,-5),v(652,-2),v(792,0),v(804,1),v(890,5),v(894,4),v(896,4),v(898,5),v(902,3),v(908,2),v(928,-12)))
T(P(p(12,20),p(12,25),p(18,21)),V(v(0,0),v(24,2),v(46,-3),v(66,3),v(84,0),v(108,2),v(130,-3),v(248,1),v(262,1),v(274,8),v(300,-2),v(404,1),v(418,1),v(430,8),v(456,-2),v(514,5),v(574,5),v(612,5),v(639,7),v(640,8),v(641,9),v(642,10),v(643,9),v(644,10),v(648,11),v(651,10),v(652,9),v(660,5),v(666,4),v(750,5),v(777,7),v(778,8),v(779,9),v(780,10),v(781,9),v(782,10),v(786,11),v(789,10),v(790,9),v(798,5),v(804,4),v(876,0),v(900,2),v(922,-3),v(1040,1),v(1054,1),v(1066,8),v(1092,-2)))
T(P(p(215,30),p(221,30),p(228,29),p(229,30),p(232,29),p(236,27),p(240,25),p(241,26),p(244,21),p(244,28),p(245,22)),V(v(0,0),v(1,-6),v(156,0),v(157,-6),v(792,0),v(793,-6)))
T(P(p(8,21),p(10,19),p(14,19)),V(v(0,0),v(4,2),v(4,4),v(24,2),v(28,4),v(28,6),v(32,4),v(36,9),v(84,0),v(88,2),v(88,4),v(108,2),v(112,4),v(112,6),v(116,4),v(120,9),v(178,10),v(218,3),v(218,10),v(229,0),v(229,7),v(272,3),v(274,14),v(334,10),v(374,3),v(374,10),v(385,0),v(385,7),v(428,3),v(430,14),v(487,10),v(488,9),v(547,10),v(548,9),v(651,11),v(652,10),v(653,11),v(654,10),v(655,9),v(656,8),v(657,9),v(658,8),v(697,10),v(698,9),v(789,11),v(790,10),v(791,11),v(792,10),v(793,9),v(794,8),v(795,9),v(796,8),v(835,10),v(836,9),v(876,0),v(880,2),v(880,4),v(900,2),v(904,4),v(904,6),v(908,4),v(912,9),v(970,10),v(1010,3),v(1010,10),v(1021,0),v(1021,7),v(1064,3),v(1066,14)))
T(P(T(P(p(166,30),p(166,32),p(178,25),p(196,19),p(202,34),p(203,33),p(204,19),p(208,19),p(214,19),p(214,31),p(220,19),p(220,31),p(256,32),p(258,33),p(312,16)),V(v(0,0),v(156,0),v(792,0))),T(P(p(484,23),p(488,20),p(499,27),p(502,23),p(503,26),p(504,28),p(506,30),p(508,33)),V(v(0,0),v(60,0),v(210,0),v(348,0))),T(P(p(478,23),p(484,23),p(488,20),p(499,27),p(502,23),p(503,26),p(504,28),p(506,30),p(508,33),p(510,27),p(512,31),p(514,33),p(518,33),p(520,32),p(524,31),p(525,13),p(527,12),p(528,13),p(529,27),p(530,25),p(531,23),p(532,6),p(532,22),p(533,24),p(534,9),p(534,23),p(536,16)),V(v(0,0),v(60,0))),T(P(T(P(p(618,21),p(619,26),p(620,28),p(621,30),p(622,33),p(623,35),p(624,37),p(684,23),p(720,31),p(722,27),p(730,30),p(732,12),p(734,19)),V(v(0,0),v(138,0))),T(P(p(318,12),p(402,23),p(412,22),p(540,19),p(1110,12)),V(v(0,0)))),V(v(0,0)))),V(v(0,0)))

numberOfNotes 1538
tatumsPerBar null
barOneStartsAt null
compressionRatio 1.3905967450271248
runningTime 30769
encodingLength 1106
encodingLengthWithoutResidualPointSet 960
numberOfResidualPoints 146
percentageOfResidualPoints 9.492847854356308
compressionRatioWithoutResidualPointSet 1.45
title sonata01-3.txt
numberOfTECs 19
inputFilePath D:\Source\Repos\omnisia\Points\RecurSIA-RRT-experiment\JKU-PDD\JKUPDD-noAudio-Aug2013\groundTruth\beethovenOp2No1Mvt3\polyphonic\lisp\sonata01-3.txt
outputFilePath D:\Source\Repos\omnisia\Points\RecurSIA-RRT-experiment\JKU-PDD\JKUPDD-noAudio-Aug2013\matlab\pattDiscOut\ReForthR\beet_sonata01-3_ReForthR.out
logFilePath null
outputFileExtension RecurSIA
isDiatonic true
withoutChannel10 false
encoderName com.chromamorph.points022.RecurSIAEncoding
forMirex true
mode Raw
topNPatterns 0
