T(P(T(P(T(P(p(264,31),p(324,30)),V(v(0,0),v(72,0)))),V(v(0,0),v(24,2),v(36,3))),T(P(p(282,32),p(312,32),p(384,32),p(408,31)),V(v(0,0)))),V(v(0,-9),v(0,0),v(864,-9),v(864,0),v(2160,-9),v(2160,0),v(3600,-9),v(3600,0),v(10368,-9),v(10368,0),v(11664,-9),v(11664,0)))
T(P(T(P(p(5160,33),p(5166,34),p(5172,33),p(5178,31)),V(v(0,0),v(72,2))),T(P(p(5208,30),p(5220,26)),V(v(0,0),v(60,-4))),T(P(p(5172,26),p(5196,26)),V(v(0,0),v(36,-1))),T(P(p(4608,29),p(5088,25),p(5160,22),p(5184,23),p(5184,32),p(5244,26),p(5256,24),p(5256,36),p(5280,38)),V(v(0,0)))),V(v(0,0),v(144,0),v(1152,0),v(1296,0),v(2880,-4),v(3024,-4),v(4608,-4),v(4752,-4)))
T(P(T(P(p(4608,27),p(4632,27),p(4656,27)),V(v(0,0),v(12,-5),v(36,-5),v(60,-5),v(72,-1),v(84,-5))),T(P(p(4590,30),p(4596,29)),V(v(0,0),v(6,-1))),T(P(p(4584,29),p(4632,25),p(4650,29),p(4656,25),p(4872,24)),V(v(0,0)))),V(v(0,0),v(144,0),v(1152,0),v(1296,0),v(2880,0),v(3024,0),v(4608,0),v(4752,0)))
T(P(T(P(p(696,29),p(714,28),p(720,28)),V(v(0,0),v(0,2),v(72,0))),T(P(p(444,36),p(492,32)),V(v(0,0),v(12,-1),v(24,-2),v(36,-3),v(156,-13),v(180,-20))),T(P(p(600,21),p(624,22)),V(v(0,0),v(24,-1),v(24,4),v(168,11))),T(P(p(540,29),p(552,28)),V(v(0,0),v(12,-1))),T(P(p(576,30),p(594,31),p(600,16),p(600,26),p(744,26),p(786,33),p(816,19)),V(v(0,0)))),V(v(0,0),v(864,0),v(2160,3),v(3600,3),v(10368,0),v(11664,3)))
T(P(T(P(p(1704,35),p(3144,35),p(11208,35)),V(v(0,0),v(24,-1)))),V(v(0,-16),v(0,-9),v(0,-4),v(0,0),v(48,-17),v(48,-10),v(48,-5),v(48,-1),v(72,-2),v(120,-8),v(120,-5),v(120,-3),v(240,-16),v(264,-17),v(312,-5),v(312,-3),v(384,-6),v(384,-4),v(432,-11),v(456,-12),v(504,-13),v(504,-2),v(576,-10),v(600,-11),v(648,-12),v(648,4),v(1368,-10),v(1368,-5)))
T(P(T(P(p(4920,36),p(4928,35),p(4992,37),p(5064,37)),V(v(0,0),v(8,-1),v(16,-2))),T(P(p(4704,31)),V(v(0,0)))),V(v(0,0),v(24,-3),v(1152,0),v(1176,-3),v(2880,0),v(2904,-3),v(4608,0),v(4632,-3)))
T(P(p(5448,37),p(5454,36),p(5460,35),p(5466,34),p(5472,34),p(5484,33),p(5496,33),p(5592,22)),V(v(0,0),v(72,-3),v(1152,0),v(1224,-3),v(2880,3),v(2952,0),v(4608,3),v(4680,0)))
T(P(p(4824,36),p(4872,35),p(4878,36),p(4884,35),p(4890,33),p(5016,22),p(5112,27),p(5112,32)),V(v(0,0),v(24,-1),v(1152,0),v(1176,-1),v(2880,0),v(2904,-1),v(4608,0),v(4632,-1)))
T(P(p(5616,22),p(5619,23),p(5622,24),p(5664,24),p(5670,23),p(5676,22),p(5682,21)),V(v(0,0),v(0,9),v(1152,0),v(1152,9),v(2880,3),v(2880,12),v(4608,3),v(4608,12)))
T(P(T(P(p(24,24),p(24,29)),V(v(0,0),v(24,0))),T(P(p(-24,31),p(-6,32),p(0,30),p(12,29),p(72,25),p(72,28)),V(v(0,0)))),V(v(0,0),v(144,1),v(864,0),v(1008,1),v(10368,0),v(10512,1)))
T(P(p(1752,28),p(1800,20),p(1920,18),p(1944,29),p(1956,28),p(1968,27),p(1980,26),p(2064,31),p(2448,19),p(3120,15)),V(v(0,0),v(1440,0),v(5280,5),v(7008,5),v(9504,0)))
T(P(p(4536,22),p(5688,22),p(7416,22),p(9144,22)),V(v(0,0),v(120,10),v(138,10),v(144,6),v(144,10),v(168,6),v(264,12),v(282,12),v(288,2),v(360,3),v(408,-9),v(408,-2),v(432,-8),v(432,-1),v(438,9),v(444,8),v(450,6),v(504,1),v(504,11),v(510,12),v(516,11),v(522,8),v(560,4),v(568,5),v(576,0),v(1440,2)))
T(P(T(P(p(1800,13),p(3240,13),p(11304,13)),V(v(0,0),v(24,1)))),V(v(0,0),v(24,1),v(24,8),v(96,17),v(216,8),v(264,5),v(552,22),v(1200,18)))
T(P(T(P(p(5496,22),p(5520,22)),V(v(0,0),v(72,-4))),T(P(p(5496,17),p(5568,22),p(5592,30),p(5616,19),p(5688,29),p(5712,15)),V(v(0,0)))),V(v(0,0),v(1152,0),v(2880,3),v(4608,3)))
T(P(T(P(p(6888,24),p(7032,24)),V(v(0,0),v(1728,0)))),V(v(0,0),v(12,-2),v(24,1),v(36,-2),v(60,-2),v(84,-2),v(108,-2),v(600,5)))
T(P(p(1704,29),p(3144,29),p(11208,29)),V(v(0,0),v(24,3),v(72,2),v(96,-2),v(96,0),v(168,-11),v(288,0),v(354,-1),v(354,1),v(360,0),v(378,1),v(378,3),v(450,-4),v(468,-7),v(480,2),v(480,4),v(504,2),v(528,4),v(594,-3),v(612,-6),v(624,6),v(624,10),v(1296,-9),v(1314,0),v(1320,-11),v(1320,-2),v(1344,-13),v(1368,-10),v(1386,-1)))
T(P(T(P(p(6900,29),p(6912,29),p(6918,30)),V(v(0,0),v(72,2))),T(P(p(6960,31)),V(v(0,0)))),V(v(0,0),v(144,4),v(1728,0),v(1872,4)))
T(P(p(7176,22),p(7344,15),p(7392,15),p(7398,16),p(7404,15),p(7410,14)),V(v(0,0),v(0,7),v(1728,0),v(1728,7)))
T(P(T(P(p(24,26),p(48,26)),V(v(0,0),v(24,0),v(144,0))),T(P(p(288,19)),V(v(0,0)))),V(v(0,0),v(864,0),v(10368,0)))
T(P(p(6936,25),p(6960,26),p(6984,27)),V(v(0,0),v(348,8),v(1728,0),v(2076,8)))
T(P(p(6888,29),p(8616,29)),V(v(0,0),v(120,-2),v(132,-7),v(216,-6),v(264,-3),v(276,-5),v(300,0),v(312,-13),v(312,3),v(324,4),v(384,3),v(408,5),v(432,6),v(528,-14),v(1080,-4),v(1284,-7),v(1680,-4)))
T(P(p(4608,25),p(5760,25)),V(v(0,0),v(144,0),v(240,-1),v(480,-4),v(684,1),v(912,-8)))
T(P(p(216,24),p(1080,24),p(3096,22),p(6840,22),p(12600,22)),V(v(0,0)))

numberOfNotes 1744
tatumsPerBar null
barOneStartsAt null
compressionRatio 4.688172043010753
runningTime 208681
encodingLength 372
encodingLengthWithoutResidualPointSet 367
numberOfResidualPoints 5
percentageOfResidualPoints 0.286697247706422
compressionRatioWithoutResidualPointSet 4.73841961852861
title sonata04-2.txt
numberOfTECs 23
inputFilePath D:\Source\Repos\omnisia\Points\RecurSIA-RRT-experiment\JKU-PDD\JKUPDD-noAudio-Aug2013\groundTruth\mozartK282Mvt2\polyphonic\lisp\sonata04-2.txt
outputFilePath D:\Source\Repos\omnisia\Points\RecurSIA-RRT-experiment\JKU-PDD\JKUPDD-noAudio-Aug2013\matlab\pattDiscOut\ReCOSIATEC\mzrt_sonata04-2_ReCOSIATEC.out
logFilePath null
outputFileExtension RecurSIA
isDiatonic true
withoutChannel10 false
encoderName com.chromamorph.points022.RecurSIAEncoding
forMirex true
mode Raw
topNPatterns 0
